14:02:09.361 [main] INFO  com.cms.CmsApplication - [logStarting,55] - Starting CmsApplication on LAPTOP-OFR21R92 with PID 12796 (D:\cms-subject3\cms-subject-back\target\classes started by 86176 in D:\cms-subject3)
14:02:09.365 [main] DEBUG com.cms.CmsApplication - [logStarting,56] - Running with Spring Boot v2.2.8.RELEASE, Spring v5.2.7.RELEASE
14:02:09.365 [main] INFO  com.cms.CmsApplication - [logStartupProfileInfo,655] - The following profiles are active: dev
14:02:12.281 [main] INFO  com.cms.CmsApplication - [logStarted,61] - Started CmsApplication in 3.516 seconds (JVM running for 4.676)
14:03:56.101 [http-nio-9999-exec-7] DEBUG com.cms.dao.YllaBranchGroupDao.selectList - [debug,159] - ==>  Preparing: SELECT agent_group,manage_com,branch_type,branch_attr,branch_level,branch_name,branch_name_eng,branch_name_chi,branch_eff_date,branch_address,branch_phone_no,branch_fax_no,branch_status,branch_terminate_eff_date,branch_terminate_reason,direct_flag,up_agent_group,branch_manager,branch_manager_name,branch_manager_phone,manager_eff_date,reporting_manager,chat_name,make_date,make_time,modify_date,modify_time,operator FROM yl_la_branch_group WHERE branch_attr = ? 
14:03:56.120 [http-nio-9999-exec-7] DEBUG com.cms.dao.YllaBranchGroupDao.selectList - [debug,159] - ==> Parameters: string(String)
14:03:56.145 [http-nio-9999-exec-7] DEBUG com.cms.dao.YllaBranchGroupDao.selectList - [debug,159] - <==      Total: 0
14:04:11.266 [http-nio-9999-exec-6] DEBUG com.cms.dao.YllaBranchGroupDao.selectList - [debug,159] - ==>  Preparing: SELECT agent_group,manage_com,branch_type,branch_attr,branch_level,branch_name,branch_name_eng,branch_name_chi,branch_eff_date,branch_address,branch_phone_no,branch_fax_no,branch_status,branch_terminate_eff_date,branch_terminate_reason,direct_flag,up_agent_group,branch_manager,branch_manager_name,branch_manager_phone,manager_eff_date,reporting_manager,chat_name,make_date,make_time,modify_date,modify_time,operator FROM yl_la_branch_group WHERE branch_attr = ? 
14:04:11.266 [http-nio-9999-exec-6] DEBUG com.cms.dao.YllaBranchGroupDao.selectList - [debug,159] - ==> Parameters: string(String)
14:04:11.277 [http-nio-9999-exec-6] DEBUG com.cms.dao.YllaBranchGroupDao.selectList - [debug,159] - <==      Total: 0
14:04:37.507 [http-nio-9999-exec-8] DEBUG com.cms.dao.YllaBranchGroupDao.selectList - [debug,159] - ==>  Preparing: SELECT agent_group,manage_com,branch_type,branch_attr,branch_level,branch_name,branch_name_eng,branch_name_chi,branch_eff_date,branch_address,branch_phone_no,branch_fax_no,branch_status,branch_terminate_eff_date,branch_terminate_reason,direct_flag,up_agent_group,branch_manager,branch_manager_name,branch_manager_phone,manager_eff_date,reporting_manager,chat_name,make_date,make_time,modify_date,modify_time,operator FROM yl_la_branch_group WHERE branch_attr = ? 
14:04:37.507 [http-nio-9999-exec-8] DEBUG com.cms.dao.YllaBranchGroupDao.selectList - [debug,159] - ==> Parameters: string(String)
14:04:37.520 [http-nio-9999-exec-8] DEBUG com.cms.dao.YllaBranchGroupDao.selectList - [debug,159] - <==      Total: 0
14:05:45.442 [http-nio-9999-exec-10] DEBUG com.cms.dao.YllaBranchGroupDao.selectList - [debug,159] - ==>  Preparing: SELECT agent_group,manage_com,branch_type,branch_attr,branch_level,branch_name,branch_name_eng,branch_name_chi,branch_eff_date,branch_address,branch_phone_no,branch_fax_no,branch_status,branch_terminate_eff_date,branch_terminate_reason,direct_flag,up_agent_group,branch_manager,branch_manager_name,branch_manager_phone,manager_eff_date,reporting_manager,chat_name,make_date,make_time,modify_date,modify_time,operator FROM yl_la_branch_group WHERE branch_attr = ? 
14:05:45.442 [http-nio-9999-exec-10] DEBUG com.cms.dao.YllaBranchGroupDao.selectList - [debug,159] - ==> Parameters: T1101100001(String)
14:05:45.490 [http-nio-9999-exec-10] DEBUG com.cms.dao.YllaBranchGroupDao.selectList - [debug,159] - <==      Total: 1
14:05:45.495 [http-nio-9999-exec-10] DEBUG com.cms.dao.YllaAgentaDao.getManagerInfo - [debug,159] - ==>  Preparing: SELECT yl_la_agent.agent_code as agentCode, yl_la_agent.agent_name as agentName, yl_la_agent_attr.phone as phone, yl_la_agent.agent_grade as agentGrade FROM yl_la_agent join yl_la_agent_attr on yl_la_agent.agent_code = yl_la_agent_attr.agent_code WHERE yl_la_agent.agent_code = ? 
14:05:45.495 [http-nio-9999-exec-10] DEBUG com.cms.dao.YllaAgentaDao.getManagerInfo - [debug,159] - ==> Parameters: string(String)
14:05:45.538 [http-nio-9999-exec-10] DEBUG com.cms.dao.YllaAgentaDao.getManagerInfo - [debug,159] - <==      Total: 0
14:06:06.910 [http-nio-9999-exec-2] DEBUG com.cms.dao.YllaBranchGroupDao.selectList - [debug,159] - ==>  Preparing: SELECT agent_group,manage_com,branch_type,branch_attr,branch_level,branch_name,branch_name_eng,branch_name_chi,branch_eff_date,branch_address,branch_phone_no,branch_fax_no,branch_status,branch_terminate_eff_date,branch_terminate_reason,direct_flag,up_agent_group,branch_manager,branch_manager_name,branch_manager_phone,manager_eff_date,reporting_manager,chat_name,make_date,make_time,modify_date,modify_time,operator FROM yl_la_branch_group WHERE branch_attr = ? 
14:06:06.910 [http-nio-9999-exec-2] DEBUG com.cms.dao.YllaBranchGroupDao.selectList - [debug,159] - ==> Parameters: T1101100001(String)
14:06:06.947 [http-nio-9999-exec-2] DEBUG com.cms.dao.YllaBranchGroupDao.selectList - [debug,159] - <==      Total: 1
14:06:06.949 [http-nio-9999-exec-2] DEBUG com.cms.dao.YllaAgentaDao.getManagerInfo - [debug,159] - ==>  Preparing: SELECT yl_la_agent.agent_code as agentCode, yl_la_agent.agent_name as agentName, yl_la_agent_attr.phone as phone, yl_la_agent.agent_grade as agentGrade FROM yl_la_agent join yl_la_agent_attr on yl_la_agent.agent_code = yl_la_agent_attr.agent_code WHERE yl_la_agent.agent_code = ? 
14:06:06.949 [http-nio-9999-exec-2] DEBUG com.cms.dao.YllaAgentaDao.getManagerInfo - [debug,159] - ==> Parameters: YL00000001(String)
14:06:06.964 [http-nio-9999-exec-2] DEBUG com.cms.dao.YllaAgentaDao.getManagerInfo - [debug,159] - <==      Total: 1
14:06:06.965 [http-nio-9999-exec-2] DEBUG com.cms.dao.YllaBranchGroupDao.selectList - [debug,159] - ==>  Preparing: SELECT agent_group,manage_com,branch_type,branch_attr,branch_level,branch_name,branch_name_eng,branch_name_chi,branch_eff_date,branch_address,branch_phone_no,branch_fax_no,branch_status,branch_terminate_eff_date,branch_terminate_reason,direct_flag,up_agent_group,branch_manager,branch_manager_name,branch_manager_phone,manager_eff_date,reporting_manager,chat_name,make_date,make_time,modify_date,modify_time,operator FROM yl_la_branch_group WHERE branch_manager = ? 
14:06:06.966 [http-nio-9999-exec-2] DEBUG com.cms.dao.YllaBranchGroupDao.selectList - [debug,159] - ==> Parameters: YL00000001(String)
14:06:06.977 [http-nio-9999-exec-2] DEBUG com.cms.dao.YllaBranchGroupDao.selectList - [debug,159] - <==      Total: 0
14:06:06.979 [http-nio-9999-exec-2] DEBUG com.cms.dao.YllaBranchGroupDao.update - [debug,159] - ==>  Preparing: UPDATE yl_la_branch_group SET manage_com=?, branch_type=?, branch_attr=?, branch_level=?, branch_name=?, branch_name_eng=?, branch_name_chi=?, branch_eff_date=?, branch_address=?, branch_phone_no=?, branch_fax_no=?, branch_status=?, branch_terminate_eff_date=?, branch_terminate_reason=?, direct_flag=?, up_agent_group=?, branch_manager=?, branch_manager_name=?, branch_manager_phone=?, manager_eff_date=?, reporting_manager=?, chat_name=?, make_date=?, make_time=?, modify_date=?, modify_time=?, operator=? WHERE branch_attr = ? 
14:06:06.980 [http-nio-9999-exec-2] DEBUG com.cms.dao.YllaBranchGroupDao.update - [debug,159] - ==> Parameters: 86110101(String), 4(String), T1101100001(String), 1(String), string(String), null, null, 2021-08-03 00:00:00.0(Timestamp), null, null, null, N(String), null, null, null, null, YL00000001(String), null, null, null, null, string(String), 2021-08-03 00:00:00.0(Timestamp), 09:55:47(String), 2021-08-03 00:00:00.0(Timestamp), 09:55:47(String), string(String), T1101100001(String)
14:06:07.005 [http-nio-9999-exec-2] DEBUG com.cms.dao.YllaBranchGroupDao.update - [debug,159] - <==    Updates: 1
14:06:07.012 [http-nio-9999-exec-2] DEBUG com.cms.dao.YllaAgentaDao.selectList - [debug,159] - ==>  Preparing: SELECT agent_code,sap_code,agent_name,agent_job,agent_grade,agent_state,branch_type,manage_com,init_grade,employ_date,sign_date,in_due_form_date,out_work_date,done_date,insert_kind,agent_group,work_date,introduce,repeat_flag,operator,is_peers,make_date,make_time,modify_date,modify_time FROM yl_la_agent WHERE agent_code = ? 
14:06:07.013 [http-nio-9999-exec-2] DEBUG com.cms.dao.YllaAgentaDao.selectList - [debug,159] - ==> Parameters: YL00000001(String)
14:06:07.028 [http-nio-9999-exec-2] DEBUG com.cms.dao.YllaAgentaDao.selectList - [debug,159] - <==      Total: 1
14:06:07.029 [http-nio-9999-exec-2] DEBUG com.cms.dao.YllaAgentaDao.update - [debug,159] - ==>  Preparing: UPDATE yl_la_agent SET sap_code=?, agent_name=?, agent_job=?, agent_grade=?, agent_state=?, branch_type=?, manage_com=?, init_grade=?, employ_date=?, sign_date=?, in_due_form_date=?, out_work_date=?, done_date=?, insert_kind=?, agent_group=?, work_date=?, introduce=?, repeat_flag=?, operator=?, is_peers=?, make_date=?, make_time=?, modify_date=?, modify_time=? WHERE agent_code = ? 
14:06:07.030 [http-nio-9999-exec-2] DEBUG com.cms.dao.YllaAgentaDao.update - [debug,159] - ==> Parameters: 01(String), 01(String), 01(String), MA02(String), 04(String), 01(String), 01(String), 01(String), 2021-08-03 00:00:00.0(Timestamp), null, null, 2021-01-01 00:00:00.0(Timestamp), null, null, 1000000001(String), null, null, 01(String), admin(String), null, 2021-08-03 00:00:00.0(Timestamp), 15-32-03(String), 2021-08-03 00:00:00.0(Timestamp), 15-32-03(String), YL00000001(String)
14:06:07.055 [http-nio-9999-exec-2] DEBUG com.cms.dao.YllaAgentaDao.update - [debug,159] - <==    Updates: 1
14:06:40.431 [http-nio-9999-exec-5] DEBUG com.cms.dao.YllaBranchGroupDao.selectList - [debug,159] - ==>  Preparing: SELECT agent_group,manage_com,branch_type,branch_attr,branch_level,branch_name,branch_name_eng,branch_name_chi,branch_eff_date,branch_address,branch_phone_no,branch_fax_no,branch_status,branch_terminate_eff_date,branch_terminate_reason,direct_flag,up_agent_group,branch_manager,branch_manager_name,branch_manager_phone,manager_eff_date,reporting_manager,chat_name,make_date,make_time,modify_date,modify_time,operator FROM yl_la_branch_group WHERE branch_attr = ? 
14:06:40.432 [http-nio-9999-exec-5] DEBUG com.cms.dao.YllaBranchGroupDao.selectList - [debug,159] - ==> Parameters: T1101100001(String)
14:06:40.495 [http-nio-9999-exec-5] DEBUG com.cms.dao.YllaBranchGroupDao.selectList - [debug,159] - <==      Total: 1
14:06:40.496 [http-nio-9999-exec-5] DEBUG com.cms.dao.YllaAgentaDao.getManagerInfo - [debug,159] - ==>  Preparing: SELECT yl_la_agent.agent_code as agentCode, yl_la_agent.agent_name as agentName, yl_la_agent_attr.phone as phone, yl_la_agent.agent_grade as agentGrade FROM yl_la_agent join yl_la_agent_attr on yl_la_agent.agent_code = yl_la_agent_attr.agent_code WHERE yl_la_agent.agent_code = ? 
14:06:40.497 [http-nio-9999-exec-5] DEBUG com.cms.dao.YllaAgentaDao.getManagerInfo - [debug,159] - ==> Parameters: YL00000001(String)
14:06:40.571 [http-nio-9999-exec-5] DEBUG com.cms.dao.YllaAgentaDao.getManagerInfo - [debug,159] - <==      Total: 1
14:06:40.572 [http-nio-9999-exec-5] DEBUG com.cms.dao.YllaBranchGroupDao.selectList - [debug,159] - ==>  Preparing: SELECT agent_group,manage_com,branch_type,branch_attr,branch_level,branch_name,branch_name_eng,branch_name_chi,branch_eff_date,branch_address,branch_phone_no,branch_fax_no,branch_status,branch_terminate_eff_date,branch_terminate_reason,direct_flag,up_agent_group,branch_manager,branch_manager_name,branch_manager_phone,manager_eff_date,reporting_manager,chat_name,make_date,make_time,modify_date,modify_time,operator FROM yl_la_branch_group WHERE branch_manager = ? 
14:06:40.573 [http-nio-9999-exec-5] DEBUG com.cms.dao.YllaBranchGroupDao.selectList - [debug,159] - ==> Parameters: YL00000001(String)
14:06:40.636 [http-nio-9999-exec-5] DEBUG com.cms.dao.YllaBranchGroupDao.selectList - [debug,159] - <==      Total: 1
14:06:40.638 [http-nio-9999-exec-5] DEBUG com.cms.dao.YllaBranchGroupDao.update - [debug,159] - ==>  Preparing: UPDATE yl_la_branch_group SET manage_com=?, branch_type=?, branch_attr=?, branch_level=?, branch_name=?, branch_name_eng=?, branch_name_chi=?, branch_eff_date=?, branch_address=?, branch_phone_no=?, branch_fax_no=?, branch_status=?, branch_terminate_eff_date=?, branch_terminate_reason=?, direct_flag=?, up_agent_group=?, branch_manager=?, branch_manager_name=?, branch_manager_phone=?, manager_eff_date=?, reporting_manager=?, chat_name=?, make_date=?, make_time=?, modify_date=?, modify_time=?, operator=? WHERE branch_manager = ? 
14:06:40.639 [http-nio-9999-exec-5] DEBUG com.cms.dao.YllaBranchGroupDao.update - [debug,159] - ==> Parameters: 86110101(String), 4(String), T1101100001(String), 1(String), string(String), null, null, 2021-08-03 00:00:00.0(Timestamp), null, null, null, N(String), null, null, null, null, null, null, null, null, null, string(String), 2021-08-03 00:00:00.0(Timestamp), 09:55:47(String), 2021-08-03 00:00:00.0(Timestamp), 09:55:47(String), string(String), YL00000001(String)
14:06:40.769 [http-nio-9999-exec-5] DEBUG com.cms.dao.YllaBranchGroupDao.update - [debug,159] - <==    Updates: 1
14:06:40.772 [http-nio-9999-exec-5] DEBUG com.cms.dao.YllaAgentaDao.selectList - [debug,159] - ==>  Preparing: SELECT agent_code,sap_code,agent_name,agent_job,agent_grade,agent_state,branch_type,manage_com,init_grade,employ_date,sign_date,in_due_form_date,out_work_date,done_date,insert_kind,agent_group,work_date,introduce,repeat_flag,operator,is_peers,make_date,make_time,modify_date,modify_time FROM yl_la_agent WHERE agent_group = ? 
14:06:40.772 [http-nio-9999-exec-5] DEBUG com.cms.dao.YllaAgentaDao.selectList - [debug,159] - ==> Parameters: 1000000001(String)
14:06:40.856 [http-nio-9999-exec-5] DEBUG com.cms.dao.YllaAgentaDao.selectList - [debug,159] - <==      Total: 1
14:07:10.971 [http-nio-9999-exec-1] DEBUG com.cms.dao.YllaBranchGroupDao.selectList - [debug,159] - ==>  Preparing: SELECT agent_group,manage_com,branch_type,branch_attr,branch_level,branch_name,branch_name_eng,branch_name_chi,branch_eff_date,branch_address,branch_phone_no,branch_fax_no,branch_status,branch_terminate_eff_date,branch_terminate_reason,direct_flag,up_agent_group,branch_manager,branch_manager_name,branch_manager_phone,manager_eff_date,reporting_manager,chat_name,make_date,make_time,modify_date,modify_time,operator FROM yl_la_branch_group WHERE branch_attr = ? 
14:07:10.971 [http-nio-9999-exec-1] DEBUG com.cms.dao.YllaBranchGroupDao.selectList - [debug,159] - ==> Parameters: T1101100001(String)
14:07:10.982 [http-nio-9999-exec-1] DEBUG com.cms.dao.YllaBranchGroupDao.selectList - [debug,159] - <==      Total: 1
14:07:10.983 [http-nio-9999-exec-1] DEBUG com.cms.dao.YllaAgentaDao.selectList - [debug,159] - ==>  Preparing: SELECT agent_code,sap_code,agent_name,agent_job,agent_grade,agent_state,branch_type,manage_com,init_grade,employ_date,sign_date,in_due_form_date,out_work_date,done_date,insert_kind,agent_group,work_date,introduce,repeat_flag,operator,is_peers,make_date,make_time,modify_date,modify_time FROM yl_la_agent WHERE agent_group = ? 
14:07:10.984 [http-nio-9999-exec-1] DEBUG com.cms.dao.YllaAgentaDao.selectList - [debug,159] - ==> Parameters: 1000000001(String)
14:07:10.994 [http-nio-9999-exec-1] DEBUG com.cms.dao.YllaAgentaDao.selectList - [debug,159] - <==      Total: 1
14:07:57.326 [http-nio-9999-exec-4] DEBUG com.cms.dao.YllaBranchGroupDao.selectList - [debug,159] - ==>  Preparing: SELECT agent_group,manage_com,branch_type,branch_attr,branch_level,branch_name,branch_name_eng,branch_name_chi,branch_eff_date,branch_address,branch_phone_no,branch_fax_no,branch_status,branch_terminate_eff_date,branch_terminate_reason,direct_flag,up_agent_group,branch_manager,branch_manager_name,branch_manager_phone,manager_eff_date,reporting_manager,chat_name,make_date,make_time,modify_date,modify_time,operator FROM yl_la_branch_group WHERE branch_attr = ? 
14:07:57.326 [http-nio-9999-exec-4] DEBUG com.cms.dao.YllaBranchGroupDao.selectList - [debug,159] - ==> Parameters: T1101100001(String)
14:07:57.354 [http-nio-9999-exec-4] DEBUG com.cms.dao.YllaBranchGroupDao.selectList - [debug,159] - <==      Total: 1
14:07:57.356 [http-nio-9999-exec-4] DEBUG com.cms.dao.YllaAgentaDao.selectList - [debug,159] - ==>  Preparing: SELECT agent_code,sap_code,agent_name,agent_job,agent_grade,agent_state,branch_type,manage_com,init_grade,employ_date,sign_date,in_due_form_date,out_work_date,done_date,insert_kind,agent_group,work_date,introduce,repeat_flag,operator,is_peers,make_date,make_time,modify_date,modify_time FROM yl_la_agent WHERE agent_group = ? 
14:07:57.356 [http-nio-9999-exec-4] DEBUG com.cms.dao.YllaAgentaDao.selectList - [debug,159] - ==> Parameters: 1000000001(String)
14:07:57.368 [http-nio-9999-exec-4] DEBUG com.cms.dao.YllaAgentaDao.selectList - [debug,159] - <==      Total: 1
14:08:31.257 [http-nio-9999-exec-8] DEBUG com.cms.dao.YllaBranchGroupDao.selectList - [debug,159] - ==>  Preparing: SELECT agent_group,manage_com,branch_type,branch_attr,branch_level,branch_name,branch_name_eng,branch_name_chi,branch_eff_date,branch_address,branch_phone_no,branch_fax_no,branch_status,branch_terminate_eff_date,branch_terminate_reason,direct_flag,up_agent_group,branch_manager,branch_manager_name,branch_manager_phone,manager_eff_date,reporting_manager,chat_name,make_date,make_time,modify_date,modify_time,operator FROM yl_la_branch_group WHERE branch_attr = ? 
14:08:31.257 [http-nio-9999-exec-8] DEBUG com.cms.dao.YllaBranchGroupDao.selectList - [debug,159] - ==> Parameters: T1101100001(String)
14:08:31.268 [http-nio-9999-exec-8] DEBUG com.cms.dao.YllaBranchGroupDao.selectList - [debug,159] - <==      Total: 1
14:08:31.270 [http-nio-9999-exec-8] DEBUG com.cms.dao.YllaBranchGroupDao.update - [debug,159] - ==>  Preparing: UPDATE yl_la_branch_group SET manage_com=?, branch_type=?, branch_attr=?, branch_level=?, branch_name=?, branch_name_eng=?, branch_name_chi=?, branch_eff_date=?, branch_address=?, branch_phone_no=?, branch_fax_no=?, branch_status=?, branch_terminate_eff_date=?, branch_terminate_reason=?, direct_flag=?, up_agent_group=?, branch_manager=?, branch_manager_name=?, branch_manager_phone=?, manager_eff_date=?, reporting_manager=?, chat_name=?, make_date=?, make_time=?, modify_date=?, modify_time=?, operator=? WHERE branch_attr = ? 
14:08:31.271 [http-nio-9999-exec-8] DEBUG com.cms.dao.YllaBranchGroupDao.update - [debug,159] - ==> Parameters: 86110101(String), 4(String), T1101100001(String), 1(String), string(String), null, null, 2021-08-03 00:00:00.0(Timestamp), null, null, null, N(String), null, null, null, null, null, null, null, null, null, string(String), 2021-08-03 00:00:00.0(Timestamp), 09:55:47(String), 2021-08-03 00:00:00.0(Timestamp), 09:55:47(String), string(String), T1101100001(String)
14:08:31.287 [http-nio-9999-exec-8] DEBUG com.cms.dao.YllaBranchGroupDao.update - [debug,159] - <==    Updates: 1
14:09:17.300 [http-nio-9999-exec-9] DEBUG com.cms.dao.YllaBranchGroupDao.selectList - [debug,159] - ==>  Preparing: SELECT agent_group,manage_com,branch_type,branch_attr,branch_level,branch_name,branch_name_eng,branch_name_chi,branch_eff_date,branch_address,branch_phone_no,branch_fax_no,branch_status,branch_terminate_eff_date,branch_terminate_reason,direct_flag,up_agent_group,branch_manager,branch_manager_name,branch_manager_phone,manager_eff_date,reporting_manager,chat_name,make_date,make_time,modify_date,modify_time,operator FROM yl_la_branch_group WHERE branch_attr = ? 
14:09:17.301 [http-nio-9999-exec-9] DEBUG com.cms.dao.YllaBranchGroupDao.selectList - [debug,159] - ==> Parameters: T1101100001(String)
14:09:17.315 [http-nio-9999-exec-9] DEBUG com.cms.dao.YllaBranchGroupDao.selectList - [debug,159] - <==      Total: 1
14:09:17.316 [http-nio-9999-exec-9] DEBUG com.cms.dao.YllaAgentaDao.selectList - [debug,159] - ==>  Preparing: SELECT agent_code,sap_code,agent_name,agent_job,agent_grade,agent_state,branch_type,manage_com,init_grade,employ_date,sign_date,in_due_form_date,out_work_date,done_date,insert_kind,agent_group,work_date,introduce,repeat_flag,operator,is_peers,make_date,make_time,modify_date,modify_time FROM yl_la_agent WHERE agent_group = ? 
14:09:17.316 [http-nio-9999-exec-9] DEBUG com.cms.dao.YllaAgentaDao.selectList - [debug,159] - ==> Parameters: 1000000001(String)
14:09:17.335 [http-nio-9999-exec-9] DEBUG com.cms.dao.YllaAgentaDao.selectList - [debug,159] - <==      Total: 1
14:10:06.248 [http-nio-9999-exec-10] DEBUG com.cms.dao.YllaBranchGroupDao.selectList - [debug,159] - ==>  Preparing: SELECT agent_group,manage_com,branch_type,branch_attr,branch_level,branch_name,branch_name_eng,branch_name_chi,branch_eff_date,branch_address,branch_phone_no,branch_fax_no,branch_status,branch_terminate_eff_date,branch_terminate_reason,direct_flag,up_agent_group,branch_manager,branch_manager_name,branch_manager_phone,manager_eff_date,reporting_manager,chat_name,make_date,make_time,modify_date,modify_time,operator FROM yl_la_branch_group WHERE branch_attr = ? 
14:10:06.249 [http-nio-9999-exec-10] DEBUG com.cms.dao.YllaBranchGroupDao.selectList - [debug,159] - ==> Parameters: T1101100001(String)
14:10:06.275 [http-nio-9999-exec-10] DEBUG com.cms.dao.YllaBranchGroupDao.selectList - [debug,159] - <==      Total: 1
14:10:06.276 [http-nio-9999-exec-10] DEBUG com.cms.dao.YllaAgentaDao.selectList - [debug,159] - ==>  Preparing: SELECT agent_code,sap_code,agent_name,agent_job,agent_grade,agent_state,branch_type,manage_com,init_grade,employ_date,sign_date,in_due_form_date,out_work_date,done_date,insert_kind,agent_group,work_date,introduce,repeat_flag,operator,is_peers,make_date,make_time,modify_date,modify_time FROM yl_la_agent WHERE agent_group = ? 
14:10:06.277 [http-nio-9999-exec-10] DEBUG com.cms.dao.YllaAgentaDao.selectList - [debug,159] - ==> Parameters: 1000000001(String)
14:10:06.299 [http-nio-9999-exec-10] DEBUG com.cms.dao.YllaAgentaDao.selectList - [debug,159] - <==      Total: 0
14:13:02.872 [main] INFO  com.cms.CmsApplication - [logStarting,55] - Starting CmsApplication on LAPTOP-OFR21R92 with PID 16248 (D:\cms-subject3\cms-subject-back\target\classes started by 86176 in D:\cms-subject3)
14:13:02.876 [main] DEBUG com.cms.CmsApplication - [logStarting,56] - Running with Spring Boot v2.2.8.RELEASE, Spring v5.2.7.RELEASE
14:13:02.876 [main] INFO  com.cms.CmsApplication - [logStartupProfileInfo,655] - The following profiles are active: dev
14:13:06.399 [main] INFO  com.cms.CmsApplication - [logStarted,61] - Started CmsApplication in 4.049 seconds (JVM running for 5.205)
14:13:09.419 [http-nio-9999-exec-1] DEBUG com.cms.dao.YllaBranchGroupDao.selectList - [debug,159] - ==>  Preparing: SELECT agent_group,manage_com,branch_type,branch_attr,branch_level,branch_name,branch_name_eng,branch_name_chi,branch_eff_date,branch_address,branch_phone_no,branch_fax_no,branch_status,branch_terminate_eff_date,branch_terminate_reason,direct_flag,up_agent_group,branch_manager,branch_manager_name,branch_manager_phone,manager_eff_date,reporting_manager,chat_name,make_date,make_time,modify_date,modify_time,operator FROM yl_la_branch_group WHERE branch_attr = ? 
14:13:09.437 [http-nio-9999-exec-1] DEBUG com.cms.dao.YllaBranchGroupDao.selectList - [debug,159] - ==> Parameters: T1101100001(String)
14:13:09.478 [http-nio-9999-exec-1] DEBUG com.cms.dao.YllaBranchGroupDao.selectList - [debug,159] - <==      Total: 1
14:13:09.487 [http-nio-9999-exec-1] DEBUG com.cms.dao.YllaAgentaDao.selectList - [debug,159] - ==>  Preparing: SELECT agent_code,sap_code,agent_name,agent_job,agent_grade,agent_state,branch_type,manage_com,init_grade,employ_date,sign_date,in_due_form_date,out_work_date,done_date,insert_kind,agent_group,work_date,introduce,repeat_flag,operator,is_peers,make_date,make_time,modify_date,modify_time FROM yl_la_agent WHERE agent_group = ? 
14:13:09.488 [http-nio-9999-exec-1] DEBUG com.cms.dao.YllaAgentaDao.selectList - [debug,159] - ==> Parameters: 1000000001(String)
14:13:09.502 [http-nio-9999-exec-1] DEBUG com.cms.dao.YllaAgentaDao.selectList - [debug,159] - <==      Total: 0
14:13:09.504 [http-nio-9999-exec-1] DEBUG com.cms.dao.YllaBranchGroupDao.update - [debug,159] - ==>  Preparing: UPDATE yl_la_branch_group SET manage_com=?, branch_type=?, branch_attr=?, branch_level=?, branch_name=?, branch_name_eng=?, branch_name_chi=?, branch_eff_date=?, branch_address=?, branch_phone_no=?, branch_fax_no=?, branch_status=?, branch_terminate_eff_date=?, branch_terminate_reason=?, direct_flag=?, up_agent_group=?, branch_manager=?, branch_manager_name=?, branch_manager_phone=?, manager_eff_date=?, reporting_manager=?, chat_name=?, make_date=?, make_time=?, modify_date=?, modify_time=?, operator=? WHERE branch_attr = ? 
14:13:09.505 [http-nio-9999-exec-1] DEBUG com.cms.dao.YllaBranchGroupDao.update - [debug,159] - ==> Parameters: 86110101(String), 4(String), T1101100001(String), 1(String), string(String), null, null, 2021-07-07 00:00:00.0(Timestamp), null, null, null, Y(String), 2021-07-07 00:00:00.0(Timestamp), null, null, null, null, null, null, null, null, string(String), 2021-08-03 00:00:00.0(Timestamp), 09:55:47(String), 2021-08-03 00:00:00.0(Timestamp), 09:55:47(String), string(String), T1101100001(String)
14:13:09.532 [http-nio-9999-exec-1] DEBUG com.cms.dao.YllaBranchGroupDao.update - [debug,159] - <==    Updates: 1
14:13:28.827 [http-nio-9999-exec-4] DEBUG com.cms.dao.YllaBranchGroupDao.selectList - [debug,159] - ==>  Preparing: SELECT agent_group,manage_com,branch_type,branch_attr,branch_level,branch_name,branch_name_eng,branch_name_chi,branch_eff_date,branch_address,branch_phone_no,branch_fax_no,branch_status,branch_terminate_eff_date,branch_terminate_reason,direct_flag,up_agent_group,branch_manager,branch_manager_name,branch_manager_phone,manager_eff_date,reporting_manager,chat_name,make_date,make_time,modify_date,modify_time,operator FROM yl_la_branch_group WHERE branch_attr = ? 
14:13:28.827 [http-nio-9999-exec-4] DEBUG com.cms.dao.YllaBranchGroupDao.selectList - [debug,159] - ==> Parameters: T1101100001(String)
14:13:28.853 [http-nio-9999-exec-4] DEBUG com.cms.dao.YllaBranchGroupDao.selectList - [debug,159] - <==      Total: 1
14:17:33.643 [main] INFO  com.cms.CmsApplication - [logStarting,55] - Starting CmsApplication on LAPTOP-OFR21R92 with PID 18932 (D:\cms-subject3\cms-subject-back\target\classes started by 86176 in D:\cms-subject3)
14:17:33.646 [main] DEBUG com.cms.CmsApplication - [logStarting,56] - Running with Spring Boot v2.2.8.RELEASE, Spring v5.2.7.RELEASE
14:17:33.647 [main] INFO  com.cms.CmsApplication - [logStartupProfileInfo,655] - The following profiles are active: dev
14:17:36.325 [main] INFO  com.cms.CmsApplication - [logStarted,61] - Started CmsApplication in 3.168 seconds (JVM running for 4.305)
14:17:40.017 [http-nio-9999-exec-1] DEBUG com.cms.dao.YllaBranchGroupDao.selectList - [debug,159] - ==>  Preparing: SELECT agent_group,manage_com,branch_type,branch_attr,branch_level,branch_name,branch_name_eng,branch_name_chi,branch_eff_date,branch_address,branch_phone_no,branch_fax_no,branch_status,branch_terminate_eff_date,branch_terminate_reason,direct_flag,up_agent_group,branch_manager,branch_manager_name,branch_manager_phone,manager_eff_date,reporting_manager,chat_name,make_date,make_time,modify_date,modify_time,operator FROM yl_la_branch_group WHERE branch_attr = ? 
14:17:40.046 [http-nio-9999-exec-1] DEBUG com.cms.dao.YllaBranchGroupDao.selectList - [debug,159] - ==> Parameters: T1101100001(String)
14:17:40.080 [http-nio-9999-exec-1] DEBUG com.cms.dao.YllaBranchGroupDao.selectList - [debug,159] - <==      Total: 1
14:17:40.083 [http-nio-9999-exec-1] DEBUG com.cms.dao.YllaBranchGroupDao.update - [debug,159] - ==>  Preparing: UPDATE yl_la_branch_group SET manage_com=?, branch_type=?, branch_attr=?, branch_level=?, branch_name=?, branch_name_eng=?, branch_name_chi=?, branch_eff_date=?, branch_address=?, branch_phone_no=?, branch_fax_no=?, branch_status=?, branch_terminate_eff_date=?, branch_terminate_reason=?, direct_flag=?, up_agent_group=?, branch_manager=?, branch_manager_name=?, branch_manager_phone=?, manager_eff_date=?, reporting_manager=?, chat_name=?, make_date=?, make_time=?, modify_date=?, modify_time=?, operator=? WHERE branch_attr = ? 
14:17:40.084 [http-nio-9999-exec-1] DEBUG com.cms.dao.YllaBranchGroupDao.update - [debug,159] - ==> Parameters: 86110101(String), 4(String), T1101100001(String), 1(String), string(String), null, null, 2021-07-07 00:00:00.0(Timestamp), null, null, null, N(String), null, null, null, null, null, null, null, null, null, string(String), 2021-08-03 00:00:00.0(Timestamp), 09:55:47(String), 2021-08-03 00:00:00.0(Timestamp), 09:55:47(String), string(String), T1101100001(String)
14:17:40.106 [http-nio-9999-exec-1] DEBUG com.cms.dao.YllaBranchGroupDao.update - [debug,159] - <==    Updates: 1
