11:08:22.580 [main] INFO  com.cms.CmsApplication - [logStarting,55] - Starting CmsApplication on DESKTOP-JJS12OR with PID 17620 (D:\ideaPro\DJBX_Service\cms-subject-back\target\classes started by 86155 in D:\ideaPro\DJBX_Service)
11:08:22.585 [main] DEBUG com.cms.CmsApplication - [logStarting,56] - Running with Spring Boot v2.2.8.RELEASE, Spring v5.2.7.RELEASE
11:08:22.586 [main] INFO  com.cms.CmsApplication - [logStartupProfileInfo,655] - The following profiles are active: dat
11:08:27.733 [main] INFO  com.cms.CmsApplication - [logStarted,61] - Started CmsApplication in 5.754 seconds (JVM running for 6.898)
11:09:45.700 [http-nio-9999-exec-1] DEBUG com.cms.dao.DepartModifyDao.selectOne - [debug,159] - ==>  Preparing: SELECT agent_code,manage_com,agent_group,branch_type,depart_date,depart_reason,depart_times,handover_code,depart_state,done_date,re_date,depart_url,noti,operator,make_date,make_time,modify_date,modify_time FROM yl_la_dimission WHERE agent_code = ? 
11:09:45.724 [http-nio-9999-exec-1] DEBUG com.cms.dao.DepartModifyDao.selectOne - [debug,159] - ==> Parameters: YL00000001(String)
11:09:45.756 [http-nio-9999-exec-1] DEBUG com.cms.dao.DepartModifyDao.selectOne - [debug,159] - <==      Total: 0
11:14:42.699 [main] INFO  com.cms.CmsApplication - [logStarting,55] - Starting CmsApplication on DESKTOP-JJS12OR with PID 17932 (D:\ideaPro\DJBX_Service\cms-subject-back\target\classes started by 86155 in D:\ideaPro\DJBX_Service)
11:14:42.711 [main] DEBUG com.cms.CmsApplication - [logStarting,56] - Running with Spring Boot v2.2.8.RELEASE, Spring v5.2.7.RELEASE
11:14:42.712 [main] INFO  com.cms.CmsApplication - [logStartupProfileInfo,655] - The following profiles are active: dat
11:14:47.372 [main] INFO  com.cms.CmsApplication - [logStarted,61] - Started CmsApplication in 5.26 seconds (JVM running for 6.584)
11:14:50.976 [http-nio-9999-exec-1] DEBUG com.cms.dao.DepartModifyDao.selectOne - [debug,159] - ==>  Preparing: SELECT agent_code,manage_com,agent_group,branch_type,depart_date,depart_reason,depart_times,handover_code,depart_state,done_date,re_date,depart_url,noti,operator,make_date,make_time,modify_date,modify_time FROM yl_la_dimission WHERE agent_code = ? 
11:14:51.030 [http-nio-9999-exec-1] DEBUG com.cms.dao.DepartModifyDao.selectOne - [debug,159] - ==> Parameters: YL00000001(String)
11:14:51.057 [http-nio-9999-exec-1] DEBUG com.cms.dao.DepartModifyDao.selectOne - [debug,159] - <==      Total: 0
11:15:57.813 [main] INFO  com.cms.CmsApplication - [logStarting,55] - Starting CmsApplication on DESKTOP-JJS12OR with PID 18028 (D:\ideaPro\DJBX_Service\cms-subject-back\target\classes started by 86155 in D:\ideaPro\DJBX_Service)
11:15:57.815 [main] DEBUG com.cms.CmsApplication - [logStarting,56] - Running with Spring Boot v2.2.8.RELEASE, Spring v5.2.7.RELEASE
11:15:57.816 [main] INFO  com.cms.CmsApplication - [logStartupProfileInfo,655] - The following profiles are active: dat
11:16:02.362 [main] INFO  com.cms.CmsApplication - [logStarted,61] - Started CmsApplication in 5.053 seconds (JVM running for 6.799)
11:16:33.534 [http-nio-9999-exec-1] DEBUG com.cms.dao.DepartModifyDao.selectOne - [debug,159] - ==>  Preparing: SELECT agent_code,manage_com,agent_group,branch_type,depart_date,depart_reason,depart_times,handover_code,depart_state,done_date,re_date,depart_url,noti,operator,make_date,make_time,modify_date,modify_time FROM yl_la_dimission WHERE agent_code = ? 
11:16:33.558 [http-nio-9999-exec-1] DEBUG com.cms.dao.DepartModifyDao.selectOne - [debug,159] - ==> Parameters: YL00000001(String)
11:16:33.697 [http-nio-9999-exec-1] DEBUG com.cms.dao.DepartModifyDao.selectOne - [debug,159] - <==      Total: 0
11:17:15.360 [http-nio-9999-exec-2] DEBUG com.cms.dao.DepartModifyDao.selectOne - [debug,159] - ==>  Preparing: SELECT agent_code,manage_com,agent_group,branch_type,depart_date,depart_reason,depart_times,handover_code,depart_state,done_date,re_date,depart_url,noti,operator,make_date,make_time,modify_date,modify_time FROM yl_la_dimission WHERE agent_code = ? 
11:17:15.361 [http-nio-9999-exec-2] DEBUG com.cms.dao.DepartModifyDao.selectOne - [debug,159] - ==> Parameters: YL00000001(String)
11:17:15.374 [http-nio-9999-exec-2] DEBUG com.cms.dao.DepartModifyDao.selectOne - [debug,159] - <==      Total: 0
11:19:37.514 [main] INFO  com.cms.CmsApplication - [logStarting,55] - Starting CmsApplication on DESKTOP-JJS12OR with PID 6012 (D:\ideaPro\DJBX_Service\cms-subject-back\target\classes started by 86155 in D:\ideaPro\DJBX_Service)
11:19:37.517 [main] DEBUG com.cms.CmsApplication - [logStarting,56] - Running with Spring Boot v2.2.8.RELEASE, Spring v5.2.7.RELEASE
11:19:37.517 [main] INFO  com.cms.CmsApplication - [logStartupProfileInfo,655] - The following profiles are active: dat
11:19:41.748 [main] INFO  com.cms.CmsApplication - [logStarted,61] - Started CmsApplication in 4.863 seconds (JVM running for 5.997)
11:20:04.102 [main] INFO  com.cms.CmsApplication - [logStarting,55] - Starting CmsApplication on DESKTOP-JJS12OR with PID 15208 (D:\ideaPro\DJBX_Service\cms-subject-back\target\classes started by 86155 in D:\ideaPro\DJBX_Service)
11:20:04.107 [main] DEBUG com.cms.CmsApplication - [logStarting,56] - Running with Spring Boot v2.2.8.RELEASE, Spring v5.2.7.RELEASE
11:20:04.107 [main] INFO  com.cms.CmsApplication - [logStartupProfileInfo,655] - The following profiles are active: dev
11:20:08.439 [main] INFO  com.cms.CmsApplication - [logStarted,61] - Started CmsApplication in 5.082 seconds (JVM running for 6.384)
11:21:19.752 [http-nio-9999-exec-2] DEBUG com.cms.dao.DepartModifyDao.selectOne - [debug,159] - ==>  Preparing: SELECT agent_code,manage_com,agent_group,branch_type,depart_date,depart_reason,depart_times,handover_code,depart_state,done_date,re_date,depart_url,noti,operator,make_date,make_time,modify_date,modify_time FROM yl_la_dimission WHERE agent_code = ? 
11:21:19.984 [http-nio-9999-exec-2] DEBUG com.cms.dao.DepartModifyDao.selectOne - [debug,159] - ==> Parameters: YL00000001(String)
11:21:20.177 [http-nio-9999-exec-2] DEBUG com.cms.dao.DepartModifyDao.selectOne - [debug,159] - <==      Total: 1
13:21:07.676 [main] INFO  com.cms.CmsApplication - [logStarting,55] - Starting CmsApplication on DESKTOP-JJS12OR with PID 18864 (D:\ideaPro\DJBX_Service\cms-subject-back\target\classes started by 86155 in D:\ideaPro\DJBX_Service)
13:21:07.679 [main] DEBUG com.cms.CmsApplication - [logStarting,56] - Running with Spring Boot v2.2.8.RELEASE, Spring v5.2.7.RELEASE
13:21:07.679 [main] INFO  com.cms.CmsApplication - [logStartupProfileInfo,655] - The following profiles are active: dev
13:21:11.900 [main] INFO  com.cms.CmsApplication - [logStarted,61] - Started CmsApplication in 4.863 seconds (JVM running for 6.032)
13:21:49.378 [http-nio-9999-exec-1] DEBUG com.cms.dao.DepartModifyDao.selectOne - [debug,159] - ==>  Preparing: SELECT agent_code,manage_com,agent_group,branch_type,depart_date,depart_reason,depart_times,handover_code,depart_state,done_date,re_date,depart_url,noti,operator,make_date,make_time,modify_date,modify_time FROM yl_la_dimission WHERE agent_code = ? 
13:21:49.570 [http-nio-9999-exec-1] DEBUG com.cms.dao.DepartModifyDao.selectOne - [debug,159] - ==> Parameters: YL00000001(String)
13:21:49.751 [http-nio-9999-exec-1] DEBUG com.cms.dao.DepartModifyDao.selectOne - [debug,159] - <==      Total: 1
13:23:16.196 [main] INFO  com.cms.CmsApplication - [logStarting,55] - Starting CmsApplication on DESKTOP-JJS12OR with PID 18616 (D:\ideaPro\DJBX_Service\cms-subject-back\target\classes started by 86155 in D:\ideaPro\DJBX_Service)
13:23:16.200 [main] DEBUG com.cms.CmsApplication - [logStarting,56] - Running with Spring Boot v2.2.8.RELEASE, Spring v5.2.7.RELEASE
13:23:16.200 [main] INFO  com.cms.CmsApplication - [logStartupProfileInfo,655] - The following profiles are active: dev
13:23:19.478 [main] INFO  com.cms.CmsApplication - [logStarted,61] - Started CmsApplication in 3.711 seconds (JVM running for 4.692)
13:23:54.433 [http-nio-9999-exec-1] DEBUG com.cms.dao.DepartModifyDao.selectOne - [debug,159] - ==>  Preparing: SELECT agent_code,manage_com,agent_group,branch_type,depart_date,depart_reason,depart_times,handover_code,depart_state,done_date,re_date,depart_url,noti,operator,make_date,make_time,modify_date,modify_time FROM yl_la_dimission WHERE agent_code = ? 
13:23:54.448 [http-nio-9999-exec-1] DEBUG com.cms.dao.DepartModifyDao.selectOne - [debug,159] - ==> Parameters: YL00000001(String)
13:23:54.480 [http-nio-9999-exec-1] DEBUG com.cms.dao.DepartModifyDao.selectOne - [debug,159] - <==      Total: 1
13:25:58.203 [main] INFO  com.cms.CmsApplication - [logStarting,55] - Starting CmsApplication on DESKTOP-JJS12OR with PID 13640 (D:\ideaPro\DJBX_Service\cms-subject-back\target\classes started by 86155 in D:\ideaPro\DJBX_Service)
13:25:58.206 [main] DEBUG com.cms.CmsApplication - [logStarting,56] - Running with Spring Boot v2.2.8.RELEASE, Spring v5.2.7.RELEASE
13:25:58.206 [main] INFO  com.cms.CmsApplication - [logStartupProfileInfo,655] - The following profiles are active: dev
13:26:01.610 [main] INFO  com.cms.CmsApplication - [logStarted,61] - Started CmsApplication in 3.833 seconds (JVM running for 5.049)
13:29:08.988 [main] INFO  com.cms.CmsApplication - [logStarting,55] - Starting CmsApplication on DESKTOP-JJS12OR with PID 11784 (D:\ideaPro\DJBX_Service\cms-subject-back\target\classes started by 86155 in D:\ideaPro\DJBX_Service)
13:29:08.992 [main] DEBUG com.cms.CmsApplication - [logStarting,56] - Running with Spring Boot v2.2.8.RELEASE, Spring v5.2.7.RELEASE
13:29:08.992 [main] INFO  com.cms.CmsApplication - [logStartupProfileInfo,655] - The following profiles are active: dev
13:29:12.295 [main] INFO  com.cms.CmsApplication - [logStarted,61] - Started CmsApplication in 3.765 seconds (JVM running for 4.743)
13:31:28.800 [main] INFO  com.cms.CmsApplication - [logStarting,55] - Starting CmsApplication on DESKTOP-JJS12OR with PID 19920 (D:\ideaPro\DJBX_Service\cms-subject-back\target\classes started by 86155 in D:\ideaPro\DJBX_Service)
13:31:28.804 [main] DEBUG com.cms.CmsApplication - [logStarting,56] - Running with Spring Boot v2.2.8.RELEASE, Spring v5.2.7.RELEASE
13:31:28.805 [main] INFO  com.cms.CmsApplication - [logStartupProfileInfo,655] - The following profiles are active: dev
13:31:32.423 [main] INFO  com.cms.CmsApplication - [logStarted,61] - Started CmsApplication in 4.102 seconds (JVM running for 5.338)
13:31:39.014 [http-nio-9999-exec-1] DEBUG com.cms.dao.DepartModifyDao.selectOne - [debug,159] - ==>  Preparing: SELECT agent_code,manage_com,agent_group,branch_type,depart_date,depart_reason,depart_times,handover_code,depart_state,done_date,re_date,depart_url,noti,operator,make_date,make_time,modify_date,modify_time FROM yl_la_dimission WHERE agent_code = ? 
13:31:39.029 [http-nio-9999-exec-1] DEBUG com.cms.dao.DepartModifyDao.selectOne - [debug,159] - ==> Parameters: YL00000001(String)
13:31:39.070 [http-nio-9999-exec-1] DEBUG com.cms.dao.DepartModifyDao.selectOne - [debug,159] - <==      Total: 1
13:32:26.930 [main] INFO  com.cms.CmsApplication - [logStarting,55] - Starting CmsApplication on DESKTOP-JJS12OR with PID 19316 (D:\ideaPro\DJBX_Service\cms-subject-back\target\classes started by 86155 in D:\ideaPro\DJBX_Service)
13:32:26.935 [main] DEBUG com.cms.CmsApplication - [logStarting,56] - Running with Spring Boot v2.2.8.RELEASE, Spring v5.2.7.RELEASE
13:32:26.935 [main] INFO  com.cms.CmsApplication - [logStartupProfileInfo,655] - The following profiles are active: dev
13:32:30.822 [main] INFO  com.cms.CmsApplication - [logStarted,61] - Started CmsApplication in 4.406 seconds (JVM running for 5.726)
13:35:40.774 [http-nio-9999-exec-2] DEBUG com.cms.dao.DepartModifyDao.selectOne - [debug,159] - ==>  Preparing: SELECT agent_code,manage_com,agent_group,branch_type,depart_date,depart_reason,depart_times,handover_code,depart_state,done_date,re_date,depart_url,noti,operator,make_date,make_time,modify_date,modify_time FROM yl_la_dimission WHERE agent_code = ? 
13:35:41.000 [http-nio-9999-exec-2] DEBUG com.cms.dao.DepartModifyDao.selectOne - [debug,159] - ==> Parameters: YL00000001(String)
13:35:41.192 [http-nio-9999-exec-2] DEBUG com.cms.dao.DepartModifyDao.selectOne - [debug,159] - <==      Total: 1
13:41:25.802 [main] INFO  com.cms.CmsApplication - [logStarting,55] - Starting CmsApplication on DESKTOP-JJS12OR with PID 18876 (D:\ideaPro\DJBX_Service\cms-subject-back\target\classes started by 86155 in D:\ideaPro\DJBX_Service)
13:41:25.808 [main] DEBUG com.cms.CmsApplication - [logStarting,56] - Running with Spring Boot v2.2.8.RELEASE, Spring v5.2.7.RELEASE
13:41:25.809 [main] INFO  com.cms.CmsApplication - [logStartupProfileInfo,655] - The following profiles are active: dev
13:41:33.176 [main] INFO  com.cms.CmsApplication - [logStarted,61] - Started CmsApplication in 8.225 seconds (JVM running for 10.085)
13:42:49.980 [http-nio-9999-exec-1] DEBUG com.cms.dao.DepartModifyDao.selectOne - [debug,159] - ==>  Preparing: SELECT agent_code,manage_com,agent_group,branch_type,depart_date,depart_reason,depart_times,handover_code,depart_state,done_date,re_date,depart_url,noti,operator,make_date,make_time,modify_date,modify_time FROM yl_la_dimission WHERE agent_code = ? 
13:42:50.743 [http-nio-9999-exec-1] DEBUG com.cms.dao.DepartModifyDao.selectOne - [debug,159] - ==> Parameters: YL00000001(String)
13:42:51.426 [http-nio-9999-exec-1] DEBUG com.cms.dao.DepartModifyDao.selectOne - [debug,159] - <==      Total: 1
13:44:32.684 [main] INFO  com.cms.CmsApplication - [logStarting,55] - Starting CmsApplication on DESKTOP-JJS12OR with PID 17496 (D:\ideaPro\DJBX_Service\cms-subject-back\target\classes started by 86155 in D:\ideaPro\DJBX_Service)
13:44:32.691 [main] DEBUG com.cms.CmsApplication - [logStarting,56] - Running with Spring Boot v2.2.8.RELEASE, Spring v5.2.7.RELEASE
13:44:32.693 [main] INFO  com.cms.CmsApplication - [logStartupProfileInfo,655] - The following profiles are active: dev
13:44:39.788 [main] INFO  com.cms.CmsApplication - [logStarted,61] - Started CmsApplication in 8.024 seconds (JVM running for 10.139)
13:44:49.108 [http-nio-9999-exec-1] DEBUG com.cms.dao.DepartModifyDao.selectOne - [debug,159] - ==>  Preparing: SELECT agent_code,manage_com,agent_group,branch_type,depart_date,depart_reason,depart_times,handover_code,depart_state,done_date,re_date,depart_url,noti,operator,make_date,make_time,modify_date,modify_time FROM yl_la_dimission WHERE agent_code = ? 
13:44:49.143 [http-nio-9999-exec-1] DEBUG com.cms.dao.DepartModifyDao.selectOne - [debug,159] - ==> Parameters: YL00000001(String)
13:44:49.341 [http-nio-9999-exec-1] DEBUG com.cms.dao.DepartModifyDao.selectOne - [debug,159] - <==      Total: 1
13:45:35.578 [main] INFO  com.cms.CmsApplication - [logStarting,55] - Starting CmsApplication on DESKTOP-JJS12OR with PID 14240 (D:\ideaPro\DJBX_Service\cms-subject-back\target\classes started by 86155 in D:\ideaPro\DJBX_Service)
13:45:35.583 [main] DEBUG com.cms.CmsApplication - [logStarting,56] - Running with Spring Boot v2.2.8.RELEASE, Spring v5.2.7.RELEASE
13:45:35.583 [main] INFO  com.cms.CmsApplication - [logStartupProfileInfo,655] - The following profiles are active: dev
13:45:42.411 [main] INFO  com.cms.CmsApplication - [logStarted,61] - Started CmsApplication in 7.78 seconds (JVM running for 9.754)
13:48:58.685 [http-nio-9999-exec-1] DEBUG com.cms.dao.DepartModifyDao.selectOne - [debug,159] - ==>  Preparing: SELECT agent_code,manage_com,agent_group,branch_type,depart_date,depart_reason,depart_times,handover_code,depart_state,done_date,re_date,depart_url,noti,operator,make_date,make_time,modify_date,modify_time FROM yl_la_dimission WHERE agent_code = ? 
13:48:58.739 [http-nio-9999-exec-1] DEBUG com.cms.dao.DepartModifyDao.selectOne - [debug,159] - ==> Parameters: YL00000001(String)
13:48:58.809 [http-nio-9999-exec-1] DEBUG com.cms.dao.DepartModifyDao.selectOne - [debug,159] - <==      Total: 1
13:52:47.359 [main] INFO  com.cms.CmsApplication - [logStarting,55] - Starting CmsApplication on DESKTOP-JJS12OR with PID 18560 (D:\ideaPro\DJBX_Service\cms-subject-back\target\classes started by 86155 in D:\ideaPro\DJBX_Service)
13:52:47.368 [main] DEBUG com.cms.CmsApplication - [logStarting,56] - Running with Spring Boot v2.2.8.RELEASE, Spring v5.2.7.RELEASE
13:52:47.369 [main] INFO  com.cms.CmsApplication - [logStartupProfileInfo,655] - The following profiles are active: dev
13:52:53.983 [main] INFO  com.cms.CmsApplication - [logStarted,61] - Started CmsApplication in 7.625 seconds (JVM running for 10.035)
13:52:58.910 [http-nio-9999-exec-1] DEBUG com.cms.dao.DepartModifyDao.update - [debug,159] - ==>  Preparing: UPDATE yl_la_dimission SET manage_com=?, agent_group=?, branch_type=?, depart_date=?, depart_reason=?, depart_times=?, handover_code=?, depart_state=?, done_date=?, re_date=?, depart_url=?, noti=?, operator=?, make_date=?, make_time=?, modify_date=?, modify_time=?, depart_date=?,depart_reason=?,noti=? WHERE agent_code = ? 
13:52:58.957 [http-nio-9999-exec-1] DEBUG com.cms.dao.DepartModifyDao.update - [debug,159] - ==> Parameters: null, null, null, null, null, 0(Integer), null, null, null, null, null, null, null, null, null, null, null, 2021-08-23 00:00:00.0(Timestamp), 01(String), (String), YL00000001(String)
13:58:59.917 [main] INFO  com.cms.CmsApplication - [logStarting,55] - Starting CmsApplication on DESKTOP-JJS12OR with PID 1284 (D:\ideaPro\DJBX_Service\cms-subject-back\target\classes started by 86155 in D:\ideaPro\DJBX_Service)
13:58:59.922 [main] DEBUG com.cms.CmsApplication - [logStarting,56] - Running with Spring Boot v2.2.8.RELEASE, Spring v5.2.7.RELEASE
13:58:59.922 [main] INFO  com.cms.CmsApplication - [logStartupProfileInfo,655] - The following profiles are active: dev
13:59:06.588 [main] INFO  com.cms.CmsApplication - [logStarted,61] - Started CmsApplication in 7.459 seconds (JVM running for 9.46)
13:59:15.567 [http-nio-9999-exec-2] DEBUG com.cms.dao.DepartModifyDao.update - [debug,159] - ==>  Preparing: UPDATE yl_la_dimission SET depart_date=?,depart_reason=?,noti=? WHERE agent_code = ? 
13:59:15.633 [http-nio-9999-exec-2] DEBUG com.cms.dao.DepartModifyDao.update - [debug,159] - ==> Parameters: 2021-08-23 00:00:00.0(Timestamp), 01(String), (String), YL00000001(String)
13:59:15.667 [http-nio-9999-exec-2] DEBUG com.cms.dao.DepartModifyDao.update - [debug,159] - <==    Updates: 1
14:00:52.405 [http-nio-9999-exec-3] DEBUG com.cms.dao.DepartModifyDao.update - [debug,159] - ==>  Preparing: UPDATE yl_la_dimission SET depart_date=?,depart_reason=?,noti=? WHERE agent_code = ? 
14:00:52.407 [http-nio-9999-exec-3] DEBUG com.cms.dao.DepartModifyDao.update - [debug,159] - ==> Parameters: 2021-08-25 00:00:00.0(Timestamp), 01(String), (String), YL00000001(String)
14:00:52.579 [http-nio-9999-exec-3] DEBUG com.cms.dao.DepartModifyDao.update - [debug,159] - <==    Updates: 1
14:10:10.237 [main] INFO  com.cms.CmsApplication - [logStarting,55] - Starting CmsApplication on DESKTOP-JJS12OR with PID 21136 (D:\ideaPro\DJBX_Service\cms-subject-back\target\classes started by 86155 in D:\ideaPro\DJBX_Service)
14:10:10.282 [main] DEBUG com.cms.CmsApplication - [logStarting,56] - Running with Spring Boot v2.2.8.RELEASE, Spring v5.2.7.RELEASE
14:10:10.282 [main] INFO  com.cms.CmsApplication - [logStartupProfileInfo,655] - The following profiles are active: dev
14:10:18.370 [main] INFO  com.cms.CmsApplication - [logStarted,61] - Started CmsApplication in 8.903 seconds (JVM running for 10.944)
14:10:24.166 [http-nio-9999-exec-1] DEBUG com.cms.dao.DepartModifyDao.update - [debug,159] - ==>  Preparing: UPDATE yl_la_dimission SET depart_date=?,depart_reason=?,noti=?,modify_date=? WHERE agent_code = ? 
14:10:24.247 [http-nio-9999-exec-1] DEBUG com.cms.dao.DepartModifyDao.update - [debug,159] - ==> Parameters: 2021-08-25 00:00:00.0(Timestamp), 01(String), (String), 2021-08-24(String), YL00000001(String)
14:10:24.272 [http-nio-9999-exec-1] DEBUG com.cms.dao.DepartModifyDao.update - [debug,159] - <==    Updates: 1
14:11:46.995 [main] INFO  com.cms.CmsApplication - [logStarting,55] - Starting CmsApplication on DESKTOP-JJS12OR with PID 2924 (D:\ideaPro\DJBX_Service\cms-subject-back\target\classes started by 86155 in D:\ideaPro\DJBX_Service)
14:11:47.002 [main] DEBUG com.cms.CmsApplication - [logStarting,56] - Running with Spring Boot v2.2.8.RELEASE, Spring v5.2.7.RELEASE
14:11:47.002 [main] INFO  com.cms.CmsApplication - [logStartupProfileInfo,655] - The following profiles are active: dev
14:11:53.229 [main] INFO  com.cms.CmsApplication - [logStarted,61] - Started CmsApplication in 7.131 seconds (JVM running for 9.26)
14:17:22.393 [main] INFO  com.cms.CmsApplication - [logStarting,55] - Starting CmsApplication on DESKTOP-JJS12OR with PID 17048 (D:\ideaPro\DJBX_Service\cms-subject-back\target\classes started by 86155 in D:\ideaPro\DJBX_Service)
14:17:22.399 [main] DEBUG com.cms.CmsApplication - [logStarting,56] - Running with Spring Boot v2.2.8.RELEASE, Spring v5.2.7.RELEASE
14:17:22.400 [main] INFO  com.cms.CmsApplication - [logStartupProfileInfo,655] - The following profiles are active: dev
14:17:30.960 [main] INFO  com.cms.CmsApplication - [logStarted,61] - Started CmsApplication in 9.284 seconds (JVM running for 11.54)
14:17:36.969 [http-nio-9999-exec-2] DEBUG com.cms.dao.DepartModifyDao.update - [debug,159] - ==>  Preparing: UPDATE yl_la_dimission SET depart_date=?,depart_reason=?,noti=?,modify_date=?,modify_time=? WHERE agent_code = ? 
14:17:37.050 [http-nio-9999-exec-2] DEBUG com.cms.dao.DepartModifyDao.update - [debug,159] - ==> Parameters: 2021-08-25 00:00:00.0(Timestamp), 01(String), (String), 2021-08-24(String), 14:17:36(String), YL00000001(String)
14:17:37.074 [http-nio-9999-exec-2] DEBUG com.cms.dao.DepartModifyDao.update - [debug,159] - <==    Updates: 1
15:07:22.878 [main] INFO  com.cms.CmsApplication - [logStarting,55] - Starting CmsApplication on DESKTOP-JJS12OR with PID 14916 (D:\ideaPro\DJBX_Service\cms-subject-back\target\classes started by 86155 in D:\ideaPro\DJBX_Service)
15:07:22.881 [main] DEBUG com.cms.CmsApplication - [logStarting,56] - Running with Spring Boot v2.2.8.RELEASE, Spring v5.2.7.RELEASE
15:07:22.882 [main] INFO  com.cms.CmsApplication - [logStartupProfileInfo,655] - The following profiles are active: dev
15:07:26.522 [main] INFO  com.cms.CmsApplication - [logStarted,61] - Started CmsApplication in 4.151 seconds (JVM running for 5.411)
15:08:03.382 [http-nio-9999-exec-1] DEBUG com.cms.dao.DepartModifyDao.selectOne - [debug,159] - ==>  Preparing: SELECT agent_code,manage_com,agent_group,branch_type,depart_date,depart_reason,depart_times,handover_code,depart_state,done_date,re_date,depart_url,noti,operator,make_date,make_time,modify_date,modify_time FROM yl_la_dimission WHERE agent_code = ? 
15:08:03.408 [http-nio-9999-exec-1] DEBUG com.cms.dao.DepartModifyDao.selectOne - [debug,159] - ==> Parameters: YL00000001(String)
15:08:03.447 [http-nio-9999-exec-1] DEBUG com.cms.dao.DepartModifyDao.selectOne - [debug,159] - <==      Total: 1
15:08:18.913 [http-nio-9999-exec-3] DEBUG com.cms.dao.DepartModifyDao.selectOne - [debug,159] - ==>  Preparing: SELECT agent_code,manage_com,agent_group,branch_type,depart_date,depart_reason,depart_times,handover_code,depart_state,done_date,re_date,depart_url,noti,operator,make_date,make_time,modify_date,modify_time FROM yl_la_dimission WHERE agent_code = ? 
15:08:18.915 [http-nio-9999-exec-3] DEBUG com.cms.dao.DepartModifyDao.selectOne - [debug,159] - ==> Parameters: YL00000001(String)
15:08:18.929 [http-nio-9999-exec-3] DEBUG com.cms.dao.DepartModifyDao.selectOne - [debug,159] - <==      Total: 1
15:08:57.724 [http-nio-9999-exec-2] DEBUG com.cms.dao.DepartModifyDao.selectOne - [debug,159] - ==>  Preparing: SELECT agent_code,manage_com,agent_group,branch_type,depart_date,depart_reason,depart_times,handover_code,depart_state,done_date,re_date,depart_url,noti,operator,make_date,make_time,modify_date,modify_time FROM yl_la_dimission WHERE agent_code = ? 
15:08:57.725 [http-nio-9999-exec-2] DEBUG com.cms.dao.DepartModifyDao.selectOne - [debug,159] - ==> Parameters: YL00000001(String)
15:08:57.736 [http-nio-9999-exec-2] DEBUG com.cms.dao.DepartModifyDao.selectOne - [debug,159] - <==      Total: 1
15:08:57.743 [http-nio-9999-exec-2] DEBUG com.cms.dao.DepartModifyDao.update - [debug,159] - ==>  Preparing: UPDATE yl_la_dimission SET depart_date=?,depart_reason=?,modify_date=?,modify_time=? WHERE agent_code = ? 
15:08:57.745 [http-nio-9999-exec-2] DEBUG com.cms.dao.DepartModifyDao.update - [debug,159] - ==> Parameters: 2021-08-25 00:00:00.0(Timestamp), 01(String), 2021-08-24(String), 15:08:57(String), YL00000001(String)
15:08:57.768 [http-nio-9999-exec-2] DEBUG com.cms.dao.DepartModifyDao.update - [debug,159] - <==    Updates: 1
15:09:51.018 [main] INFO  com.cms.CmsApplication - [logStarting,55] - Starting CmsApplication on DESKTOP-JJS12OR with PID 17940 (D:\ideaPro\DJBX_Service\cms-subject-back\target\classes started by 86155 in D:\ideaPro\DJBX_Service)
15:09:51.022 [main] DEBUG com.cms.CmsApplication - [logStarting,56] - Running with Spring Boot v2.2.8.RELEASE, Spring v5.2.7.RELEASE
15:09:51.023 [main] INFO  com.cms.CmsApplication - [logStartupProfileInfo,655] - The following profiles are active: dev
15:09:54.702 [main] INFO  com.cms.CmsApplication - [logStarted,61] - Started CmsApplication in 4.16 seconds (JVM running for 5.488)
15:09:59.081 [http-nio-9999-exec-1] DEBUG com.cms.dao.DepartModifyDao.selectOne - [debug,159] - ==>  Preparing: SELECT agent_code,manage_com,agent_group,branch_type,depart_date,depart_reason,depart_times,handover_code,depart_state,done_date,re_date,depart_url,noti,operator,make_date,make_time,modify_date,modify_time FROM yl_la_dimission WHERE agent_code = ? 
15:09:59.108 [http-nio-9999-exec-1] DEBUG com.cms.dao.DepartModifyDao.selectOne - [debug,159] - ==> Parameters: YL00000001(String)
15:09:59.143 [http-nio-9999-exec-1] DEBUG com.cms.dao.DepartModifyDao.selectOne - [debug,159] - <==      Total: 1
15:09:59.158 [http-nio-9999-exec-1] DEBUG com.cms.dao.DepartModifyDao.update - [debug,159] - ==>  Preparing: UPDATE yl_la_dimission SET depart_date=?,depart_reason=?,noti=?,modify_date=?,modify_time=? WHERE agent_code = ? 
15:09:59.160 [http-nio-9999-exec-1] DEBUG com.cms.dao.DepartModifyDao.update - [debug,159] - ==> Parameters: 2021-08-25 00:00:00.0(Timestamp), 01(String), 囧(String), 2021-08-24(String), 15:09:59(String), YL00000001(String)
15:09:59.187 [http-nio-9999-exec-1] DEBUG com.cms.dao.DepartModifyDao.update - [debug,159] - <==    Updates: 1
15:40:34.810 [http-nio-9999-exec-4] DEBUG com.cms.dao.DepartModifyDao.selectOne - [debug,159] - ==>  Preparing: SELECT agent_code,manage_com,agent_group,branch_type,depart_date,depart_reason,depart_times,handover_code,depart_state,done_date,re_date,depart_url,noti,operator,make_date,make_time,modify_date,modify_time FROM yl_la_dimission WHERE agent_code = ? 
15:40:34.811 [http-nio-9999-exec-4] DEBUG com.cms.dao.DepartModifyDao.selectOne - [debug,159] - ==> Parameters: YL00000006(String)
15:40:34.843 [http-nio-9999-exec-4] DEBUG com.cms.dao.DepartModifyDao.selectOne - [debug,159] - <==      Total: 0
15:56:39.785 [http-nio-9999-exec-5] DEBUG com.cms.dao.DepartModifyDao.selectOne - [debug,159] - ==>  Preparing: SELECT agent_code,manage_com,agent_group,branch_type,depart_date,depart_reason,depart_times,handover_code,depart_state,done_date,re_date,depart_url,noti,operator,make_date,make_time,modify_date,modify_time FROM yl_la_dimission WHERE agent_code = ? 
15:56:39.785 [http-nio-9999-exec-5] DEBUG com.cms.dao.DepartModifyDao.selectOne - [debug,159] - ==> Parameters: YL00000007(String)
15:56:39.798 [http-nio-9999-exec-5] DEBUG com.cms.dao.DepartModifyDao.selectOne - [debug,159] - <==      Total: 1
15:57:07.620 [http-nio-9999-exec-6] DEBUG com.cms.dao.DepartModifyDao.selectOne - [debug,159] - ==>  Preparing: SELECT agent_code,manage_com,agent_group,branch_type,depart_date,depart_reason,depart_times,handover_code,depart_state,done_date,re_date,depart_url,noti,operator,make_date,make_time,modify_date,modify_time FROM yl_la_dimission WHERE agent_code = ? 
15:57:07.620 [http-nio-9999-exec-6] DEBUG com.cms.dao.DepartModifyDao.selectOne - [debug,159] - ==> Parameters: YL00000007(String)
15:57:07.631 [http-nio-9999-exec-6] DEBUG com.cms.dao.DepartModifyDao.selectOne - [debug,159] - <==      Total: 1
15:57:26.895 [http-nio-9999-exec-8] DEBUG com.cms.dao.DepartModifyDao.selectOne - [debug,159] - ==>  Preparing: SELECT agent_code,manage_com,agent_group,branch_type,depart_date,depart_reason,depart_times,handover_code,depart_state,done_date,re_date,depart_url,noti,operator,make_date,make_time,modify_date,modify_time FROM yl_la_dimission WHERE agent_code = ? 
15:57:26.896 [http-nio-9999-exec-8] DEBUG com.cms.dao.DepartModifyDao.selectOne - [debug,159] - ==> Parameters: y(String)
15:57:26.906 [http-nio-9999-exec-8] DEBUG com.cms.dao.DepartModifyDao.selectOne - [debug,159] - <==      Total: 0
15:57:34.200 [http-nio-9999-exec-9] DEBUG com.cms.dao.DepartModifyDao.selectOne - [debug,159] - ==>  Preparing: SELECT agent_code,manage_com,agent_group,branch_type,depart_date,depart_reason,depart_times,handover_code,depart_state,done_date,re_date,depart_url,noti,operator,make_date,make_time,modify_date,modify_time FROM yl_la_dimission WHERE agent_code = ? 
15:57:34.201 [http-nio-9999-exec-9] DEBUG com.cms.dao.DepartModifyDao.selectOne - [debug,159] - ==> Parameters: YL00000007(String)
15:57:34.217 [http-nio-9999-exec-9] DEBUG com.cms.dao.DepartModifyDao.selectOne - [debug,159] - <==      Total: 1
15:57:51.422 [http-nio-9999-exec-2] DEBUG com.cms.dao.DepartModifyDao.selectOne - [debug,159] - ==>  Preparing: SELECT agent_code,manage_com,agent_group,branch_type,depart_date,depart_reason,depart_times,handover_code,depart_state,done_date,re_date,depart_url,noti,operator,make_date,make_time,modify_date,modify_time FROM yl_la_dimission WHERE agent_code = ? 
15:57:51.423 [http-nio-9999-exec-2] DEBUG com.cms.dao.DepartModifyDao.selectOne - [debug,159] - ==> Parameters: YL00000003(String)
15:57:51.436 [http-nio-9999-exec-2] DEBUG com.cms.dao.DepartModifyDao.selectOne - [debug,159] - <==      Total: 0
16:03:28.026 [http-nio-9999-exec-4] DEBUG com.cms.dao.DepartModifyDao.selectOne - [debug,159] - ==>  Preparing: SELECT agent_code,manage_com,agent_group,branch_type,depart_date,depart_reason,depart_times,handover_code,depart_state,done_date,re_date,depart_url,noti,operator,make_date,make_time,modify_date,modify_time FROM yl_la_dimission WHERE agent_code = ? 
16:03:28.027 [http-nio-9999-exec-4] DEBUG com.cms.dao.DepartModifyDao.selectOne - [debug,159] - ==> Parameters: YL00000001(String)
16:03:28.058 [http-nio-9999-exec-4] DEBUG com.cms.dao.DepartModifyDao.selectOne - [debug,159] - <==      Total: 1
16:03:46.231 [http-nio-9999-exec-5] DEBUG com.cms.dao.DepartModifyDao.selectOne - [debug,159] - ==>  Preparing: SELECT agent_code,manage_com,agent_group,branch_type,depart_date,depart_reason,depart_times,handover_code,depart_state,done_date,re_date,depart_url,noti,operator,make_date,make_time,modify_date,modify_time FROM yl_la_dimission WHERE agent_code = ? 
16:03:46.231 [http-nio-9999-exec-5] DEBUG com.cms.dao.DepartModifyDao.selectOne - [debug,159] - ==> Parameters: YL00000001(String)
16:03:46.241 [http-nio-9999-exec-5] DEBUG com.cms.dao.DepartModifyDao.selectOne - [debug,159] - <==      Total: 1
16:04:02.659 [http-nio-9999-exec-6] DEBUG com.cms.dao.DepartModifyDao.selectOne - [debug,159] - ==>  Preparing: SELECT agent_code,manage_com,agent_group,branch_type,depart_date,depart_reason,depart_times,handover_code,depart_state,done_date,re_date,depart_url,noti,operator,make_date,make_time,modify_date,modify_time FROM yl_la_dimission WHERE agent_code = ? 
16:04:02.659 [http-nio-9999-exec-6] DEBUG com.cms.dao.DepartModifyDao.selectOne - [debug,159] - ==> Parameters: YL00000001(String)
16:04:02.673 [http-nio-9999-exec-6] DEBUG com.cms.dao.DepartModifyDao.selectOne - [debug,159] - <==      Total: 1
16:10:39.984 [http-nio-9999-exec-9] DEBUG com.cms.dao.QueryStaffDao.queryStaff - [debug,159] - ==>  Preparing: SELECT t1.agent_code, t1.agent_name, t1.agent_grade, t1.agent_state, t1.employ_date, t1.out_work_date, t2.com_code, t2.yl_name AS manage_com4, t3.agent_group, t3.branch_attr, t3.branch_name, t4.grade_name, (SELECT code_name FROM ld_code WHERE t1.agent_state=ld_code.code AND ld_code.code_type='agentstate') AS stateName, (SELECT yl_name FROM ld_com_new WHERE ld_com_new.yl = 'Y' AND com_code = (SELECT LEFT(t2.com_code, 6))) AS manage_com3, (SELECT yl_name FROM ld_com_new WHERE ld_com_new.yl='Y' AND com_code=(SELECT LEFT (t2.com_code, 4))) AS manage_com2 FROM yl_la_agent AS t1 JOIN ld_com_new AS t2 ON t1.manage_com=t2.com_code JOIN yl_la_branch_group AS t3 ON t1.agent_group=t3.agent_group JOIN la_agent_grade AS t4 ON t1.agent_grade=t4.grade_code 
16:10:39.985 [http-nio-9999-exec-9] DEBUG com.cms.dao.QueryStaffDao.queryStaff - [debug,159] - ==> Parameters: 
16:10:40.012 [http-nio-9999-exec-9] DEBUG com.cms.dao.QueryStaffDao.queryStaff - [debug,159] - <==      Total: 12
16:10:53.080 [http-nio-9999-exec-10] DEBUG com.cms.dao.QueryStaffDao.queryStaff - [debug,159] - ==>  Preparing: SELECT t1.agent_code, t1.agent_name, t1.agent_grade, t1.agent_state, t1.employ_date, t1.out_work_date, t2.com_code, t2.yl_name AS manage_com4, t3.agent_group, t3.branch_attr, t3.branch_name, t4.grade_name, (SELECT code_name FROM ld_code WHERE t1.agent_state=ld_code.code AND ld_code.code_type='agentstate') AS stateName, (SELECT yl_name FROM ld_com_new WHERE ld_com_new.yl = 'Y' AND com_code = (SELECT LEFT(t2.com_code, 6))) AS manage_com3, (SELECT yl_name FROM ld_com_new WHERE ld_com_new.yl='Y' AND com_code=(SELECT LEFT (t2.com_code, 4))) AS manage_com2 FROM yl_la_agent AS t1 JOIN ld_com_new AS t2 ON t1.manage_com=t2.com_code JOIN yl_la_branch_group AS t3 ON t1.agent_group=t3.agent_group JOIN la_agent_grade AS t4 ON t1.agent_grade=t4.grade_code WHERE t1.employ_date >= ? 
16:10:53.082 [http-nio-9999-exec-10] DEBUG com.cms.dao.QueryStaffDao.queryStaff - [debug,159] - ==> Parameters: 1970-01-01 00:00:00.0(Timestamp)
16:10:53.097 [http-nio-9999-exec-10] DEBUG com.cms.dao.QueryStaffDao.queryStaff - [debug,159] - <==      Total: 12
16:11:20.892 [http-nio-9999-exec-1] DEBUG com.cms.dao.QueryStaffDao.queryStaff - [debug,159] - ==>  Preparing: SELECT t1.agent_code, t1.agent_name, t1.agent_grade, t1.agent_state, t1.employ_date, t1.out_work_date, t2.com_code, t2.yl_name AS manage_com4, t3.agent_group, t3.branch_attr, t3.branch_name, t4.grade_name, (SELECT code_name FROM ld_code WHERE t1.agent_state=ld_code.code AND ld_code.code_type='agentstate') AS stateName, (SELECT yl_name FROM ld_com_new WHERE ld_com_new.yl = 'Y' AND com_code = (SELECT LEFT(t2.com_code, 6))) AS manage_com3, (SELECT yl_name FROM ld_com_new WHERE ld_com_new.yl='Y' AND com_code=(SELECT LEFT (t2.com_code, 4))) AS manage_com2 FROM yl_la_agent AS t1 JOIN ld_com_new AS t2 ON t1.manage_com=t2.com_code JOIN yl_la_branch_group AS t3 ON t1.agent_group=t3.agent_group JOIN la_agent_grade AS t4 ON t1.agent_grade=t4.grade_code WHERE t1.agent_state = ? 
16:11:20.893 [http-nio-9999-exec-1] DEBUG com.cms.dao.QueryStaffDao.queryStaff - [debug,159] - ==> Parameters: 03(String)
16:11:20.903 [http-nio-9999-exec-1] DEBUG com.cms.dao.QueryStaffDao.queryStaff - [debug,159] - <==      Total: 0
16:11:27.854 [http-nio-9999-exec-2] DEBUG com.cms.dao.QueryStaffDao.queryStaff - [debug,159] - ==>  Preparing: SELECT t1.agent_code, t1.agent_name, t1.agent_grade, t1.agent_state, t1.employ_date, t1.out_work_date, t2.com_code, t2.yl_name AS manage_com4, t3.agent_group, t3.branch_attr, t3.branch_name, t4.grade_name, (SELECT code_name FROM ld_code WHERE t1.agent_state=ld_code.code AND ld_code.code_type='agentstate') AS stateName, (SELECT yl_name FROM ld_com_new WHERE ld_com_new.yl = 'Y' AND com_code = (SELECT LEFT(t2.com_code, 6))) AS manage_com3, (SELECT yl_name FROM ld_com_new WHERE ld_com_new.yl='Y' AND com_code=(SELECT LEFT (t2.com_code, 4))) AS manage_com2 FROM yl_la_agent AS t1 JOIN ld_com_new AS t2 ON t1.manage_com=t2.com_code JOIN yl_la_branch_group AS t3 ON t1.agent_group=t3.agent_group JOIN la_agent_grade AS t4 ON t1.agent_grade=t4.grade_code WHERE t1.agent_state = ? 
16:11:27.855 [http-nio-9999-exec-2] DEBUG com.cms.dao.QueryStaffDao.queryStaff - [debug,159] - ==> Parameters: 01(String)
16:11:27.868 [http-nio-9999-exec-2] DEBUG com.cms.dao.QueryStaffDao.queryStaff - [debug,159] - <==      Total: 9
16:11:38.969 [http-nio-9999-exec-3] DEBUG com.cms.dao.QueryStaffDao.queryStaff - [debug,159] - ==>  Preparing: SELECT t1.agent_code, t1.agent_name, t1.agent_grade, t1.agent_state, t1.employ_date, t1.out_work_date, t2.com_code, t2.yl_name AS manage_com4, t3.agent_group, t3.branch_attr, t3.branch_name, t4.grade_name, (SELECT code_name FROM ld_code WHERE t1.agent_state=ld_code.code AND ld_code.code_type='agentstate') AS stateName, (SELECT yl_name FROM ld_com_new WHERE ld_com_new.yl = 'Y' AND com_code = (SELECT LEFT(t2.com_code, 6))) AS manage_com3, (SELECT yl_name FROM ld_com_new WHERE ld_com_new.yl='Y' AND com_code=(SELECT LEFT (t2.com_code, 4))) AS manage_com2 FROM yl_la_agent AS t1 JOIN ld_com_new AS t2 ON t1.manage_com=t2.com_code JOIN yl_la_branch_group AS t3 ON t1.agent_group=t3.agent_group JOIN la_agent_grade AS t4 ON t1.agent_grade=t4.grade_code WHERE t1.agent_state = ? 
16:11:38.970 [http-nio-9999-exec-3] DEBUG com.cms.dao.QueryStaffDao.queryStaff - [debug,159] - ==> Parameters: 04(String)
16:11:38.984 [http-nio-9999-exec-3] DEBUG com.cms.dao.QueryStaffDao.queryStaff - [debug,159] - <==      Total: 3
16:12:14.501 [http-nio-9999-exec-4] DEBUG com.cms.dao.QueryStaffDao.queryStaff - [debug,159] - ==>  Preparing: SELECT t1.agent_code, t1.agent_name, t1.agent_grade, t1.agent_state, t1.employ_date, t1.out_work_date, t2.com_code, t2.yl_name AS manage_com4, t3.agent_group, t3.branch_attr, t3.branch_name, t4.grade_name, (SELECT code_name FROM ld_code WHERE t1.agent_state=ld_code.code AND ld_code.code_type='agentstate') AS stateName, (SELECT yl_name FROM ld_com_new WHERE ld_com_new.yl = 'Y' AND com_code = (SELECT LEFT(t2.com_code, 6))) AS manage_com3, (SELECT yl_name FROM ld_com_new WHERE ld_com_new.yl='Y' AND com_code=(SELECT LEFT (t2.com_code, 4))) AS manage_com2 FROM yl_la_agent AS t1 JOIN ld_com_new AS t2 ON t1.manage_com=t2.com_code JOIN yl_la_branch_group AS t3 ON t1.agent_group=t3.agent_group JOIN la_agent_grade AS t4 ON t1.agent_grade=t4.grade_code 
16:12:14.502 [http-nio-9999-exec-4] DEBUG com.cms.dao.QueryStaffDao.queryStaff - [debug,159] - ==> Parameters: 
16:12:14.546 [http-nio-9999-exec-4] DEBUG com.cms.dao.QueryStaffDao.queryStaff - [debug,159] - <==      Total: 12
16:22:27.498 [main] INFO  com.cms.CmsApplication - [logStarting,55] - Starting CmsApplication on DESKTOP-JJS12OR with PID 21104 (D:\ideaPro\DJBX_Service\cms-subject-back\target\classes started by 86155 in D:\ideaPro\DJBX_Service)
16:22:27.501 [main] DEBUG com.cms.CmsApplication - [logStarting,56] - Running with Spring Boot v2.2.8.RELEASE, Spring v5.2.7.RELEASE
16:22:27.501 [main] INFO  com.cms.CmsApplication - [logStartupProfileInfo,655] - The following profiles are active: dev
16:22:31.794 [main] INFO  com.cms.CmsApplication - [logStarted,61] - Started CmsApplication in 4.919 seconds (JVM running for 6.117)
16:22:48.114 [http-nio-9999-exec-2] DEBUG com.cms.dao.DepartModifyDao.selectOne - [debug,159] - ==>  Preparing: SELECT agent_code,manage_com,agent_group,branch_type,depart_date,depart_reason,depart_times,handover_code,depart_state,done_date,re_date,depart_url,noti,operator,make_date,make_time,modify_date,modify_time FROM yl_la_dimission WHERE agent_code = ? 
16:22:48.136 [http-nio-9999-exec-2] DEBUG com.cms.dao.DepartModifyDao.selectOne - [debug,159] - ==> Parameters: YL00000002(String)
16:22:48.202 [http-nio-9999-exec-2] DEBUG com.cms.dao.DepartModifyDao.selectOne - [debug,159] - <==      Total: 1
16:22:48.208 [http-nio-9999-exec-2] DEBUG com.cms.dao.DepartModifyDao.update - [debug,159] - ==>  Preparing: UPDATE yl_la_dimission SET depart_date=?,depart_reason=?,noti=?,modify_date=?,modify_time=? WHERE agent_code = ? 
16:22:48.211 [http-nio-9999-exec-2] DEBUG com.cms.dao.DepartModifyDao.update - [debug,159] - ==> Parameters: 2021-08-24 00:00:00.0(Timestamp), 02(String), 1(String), 2021-08-24(String), 16:22:48(String), YL00000002(String)
16:22:48.312 [http-nio-9999-exec-2] DEBUG com.cms.dao.DepartModifyDao.update - [debug,159] - <==    Updates: 1
16:23:03.446 [http-nio-9999-exec-1] DEBUG com.cms.dao.DepartModifyDao.selectOne - [debug,159] - ==>  Preparing: SELECT agent_code,manage_com,agent_group,branch_type,depart_date,depart_reason,depart_times,handover_code,depart_state,done_date,re_date,depart_url,noti,operator,make_date,make_time,modify_date,modify_time FROM yl_la_dimission WHERE agent_code = ? 
16:23:03.446 [http-nio-9999-exec-1] DEBUG com.cms.dao.DepartModifyDao.selectOne - [debug,159] - ==> Parameters: YL00000002(String)
16:23:03.468 [http-nio-9999-exec-1] DEBUG com.cms.dao.DepartModifyDao.selectOne - [debug,159] - <==      Total: 1
16:23:03.470 [http-nio-9999-exec-1] DEBUG com.cms.dao.DepartModifyDao.update - [debug,159] - ==>  Preparing: UPDATE yl_la_dimission SET depart_date=?,depart_reason=?,noti=?,modify_date=?,modify_time=? WHERE agent_code = ? 
16:23:03.471 [http-nio-9999-exec-1] DEBUG com.cms.dao.DepartModifyDao.update - [debug,159] - ==> Parameters: 2021-08-24 00:00:00.0(Timestamp), 02(String), 44444(String), 2021-08-24(String), 16:23:03(String), YL00000002(String)
16:23:03.584 [http-nio-9999-exec-1] DEBUG com.cms.dao.DepartModifyDao.update - [debug,159] - <==    Updates: 1
16:34:04.481 [http-nio-9999-exec-6] DEBUG com.cms.dao.DepartModifyDao.selectOne - [debug,159] - ==>  Preparing: SELECT agent_code,manage_com,agent_group,branch_type,depart_date,depart_reason,depart_times,handover_code,depart_state,done_date,re_date,depart_url,noti,operator,make_date,make_time,modify_date,modify_time FROM yl_la_dimission WHERE agent_code = ? 
16:34:04.481 [http-nio-9999-exec-6] DEBUG com.cms.dao.DepartModifyDao.selectOne - [debug,159] - ==> Parameters: YL00000001(String)
16:34:04.498 [http-nio-9999-exec-6] DEBUG com.cms.dao.DepartModifyDao.selectOne - [debug,159] - <==      Total: 1
16:50:49.604 [http-nio-9999-exec-9] DEBUG com.cms.dao.DepartModifyDao.selectOne - [debug,159] - ==>  Preparing: SELECT agent_code,manage_com,agent_group,branch_type,depart_date,depart_reason,depart_times,handover_code,depart_state,done_date,re_date,depart_url,noti,operator,make_date,make_time,modify_date,modify_time FROM yl_la_dimission WHERE agent_code = ? 
16:50:49.605 [http-nio-9999-exec-9] DEBUG com.cms.dao.DepartModifyDao.selectOne - [debug,159] - ==> Parameters: YL00000001(String)
16:50:49.621 [http-nio-9999-exec-9] DEBUG com.cms.dao.DepartModifyDao.selectOne - [debug,159] - <==      Total: 1
16:50:49.624 [http-nio-9999-exec-9] DEBUG com.cms.dao.DepartModifyDao.update - [debug,159] - ==>  Preparing: UPDATE yl_la_dimission SET depart_date=?,depart_reason=?,noti=?,modify_date=?,modify_time=? WHERE agent_code = ? 
16:50:49.625 [http-nio-9999-exec-9] DEBUG com.cms.dao.DepartModifyDao.update - [debug,159] - ==> Parameters: 2021-08-25 00:00:00.0(Timestamp), 01(String), 1(String), 2021-08-24(String), 16:50:49(String), YL00000001(String)
16:50:49.669 [http-nio-9999-exec-9] DEBUG com.cms.dao.DepartModifyDao.update - [debug,159] - <==    Updates: 1
