14:14:03.694 [main] INFO  com.cms.CmsApplication - [logStarting,55] - Starting CmsApplication on LAPTOP-H1HEF7Q9 with PID 7608 (G:\dj\cms-subject-back\target\classes started by LENOVO in G:\dj)
14:14:03.698 [main] DEBUG com.cms.CmsApplication - [logStarting,56] - Running with Spring Boot v2.2.8.RELEASE, Spring v5.2.7.RELEASE
14:14:03.699 [main] INFO  com.cms.CmsApplication - [logStartupProfileInfo,655] - The following profiles are active: dj
14:14:10.936 [main] INFO  com.cms.CmsApplication - [logStarted,61] - Started CmsApplication in 8.169 seconds (JVM running for 11.403)
14:32:04.248 [main] INFO  com.cms.CmsApplication - [logStarting,55] - Starting CmsApplication on LAPTOP-H1HEF7Q9 with PID 1656 (G:\dj\cms-subject-back\target\classes started by LENOVO in G:\dj)
14:32:04.252 [main] DEBUG com.cms.CmsApplication - [logStarting,56] - Running with Spring Boot v2.2.8.RELEASE, Spring v5.2.7.RELEASE
14:32:04.252 [main] INFO  com.cms.CmsApplication - [logStartupProfileInfo,655] - The following profiles are active: dj
14:32:06.749 [main] INFO  com.cms.CmsApplication - [logStarted,61] - Started CmsApplication in 2.993 seconds (JVM running for 4.22)
14:39:58.606 [http-nio-9999-exec-8] DEBUG com.cms.dao.TestDao.getList_COUNT - [debug,159] - ==>  Preparing: SELECT count(0) FROM yl_user_info WHERE operator = ? 
14:39:58.632 [http-nio-9999-exec-8] DEBUG com.cms.dao.TestDao.getList_COUNT - [debug,159] - ==> Parameters: 123456(String)
14:39:58.659 [http-nio-9999-exec-8] DEBUG com.cms.dao.TestDao.getList_COUNT - [debug,159] - <==      Total: 1
14:41:44.815 [http-nio-9999-exec-9] DEBUG com.cms.dao.YlUserInfoDao.selectList - [debug,159] - ==>  Preparing: SELECT user_id,user_name,user_password,operator,make_date,make_time,modify_date,modify_time FROM yl_user_info WHERE user_id = ? AND user_password = ? 
14:41:44.816 [http-nio-9999-exec-9] DEBUG com.cms.dao.YlUserInfoDao.selectList - [debug,159] - ==> Parameters: 000000(String), 000000(String)
14:41:44.819 [http-nio-9999-exec-9] DEBUG com.cms.dao.YlUserInfoDao.selectList - [debug,159] - <==      Total: 1
15:29:30.666 [http-nio-9999-exec-8] DEBUG com.cms.dao.LdComNewDao.selectList - [debug,159] - ==>  Preparing: SELECT com_code,out_com_code,name,core_code,core_name,short_name,area_code,address,zip_code,phone,fax,email,effect_state,revocation,reason,revocation_date,recover_date,remarks,county_com,effect_date,financial_code,web_address,satrap_name,insu_monitor_code,insure_id,sign_id,regionalism_code,com_nature,valid_code,sign,com_city_size,service_name,service_no,service_phone,service_post_address,com_grade,com_area_type,up_com_code,up_up_com_code,is_dir_under,found_date,agy,agy_name,bk,bk_name,yl,yl_name,br,br_name,tm,tm_name,rw,rw_name,operator,make_date,make_time,modify_date,modify_time FROM ld_com_new 
15:29:30.666 [http-nio-9999-exec-2] DEBUG com.cms.dao.LdComNewDao.selectList - [debug,159] - ==>  Preparing: SELECT com_code,out_com_code,name,core_code,core_name,short_name,area_code,address,zip_code,phone,fax,email,effect_state,revocation,reason,revocation_date,recover_date,remarks,county_com,effect_date,financial_code,web_address,satrap_name,insu_monitor_code,insure_id,sign_id,regionalism_code,com_nature,valid_code,sign,com_city_size,service_name,service_no,service_phone,service_post_address,com_grade,com_area_type,up_com_code,up_up_com_code,is_dir_under,found_date,agy,agy_name,bk,bk_name,yl,yl_name,br,br_name,tm,tm_name,rw,rw_name,operator,make_date,make_time,modify_date,modify_time FROM ld_com_new 
15:29:30.667 [http-nio-9999-exec-8] DEBUG com.cms.dao.LdComNewDao.selectList - [debug,159] - ==> Parameters: 
15:29:30.667 [http-nio-9999-exec-2] DEBUG com.cms.dao.LdComNewDao.selectList - [debug,159] - ==> Parameters: 
15:29:30.681 [http-nio-9999-exec-8] DEBUG com.cms.dao.LdComNewDao.selectList - [debug,159] - <==      Total: 4
15:29:30.682 [http-nio-9999-exec-2] DEBUG com.cms.dao.LdComNewDao.selectList - [debug,159] - <==      Total: 4
15:29:32.460 [http-nio-9999-exec-5] DEBUG com.cms.dao.YlLaAreaDao.selectList - [debug,159] - ==>  Preparing: SELECT place_code,place_type,place_name,up_place_name,operator,make_date,make_time,modify_date,modify_time FROM yl_la_area 
15:29:32.461 [http-nio-9999-exec-5] DEBUG com.cms.dao.YlLaAreaDao.selectList - [debug,159] - ==> Parameters: 
15:29:32.461 [http-nio-9999-exec-6] DEBUG com.cms.dao.LdCodeDao.selectList - [debug,159] - ==>  Preparing: SELECT code_type,code,code_name,com_code,other_sign FROM ld_code 
15:29:32.461 [http-nio-9999-exec-6] DEBUG com.cms.dao.LdCodeDao.selectList - [debug,159] - ==> Parameters: 
15:29:32.465 [http-nio-9999-exec-5] DEBUG com.cms.dao.YlLaAreaDao.selectList - [debug,159] - <==      Total: 0
15:29:32.509 [http-nio-9999-exec-6] DEBUG com.cms.dao.LdCodeDao.selectList - [debug,159] - <==      Total: 1321
15:29:32.554 [http-nio-9999-exec-9] DEBUG com.cms.dao.LdComNewDao.selectList - [debug,159] - ==>  Preparing: SELECT com_code,out_com_code,name,core_code,core_name,short_name,area_code,address,zip_code,phone,fax,email,effect_state,revocation,reason,revocation_date,recover_date,remarks,county_com,effect_date,financial_code,web_address,satrap_name,insu_monitor_code,insure_id,sign_id,regionalism_code,com_nature,valid_code,sign,com_city_size,service_name,service_no,service_phone,service_post_address,com_grade,com_area_type,up_com_code,up_up_com_code,is_dir_under,found_date,agy,agy_name,bk,bk_name,yl,yl_name,br,br_name,tm,tm_name,rw,rw_name,operator,make_date,make_time,modify_date,modify_time FROM ld_com_new WHERE up_com_code = ? 
15:29:32.555 [http-nio-9999-exec-9] DEBUG com.cms.dao.LdComNewDao.selectList - [debug,159] - ==> Parameters: 86(String)
15:29:32.557 [http-nio-9999-exec-9] DEBUG com.cms.dao.LdComNewDao.selectList - [debug,159] - <==      Total: 1
15:29:33.729 [http-nio-9999-exec-7] DEBUG com.cms.dao.LdCodeDao.selectList - [debug,159] - ==>  Preparing: SELECT code_type,code,code_name,com_code,other_sign FROM ld_code 
15:29:33.732 [http-nio-9999-exec-7] DEBUG com.cms.dao.LdCodeDao.selectList - [debug,159] - ==> Parameters: 
15:29:33.738 [http-nio-9999-exec-3] DEBUG com.cms.dao.LdComNewDao.selectList - [debug,159] - ==>  Preparing: SELECT com_code,out_com_code,name,core_code,core_name,short_name,area_code,address,zip_code,phone,fax,email,effect_state,revocation,reason,revocation_date,recover_date,remarks,county_com,effect_date,financial_code,web_address,satrap_name,insu_monitor_code,insure_id,sign_id,regionalism_code,com_nature,valid_code,sign,com_city_size,service_name,service_no,service_phone,service_post_address,com_grade,com_area_type,up_com_code,up_up_com_code,is_dir_under,found_date,agy,agy_name,bk,bk_name,yl,yl_name,br,br_name,tm,tm_name,rw,rw_name,operator,make_date,make_time,modify_date,modify_time FROM ld_com_new WHERE up_com_code = ? 
15:29:33.739 [http-nio-9999-exec-3] DEBUG com.cms.dao.LdComNewDao.selectList - [debug,159] - ==> Parameters: 86(String)
15:29:33.772 [http-nio-9999-exec-3] DEBUG com.cms.dao.LdComNewDao.selectList - [debug,159] - <==      Total: 1
15:29:33.779 [http-nio-9999-exec-2] DEBUG com.cms.dao.YlLaAreaDao.selectList - [debug,159] - ==>  Preparing: SELECT place_code,place_type,place_name,up_place_name,operator,make_date,make_time,modify_date,modify_time FROM yl_la_area 
15:29:33.780 [http-nio-9999-exec-8] DEBUG com.cms.dao.LdCodeDao.selectList - [debug,159] - ==>  Preparing: SELECT code_type,code,code_name,com_code,other_sign FROM ld_code 
15:29:33.782 [http-nio-9999-exec-2] DEBUG com.cms.dao.YlLaAreaDao.selectList - [debug,159] - ==> Parameters: 
15:29:33.783 [http-nio-9999-exec-10] DEBUG com.cms.dao.LdComNewDao.selectList - [debug,159] - ==>  Preparing: SELECT com_code,out_com_code,name,core_code,core_name,short_name,area_code,address,zip_code,phone,fax,email,effect_state,revocation,reason,revocation_date,recover_date,remarks,county_com,effect_date,financial_code,web_address,satrap_name,insu_monitor_code,insure_id,sign_id,regionalism_code,com_nature,valid_code,sign,com_city_size,service_name,service_no,service_phone,service_post_address,com_grade,com_area_type,up_com_code,up_up_com_code,is_dir_under,found_date,agy,agy_name,bk,bk_name,yl,yl_name,br,br_name,tm,tm_name,rw,rw_name,operator,make_date,make_time,modify_date,modify_time FROM ld_com_new WHERE up_com_code = ? 
15:29:33.783 [http-nio-9999-exec-8] DEBUG com.cms.dao.LdCodeDao.selectList - [debug,159] - ==> Parameters: 
15:29:33.784 [http-nio-9999-exec-10] DEBUG com.cms.dao.LdComNewDao.selectList - [debug,159] - ==> Parameters: 86(String)
15:29:33.784 [http-nio-9999-exec-2] DEBUG com.cms.dao.YlLaAreaDao.selectList - [debug,159] - <==      Total: 0
15:29:33.787 [http-nio-9999-exec-10] DEBUG com.cms.dao.LdComNewDao.selectList - [debug,159] - <==      Total: 1
15:29:33.799 [http-nio-9999-exec-7] DEBUG com.cms.dao.LdCodeDao.selectList - [debug,159] - <==      Total: 1321
15:29:33.806 [http-nio-9999-exec-8] DEBUG com.cms.dao.LdCodeDao.selectList - [debug,159] - <==      Total: 1321
15:29:34.544 [http-nio-9999-exec-5] DEBUG com.cms.dao.LdComNewDao.selectList - [debug,159] - ==>  Preparing: SELECT com_code,out_com_code,name,core_code,core_name,short_name,area_code,address,zip_code,phone,fax,email,effect_state,revocation,reason,revocation_date,recover_date,remarks,county_com,effect_date,financial_code,web_address,satrap_name,insu_monitor_code,insure_id,sign_id,regionalism_code,com_nature,valid_code,sign,com_city_size,service_name,service_no,service_phone,service_post_address,com_grade,com_area_type,up_com_code,up_up_com_code,is_dir_under,found_date,agy,agy_name,bk,bk_name,yl,yl_name,br,br_name,tm,tm_name,rw,rw_name,operator,make_date,make_time,modify_date,modify_time FROM ld_com_new WHERE com_grade = ? 
15:29:34.545 [http-nio-9999-exec-5] DEBUG com.cms.dao.LdComNewDao.selectList - [debug,159] - ==> Parameters: 01(String)
15:29:34.548 [http-nio-9999-exec-3] DEBUG com.cms.dao.LdComNewDao.selectList - [debug,159] - ==>  Preparing: SELECT com_code,out_com_code,name,core_code,core_name,short_name,area_code,address,zip_code,phone,fax,email,effect_state,revocation,reason,revocation_date,recover_date,remarks,county_com,effect_date,financial_code,web_address,satrap_name,insu_monitor_code,insure_id,sign_id,regionalism_code,com_nature,valid_code,sign,com_city_size,service_name,service_no,service_phone,service_post_address,com_grade,com_area_type,up_com_code,up_up_com_code,is_dir_under,found_date,agy,agy_name,bk,bk_name,yl,yl_name,br,br_name,tm,tm_name,rw,rw_name,operator,make_date,make_time,modify_date,modify_time FROM ld_com_new 
15:29:34.548 [http-nio-9999-exec-5] DEBUG com.cms.dao.LdComNewDao.selectList - [debug,159] - <==      Total: 1
15:29:34.549 [http-nio-9999-exec-3] DEBUG com.cms.dao.LdComNewDao.selectList - [debug,159] - ==> Parameters: 
15:29:34.551 [http-nio-9999-exec-5] DEBUG com.cms.dao.LdComNewDao.selectList - [debug,159] - ==>  Preparing: SELECT com_code,out_com_code,name,core_code,core_name,short_name,area_code,address,zip_code,phone,fax,email,effect_state,revocation,reason,revocation_date,recover_date,remarks,county_com,effect_date,financial_code,web_address,satrap_name,insu_monitor_code,insure_id,sign_id,regionalism_code,com_nature,valid_code,sign,com_city_size,service_name,service_no,service_phone,service_post_address,com_grade,com_area_type,up_com_code,up_up_com_code,is_dir_under,found_date,agy,agy_name,bk,bk_name,yl,yl_name,br,br_name,tm,tm_name,rw,rw_name,operator,make_date,make_time,modify_date,modify_time FROM ld_com_new WHERE com_grade = ? 
15:29:34.552 [http-nio-9999-exec-5] DEBUG com.cms.dao.LdComNewDao.selectList - [debug,159] - ==> Parameters: 01(String)
15:29:34.553 [http-nio-9999-exec-6] DEBUG com.cms.dao.LaAgentGradeDao.selectList - [debug,159] - ==>  Preparing: SELECT grade_id,grade_code,grade_name,branch_type,grade_order,grade_series,grade_level,remark,grade_abridge,virtual_grade,make_date,make_time,modify_date,modify_time,operator FROM la_agent_grade 
15:29:34.553 [http-nio-9999-exec-9] DEBUG com.cms.dao.LaAgentGradeDao.selectList - [debug,159] - ==>  Preparing: SELECT grade_id,grade_code,grade_name,branch_type,grade_order,grade_series,grade_level,remark,grade_abridge,virtual_grade,make_date,make_time,modify_date,modify_time,operator FROM la_agent_grade 
15:29:34.555 [http-nio-9999-exec-6] DEBUG com.cms.dao.LaAgentGradeDao.selectList - [debug,159] - ==> Parameters: 
15:29:34.555 [http-nio-9999-exec-9] DEBUG com.cms.dao.LaAgentGradeDao.selectList - [debug,159] - ==> Parameters: 
15:29:34.565 [http-nio-9999-exec-9] DEBUG com.cms.dao.LaAgentGradeDao.selectList - [debug,159] - <==      Total: 7
15:29:34.565 [http-nio-9999-exec-6] DEBUG com.cms.dao.LaAgentGradeDao.selectList - [debug,159] - <==      Total: 7
15:29:34.568 [http-nio-9999-exec-5] DEBUG com.cms.dao.LdComNewDao.selectList - [debug,159] - <==      Total: 1
15:29:34.568 [http-nio-9999-exec-3] DEBUG com.cms.dao.LdComNewDao.selectList - [debug,159] - <==      Total: 4
15:29:34.575 [http-nio-9999-exec-5] DEBUG com.cms.dao.LdComNewDao.selectList - [debug,159] - ==>  Preparing: SELECT com_code,out_com_code,name,core_code,core_name,short_name,area_code,address,zip_code,phone,fax,email,effect_state,revocation,reason,revocation_date,recover_date,remarks,county_com,effect_date,financial_code,web_address,satrap_name,insu_monitor_code,insure_id,sign_id,regionalism_code,com_nature,valid_code,sign,com_city_size,service_name,service_no,service_phone,service_post_address,com_grade,com_area_type,up_com_code,up_up_com_code,is_dir_under,found_date,agy,agy_name,bk,bk_name,yl,yl_name,br,br_name,tm,tm_name,rw,rw_name,operator,make_date,make_time,modify_date,modify_time FROM ld_com_new WHERE up_com_code = ? 
15:29:34.577 [http-nio-9999-exec-5] DEBUG com.cms.dao.LdComNewDao.selectList - [debug,159] - ==> Parameters: 86(String)
15:29:34.580 [http-nio-9999-exec-5] DEBUG com.cms.dao.LdComNewDao.selectList - [debug,159] - <==      Total: 1
15:29:34.583 [http-nio-9999-exec-5] DEBUG com.cms.dao.LdComNewDao.selectList - [debug,159] - ==>  Preparing: SELECT com_code,out_com_code,name,core_code,core_name,short_name,area_code,address,zip_code,phone,fax,email,effect_state,revocation,reason,revocation_date,recover_date,remarks,county_com,effect_date,financial_code,web_address,satrap_name,insu_monitor_code,insure_id,sign_id,regionalism_code,com_nature,valid_code,sign,com_city_size,service_name,service_no,service_phone,service_post_address,com_grade,com_area_type,up_com_code,up_up_com_code,is_dir_under,found_date,agy,agy_name,bk,bk_name,yl,yl_name,br,br_name,tm,tm_name,rw,rw_name,operator,make_date,make_time,modify_date,modify_time FROM ld_com_new WHERE up_com_code = ? 
15:29:34.584 [http-nio-9999-exec-5] DEBUG com.cms.dao.LdComNewDao.selectList - [debug,159] - ==> Parameters: 8611(String)
15:29:34.587 [http-nio-9999-exec-5] DEBUG com.cms.dao.LdComNewDao.selectList - [debug,159] - <==      Total: 1
15:29:34.590 [http-nio-9999-exec-5] DEBUG com.cms.dao.LdComNewDao.selectList - [debug,159] - ==>  Preparing: SELECT com_code,out_com_code,name,core_code,core_name,short_name,area_code,address,zip_code,phone,fax,email,effect_state,revocation,reason,revocation_date,recover_date,remarks,county_com,effect_date,financial_code,web_address,satrap_name,insu_monitor_code,insure_id,sign_id,regionalism_code,com_nature,valid_code,sign,com_city_size,service_name,service_no,service_phone,service_post_address,com_grade,com_area_type,up_com_code,up_up_com_code,is_dir_under,found_date,agy,agy_name,bk,bk_name,yl,yl_name,br,br_name,tm,tm_name,rw,rw_name,operator,make_date,make_time,modify_date,modify_time FROM ld_com_new WHERE up_com_code = ? 
15:29:34.591 [http-nio-9999-exec-5] DEBUG com.cms.dao.LdComNewDao.selectList - [debug,159] - ==> Parameters: 861101(String)
15:29:34.593 [http-nio-9999-exec-5] DEBUG com.cms.dao.LdComNewDao.selectList - [debug,159] - <==      Total: 1
15:29:34.595 [http-nio-9999-exec-5] DEBUG com.cms.dao.LdComNewDao.selectList - [debug,159] - ==>  Preparing: SELECT com_code,out_com_code,name,core_code,core_name,short_name,area_code,address,zip_code,phone,fax,email,effect_state,revocation,reason,revocation_date,recover_date,remarks,county_com,effect_date,financial_code,web_address,satrap_name,insu_monitor_code,insure_id,sign_id,regionalism_code,com_nature,valid_code,sign,com_city_size,service_name,service_no,service_phone,service_post_address,com_grade,com_area_type,up_com_code,up_up_com_code,is_dir_under,found_date,agy,agy_name,bk,bk_name,yl,yl_name,br,br_name,tm,tm_name,rw,rw_name,operator,make_date,make_time,modify_date,modify_time FROM ld_com_new WHERE up_com_code = ? 
15:29:34.596 [http-nio-9999-exec-5] DEBUG com.cms.dao.LdComNewDao.selectList - [debug,159] - ==> Parameters: 86110101(String)
15:29:34.598 [http-nio-9999-exec-5] DEBUG com.cms.dao.LdComNewDao.selectList - [debug,159] - <==      Total: 0
15:56:11.000 [http-nio-9999-exec-4] DEBUG com.cms.dao.LdComNewDao.selectList - [debug,159] - ==>  Preparing: SELECT com_code,out_com_code,name,core_code,core_name,short_name,area_code,address,zip_code,phone,fax,email,effect_state,revocation,reason,revocation_date,recover_date,remarks,county_com,effect_date,financial_code,web_address,satrap_name,insu_monitor_code,insure_id,sign_id,regionalism_code,com_nature,valid_code,sign,com_city_size,service_name,service_no,service_phone,service_post_address,com_grade,com_area_type,up_com_code,up_up_com_code,is_dir_under,found_date,agy,agy_name,bk,bk_name,yl,yl_name,br,br_name,tm,tm_name,rw,rw_name,operator,make_date,make_time,modify_date,modify_time FROM ld_com_new WHERE com_grade = ? 
15:56:11.001 [http-nio-9999-exec-4] DEBUG com.cms.dao.LdComNewDao.selectList - [debug,159] - ==> Parameters: 01(String)
15:56:11.003 [http-nio-9999-exec-4] DEBUG com.cms.dao.LdComNewDao.selectList - [debug,159] - <==      Total: 1
15:56:11.004 [http-nio-9999-exec-4] DEBUG com.cms.dao.LdComNewDao.selectList - [debug,159] - ==>  Preparing: SELECT com_code,out_com_code,name,core_code,core_name,short_name,area_code,address,zip_code,phone,fax,email,effect_state,revocation,reason,revocation_date,recover_date,remarks,county_com,effect_date,financial_code,web_address,satrap_name,insu_monitor_code,insure_id,sign_id,regionalism_code,com_nature,valid_code,sign,com_city_size,service_name,service_no,service_phone,service_post_address,com_grade,com_area_type,up_com_code,up_up_com_code,is_dir_under,found_date,agy,agy_name,bk,bk_name,yl,yl_name,br,br_name,tm,tm_name,rw,rw_name,operator,make_date,make_time,modify_date,modify_time FROM ld_com_new WHERE com_grade = ? 
15:56:11.005 [http-nio-9999-exec-4] DEBUG com.cms.dao.LdComNewDao.selectList - [debug,159] - ==> Parameters: 01(String)
15:56:11.007 [http-nio-9999-exec-4] DEBUG com.cms.dao.LdComNewDao.selectList - [debug,159] - <==      Total: 1
15:56:11.008 [http-nio-9999-exec-4] DEBUG com.cms.dao.LdComNewDao.selectList - [debug,159] - ==>  Preparing: SELECT com_code,out_com_code,name,core_code,core_name,short_name,area_code,address,zip_code,phone,fax,email,effect_state,revocation,reason,revocation_date,recover_date,remarks,county_com,effect_date,financial_code,web_address,satrap_name,insu_monitor_code,insure_id,sign_id,regionalism_code,com_nature,valid_code,sign,com_city_size,service_name,service_no,service_phone,service_post_address,com_grade,com_area_type,up_com_code,up_up_com_code,is_dir_under,found_date,agy,agy_name,bk,bk_name,yl,yl_name,br,br_name,tm,tm_name,rw,rw_name,operator,make_date,make_time,modify_date,modify_time FROM ld_com_new WHERE up_com_code = ? 
15:56:11.010 [http-nio-9999-exec-4] DEBUG com.cms.dao.LdComNewDao.selectList - [debug,159] - ==> Parameters: 86(String)
15:56:11.011 [http-nio-9999-exec-4] DEBUG com.cms.dao.LdComNewDao.selectList - [debug,159] - <==      Total: 1
15:56:11.013 [http-nio-9999-exec-4] DEBUG com.cms.dao.LdComNewDao.selectList - [debug,159] - ==>  Preparing: SELECT com_code,out_com_code,name,core_code,core_name,short_name,area_code,address,zip_code,phone,fax,email,effect_state,revocation,reason,revocation_date,recover_date,remarks,county_com,effect_date,financial_code,web_address,satrap_name,insu_monitor_code,insure_id,sign_id,regionalism_code,com_nature,valid_code,sign,com_city_size,service_name,service_no,service_phone,service_post_address,com_grade,com_area_type,up_com_code,up_up_com_code,is_dir_under,found_date,agy,agy_name,bk,bk_name,yl,yl_name,br,br_name,tm,tm_name,rw,rw_name,operator,make_date,make_time,modify_date,modify_time FROM ld_com_new WHERE up_com_code = ? 
15:56:11.014 [http-nio-9999-exec-4] DEBUG com.cms.dao.LdComNewDao.selectList - [debug,159] - ==> Parameters: 8611(String)
15:56:11.015 [http-nio-9999-exec-4] DEBUG com.cms.dao.LdComNewDao.selectList - [debug,159] - <==      Total: 1
15:56:11.016 [http-nio-9999-exec-4] DEBUG com.cms.dao.LdComNewDao.selectList - [debug,159] - ==>  Preparing: SELECT com_code,out_com_code,name,core_code,core_name,short_name,area_code,address,zip_code,phone,fax,email,effect_state,revocation,reason,revocation_date,recover_date,remarks,county_com,effect_date,financial_code,web_address,satrap_name,insu_monitor_code,insure_id,sign_id,regionalism_code,com_nature,valid_code,sign,com_city_size,service_name,service_no,service_phone,service_post_address,com_grade,com_area_type,up_com_code,up_up_com_code,is_dir_under,found_date,agy,agy_name,bk,bk_name,yl,yl_name,br,br_name,tm,tm_name,rw,rw_name,operator,make_date,make_time,modify_date,modify_time FROM ld_com_new WHERE up_com_code = ? 
15:56:11.016 [http-nio-9999-exec-4] DEBUG com.cms.dao.LdComNewDao.selectList - [debug,159] - ==> Parameters: 861101(String)
15:56:11.017 [http-nio-9999-exec-4] DEBUG com.cms.dao.LdComNewDao.selectList - [debug,159] - <==      Total: 1
15:56:11.019 [http-nio-9999-exec-4] DEBUG com.cms.dao.LdComNewDao.selectList - [debug,159] - ==>  Preparing: SELECT com_code,out_com_code,name,core_code,core_name,short_name,area_code,address,zip_code,phone,fax,email,effect_state,revocation,reason,revocation_date,recover_date,remarks,county_com,effect_date,financial_code,web_address,satrap_name,insu_monitor_code,insure_id,sign_id,regionalism_code,com_nature,valid_code,sign,com_city_size,service_name,service_no,service_phone,service_post_address,com_grade,com_area_type,up_com_code,up_up_com_code,is_dir_under,found_date,agy,agy_name,bk,bk_name,yl,yl_name,br,br_name,tm,tm_name,rw,rw_name,operator,make_date,make_time,modify_date,modify_time FROM ld_com_new WHERE up_com_code = ? 
15:56:11.020 [http-nio-9999-exec-4] DEBUG com.cms.dao.LdComNewDao.selectList - [debug,159] - ==> Parameters: 86110101(String)
15:56:11.021 [http-nio-9999-exec-4] DEBUG com.cms.dao.LdComNewDao.selectList - [debug,159] - <==      Total: 0
15:56:12.069 [http-nio-9999-exec-6] DEBUG com.cms.dao.LdCodeDao.selectList - [debug,159] - ==>  Preparing: SELECT code_type,code,code_name,com_code,other_sign FROM ld_code 
15:56:12.070 [http-nio-9999-exec-3] DEBUG com.cms.dao.YlLaAreaDao.selectList - [debug,159] - ==>  Preparing: SELECT place_code,place_type,place_name,up_place_name,operator,make_date,make_time,modify_date,modify_time FROM yl_la_area 
15:56:12.070 [http-nio-9999-exec-6] DEBUG com.cms.dao.LdCodeDao.selectList - [debug,159] - ==> Parameters: 
15:56:12.071 [http-nio-9999-exec-3] DEBUG com.cms.dao.YlLaAreaDao.selectList - [debug,159] - ==> Parameters: 
15:56:12.071 [http-nio-9999-exec-9] DEBUG com.cms.dao.LdComNewDao.selectList - [debug,159] - ==>  Preparing: SELECT com_code,out_com_code,name,core_code,core_name,short_name,area_code,address,zip_code,phone,fax,email,effect_state,revocation,reason,revocation_date,recover_date,remarks,county_com,effect_date,financial_code,web_address,satrap_name,insu_monitor_code,insure_id,sign_id,regionalism_code,com_nature,valid_code,sign,com_city_size,service_name,service_no,service_phone,service_post_address,com_grade,com_area_type,up_com_code,up_up_com_code,is_dir_under,found_date,agy,agy_name,bk,bk_name,yl,yl_name,br,br_name,tm,tm_name,rw,rw_name,operator,make_date,make_time,modify_date,modify_time FROM ld_com_new WHERE up_com_code = ? 
15:56:12.072 [http-nio-9999-exec-9] DEBUG com.cms.dao.LdComNewDao.selectList - [debug,159] - ==> Parameters: 86(String)
15:56:12.072 [http-nio-9999-exec-3] DEBUG com.cms.dao.YlLaAreaDao.selectList - [debug,159] - <==      Total: 0
15:56:12.074 [http-nio-9999-exec-9] DEBUG com.cms.dao.LdComNewDao.selectList - [debug,159] - <==      Total: 1
15:56:12.090 [http-nio-9999-exec-6] DEBUG com.cms.dao.LdCodeDao.selectList - [debug,159] - <==      Total: 1321
