17:03:42.252 [main] INFO  com.cms.CmsApplication - [logStarting,55] - Starting CmsApplication on DESKTOP-DMOPODR with PID 12276 (E:\2022.1\dj\cms-subject-back\target\classes started by 戴尔 in E:\2022.1\dj\cms-subject-back)
17:03:42.257 [main] DEBUG com.cms.CmsApplication - [logStarting,56] - Running with Spring Boot v2.2.8.RELEASE, Spring v5.2.7.RELEASE
17:03:42.258 [main] INFO  com.cms.CmsApplication - [logStartupProfileInfo,655] - The following profiles are active: dj
17:03:48.027 [main] INFO  com.cms.CmsApplication - [logStarted,61] - Started CmsApplication in 6.729 seconds (JVM running for 8.195)
22:12:09.170 [main] INFO  com.cms.CmsApplication - [logStarting,55] - Starting CmsApplication on DESKTOP-DMOPODR with PID 7772 (E:\2022.1\dj\cms-subject-back\target\classes started by 戴尔 in E:\2022.1\dj\cms-subject-back)
22:12:09.176 [main] DEBUG com.cms.CmsApplication - [logStarting,56] - Running with Spring Boot v2.2.8.RELEASE, Spring v5.2.7.RELEASE
22:12:09.176 [main] INFO  com.cms.CmsApplication - [logStartupProfileInfo,655] - The following profiles are active: dj
22:12:16.374 [main] INFO  com.cms.CmsApplication - [logStarted,61] - Started CmsApplication in 8.184 seconds (JVM running for 10.429)
22:12:45.085 [http-nio-9999-exec-1] DEBUG com.cms.dao.YlUserInfoDao.selectList - [debug,159] - ==>  Preparing: SELECT user_id,user_name,user_password,operator,make_date,make_time,modify_date,modify_time FROM yl_user_info WHERE user_id = ? AND user_password = ? 
22:12:45.121 [http-nio-9999-exec-1] DEBUG com.cms.dao.YlUserInfoDao.selectList - [debug,159] - ==> Parameters: 000000(String), 000000(String)
22:12:45.157 [http-nio-9999-exec-1] DEBUG com.cms.dao.YlUserInfoDao.selectList - [debug,159] - <==      Total: 1
22:12:56.206 [http-nio-9999-exec-6] DEBUG com.cms.dao.LdCodeDao.selectList - [debug,159] - ==>  Preparing: SELECT code_type,code,code_name,com_code,other_sign FROM ld_code 
22:12:56.207 [http-nio-9999-exec-6] DEBUG com.cms.dao.LdCodeDao.selectList - [debug,159] - ==> Parameters: 
22:12:56.210 [http-nio-9999-exec-7] DEBUG com.cms.dao.YlLaAreaDao.selectList - [debug,159] - ==>  Preparing: SELECT place_code,place_type,place_name,up_place_name,operator,make_date,make_time,modify_date,modify_time FROM yl_la_area 
22:12:56.212 [http-nio-9999-exec-6] DEBUG com.cms.dao.LdCodeDao.selectList - [debug,159] - <==      Total: 0
22:12:56.212 [http-nio-9999-exec-7] DEBUG com.cms.dao.YlLaAreaDao.selectList - [debug,159] - ==> Parameters: 
22:12:56.226 [http-nio-9999-exec-8] DEBUG com.cms.dao.LdComNewDao.selectList - [debug,159] - ==>  Preparing: SELECT com_code,out_com_code,name,core_code,core_name,short_name,area_code,address,zip_code,phone,fax,email,effect_state,revocation,reason,revocation_date,recover_date,remarks,county_com,effect_date,financial_code,web_address,satrap_name,insu_monitor_code,insure_id,sign_id,regionalism_code,com_nature,valid_code,sign,com_city_size,service_name,service_no,service_phone,service_post_address,com_grade,com_area_type,up_com_code,up_up_com_code,is_dir_under,found_date,agy,agy_name,bk,bk_name,yl,yl_name,br,br_name,tm,tm_name,rw,rw_name,operator,make_date,make_time,modify_date,modify_time FROM ld_com_new WHERE up_com_code = ? 
22:12:56.227 [http-nio-9999-exec-8] DEBUG com.cms.dao.LdComNewDao.selectList - [debug,159] - ==> Parameters: 86(String)
22:12:56.239 [http-nio-9999-exec-8] DEBUG com.cms.dao.LdComNewDao.selectList - [debug,159] - <==      Total: 0
22:12:56.252 [http-nio-9999-exec-7] DEBUG com.cms.dao.YlLaAreaDao.selectList - [debug,159] - <==      Total: 0
22:15:25.002 [main] INFO  com.cms.CmsApplication - [logStarting,55] - Starting CmsApplication on DESKTOP-DMOPODR with PID 12692 (E:\2022.1\dj\cms-subject-back\target\classes started by 戴尔 in E:\2022.1\dj\cms-subject-back)
22:15:25.009 [main] DEBUG com.cms.CmsApplication - [logStarting,56] - Running with Spring Boot v2.2.8.RELEASE, Spring v5.2.7.RELEASE
22:15:25.009 [main] INFO  com.cms.CmsApplication - [logStartupProfileInfo,655] - The following profiles are active: dj
22:15:30.015 [main] INFO  com.cms.CmsApplication - [logStarted,61] - Started CmsApplication in 6.02 seconds (JVM running for 7.4)
22:15:49.279 [http-nio-9999-exec-3] DEBUG com.cms.dao.LdCodeDao.selectList - [debug,159] - ==>  Preparing: SELECT code_type,code,code_name,com_code,other_sign FROM ld_code 
22:15:49.279 [http-nio-9999-exec-2] DEBUG com.cms.dao.YlLaAreaDao.selectList - [debug,159] - ==>  Preparing: SELECT place_code,place_type,place_name,up_place_name,operator,make_date,make_time,modify_date,modify_time FROM yl_la_area 
22:15:49.311 [http-nio-9999-exec-1] DEBUG com.cms.dao.LdComNewDao.selectList - [debug,159] - ==>  Preparing: SELECT com_code,out_com_code,name,core_code,core_name,short_name,area_code,address,zip_code,phone,fax,email,effect_state,revocation,reason,revocation_date,recover_date,remarks,county_com,effect_date,financial_code,web_address,satrap_name,insu_monitor_code,insure_id,sign_id,regionalism_code,com_nature,valid_code,sign,com_city_size,service_name,service_no,service_phone,service_post_address,com_grade,com_area_type,up_com_code,up_up_com_code,is_dir_under,found_date,agy,agy_name,bk,bk_name,yl,yl_name,br,br_name,tm,tm_name,rw,rw_name,operator,make_date,make_time,modify_date,modify_time FROM ld_com_new WHERE up_com_code = ? 
22:15:49.347 [http-nio-9999-exec-3] DEBUG com.cms.dao.LdCodeDao.selectList - [debug,159] - ==> Parameters: 
22:15:49.347 [http-nio-9999-exec-2] DEBUG com.cms.dao.YlLaAreaDao.selectList - [debug,159] - ==> Parameters: 
22:15:49.348 [http-nio-9999-exec-1] DEBUG com.cms.dao.LdComNewDao.selectList - [debug,159] - ==> Parameters: 86(String)
22:15:49.404 [http-nio-9999-exec-2] DEBUG com.cms.dao.YlLaAreaDao.selectList - [debug,159] - <==      Total: 0
22:15:49.404 [http-nio-9999-exec-1] DEBUG com.cms.dao.LdComNewDao.selectList - [debug,159] - <==      Total: 0
22:15:49.524 [http-nio-9999-exec-3] DEBUG com.cms.dao.LdCodeDao.selectList - [debug,159] - <==      Total: 1321
22:16:16.790 [http-nio-9999-exec-5] DEBUG com.cms.dao.YlLaAreaDao.selectList - [debug,159] - ==>  Preparing: SELECT place_code,place_type,place_name,up_place_name,operator,make_date,make_time,modify_date,modify_time FROM yl_la_area 
22:16:16.790 [http-nio-9999-exec-4] DEBUG com.cms.dao.LdCodeDao.selectList - [debug,159] - ==>  Preparing: SELECT code_type,code,code_name,com_code,other_sign FROM ld_code 
22:16:16.792 [http-nio-9999-exec-5] DEBUG com.cms.dao.YlLaAreaDao.selectList - [debug,159] - ==> Parameters: 
22:16:16.792 [http-nio-9999-exec-4] DEBUG com.cms.dao.LdCodeDao.selectList - [debug,159] - ==> Parameters: 
22:16:16.794 [http-nio-9999-exec-6] DEBUG com.cms.dao.LdComNewDao.selectList - [debug,159] - ==>  Preparing: SELECT com_code,out_com_code,name,core_code,core_name,short_name,area_code,address,zip_code,phone,fax,email,effect_state,revocation,reason,revocation_date,recover_date,remarks,county_com,effect_date,financial_code,web_address,satrap_name,insu_monitor_code,insure_id,sign_id,regionalism_code,com_nature,valid_code,sign,com_city_size,service_name,service_no,service_phone,service_post_address,com_grade,com_area_type,up_com_code,up_up_com_code,is_dir_under,found_date,agy,agy_name,bk,bk_name,yl,yl_name,br,br_name,tm,tm_name,rw,rw_name,operator,make_date,make_time,modify_date,modify_time FROM ld_com_new WHERE up_com_code = ? 
22:16:16.795 [http-nio-9999-exec-5] DEBUG com.cms.dao.YlLaAreaDao.selectList - [debug,159] - <==      Total: 0
22:16:16.795 [http-nio-9999-exec-6] DEBUG com.cms.dao.LdComNewDao.selectList - [debug,159] - ==> Parameters: 86(String)
22:16:16.797 [http-nio-9999-exec-6] DEBUG com.cms.dao.LdComNewDao.selectList - [debug,159] - <==      Total: 0
22:16:16.809 [http-nio-9999-exec-4] DEBUG com.cms.dao.LdCodeDao.selectList - [debug,159] - <==      Total: 1321
22:23:07.001 [http-nio-9999-exec-1] DEBUG com.cms.dao.LdComNewDao.selectList - [debug,159] - ==>  Preparing: SELECT com_code,out_com_code,name,core_code,core_name,short_name,area_code,address,zip_code,phone,fax,email,effect_state,revocation,reason,revocation_date,recover_date,remarks,county_com,effect_date,financial_code,web_address,satrap_name,insu_monitor_code,insure_id,sign_id,regionalism_code,com_nature,valid_code,sign,com_city_size,service_name,service_no,service_phone,service_post_address,com_grade,com_area_type,up_com_code,up_up_com_code,is_dir_under,found_date,agy,agy_name,bk,bk_name,yl,yl_name,br,br_name,tm,tm_name,rw,rw_name,operator,make_date,make_time,modify_date,modify_time FROM ld_com_new 
22:23:07.002 [http-nio-9999-exec-3] DEBUG com.cms.dao.LdComNewDao.selectList - [debug,159] - ==>  Preparing: SELECT com_code,out_com_code,name,core_code,core_name,short_name,area_code,address,zip_code,phone,fax,email,effect_state,revocation,reason,revocation_date,recover_date,remarks,county_com,effect_date,financial_code,web_address,satrap_name,insu_monitor_code,insure_id,sign_id,regionalism_code,com_nature,valid_code,sign,com_city_size,service_name,service_no,service_phone,service_post_address,com_grade,com_area_type,up_com_code,up_up_com_code,is_dir_under,found_date,agy,agy_name,bk,bk_name,yl,yl_name,br,br_name,tm,tm_name,rw,rw_name,operator,make_date,make_time,modify_date,modify_time FROM ld_com_new 
22:23:07.002 [http-nio-9999-exec-1] DEBUG com.cms.dao.LdComNewDao.selectList - [debug,159] - ==> Parameters: 
22:23:07.002 [http-nio-9999-exec-3] DEBUG com.cms.dao.LdComNewDao.selectList - [debug,159] - ==> Parameters: 
22:23:07.005 [http-nio-9999-exec-1] DEBUG com.cms.dao.LdComNewDao.selectList - [debug,159] - <==      Total: 0
22:23:07.006 [http-nio-9999-exec-3] DEBUG com.cms.dao.LdComNewDao.selectList - [debug,159] - <==      Total: 0
22:23:07.636 [http-nio-9999-exec-6] DEBUG com.cms.dao.LdComNewDao.selectList - [debug,159] - ==>  Preparing: SELECT com_code,out_com_code,name,core_code,core_name,short_name,area_code,address,zip_code,phone,fax,email,effect_state,revocation,reason,revocation_date,recover_date,remarks,county_com,effect_date,financial_code,web_address,satrap_name,insu_monitor_code,insure_id,sign_id,regionalism_code,com_nature,valid_code,sign,com_city_size,service_name,service_no,service_phone,service_post_address,com_grade,com_area_type,up_com_code,up_up_com_code,is_dir_under,found_date,agy,agy_name,bk,bk_name,yl,yl_name,br,br_name,tm,tm_name,rw,rw_name,operator,make_date,make_time,modify_date,modify_time FROM ld_com_new WHERE up_com_code = ? 
22:23:07.637 [http-nio-9999-exec-6] DEBUG com.cms.dao.LdComNewDao.selectList - [debug,159] - ==> Parameters: 86(String)
22:23:07.637 [http-nio-9999-exec-4] DEBUG com.cms.dao.LdCodeDao.selectList - [debug,159] - ==>  Preparing: SELECT code_type,code,code_name,com_code,other_sign FROM ld_code 
22:23:07.638 [http-nio-9999-exec-4] DEBUG com.cms.dao.LdCodeDao.selectList - [debug,159] - ==> Parameters: 
22:23:07.639 [http-nio-9999-exec-8] DEBUG com.cms.dao.LdCodeDao.selectList - [debug,159] - ==>  Preparing: SELECT code_type,code,code_name,com_code,other_sign FROM ld_code 
22:23:07.640 [http-nio-9999-exec-6] DEBUG com.cms.dao.LdComNewDao.selectList - [debug,159] - <==      Total: 0
22:23:07.640 [http-nio-9999-exec-8] DEBUG com.cms.dao.LdCodeDao.selectList - [debug,159] - ==> Parameters: 
22:23:07.644 [http-nio-9999-exec-6] DEBUG com.cms.dao.LdCodeDao.selectList - [debug,159] - ==>  Preparing: SELECT code_type,code,code_name,com_code,other_sign FROM ld_code WHERE code_type = ? 
22:23:07.645 [http-nio-9999-exec-6] DEBUG com.cms.dao.LdCodeDao.selectList - [debug,159] - ==> Parameters: certificatename(String)
22:23:07.652 [http-nio-9999-exec-6] DEBUG com.cms.dao.LdCodeDao.selectList - [debug,159] - <==      Total: 7
22:23:07.665 [http-nio-9999-exec-4] DEBUG com.cms.dao.LdCodeDao.selectList - [debug,159] - <==      Total: 1321
22:23:07.669 [http-nio-9999-exec-8] DEBUG com.cms.dao.LdCodeDao.selectList - [debug,159] - <==      Total: 1321
22:23:10.637 [http-nio-9999-exec-1] DEBUG com.cms.dao.LdCodeDao.selectList - [debug,159] - ==>  Preparing: SELECT code_type,code,code_name,com_code,other_sign FROM ld_code WHERE code_type = ? 
22:23:10.639 [http-nio-9999-exec-1] DEBUG com.cms.dao.LdCodeDao.selectList - [debug,159] - ==> Parameters: certificatename(String)
22:23:10.643 [http-nio-9999-exec-1] DEBUG com.cms.dao.LdCodeDao.selectList - [debug,159] - <==      Total: 7
22:23:10.647 [http-nio-9999-exec-1] DEBUG c.c.dao.YlLaAgentCertificateDao.getCertificateInfo - [debug,159] - ==>  Preparing: SELECT yla.agent_code as agentCode, yla.agent_name as agentName, yla.manage_com as manageCom4, ylbg.branch_attr as branchAttr, ylbg.branch_name as branchName, lcn.yl_name as manageComName4, ylc.certificate_no as certificateNo, ylc.certificate_name as certificateCode, ylc.start_effective_date as startEffectiveDate, ylc.end_effective_date as endEffectiveDate, ylc.release_date as releaseDate, ylc.reissue_date as reissueDate, ylc.approver as approveBy, (SELECT up_com_code FROM ld_com_new WHERE com_code = manageCom4) as manageCom3, (SELECT up_up_com_code FROM ld_com_new WHERE com_code = manageCom4) as manageCom2, (SELECT name FROM ld_com_new WHERE com_code = manageCom3) as manageComName3, (SELECT name FROM ld_com_new WHERE com_code = manageCom2) AS manageComName2 FROM yl_la_agent_certificate ylc Left JOIN yl_la_agent yla on ylc.agent_code = yla.agent_code Left JOIN ld_com_new lcn on yla.manage_com = lcn.com_code Left JOIN yl_la_branch_group ylbg on yla.agent_group = ylbg.agent_group 
22:23:10.649 [http-nio-9999-exec-1] DEBUG c.c.dao.YlLaAgentCertificateDao.getCertificateInfo - [debug,159] - ==> Parameters: 
22:23:10.700 [http-nio-9999-exec-1] DEBUG c.c.dao.YlLaAgentCertificateDao.getCertificateInfo - [debug,159] - <==      Total: 0
22:23:15.135 [http-nio-9999-exec-3] DEBUG com.cms.dao.LdCodeDao.selectList - [debug,159] - ==>  Preparing: SELECT code_type,code,code_name,com_code,other_sign FROM ld_code 
22:23:15.136 [http-nio-9999-exec-3] DEBUG com.cms.dao.LdCodeDao.selectList - [debug,159] - ==> Parameters: 
22:23:15.146 [http-nio-9999-exec-8] DEBUG com.cms.dao.LdComNewDao.selectList - [debug,159] - ==>  Preparing: SELECT com_code,out_com_code,name,core_code,core_name,short_name,area_code,address,zip_code,phone,fax,email,effect_state,revocation,reason,revocation_date,recover_date,remarks,county_com,effect_date,financial_code,web_address,satrap_name,insu_monitor_code,insure_id,sign_id,regionalism_code,com_nature,valid_code,sign,com_city_size,service_name,service_no,service_phone,service_post_address,com_grade,com_area_type,up_com_code,up_up_com_code,is_dir_under,found_date,agy,agy_name,bk,bk_name,yl,yl_name,br,br_name,tm,tm_name,rw,rw_name,operator,make_date,make_time,modify_date,modify_time FROM ld_com_new WHERE com_grade = ? 
22:23:15.148 [http-nio-9999-exec-8] DEBUG com.cms.dao.LdComNewDao.selectList - [debug,159] - ==> Parameters: 01(String)
22:23:15.153 [http-nio-9999-exec-8] DEBUG com.cms.dao.LdComNewDao.selectList - [debug,159] - <==      Total: 0
22:23:15.154 [http-nio-9999-exec-4] DEBUG com.cms.dao.LaAgentGradeDao.selectList - [debug,159] - ==>  Preparing: SELECT grade_id,grade_code,grade_name,branch_type,grade_order,grade_series,grade_level,remark,grade_abridge,virtual_grade,make_date,make_time,modify_date,modify_time,operator FROM la_agent_grade 
22:23:15.155 [http-nio-9999-exec-4] DEBUG com.cms.dao.LaAgentGradeDao.selectList - [debug,159] - ==> Parameters: 
22:23:15.163 [http-nio-9999-exec-4] DEBUG com.cms.dao.LaAgentGradeDao.selectList - [debug,159] - <==      Total: 0
22:23:15.164 [http-nio-9999-exec-3] DEBUG com.cms.dao.LdCodeDao.selectList - [debug,159] - <==      Total: 1321
22:23:23.806 [http-nio-9999-exec-2] DEBUG com.cms.dao.YlLaBranchGroupDao.selectList - [debug,159] - ==>  Preparing: SELECT agent_group,manage_com,branch_type,branch_attr,branch_level,branch_name,branch_name_eng,branch_name_chi,branch_eff_date,branch_address,branch_phone_no,branch_fax_no,branch_status,branch_terminate_eff_date,branch_terminate_reason,direct_flag,up_agent_group,branch_manager,branch_manager_name,branch_manager_phone,manager_eff_date,reporting_manager,chat_name,make_date,make_time,modify_date,modify_time,operator FROM yl_la_branch_group WHERE manage_com LIKE ? 
22:23:23.808 [http-nio-9999-exec-2] DEBUG com.cms.dao.YlLaBranchGroupDao.selectList - [debug,159] - ==> Parameters: %(String)
22:23:23.812 [http-nio-9999-exec-2] DEBUG com.cms.dao.YlLaBranchGroupDao.selectList - [debug,159] - <==      Total: 0
22:23:26.201 [http-nio-9999-exec-1] DEBUG com.cms.dao.YlLaBranchGroupDao.selectList - [debug,159] - ==>  Preparing: SELECT agent_group,manage_com,branch_type,branch_attr,branch_level,branch_name,branch_name_eng,branch_name_chi,branch_eff_date,branch_address,branch_phone_no,branch_fax_no,branch_status,branch_terminate_eff_date,branch_terminate_reason,direct_flag,up_agent_group,branch_manager,branch_manager_name,branch_manager_phone,manager_eff_date,reporting_manager,chat_name,make_date,make_time,modify_date,modify_time,operator FROM yl_la_branch_group WHERE manage_com LIKE ? 
22:23:26.202 [http-nio-9999-exec-1] DEBUG com.cms.dao.YlLaBranchGroupDao.selectList - [debug,159] - ==> Parameters: %(String)
22:23:26.205 [http-nio-9999-exec-1] DEBUG com.cms.dao.YlLaBranchGroupDao.selectList - [debug,159] - <==      Total: 0
22:23:43.664 [http-nio-9999-exec-5] DEBUG com.cms.dao.LdComNewDao.selectList - [debug,159] - ==>  Preparing: SELECT com_code,out_com_code,name,core_code,core_name,short_name,area_code,address,zip_code,phone,fax,email,effect_state,revocation,reason,revocation_date,recover_date,remarks,county_com,effect_date,financial_code,web_address,satrap_name,insu_monitor_code,insure_id,sign_id,regionalism_code,com_nature,valid_code,sign,com_city_size,service_name,service_no,service_phone,service_post_address,com_grade,com_area_type,up_com_code,up_up_com_code,is_dir_under,found_date,agy,agy_name,bk,bk_name,yl,yl_name,br,br_name,tm,tm_name,rw,rw_name,operator,make_date,make_time,modify_date,modify_time FROM ld_com_new WHERE up_com_code = ? 
22:23:43.666 [http-nio-9999-exec-5] DEBUG com.cms.dao.LdComNewDao.selectList - [debug,159] - ==> Parameters: 86(String)
22:23:43.669 [http-nio-9999-exec-5] DEBUG com.cms.dao.LdComNewDao.selectList - [debug,159] - <==      Total: 0
22:23:43.672 [http-nio-9999-exec-4] DEBUG com.cms.dao.LdCodeDao.selectList - [debug,159] - ==>  Preparing: SELECT code_type,code,code_name,com_code,other_sign FROM ld_code 
22:23:43.672 [http-nio-9999-exec-6] DEBUG com.cms.dao.LdCodeDao.selectList - [debug,159] - ==>  Preparing: SELECT code_type,code,code_name,com_code,other_sign FROM ld_code 
22:23:43.672 [http-nio-9999-exec-4] DEBUG com.cms.dao.LdCodeDao.selectList - [debug,159] - ==> Parameters: 
22:23:43.673 [http-nio-9999-exec-6] DEBUG com.cms.dao.LdCodeDao.selectList - [debug,159] - ==> Parameters: 
22:23:43.673 [http-nio-9999-exec-5] DEBUG com.cms.dao.LdCodeDao.selectList - [debug,159] - ==>  Preparing: SELECT code_type,code,code_name,com_code,other_sign FROM ld_code WHERE code_type = ? 
22:23:43.674 [http-nio-9999-exec-5] DEBUG com.cms.dao.LdCodeDao.selectList - [debug,159] - ==> Parameters: certificatename(String)
22:23:43.678 [http-nio-9999-exec-5] DEBUG com.cms.dao.LdCodeDao.selectList - [debug,159] - <==      Total: 7
22:23:43.710 [http-nio-9999-exec-4] DEBUG com.cms.dao.LdCodeDao.selectList - [debug,159] - <==      Total: 1321
22:23:43.711 [http-nio-9999-exec-6] DEBUG com.cms.dao.LdCodeDao.selectList - [debug,159] - <==      Total: 1321
22:26:21.973 [http-nio-9999-exec-10] DEBUG com.cms.dao.LdCodeDao.selectList - [debug,159] - ==>  Preparing: SELECT code_type,code,code_name,com_code,other_sign FROM ld_code 
22:26:21.973 [http-nio-9999-exec-9] DEBUG com.cms.dao.LdComNewDao.selectList - [debug,159] - ==>  Preparing: SELECT com_code,out_com_code,name,core_code,core_name,short_name,area_code,address,zip_code,phone,fax,email,effect_state,revocation,reason,revocation_date,recover_date,remarks,county_com,effect_date,financial_code,web_address,satrap_name,insu_monitor_code,insure_id,sign_id,regionalism_code,com_nature,valid_code,sign,com_city_size,service_name,service_no,service_phone,service_post_address,com_grade,com_area_type,up_com_code,up_up_com_code,is_dir_under,found_date,agy,agy_name,bk,bk_name,yl,yl_name,br,br_name,tm,tm_name,rw,rw_name,operator,make_date,make_time,modify_date,modify_time FROM ld_com_new WHERE up_com_code = ? 
22:26:21.975 [http-nio-9999-exec-10] DEBUG com.cms.dao.LdCodeDao.selectList - [debug,159] - ==> Parameters: 
22:26:21.975 [http-nio-9999-exec-9] DEBUG com.cms.dao.LdComNewDao.selectList - [debug,159] - ==> Parameters: 86(String)
22:26:21.975 [http-nio-9999-exec-2] DEBUG com.cms.dao.LdCodeDao.selectList - [debug,159] - ==>  Preparing: SELECT code_type,code,code_name,com_code,other_sign FROM ld_code 
22:26:21.979 [http-nio-9999-exec-9] DEBUG com.cms.dao.LdComNewDao.selectList - [debug,159] - <==      Total: 0
22:26:21.980 [http-nio-9999-exec-2] DEBUG com.cms.dao.LdCodeDao.selectList - [debug,159] - ==> Parameters: 
22:26:21.983 [http-nio-9999-exec-9] DEBUG com.cms.dao.LdCodeDao.selectList - [debug,159] - ==>  Preparing: SELECT code_type,code,code_name,com_code,other_sign FROM ld_code WHERE code_type = ? 
22:26:21.985 [http-nio-9999-exec-9] DEBUG com.cms.dao.LdCodeDao.selectList - [debug,159] - ==> Parameters: certificatename(String)
22:26:21.989 [http-nio-9999-exec-9] DEBUG com.cms.dao.LdCodeDao.selectList - [debug,159] - <==      Total: 7
22:26:22.019 [http-nio-9999-exec-10] DEBUG com.cms.dao.LdCodeDao.selectList - [debug,159] - <==      Total: 1321
22:26:22.023 [http-nio-9999-exec-2] DEBUG com.cms.dao.LdCodeDao.selectList - [debug,159] - <==      Total: 1321
22:26:32.635 [http-nio-9999-exec-1] DEBUG com.cms.dao.LdCodeDao.selectList - [debug,159] - ==>  Preparing: SELECT code_type,code,code_name,com_code,other_sign FROM ld_code WHERE code_type = ? 
22:26:32.636 [http-nio-9999-exec-1] DEBUG com.cms.dao.LdCodeDao.selectList - [debug,159] - ==> Parameters: certificatename(String)
22:26:32.639 [http-nio-9999-exec-1] DEBUG com.cms.dao.LdCodeDao.selectList - [debug,159] - <==      Total: 7
22:26:32.641 [http-nio-9999-exec-1] DEBUG c.c.dao.YlLaAgentCertificateDao.getCertificateInfo - [debug,159] - ==>  Preparing: SELECT yla.agent_code as agentCode, yla.agent_name as agentName, yla.manage_com as manageCom4, ylbg.branch_attr as branchAttr, ylbg.branch_name as branchName, lcn.yl_name as manageComName4, ylc.certificate_no as certificateNo, ylc.certificate_name as certificateCode, ylc.start_effective_date as startEffectiveDate, ylc.end_effective_date as endEffectiveDate, ylc.release_date as releaseDate, ylc.reissue_date as reissueDate, ylc.approver as approveBy, (SELECT up_com_code FROM ld_com_new WHERE com_code = manageCom4) as manageCom3, (SELECT up_up_com_code FROM ld_com_new WHERE com_code = manageCom4) as manageCom2, (SELECT name FROM ld_com_new WHERE com_code = manageCom3) as manageComName3, (SELECT name FROM ld_com_new WHERE com_code = manageCom2) AS manageComName2 FROM yl_la_agent_certificate ylc Left JOIN yl_la_agent yla on ylc.agent_code = yla.agent_code Left JOIN ld_com_new lcn on yla.manage_com = lcn.com_code Left JOIN yl_la_branch_group ylbg on yla.agent_group = ylbg.agent_group 
22:26:32.642 [http-nio-9999-exec-1] DEBUG c.c.dao.YlLaAgentCertificateDao.getCertificateInfo - [debug,159] - ==> Parameters: 
22:26:32.645 [http-nio-9999-exec-1] DEBUG c.c.dao.YlLaAgentCertificateDao.getCertificateInfo - [debug,159] - <==      Total: 0
