14:28:21.972 [main] INFO  com.cms.CmsApplication - [logStarting,55] - Starting CmsApplication on DESKTOP-DMOPODR with PID 23132 (E:\2022.1\dj\cms-subject-back\target\classes started by 戴尔 in E:\2022.1\dj\cms-subject-back)
14:28:21.984 [main] DEBUG com.cms.CmsApplication - [logStarting,56] - Running with Spring Boot v2.2.8.RELEASE, Spring v5.2.7.RELEASE
14:28:21.991 [main] INFO  com.cms.CmsApplication - [logStartupProfileInfo,655] - The following profiles are active: dj
14:28:32.725 [main] INFO  com.cms.CmsApplication - [logStarted,61] - Started CmsApplication in 12.224 seconds (JVM running for 16.527)
14:29:58.375 [http-nio-9999-exec-1] DEBUG com.cms.dao.YlUserInfoDao.selectList - [debug,159] - ==>  Preparing: SELECT user_id,user_name,user_password,operator,make_date,make_time,modify_date,modify_time FROM yl_user_info WHERE user_id = ? AND user_password = ? 
14:29:58.482 [http-nio-9999-exec-1] DEBUG com.cms.dao.YlUserInfoDao.selectList - [debug,159] - ==> Parameters: 000000(String), 000000(String)
14:29:58.617 [http-nio-9999-exec-1] DEBUG com.cms.dao.YlUserInfoDao.selectList - [debug,159] - <==      Total: 1
14:36:43.196 [http-nio-9999-exec-5] DEBUG com.cms.dao.LdComNewDao.selectList - [debug,159] - ==>  Preparing: SELECT com_code,out_com_code,name,core_code,core_name,short_name,area_code,address,zip_code,phone,fax,email,effect_state,revocation,reason,revocation_date,recover_date,remarks,county_com,effect_date,financial_code,web_address,satrap_name,insu_monitor_code,insure_id,sign_id,regionalism_code,com_nature,valid_code,sign,com_city_size,service_name,service_no,service_phone,service_post_address,com_grade,com_area_type,up_com_code,up_up_com_code,is_dir_under,found_date,agy,agy_name,bk,bk_name,yl,yl_name,br,br_name,tm,tm_name,rw,rw_name,operator,make_date,make_time,modify_date,modify_time FROM ld_com_new 
14:36:43.200 [http-nio-9999-exec-5] DEBUG com.cms.dao.LdComNewDao.selectList - [debug,159] - ==> Parameters: 
14:36:43.201 [http-nio-9999-exec-4] DEBUG com.cms.dao.LdComNewDao.selectList - [debug,159] - ==>  Preparing: SELECT com_code,out_com_code,name,core_code,core_name,short_name,area_code,address,zip_code,phone,fax,email,effect_state,revocation,reason,revocation_date,recover_date,remarks,county_com,effect_date,financial_code,web_address,satrap_name,insu_monitor_code,insure_id,sign_id,regionalism_code,com_nature,valid_code,sign,com_city_size,service_name,service_no,service_phone,service_post_address,com_grade,com_area_type,up_com_code,up_up_com_code,is_dir_under,found_date,agy,agy_name,bk,bk_name,yl,yl_name,br,br_name,tm,tm_name,rw,rw_name,operator,make_date,make_time,modify_date,modify_time FROM ld_com_new 
14:36:43.204 [http-nio-9999-exec-4] DEBUG com.cms.dao.LdComNewDao.selectList - [debug,159] - ==> Parameters: 
14:36:43.286 [http-nio-9999-exec-5] DEBUG com.cms.dao.LdComNewDao.selectList - [debug,159] - <==      Total: 4
14:36:43.286 [http-nio-9999-exec-4] DEBUG com.cms.dao.LdComNewDao.selectList - [debug,159] - <==      Total: 4
14:36:44.901 [http-nio-9999-exec-7] DEBUG com.cms.dao.LdComNewDao.selectList - [debug,159] - ==>  Preparing: SELECT com_code,out_com_code,name,core_code,core_name,short_name,area_code,address,zip_code,phone,fax,email,effect_state,revocation,reason,revocation_date,recover_date,remarks,county_com,effect_date,financial_code,web_address,satrap_name,insu_monitor_code,insure_id,sign_id,regionalism_code,com_nature,valid_code,sign,com_city_size,service_name,service_no,service_phone,service_post_address,com_grade,com_area_type,up_com_code,up_up_com_code,is_dir_under,found_date,agy,agy_name,bk,bk_name,yl,yl_name,br,br_name,tm,tm_name,rw,rw_name,operator,make_date,make_time,modify_date,modify_time FROM ld_com_new WHERE up_com_code = ? 
14:36:44.904 [http-nio-9999-exec-7] DEBUG com.cms.dao.LdComNewDao.selectList - [debug,159] - ==> Parameters: 86(String)
14:36:44.929 [http-nio-9999-exec-7] DEBUG com.cms.dao.LdComNewDao.selectList - [debug,159] - <==      Total: 1
14:36:44.949 [http-nio-9999-exec-9] DEBUG com.cms.dao.LdCodeDao.selectList - [debug,159] - ==>  Preparing: SELECT code_type,code,code_name,com_code,other_sign FROM ld_code 
14:36:44.953 [http-nio-9999-exec-10] DEBUG com.cms.dao.LdCodeDao.selectList - [debug,159] - ==>  Preparing: SELECT code_type,code,code_name,com_code,other_sign FROM ld_code 
14:36:44.959 [http-nio-9999-exec-10] DEBUG com.cms.dao.LdCodeDao.selectList - [debug,159] - ==> Parameters: 
14:36:44.959 [http-nio-9999-exec-9] DEBUG com.cms.dao.LdCodeDao.selectList - [debug,159] - ==> Parameters: 
14:36:44.963 [http-nio-9999-exec-7] DEBUG com.cms.dao.LdCodeDao.selectList - [debug,159] - ==>  Preparing: SELECT code_type,code,code_name,com_code,other_sign FROM ld_code WHERE code_type = ? 
14:36:44.970 [http-nio-9999-exec-7] DEBUG com.cms.dao.LdCodeDao.selectList - [debug,159] - ==> Parameters: certificatename(String)
14:36:45.002 [http-nio-9999-exec-7] DEBUG com.cms.dao.LdCodeDao.selectList - [debug,159] - <==      Total: 7
14:36:45.108 [http-nio-9999-exec-10] DEBUG com.cms.dao.LdCodeDao.selectList - [debug,159] - <==      Total: 1321
14:36:45.109 [http-nio-9999-exec-9] DEBUG com.cms.dao.LdCodeDao.selectList - [debug,159] - <==      Total: 1321
14:37:02.822 [http-nio-9999-exec-1] DEBUG com.cms.dao.LdCodeDao.selectList - [debug,159] - ==>  Preparing: SELECT code_type,code,code_name,com_code,other_sign FROM ld_code 
14:37:02.825 [http-nio-9999-exec-1] DEBUG com.cms.dao.LdCodeDao.selectList - [debug,159] - ==> Parameters: 
14:37:02.849 [http-nio-9999-exec-5] DEBUG com.cms.dao.LdCodeDao.selectList - [debug,159] - ==>  Preparing: SELECT code_type,code,code_name,com_code,other_sign FROM ld_code 
14:37:02.852 [http-nio-9999-exec-5] DEBUG com.cms.dao.LdCodeDao.selectList - [debug,159] - ==> Parameters: 
14:37:02.900 [http-nio-9999-exec-6] DEBUG com.cms.dao.LdComNewDao.selectList - [debug,159] - ==>  Preparing: SELECT com_code,out_com_code,name,core_code,core_name,short_name,area_code,address,zip_code,phone,fax,email,effect_state,revocation,reason,revocation_date,recover_date,remarks,county_com,effect_date,financial_code,web_address,satrap_name,insu_monitor_code,insure_id,sign_id,regionalism_code,com_nature,valid_code,sign,com_city_size,service_name,service_no,service_phone,service_post_address,com_grade,com_area_type,up_com_code,up_up_com_code,is_dir_under,found_date,agy,agy_name,bk,bk_name,yl,yl_name,br,br_name,tm,tm_name,rw,rw_name,operator,make_date,make_time,modify_date,modify_time FROM ld_com_new WHERE up_com_code = ? 
14:37:02.902 [http-nio-9999-exec-3] DEBUG com.cms.dao.LdComNewDao.selectList - [debug,159] - ==>  Preparing: SELECT com_code,out_com_code,name,core_code,core_name,short_name,area_code,address,zip_code,phone,fax,email,effect_state,revocation,reason,revocation_date,recover_date,remarks,county_com,effect_date,financial_code,web_address,satrap_name,insu_monitor_code,insure_id,sign_id,regionalism_code,com_nature,valid_code,sign,com_city_size,service_name,service_no,service_phone,service_post_address,com_grade,com_area_type,up_com_code,up_up_com_code,is_dir_under,found_date,agy,agy_name,bk,bk_name,yl,yl_name,br,br_name,tm,tm_name,rw,rw_name,operator,make_date,make_time,modify_date,modify_time FROM ld_com_new WHERE up_com_code = ? 
14:37:02.904 [http-nio-9999-exec-6] DEBUG com.cms.dao.LdComNewDao.selectList - [debug,159] - ==> Parameters: 86(String)
14:37:02.905 [http-nio-9999-exec-3] DEBUG com.cms.dao.LdComNewDao.selectList - [debug,159] - ==> Parameters: 86(String)
14:37:02.917 [http-nio-9999-exec-6] DEBUG com.cms.dao.LdComNewDao.selectList - [debug,159] - <==      Total: 1
14:37:02.921 [http-nio-9999-exec-3] DEBUG com.cms.dao.LdComNewDao.selectList - [debug,159] - <==      Total: 1
14:37:02.927 [http-nio-9999-exec-8] DEBUG com.cms.dao.YlLaAreaDao.selectList - [debug,159] - ==>  Preparing: SELECT place_code,place_type,place_name,up_place_name,operator,make_date,make_time,modify_date,modify_time FROM yl_la_area 
14:37:02.935 [http-nio-9999-exec-8] DEBUG com.cms.dao.YlLaAreaDao.selectList - [debug,159] - ==> Parameters: 
14:37:02.979 [http-nio-9999-exec-1] DEBUG com.cms.dao.LdCodeDao.selectList - [debug,159] - <==      Total: 1321
14:37:03.010 [http-nio-9999-exec-5] DEBUG com.cms.dao.LdCodeDao.selectList - [debug,159] - <==      Total: 1321
14:37:03.112 [http-nio-9999-exec-8] DEBUG com.cms.dao.YlLaAreaDao.selectList - [debug,159] - <==      Total: 0
14:37:03.959 [http-nio-9999-exec-7] DEBUG com.cms.dao.LdCodeDao.selectList - [debug,159] - ==>  Preparing: SELECT code_type,code,code_name,com_code,other_sign FROM ld_code 
14:37:03.959 [http-nio-9999-exec-10] DEBUG com.cms.dao.YlLaAreaDao.selectList - [debug,159] - ==>  Preparing: SELECT place_code,place_type,place_name,up_place_name,operator,make_date,make_time,modify_date,modify_time FROM yl_la_area 
14:37:03.960 [http-nio-9999-exec-10] DEBUG com.cms.dao.YlLaAreaDao.selectList - [debug,159] - ==> Parameters: 
14:37:03.960 [http-nio-9999-exec-7] DEBUG com.cms.dao.LdCodeDao.selectList - [debug,159] - ==> Parameters: 
14:37:03.962 [http-nio-9999-exec-9] DEBUG com.cms.dao.LdComNewDao.selectList - [debug,159] - ==>  Preparing: SELECT com_code,out_com_code,name,core_code,core_name,short_name,area_code,address,zip_code,phone,fax,email,effect_state,revocation,reason,revocation_date,recover_date,remarks,county_com,effect_date,financial_code,web_address,satrap_name,insu_monitor_code,insure_id,sign_id,regionalism_code,com_nature,valid_code,sign,com_city_size,service_name,service_no,service_phone,service_post_address,com_grade,com_area_type,up_com_code,up_up_com_code,is_dir_under,found_date,agy,agy_name,bk,bk_name,yl,yl_name,br,br_name,tm,tm_name,rw,rw_name,operator,make_date,make_time,modify_date,modify_time FROM ld_com_new WHERE up_com_code = ? 
14:37:03.963 [http-nio-9999-exec-9] DEBUG com.cms.dao.LdComNewDao.selectList - [debug,159] - ==> Parameters: 86(String)
14:37:03.964 [http-nio-9999-exec-10] DEBUG com.cms.dao.YlLaAreaDao.selectList - [debug,159] - <==      Total: 0
14:37:03.968 [http-nio-9999-exec-9] DEBUG com.cms.dao.LdComNewDao.selectList - [debug,159] - <==      Total: 1
14:37:03.998 [http-nio-9999-exec-7] DEBUG com.cms.dao.LdCodeDao.selectList - [debug,159] - <==      Total: 1321
14:37:09.491 [http-nio-9999-exec-2] DEBUG com.cms.dao.LdCodeDao.selectList - [debug,159] - ==>  Preparing: SELECT code_type,code,code_name,com_code,other_sign FROM ld_code 
14:37:09.493 [http-nio-9999-exec-4] DEBUG com.cms.dao.LdComNewDao.selectList - [debug,159] - ==>  Preparing: SELECT com_code,out_com_code,name,core_code,core_name,short_name,area_code,address,zip_code,phone,fax,email,effect_state,revocation,reason,revocation_date,recover_date,remarks,county_com,effect_date,financial_code,web_address,satrap_name,insu_monitor_code,insure_id,sign_id,regionalism_code,com_nature,valid_code,sign,com_city_size,service_name,service_no,service_phone,service_post_address,com_grade,com_area_type,up_com_code,up_up_com_code,is_dir_under,found_date,agy,agy_name,bk,bk_name,yl,yl_name,br,br_name,tm,tm_name,rw,rw_name,operator,make_date,make_time,modify_date,modify_time FROM ld_com_new WHERE up_com_code = ? 
14:37:09.492 [http-nio-9999-exec-2] DEBUG com.cms.dao.LdCodeDao.selectList - [debug,159] - ==> Parameters: 
14:37:09.495 [http-nio-9999-exec-4] DEBUG com.cms.dao.LdComNewDao.selectList - [debug,159] - ==> Parameters: 86(String)
14:37:09.498 [http-nio-9999-exec-6] DEBUG com.cms.dao.LdCodeDao.selectList - [debug,159] - ==>  Preparing: SELECT code_type,code,code_name,com_code,other_sign FROM ld_code 
14:37:09.500 [http-nio-9999-exec-6] DEBUG com.cms.dao.LdCodeDao.selectList - [debug,159] - ==> Parameters: 
14:37:09.499 [http-nio-9999-exec-3] DEBUG com.cms.dao.YlLaAreaDao.selectList - [debug,159] - ==>  Preparing: SELECT place_code,place_type,place_name,up_place_name,operator,make_date,make_time,modify_date,modify_time FROM yl_la_area 
14:37:09.502 [http-nio-9999-exec-4] DEBUG com.cms.dao.LdComNewDao.selectList - [debug,159] - <==      Total: 1
14:37:09.505 [http-nio-9999-exec-3] DEBUG com.cms.dao.YlLaAreaDao.selectList - [debug,159] - ==> Parameters: 
14:37:09.508 [http-nio-9999-exec-3] DEBUG com.cms.dao.YlLaAreaDao.selectList - [debug,159] - <==      Total: 0
14:37:09.507 [http-nio-9999-exec-1] DEBUG com.cms.dao.LdComNewDao.selectList - [debug,159] - ==>  Preparing: SELECT com_code,out_com_code,name,core_code,core_name,short_name,area_code,address,zip_code,phone,fax,email,effect_state,revocation,reason,revocation_date,recover_date,remarks,county_com,effect_date,financial_code,web_address,satrap_name,insu_monitor_code,insure_id,sign_id,regionalism_code,com_nature,valid_code,sign,com_city_size,service_name,service_no,service_phone,service_post_address,com_grade,com_area_type,up_com_code,up_up_com_code,is_dir_under,found_date,agy,agy_name,bk,bk_name,yl,yl_name,br,br_name,tm,tm_name,rw,rw_name,operator,make_date,make_time,modify_date,modify_time FROM ld_com_new WHERE up_com_code = ? 
14:37:09.515 [http-nio-9999-exec-1] DEBUG com.cms.dao.LdComNewDao.selectList - [debug,159] - ==> Parameters: 86(String)
14:37:09.522 [http-nio-9999-exec-1] DEBUG com.cms.dao.LdComNewDao.selectList - [debug,159] - <==      Total: 1
14:37:09.534 [http-nio-9999-exec-2] DEBUG com.cms.dao.LdCodeDao.selectList - [debug,159] - <==      Total: 1321
14:37:09.541 [http-nio-9999-exec-6] DEBUG com.cms.dao.LdCodeDao.selectList - [debug,159] - <==      Total: 1321
14:37:13.114 [http-nio-9999-exec-8] DEBUG com.cms.dao.LdComNewDao.selectList - [debug,159] - ==>  Preparing: SELECT com_code,out_com_code,name,core_code,core_name,short_name,area_code,address,zip_code,phone,fax,email,effect_state,revocation,reason,revocation_date,recover_date,remarks,county_com,effect_date,financial_code,web_address,satrap_name,insu_monitor_code,insure_id,sign_id,regionalism_code,com_nature,valid_code,sign,com_city_size,service_name,service_no,service_phone,service_post_address,com_grade,com_area_type,up_com_code,up_up_com_code,is_dir_under,found_date,agy,agy_name,bk,bk_name,yl,yl_name,br,br_name,tm,tm_name,rw,rw_name,operator,make_date,make_time,modify_date,modify_time FROM ld_com_new WHERE up_com_code = ? 
14:37:13.118 [http-nio-9999-exec-8] DEBUG com.cms.dao.LdComNewDao.selectList - [debug,159] - ==> Parameters: 8611(String)
14:37:13.127 [http-nio-9999-exec-8] DEBUG com.cms.dao.LdComNewDao.selectList - [debug,159] - <==      Total: 1
14:37:16.838 [http-nio-9999-exec-9] DEBUG com.cms.dao.LdComNewDao.selectList - [debug,159] - ==>  Preparing: SELECT com_code,out_com_code,name,core_code,core_name,short_name,area_code,address,zip_code,phone,fax,email,effect_state,revocation,reason,revocation_date,recover_date,remarks,county_com,effect_date,financial_code,web_address,satrap_name,insu_monitor_code,insure_id,sign_id,regionalism_code,com_nature,valid_code,sign,com_city_size,service_name,service_no,service_phone,service_post_address,com_grade,com_area_type,up_com_code,up_up_com_code,is_dir_under,found_date,agy,agy_name,bk,bk_name,yl,yl_name,br,br_name,tm,tm_name,rw,rw_name,operator,make_date,make_time,modify_date,modify_time FROM ld_com_new WHERE up_com_code = ? 
14:37:16.840 [http-nio-9999-exec-9] DEBUG com.cms.dao.LdComNewDao.selectList - [debug,159] - ==> Parameters: 861101(String)
14:37:16.899 [http-nio-9999-exec-9] DEBUG com.cms.dao.LdComNewDao.selectList - [debug,159] - <==      Total: 1
14:37:21.380 [http-nio-9999-exec-4] DEBUG com.cms.dao.YlLaBranchGroupDao.selectList - [debug,159] - ==>  Preparing: SELECT agent_group,manage_com,branch_type,branch_attr,branch_level,branch_name,branch_name_eng,branch_name_chi,branch_eff_date,branch_address,branch_phone_no,branch_fax_no,branch_status,branch_terminate_eff_date,branch_terminate_reason,direct_flag,up_agent_group,branch_manager,branch_manager_name,branch_manager_phone,manager_eff_date,reporting_manager,chat_name,make_date,make_time,modify_date,modify_time,operator FROM yl_la_branch_group WHERE manage_com = ? 
14:37:21.385 [http-nio-9999-exec-4] DEBUG com.cms.dao.YlLaBranchGroupDao.selectList - [debug,159] - ==> Parameters: 86110101(String)
14:37:21.417 [http-nio-9999-exec-4] DEBUG com.cms.dao.YlLaBranchGroupDao.selectList - [debug,159] - <==      Total: 2
14:37:26.187 [http-nio-9999-exec-1] DEBUG com.cms.dao.YlLaAgentDao.queryStaff - [debug,159] - ==>  Preparing: SELECT t1.agent_code, t1.agent_name, t1.agent_grade, t1.agent_state, t1.employ_date, t1.out_work_date, t2.com_code, t2.yl_name AS manage_com4, t3.agent_group, t3.branch_attr, t3.branch_name, t4.grade_name, (SELECT code_name FROM ld_code WHERE t1.agent_state=ld_code.code AND ld_code.code_type='agentstate') AS stateName, (SELECT yl_name FROM ld_com_new WHERE ld_com_new.yl = 'Y' AND com_code = (SELECT LEFT(t2.com_code, 6))) AS manage_com3, (SELECT yl_name FROM ld_com_new WHERE ld_com_new.yl='Y' AND com_code=(SELECT LEFT (t2.com_code, 4))) AS manage_com2 FROM yl_la_agent AS t1 JOIN ld_com_new AS t2 ON t1.manage_com=t2.com_code JOIN yl_la_branch_group AS t3 ON t1.agent_group=t3.agent_group JOIN la_agent_grade AS t4 ON t1.agent_grade=t4.grade_code WHERE t3.branch_attr = ? AND t2.com_code = ? 
14:37:26.190 [http-nio-9999-exec-1] DEBUG com.cms.dao.YlLaAgentDao.queryStaff - [debug,159] - ==> Parameters: T1101100001(String), 86110101(String)
14:37:26.237 [http-nio-9999-exec-1] DEBUG com.cms.dao.YlLaAgentDao.queryStaff - [debug,159] - <==      Total: 4
14:37:36.043 [http-nio-9999-exec-2] DEBUG com.cms.dao.LdCodeDao.selectList - [debug,159] - ==>  Preparing: SELECT code_type,code,code_name,com_code,other_sign FROM ld_code 
14:37:36.044 [http-nio-9999-exec-6] DEBUG com.cms.dao.YlLaAreaDao.selectList - [debug,159] - ==>  Preparing: SELECT place_code,place_type,place_name,up_place_name,operator,make_date,make_time,modify_date,modify_time FROM yl_la_area 
14:37:36.045 [http-nio-9999-exec-2] DEBUG com.cms.dao.LdCodeDao.selectList - [debug,159] - ==> Parameters: 
14:37:36.046 [http-nio-9999-exec-6] DEBUG com.cms.dao.YlLaAreaDao.selectList - [debug,159] - ==> Parameters: 
14:37:36.049 [http-nio-9999-exec-6] DEBUG com.cms.dao.YlLaAreaDao.selectList - [debug,159] - <==      Total: 0
14:37:36.049 [http-nio-9999-exec-5] DEBUG com.cms.dao.LdComNewDao.selectList - [debug,159] - ==>  Preparing: SELECT com_code,out_com_code,name,core_code,core_name,short_name,area_code,address,zip_code,phone,fax,email,effect_state,revocation,reason,revocation_date,recover_date,remarks,county_com,effect_date,financial_code,web_address,satrap_name,insu_monitor_code,insure_id,sign_id,regionalism_code,com_nature,valid_code,sign,com_city_size,service_name,service_no,service_phone,service_post_address,com_grade,com_area_type,up_com_code,up_up_com_code,is_dir_under,found_date,agy,agy_name,bk,bk_name,yl,yl_name,br,br_name,tm,tm_name,rw,rw_name,operator,make_date,make_time,modify_date,modify_time FROM ld_com_new WHERE up_com_code = ? 
14:37:36.051 [http-nio-9999-exec-5] DEBUG com.cms.dao.LdComNewDao.selectList - [debug,159] - ==> Parameters: 86(String)
14:37:36.059 [http-nio-9999-exec-5] DEBUG com.cms.dao.LdComNewDao.selectList - [debug,159] - <==      Total: 1
14:37:36.114 [http-nio-9999-exec-2] DEBUG com.cms.dao.LdCodeDao.selectList - [debug,159] - <==      Total: 1321
14:43:26.213 [http-nio-9999-exec-3] DEBUG com.cms.dao.LdCodeDao.selectList - [debug,159] - ==>  Preparing: SELECT code_type,code,code_name,com_code,other_sign FROM ld_code 
14:43:26.217 [http-nio-9999-exec-3] DEBUG com.cms.dao.LdCodeDao.selectList - [debug,159] - ==> Parameters: 
14:43:26.220 [http-nio-9999-exec-1] DEBUG com.cms.dao.LdComNewDao.selectList - [debug,159] - ==>  Preparing: SELECT com_code,out_com_code,name,core_code,core_name,short_name,area_code,address,zip_code,phone,fax,email,effect_state,revocation,reason,revocation_date,recover_date,remarks,county_com,effect_date,financial_code,web_address,satrap_name,insu_monitor_code,insure_id,sign_id,regionalism_code,com_nature,valid_code,sign,com_city_size,service_name,service_no,service_phone,service_post_address,com_grade,com_area_type,up_com_code,up_up_com_code,is_dir_under,found_date,agy,agy_name,bk,bk_name,yl,yl_name,br,br_name,tm,tm_name,rw,rw_name,operator,make_date,make_time,modify_date,modify_time FROM ld_com_new WHERE up_com_code = ? 
14:43:26.226 [http-nio-9999-exec-1] DEBUG com.cms.dao.LdComNewDao.selectList - [debug,159] - ==> Parameters: 86(String)
14:43:26.240 [http-nio-9999-exec-1] DEBUG com.cms.dao.LdComNewDao.selectList - [debug,159] - <==      Total: 1
14:43:26.243 [http-nio-9999-exec-5] DEBUG com.cms.dao.YlLaAreaDao.selectList - [debug,159] - ==>  Preparing: SELECT place_code,place_type,place_name,up_place_name,operator,make_date,make_time,modify_date,modify_time FROM yl_la_area 
14:43:26.243 [http-nio-9999-exec-6] DEBUG com.cms.dao.LdCodeDao.selectList - [debug,159] - ==>  Preparing: SELECT code_type,code,code_name,com_code,other_sign FROM ld_code 
14:43:26.245 [http-nio-9999-exec-5] DEBUG com.cms.dao.YlLaAreaDao.selectList - [debug,159] - ==> Parameters: 
14:43:26.245 [http-nio-9999-exec-6] DEBUG com.cms.dao.LdCodeDao.selectList - [debug,159] - ==> Parameters: 
14:43:26.251 [http-nio-9999-exec-5] DEBUG com.cms.dao.YlLaAreaDao.selectList - [debug,159] - <==      Total: 0
14:43:26.251 [http-nio-9999-exec-2] DEBUG com.cms.dao.LdComNewDao.selectList - [debug,159] - ==>  Preparing: SELECT com_code,out_com_code,name,core_code,core_name,short_name,area_code,address,zip_code,phone,fax,email,effect_state,revocation,reason,revocation_date,recover_date,remarks,county_com,effect_date,financial_code,web_address,satrap_name,insu_monitor_code,insure_id,sign_id,regionalism_code,com_nature,valid_code,sign,com_city_size,service_name,service_no,service_phone,service_post_address,com_grade,com_area_type,up_com_code,up_up_com_code,is_dir_under,found_date,agy,agy_name,bk,bk_name,yl,yl_name,br,br_name,tm,tm_name,rw,rw_name,operator,make_date,make_time,modify_date,modify_time FROM ld_com_new WHERE up_com_code = ? 
14:43:26.255 [http-nio-9999-exec-2] DEBUG com.cms.dao.LdComNewDao.selectList - [debug,159] - ==> Parameters: 86(String)
14:43:26.267 [http-nio-9999-exec-2] DEBUG com.cms.dao.LdComNewDao.selectList - [debug,159] - <==      Total: 1
14:43:26.328 [http-nio-9999-exec-3] DEBUG com.cms.dao.LdCodeDao.selectList - [debug,159] - <==      Total: 1321
14:43:26.341 [http-nio-9999-exec-6] DEBUG com.cms.dao.LdCodeDao.selectList - [debug,159] - <==      Total: 1321
14:43:32.800 [http-nio-9999-exec-8] DEBUG com.cms.dao.LdComNewDao.selectList - [debug,159] - ==>  Preparing: SELECT com_code,out_com_code,name,core_code,core_name,short_name,area_code,address,zip_code,phone,fax,email,effect_state,revocation,reason,revocation_date,recover_date,remarks,county_com,effect_date,financial_code,web_address,satrap_name,insu_monitor_code,insure_id,sign_id,regionalism_code,com_nature,valid_code,sign,com_city_size,service_name,service_no,service_phone,service_post_address,com_grade,com_area_type,up_com_code,up_up_com_code,is_dir_under,found_date,agy,agy_name,bk,bk_name,yl,yl_name,br,br_name,tm,tm_name,rw,rw_name,operator,make_date,make_time,modify_date,modify_time FROM ld_com_new WHERE up_com_code = ? 
14:43:32.801 [http-nio-9999-exec-8] DEBUG com.cms.dao.LdComNewDao.selectList - [debug,159] - ==> Parameters: 8611(String)
14:43:32.805 [http-nio-9999-exec-8] DEBUG com.cms.dao.LdComNewDao.selectList - [debug,159] - <==      Total: 1
14:43:37.709 [http-nio-9999-exec-10] DEBUG com.cms.dao.YlLaAgentDao.queryStaff - [debug,159] - ==>  Preparing: SELECT t1.agent_code, t1.agent_name, t1.agent_grade, t1.agent_state, t1.employ_date, t1.out_work_date, t2.com_code, t2.yl_name AS manage_com4, t3.agent_group, t3.branch_attr, t3.branch_name, t4.grade_name, (SELECT code_name FROM ld_code WHERE t1.agent_state=ld_code.code AND ld_code.code_type='agentstate') AS stateName, (SELECT yl_name FROM ld_com_new WHERE ld_com_new.yl = 'Y' AND com_code = (SELECT LEFT(t2.com_code, 6))) AS manage_com3, (SELECT yl_name FROM ld_com_new WHERE ld_com_new.yl='Y' AND com_code=(SELECT LEFT (t2.com_code, 4))) AS manage_com2 FROM yl_la_agent AS t1 JOIN ld_com_new AS t2 ON t1.manage_com=t2.com_code JOIN yl_la_branch_group AS t3 ON t1.agent_group=t3.agent_group JOIN la_agent_grade AS t4 ON t1.agent_grade=t4.grade_code WHERE t2.com_code LIKE ? 
14:43:37.712 [http-nio-9999-exec-10] DEBUG com.cms.dao.YlLaAgentDao.queryStaff - [debug,159] - ==> Parameters: 8611%(String)
14:43:37.728 [http-nio-9999-exec-10] DEBUG com.cms.dao.YlLaAgentDao.queryStaff - [debug,159] - <==      Total: 5
14:43:41.609 [http-nio-9999-exec-9] DEBUG com.cms.dao.LdComNewDao.selectList - [debug,159] - ==>  Preparing: SELECT com_code,out_com_code,name,core_code,core_name,short_name,area_code,address,zip_code,phone,fax,email,effect_state,revocation,reason,revocation_date,recover_date,remarks,county_com,effect_date,financial_code,web_address,satrap_name,insu_monitor_code,insure_id,sign_id,regionalism_code,com_nature,valid_code,sign,com_city_size,service_name,service_no,service_phone,service_post_address,com_grade,com_area_type,up_com_code,up_up_com_code,is_dir_under,found_date,agy,agy_name,bk,bk_name,yl,yl_name,br,br_name,tm,tm_name,rw,rw_name,operator,make_date,make_time,modify_date,modify_time FROM ld_com_new WHERE up_com_code = ? 
14:43:41.612 [http-nio-9999-exec-9] DEBUG com.cms.dao.LdComNewDao.selectList - [debug,159] - ==> Parameters: 861101(String)
14:43:41.619 [http-nio-9999-exec-9] DEBUG com.cms.dao.LdComNewDao.selectList - [debug,159] - <==      Total: 1
14:43:44.035 [http-nio-9999-exec-4] DEBUG com.cms.dao.YlLaBranchGroupDao.selectList - [debug,159] - ==>  Preparing: SELECT agent_group,manage_com,branch_type,branch_attr,branch_level,branch_name,branch_name_eng,branch_name_chi,branch_eff_date,branch_address,branch_phone_no,branch_fax_no,branch_status,branch_terminate_eff_date,branch_terminate_reason,direct_flag,up_agent_group,branch_manager,branch_manager_name,branch_manager_phone,manager_eff_date,reporting_manager,chat_name,make_date,make_time,modify_date,modify_time,operator FROM yl_la_branch_group WHERE manage_com = ? 
14:43:44.037 [http-nio-9999-exec-4] DEBUG com.cms.dao.YlLaBranchGroupDao.selectList - [debug,159] - ==> Parameters: 86110101(String)
14:43:44.045 [http-nio-9999-exec-4] DEBUG com.cms.dao.YlLaBranchGroupDao.selectList - [debug,159] - <==      Total: 2
14:43:45.596 [http-nio-9999-exec-7] DEBUG com.cms.dao.YlLaAgentDao.queryStaff - [debug,159] - ==>  Preparing: SELECT t1.agent_code, t1.agent_name, t1.agent_grade, t1.agent_state, t1.employ_date, t1.out_work_date, t2.com_code, t2.yl_name AS manage_com4, t3.agent_group, t3.branch_attr, t3.branch_name, t4.grade_name, (SELECT code_name FROM ld_code WHERE t1.agent_state=ld_code.code AND ld_code.code_type='agentstate') AS stateName, (SELECT yl_name FROM ld_com_new WHERE ld_com_new.yl = 'Y' AND com_code = (SELECT LEFT(t2.com_code, 6))) AS manage_com3, (SELECT yl_name FROM ld_com_new WHERE ld_com_new.yl='Y' AND com_code=(SELECT LEFT (t2.com_code, 4))) AS manage_com2 FROM yl_la_agent AS t1 JOIN ld_com_new AS t2 ON t1.manage_com=t2.com_code JOIN yl_la_branch_group AS t3 ON t1.agent_group=t3.agent_group JOIN la_agent_grade AS t4 ON t1.agent_grade=t4.grade_code WHERE t2.com_code = ? 
14:43:45.599 [http-nio-9999-exec-7] DEBUG com.cms.dao.YlLaAgentDao.queryStaff - [debug,159] - ==> Parameters: 86110101(String)
14:43:45.612 [http-nio-9999-exec-7] DEBUG com.cms.dao.YlLaAgentDao.queryStaff - [debug,159] - <==      Total: 5
14:43:51.535 [http-nio-9999-exec-1] DEBUG com.cms.dao.LdComNewDao.selectList - [debug,159] - ==>  Preparing: SELECT com_code,out_com_code,name,core_code,core_name,short_name,area_code,address,zip_code,phone,fax,email,effect_state,revocation,reason,revocation_date,recover_date,remarks,county_com,effect_date,financial_code,web_address,satrap_name,insu_monitor_code,insure_id,sign_id,regionalism_code,com_nature,valid_code,sign,com_city_size,service_name,service_no,service_phone,service_post_address,com_grade,com_area_type,up_com_code,up_up_com_code,is_dir_under,found_date,agy,agy_name,bk,bk_name,yl,yl_name,br,br_name,tm,tm_name,rw,rw_name,operator,make_date,make_time,modify_date,modify_time FROM ld_com_new WHERE com_grade = ? 
14:43:51.538 [http-nio-9999-exec-1] DEBUG com.cms.dao.LdComNewDao.selectList - [debug,159] - ==> Parameters: 01(String)
14:43:51.550 [http-nio-9999-exec-1] DEBUG com.cms.dao.LdComNewDao.selectList - [debug,159] - <==      Total: 1
14:43:51.565 [http-nio-9999-exec-1] DEBUG com.cms.dao.LdComNewDao.selectList - [debug,159] - ==>  Preparing: SELECT com_code,out_com_code,name,core_code,core_name,short_name,area_code,address,zip_code,phone,fax,email,effect_state,revocation,reason,revocation_date,recover_date,remarks,county_com,effect_date,financial_code,web_address,satrap_name,insu_monitor_code,insure_id,sign_id,regionalism_code,com_nature,valid_code,sign,com_city_size,service_name,service_no,service_phone,service_post_address,com_grade,com_area_type,up_com_code,up_up_com_code,is_dir_under,found_date,agy,agy_name,bk,bk_name,yl,yl_name,br,br_name,tm,tm_name,rw,rw_name,operator,make_date,make_time,modify_date,modify_time FROM ld_com_new WHERE com_grade = ? 
14:43:51.568 [http-nio-9999-exec-1] DEBUG com.cms.dao.LdComNewDao.selectList - [debug,159] - ==> Parameters: 01(String)
14:43:51.577 [http-nio-9999-exec-1] DEBUG com.cms.dao.LdComNewDao.selectList - [debug,159] - <==      Total: 1
14:43:51.584 [http-nio-9999-exec-1] DEBUG com.cms.dao.LdComNewDao.selectList - [debug,159] - ==>  Preparing: SELECT com_code,out_com_code,name,core_code,core_name,short_name,area_code,address,zip_code,phone,fax,email,effect_state,revocation,reason,revocation_date,recover_date,remarks,county_com,effect_date,financial_code,web_address,satrap_name,insu_monitor_code,insure_id,sign_id,regionalism_code,com_nature,valid_code,sign,com_city_size,service_name,service_no,service_phone,service_post_address,com_grade,com_area_type,up_com_code,up_up_com_code,is_dir_under,found_date,agy,agy_name,bk,bk_name,yl,yl_name,br,br_name,tm,tm_name,rw,rw_name,operator,make_date,make_time,modify_date,modify_time FROM ld_com_new WHERE up_com_code = ? 
14:43:51.587 [http-nio-9999-exec-1] DEBUG com.cms.dao.LdComNewDao.selectList - [debug,159] - ==> Parameters: 86(String)
14:43:51.597 [http-nio-9999-exec-1] DEBUG com.cms.dao.LdComNewDao.selectList - [debug,159] - <==      Total: 1
14:43:51.604 [http-nio-9999-exec-1] DEBUG com.cms.dao.LdComNewDao.selectList - [debug,159] - ==>  Preparing: SELECT com_code,out_com_code,name,core_code,core_name,short_name,area_code,address,zip_code,phone,fax,email,effect_state,revocation,reason,revocation_date,recover_date,remarks,county_com,effect_date,financial_code,web_address,satrap_name,insu_monitor_code,insure_id,sign_id,regionalism_code,com_nature,valid_code,sign,com_city_size,service_name,service_no,service_phone,service_post_address,com_grade,com_area_type,up_com_code,up_up_com_code,is_dir_under,found_date,agy,agy_name,bk,bk_name,yl,yl_name,br,br_name,tm,tm_name,rw,rw_name,operator,make_date,make_time,modify_date,modify_time FROM ld_com_new WHERE up_com_code = ? 
14:43:51.609 [http-nio-9999-exec-1] DEBUG com.cms.dao.LdComNewDao.selectList - [debug,159] - ==> Parameters: 8611(String)
14:43:51.618 [http-nio-9999-exec-1] DEBUG com.cms.dao.LdComNewDao.selectList - [debug,159] - <==      Total: 1
14:43:51.626 [http-nio-9999-exec-1] DEBUG com.cms.dao.LdComNewDao.selectList - [debug,159] - ==>  Preparing: SELECT com_code,out_com_code,name,core_code,core_name,short_name,area_code,address,zip_code,phone,fax,email,effect_state,revocation,reason,revocation_date,recover_date,remarks,county_com,effect_date,financial_code,web_address,satrap_name,insu_monitor_code,insure_id,sign_id,regionalism_code,com_nature,valid_code,sign,com_city_size,service_name,service_no,service_phone,service_post_address,com_grade,com_area_type,up_com_code,up_up_com_code,is_dir_under,found_date,agy,agy_name,bk,bk_name,yl,yl_name,br,br_name,tm,tm_name,rw,rw_name,operator,make_date,make_time,modify_date,modify_time FROM ld_com_new WHERE up_com_code = ? 
14:43:51.629 [http-nio-9999-exec-1] DEBUG com.cms.dao.LdComNewDao.selectList - [debug,159] - ==> Parameters: 861101(String)
14:43:51.640 [http-nio-9999-exec-1] DEBUG com.cms.dao.LdComNewDao.selectList - [debug,159] - <==      Total: 1
14:43:51.647 [http-nio-9999-exec-1] DEBUG com.cms.dao.LdComNewDao.selectList - [debug,159] - ==>  Preparing: SELECT com_code,out_com_code,name,core_code,core_name,short_name,area_code,address,zip_code,phone,fax,email,effect_state,revocation,reason,revocation_date,recover_date,remarks,county_com,effect_date,financial_code,web_address,satrap_name,insu_monitor_code,insure_id,sign_id,regionalism_code,com_nature,valid_code,sign,com_city_size,service_name,service_no,service_phone,service_post_address,com_grade,com_area_type,up_com_code,up_up_com_code,is_dir_under,found_date,agy,agy_name,bk,bk_name,yl,yl_name,br,br_name,tm,tm_name,rw,rw_name,operator,make_date,make_time,modify_date,modify_time FROM ld_com_new WHERE up_com_code = ? 
14:43:51.650 [http-nio-9999-exec-1] DEBUG com.cms.dao.LdComNewDao.selectList - [debug,159] - ==> Parameters: 86110101(String)
14:43:51.657 [http-nio-9999-exec-1] DEBUG com.cms.dao.LdComNewDao.selectList - [debug,159] - <==      Total: 0
14:44:05.434 [http-nio-9999-exec-5] DEBUG com.cms.dao.YlLaBranchGroupDao.selectList - [debug,159] - ==>  Preparing: SELECT agent_group,manage_com,branch_type,branch_attr,branch_level,branch_name,branch_name_eng,branch_name_chi,branch_eff_date,branch_address,branch_phone_no,branch_fax_no,branch_status,branch_terminate_eff_date,branch_terminate_reason,direct_flag,up_agent_group,branch_manager,branch_manager_name,branch_manager_phone,manager_eff_date,reporting_manager,chat_name,make_date,make_time,modify_date,modify_time,operator FROM yl_la_branch_group WHERE manage_com LIKE ? 
14:44:05.437 [http-nio-9999-exec-5] DEBUG com.cms.dao.YlLaBranchGroupDao.selectList - [debug,159] - ==> Parameters: 861101%(String)
14:44:05.445 [http-nio-9999-exec-5] DEBUG com.cms.dao.YlLaBranchGroupDao.selectList - [debug,159] - <==      Total: 2
14:44:06.118 [http-nio-9999-exec-2] DEBUG com.cms.dao.YlLaBranchGroupDao.selectList - [debug,159] - ==>  Preparing: SELECT agent_group,manage_com,branch_type,branch_attr,branch_level,branch_name,branch_name_eng,branch_name_chi,branch_eff_date,branch_address,branch_phone_no,branch_fax_no,branch_status,branch_terminate_eff_date,branch_terminate_reason,direct_flag,up_agent_group,branch_manager,branch_manager_name,branch_manager_phone,manager_eff_date,reporting_manager,chat_name,make_date,make_time,modify_date,modify_time,operator FROM yl_la_branch_group WHERE manage_com LIKE ? 
14:44:06.119 [http-nio-9999-exec-2] DEBUG com.cms.dao.YlLaBranchGroupDao.selectList - [debug,159] - ==> Parameters: 86110101%(String)
14:44:06.122 [http-nio-9999-exec-2] DEBUG com.cms.dao.YlLaBranchGroupDao.selectList - [debug,159] - <==      Total: 2
14:44:12.365 [http-nio-9999-exec-3] DEBUG com.cms.dao.YlLaAgentDao.SearchList - [debug,159] - ==>  Preparing: select t1.agent_code, t1.agent_name, t1.employ_date, t1.agent_state, t1.agent_grade, t4.branch_attr as agentGroup, t3.contract_type, t4.branch_name, t4.manage_com as com_code4 , (SELECT yl_name FROM ld_com_new WHERE ld_com_new.com_code=com_code4) AS manageCom4, (SELECT up_com_code FROM ld_com_new WHERE t4.manage_com=ld_com_new.com_code) AS com_code3, (SELECT yl_name FROM ld_com_new WHERE ld_com_new.com_code=com_code3) AS manageCom3, (SELECT up_com_code FROM ld_com_new WHERE ld_com_new.com_code=com_code3) AS com_code2, (SELECT yl_name FROM ld_com_new WHERE ld_com_new.com_code=com_code2) AS manageCom2, (SELECT code_name FROM ld_code WHERE ld_code.code_type='agentstate' AND code=t1.agent_state) AS agentState, (SELECT code_name FROM ld_code WHERE ld_code.code_type='contracttype' AND code=t3.contract_type) AS contractType, (SELECT grade_name FROM la_agent_grade WHERE la_agent_grade.grade_code=t1.agent_grade) AS agentGrade from yl_la_agent AS t1 JOIN yl_la_agent_attr AS t3 ON t1.agent_code = t3.agent_code JOIN yl_la_branch_group AS t4 ON t1.agent_group = t4.agent_group WHERE t4.manage_com LIKE ? AND t1.agent_grade LIKE ? AND t1.agent_state <= ? AND t1.agent_group = ? 
14:44:12.368 [http-nio-9999-exec-3] DEBUG com.cms.dao.YlLaAgentDao.SearchList - [debug,159] - ==> Parameters: 86110101%(String), YL%(String), 02(String), 1000000001(String)
14:44:12.399 [http-nio-9999-exec-3] DEBUG com.cms.dao.YlLaAgentDao.SearchList - [debug,159] - <==      Total: 3
14:44:16.326 [http-nio-9999-exec-6] DEBUG com.cms.dao.LdComNewDao.getCom4 - [debug,159] - ==>  Preparing: select com_code as code, yl_name as name from ld_com_new where ld_com_new.com_code regexp '[0-9]{8}'; 
14:44:16.333 [http-nio-9999-exec-6] DEBUG com.cms.dao.LdComNewDao.getCom4 - [debug,159] - ==> Parameters: 
14:44:16.351 [http-nio-9999-exec-6] DEBUG com.cms.dao.LdComNewDao.getCom4 - [debug,159] - <==      Total: 1
14:44:19.491 [http-nio-9999-exec-8] DEBUG com.cms.dao.YlLaBranchGroupDao.selectList - [debug,159] - ==>  Preparing: SELECT agent_group,manage_com,branch_type,branch_attr,branch_level,branch_name,branch_name_eng,branch_name_chi,branch_eff_date,branch_address,branch_phone_no,branch_fax_no,branch_status,branch_terminate_eff_date,branch_terminate_reason,direct_flag,up_agent_group,branch_manager,branch_manager_name,branch_manager_phone,manager_eff_date,reporting_manager,chat_name,make_date,make_time,modify_date,modify_time,operator FROM yl_la_branch_group WHERE manage_com LIKE ? 
14:44:19.493 [http-nio-9999-exec-8] DEBUG com.cms.dao.YlLaBranchGroupDao.selectList - [debug,159] - ==> Parameters: 86110101%(String)
14:44:19.501 [http-nio-9999-exec-8] DEBUG com.cms.dao.YlLaBranchGroupDao.selectList - [debug,159] - <==      Total: 2
14:44:22.816 [http-nio-9999-exec-10] DEBUG com.cms.dao.YlLaBranchGroupDao.selectOne - [debug,159] - ==>  Preparing: SELECT agent_group,manage_com,branch_type,branch_attr,branch_level,branch_name,branch_name_eng,branch_name_chi,branch_eff_date,branch_address,branch_phone_no,branch_fax_no,branch_status,branch_terminate_eff_date,branch_terminate_reason,direct_flag,up_agent_group,branch_manager,branch_manager_name,branch_manager_phone,manager_eff_date,reporting_manager,chat_name,make_date,make_time,modify_date,modify_time,operator FROM yl_la_branch_group WHERE agent_group = ? 
14:44:22.818 [http-nio-9999-exec-10] DEBUG com.cms.dao.YlLaBranchGroupDao.selectOne - [debug,159] - ==> Parameters: 1000000002(String)
14:44:22.824 [http-nio-9999-exec-10] DEBUG com.cms.dao.YlLaBranchGroupDao.selectOne - [debug,159] - <==      Total: 1
14:44:24.168 [http-nio-9999-exec-9] DEBUG com.cms.dao.YlLaAgentDao.selectList - [debug,159] - ==>  Preparing: SELECT agent_code,sap_code,agent_name,agent_job,agent_grade,agent_state,branch_type,manage_com,init_grade,employ_date,sign_date,in_due_form_date,out_work_date,done_date,insert_kind,agent_group,work_date,introduce,repeat_flag,operator,is_peers,make_date,make_time,modify_date,modify_time FROM yl_la_agent WHERE agent_code = ? 
14:44:24.171 [http-nio-9999-exec-9] DEBUG com.cms.dao.YlLaAgentDao.selectList - [debug,159] - ==> Parameters: YL00000001(String)
14:44:24.186 [http-nio-9999-exec-9] DEBUG com.cms.dao.YlLaAgentDao.selectList - [debug,159] - <==      Total: 1
14:44:24.196 [http-nio-9999-exec-9] DEBUG com.cms.dao.YlLaBranchGroupDao.selectList - [debug,159] - ==>  Preparing: SELECT agent_group,manage_com,branch_type,branch_attr,branch_level,branch_name,branch_name_eng,branch_name_chi,branch_eff_date,branch_address,branch_phone_no,branch_fax_no,branch_status,branch_terminate_eff_date,branch_terminate_reason,direct_flag,up_agent_group,branch_manager,branch_manager_name,branch_manager_phone,manager_eff_date,reporting_manager,chat_name,make_date,make_time,modify_date,modify_time,operator FROM yl_la_branch_group WHERE manage_com = ? AND agent_group = ? 
14:44:24.199 [http-nio-9999-exec-9] DEBUG com.cms.dao.YlLaBranchGroupDao.selectList - [debug,159] - ==> Parameters: 86110101(String), 1000000002(String)
14:44:24.206 [http-nio-9999-exec-9] DEBUG com.cms.dao.YlLaBranchGroupDao.selectList - [debug,159] - <==      Total: 1
14:44:24.260 [http-nio-9999-exec-9] DEBUG com.cms.dao.YlLaAgentDao.update - [debug,159] - ==>  Preparing: UPDATE yl_la_agent SET manage_com=?,agent_group=?,modify_date=?,modify_time=?,operator=? WHERE agent_code = ? 
14:44:24.281 [http-nio-9999-exec-9] DEBUG com.cms.dao.YlLaAgentDao.update - [debug,159] - ==> Parameters: 86110101(String), 1000000002(String), 2022-06-15 00:00:00.0(Timestamp), 14:44:24(String), admin(String), YL00000001(String)
14:44:24.358 [http-nio-9999-exec-9] DEBUG com.cms.dao.YlLaAgentDao.update - [debug,159] - <==    Updates: 1
14:44:24.386 [http-nio-9999-exec-9] DEBUG com.cms.dao.YlLaBranchGroupDao.selectOne - [debug,159] - ==>  Preparing: SELECT agent_group,manage_com,branch_type,branch_attr,branch_level,branch_name,branch_name_eng,branch_name_chi,branch_eff_date,branch_address,branch_phone_no,branch_fax_no,branch_status,branch_terminate_eff_date,branch_terminate_reason,direct_flag,up_agent_group,branch_manager,branch_manager_name,branch_manager_phone,manager_eff_date,reporting_manager,chat_name,make_date,make_time,modify_date,modify_time,operator FROM yl_la_branch_group WHERE agent_group = ? 
14:44:24.390 [http-nio-9999-exec-9] DEBUG com.cms.dao.YlLaBranchGroupDao.selectOne - [debug,159] - ==> Parameters: 1000000001(String)
14:44:24.396 [http-nio-9999-exec-9] DEBUG com.cms.dao.YlLaBranchGroupDao.selectOne - [debug,159] - <==      Total: 1
14:44:24.402 [http-nio-9999-exec-9] DEBUG com.cms.dao.YlLaBranchGroupDao.selectOne - [debug,159] - ==>  Preparing: SELECT agent_group,manage_com,branch_type,branch_attr,branch_level,branch_name,branch_name_eng,branch_name_chi,branch_eff_date,branch_address,branch_phone_no,branch_fax_no,branch_status,branch_terminate_eff_date,branch_terminate_reason,direct_flag,up_agent_group,branch_manager,branch_manager_name,branch_manager_phone,manager_eff_date,reporting_manager,chat_name,make_date,make_time,modify_date,modify_time,operator FROM yl_la_branch_group WHERE agent_group = ? 
14:44:24.404 [http-nio-9999-exec-9] DEBUG com.cms.dao.YlLaBranchGroupDao.selectOne - [debug,159] - ==> Parameters: 1000000002(String)
14:44:24.411 [http-nio-9999-exec-9] DEBUG com.cms.dao.YlLaBranchGroupDao.selectOne - [debug,159] - <==      Total: 1
14:44:24.417 [http-nio-9999-exec-9] DEBUG com.cms.dao.YlLaAgentManoeuvreDao.selectList - [debug,159] - ==>  Preparing: SELECT edor_no,edor_type,funct_type,adjust_reason,agent_code,branch_type,branch_type2,manoeuvre_date,pre_manage_com,cur_manage_com,pre_branch_code,cur_branch_code,pre_branch_attr,cur_branch_attr,pre_agent_grade,cur_agent_grade,pre_agent_state,cur_agent_state,pre_distict,cur_distict,pre_distict_manager,cur_distict_manager,pre_department,cur_department,pre_department_manager,cur_department_manager,cur_agent_group_name,operator,make_date,make_time,modify_date,modify_time FROM yl_la_agent_manoeuvre 
14:44:24.419 [http-nio-9999-exec-9] DEBUG com.cms.dao.YlLaAgentManoeuvreDao.selectList - [debug,159] - ==> Parameters: 
14:44:24.533 [http-nio-9999-exec-9] DEBUG com.cms.dao.YlLaAgentManoeuvreDao.selectList - [debug,159] - <==      Total: 5
14:44:24.542 [http-nio-9999-exec-9] DEBUG com.cms.dao.YlLaAgentManoeuvreDao.insert - [debug,159] - ==>  Preparing: INSERT INTO yl_la_agent_manoeuvre ( edor_no, edor_type, funct_type, adjust_reason, agent_code, branch_type, branch_type2, manoeuvre_date, pre_manage_com, cur_manage_com, pre_branch_code, cur_branch_code, pre_branch_attr, cur_branch_attr, pre_agent_grade, cur_agent_grade, pre_agent_state, cur_agent_state, pre_distict, cur_distict, pre_distict_manager, cur_distict_manager, pre_department, cur_department, pre_department_manager, cur_department_manager, cur_agent_group_name, operator, make_date, make_time, modify_date, modify_time ) VALUES ( ?, ?, ?, ?, ?, ?, ?, ?, ?, ?, ?, ?, ?, ?, ?, ?, ?, ?, ?, ?, ?, ?, ?, ?, ?, ?, ?, ?, ?, ?, ?, ? ) 
14:44:24.552 [http-nio-9999-exec-9] DEBUG com.cms.dao.YlLaAgentManoeuvreDao.insert - [debug,159] - ==> Parameters: YL00000006(String), 01(String), 03(String), null, YL00000001(String), 4(String), null, 2022-06-15 14:44:24.536(Timestamp), 86110101(String), 86110101(String), 1000000001(String), 1000000002(String), T1101100001(String), T1101100002(String), null, null, null, null, null, null, null, null, 1000000001(String), 1000000002(String), YL00000005(String), YL00000002(String), 第二科研团队(String), admin(String), 2022-06-15 00:00:00.0(Timestamp), 14:44:24(String), 2022-06-15 00:00:00.0(Timestamp), 14:44:24(String)
14:44:24.567 [http-nio-9999-exec-9] DEBUG com.cms.dao.YlLaAgentManoeuvreDao.insert - [debug,159] - <==    Updates: 1
14:44:24.698 [http-nio-9999-exec-4] DEBUG com.cms.dao.YlLaAgentDao.SearchList - [debug,159] - ==>  Preparing: select t1.agent_code, t1.agent_name, t1.employ_date, t1.agent_state, t1.agent_grade, t4.branch_attr as agentGroup, t3.contract_type, t4.branch_name, t4.manage_com as com_code4 , (SELECT yl_name FROM ld_com_new WHERE ld_com_new.com_code=com_code4) AS manageCom4, (SELECT up_com_code FROM ld_com_new WHERE t4.manage_com=ld_com_new.com_code) AS com_code3, (SELECT yl_name FROM ld_com_new WHERE ld_com_new.com_code=com_code3) AS manageCom3, (SELECT up_com_code FROM ld_com_new WHERE ld_com_new.com_code=com_code3) AS com_code2, (SELECT yl_name FROM ld_com_new WHERE ld_com_new.com_code=com_code2) AS manageCom2, (SELECT code_name FROM ld_code WHERE ld_code.code_type='agentstate' AND code=t1.agent_state) AS agentState, (SELECT code_name FROM ld_code WHERE ld_code.code_type='contracttype' AND code=t3.contract_type) AS contractType, (SELECT grade_name FROM la_agent_grade WHERE la_agent_grade.grade_code=t1.agent_grade) AS agentGrade from yl_la_agent AS t1 JOIN yl_la_agent_attr AS t3 ON t1.agent_code = t3.agent_code JOIN yl_la_branch_group AS t4 ON t1.agent_group = t4.agent_group WHERE t4.manage_com LIKE ? AND t1.agent_grade LIKE ? AND t1.agent_state <= ? AND t1.agent_group = ? 
14:44:24.700 [http-nio-9999-exec-4] DEBUG com.cms.dao.YlLaAgentDao.SearchList - [debug,159] - ==> Parameters: 86110101%(String), YL%(String), 02(String), 1000000001(String)
14:44:24.710 [http-nio-9999-exec-4] DEBUG com.cms.dao.YlLaAgentDao.SearchList - [debug,159] - <==      Total: 2
14:47:33.764 [http-nio-9999-exec-6] DEBUG com.cms.dao.LdComNewDao.selectList - [debug,159] - ==>  Preparing: SELECT com_code,out_com_code,name,core_code,core_name,short_name,area_code,address,zip_code,phone,fax,email,effect_state,revocation,reason,revocation_date,recover_date,remarks,county_com,effect_date,financial_code,web_address,satrap_name,insu_monitor_code,insure_id,sign_id,regionalism_code,com_nature,valid_code,sign,com_city_size,service_name,service_no,service_phone,service_post_address,com_grade,com_area_type,up_com_code,up_up_com_code,is_dir_under,found_date,agy,agy_name,bk,bk_name,yl,yl_name,br,br_name,tm,tm_name,rw,rw_name,operator,make_date,make_time,modify_date,modify_time FROM ld_com_new WHERE up_com_code = ? 
14:47:33.764 [http-nio-9999-exec-6] DEBUG com.cms.dao.LdComNewDao.selectList - [debug,159] - ==> Parameters: 86(String)
14:47:33.765 [http-nio-9999-exec-10] DEBUG com.cms.dao.LdCodeDao.selectList - [debug,159] - ==>  Preparing: SELECT code_type,code,code_name,com_code,other_sign FROM ld_code 
14:47:33.766 [http-nio-9999-exec-8] DEBUG com.cms.dao.LdCodeDao.selectList - [debug,159] - ==>  Preparing: SELECT code_type,code,code_name,com_code,other_sign FROM ld_code 
14:47:33.766 [http-nio-9999-exec-10] DEBUG com.cms.dao.LdCodeDao.selectList - [debug,159] - ==> Parameters: 
14:47:33.767 [http-nio-9999-exec-8] DEBUG com.cms.dao.LdCodeDao.selectList - [debug,159] - ==> Parameters: 
14:47:33.769 [http-nio-9999-exec-6] DEBUG com.cms.dao.LdComNewDao.selectList - [debug,159] - <==      Total: 1
14:47:33.771 [http-nio-9999-exec-6] DEBUG com.cms.dao.LdCodeDao.selectList - [debug,159] - ==>  Preparing: SELECT code_type,code,code_name,com_code,other_sign FROM ld_code WHERE code_type = ? 
14:47:33.772 [http-nio-9999-exec-6] DEBUG com.cms.dao.LdCodeDao.selectList - [debug,159] - ==> Parameters: certificatename(String)
14:47:33.775 [http-nio-9999-exec-6] DEBUG com.cms.dao.LdCodeDao.selectList - [debug,159] - <==      Total: 7
14:47:33.798 [http-nio-9999-exec-10] DEBUG com.cms.dao.LdCodeDao.selectList - [debug,159] - <==      Total: 1321
14:47:33.799 [http-nio-9999-exec-8] DEBUG com.cms.dao.LdCodeDao.selectList - [debug,159] - <==      Total: 1321
14:47:44.915 [http-nio-9999-exec-9] DEBUG com.cms.dao.LdComNewDao.selectList - [debug,159] - ==>  Preparing: SELECT com_code,out_com_code,name,core_code,core_name,short_name,area_code,address,zip_code,phone,fax,email,effect_state,revocation,reason,revocation_date,recover_date,remarks,county_com,effect_date,financial_code,web_address,satrap_name,insu_monitor_code,insure_id,sign_id,regionalism_code,com_nature,valid_code,sign,com_city_size,service_name,service_no,service_phone,service_post_address,com_grade,com_area_type,up_com_code,up_up_com_code,is_dir_under,found_date,agy,agy_name,bk,bk_name,yl,yl_name,br,br_name,tm,tm_name,rw,rw_name,operator,make_date,make_time,modify_date,modify_time FROM ld_com_new WHERE up_com_code = ? 
14:47:44.917 [http-nio-9999-exec-9] DEBUG com.cms.dao.LdComNewDao.selectList - [debug,159] - ==> Parameters: 8611(String)
14:47:44.923 [http-nio-9999-exec-9] DEBUG com.cms.dao.LdComNewDao.selectList - [debug,159] - <==      Total: 1
14:47:47.771 [http-nio-9999-exec-4] DEBUG com.cms.dao.LdComNewDao.selectList - [debug,159] - ==>  Preparing: SELECT com_code,out_com_code,name,core_code,core_name,short_name,area_code,address,zip_code,phone,fax,email,effect_state,revocation,reason,revocation_date,recover_date,remarks,county_com,effect_date,financial_code,web_address,satrap_name,insu_monitor_code,insure_id,sign_id,regionalism_code,com_nature,valid_code,sign,com_city_size,service_name,service_no,service_phone,service_post_address,com_grade,com_area_type,up_com_code,up_up_com_code,is_dir_under,found_date,agy,agy_name,bk,bk_name,yl,yl_name,br,br_name,tm,tm_name,rw,rw_name,operator,make_date,make_time,modify_date,modify_time FROM ld_com_new WHERE up_com_code = ? 
14:47:47.773 [http-nio-9999-exec-4] DEBUG com.cms.dao.LdComNewDao.selectList - [debug,159] - ==> Parameters: 861101(String)
14:47:47.779 [http-nio-9999-exec-4] DEBUG com.cms.dao.LdComNewDao.selectList - [debug,159] - <==      Total: 1
14:47:54.860 [http-nio-9999-exec-7] DEBUG com.cms.dao.YlLaBranchGroupDao.selectList - [debug,159] - ==>  Preparing: SELECT agent_group,manage_com,branch_type,branch_attr,branch_level,branch_name,branch_name_eng,branch_name_chi,branch_eff_date,branch_address,branch_phone_no,branch_fax_no,branch_status,branch_terminate_eff_date,branch_terminate_reason,direct_flag,up_agent_group,branch_manager,branch_manager_name,branch_manager_phone,manager_eff_date,reporting_manager,chat_name,make_date,make_time,modify_date,modify_time,operator FROM yl_la_branch_group WHERE manage_com = ? 
14:47:54.861 [http-nio-9999-exec-7] DEBUG com.cms.dao.YlLaBranchGroupDao.selectList - [debug,159] - ==> Parameters: 86110101(String)
14:47:54.879 [http-nio-9999-exec-7] DEBUG com.cms.dao.YlLaBranchGroupDao.selectList - [debug,159] - <==      Total: 2
14:47:58.101 [http-nio-9999-exec-5] DEBUG com.cms.dao.LdCodeDao.selectList - [debug,159] - ==>  Preparing: SELECT code_type,code,code_name,com_code,other_sign FROM ld_code WHERE code_type = ? 
14:47:58.104 [http-nio-9999-exec-5] DEBUG com.cms.dao.LdCodeDao.selectList - [debug,159] - ==> Parameters: certificatename(String)
14:47:58.109 [http-nio-9999-exec-5] DEBUG com.cms.dao.LdCodeDao.selectList - [debug,159] - <==      Total: 7
14:47:58.119 [http-nio-9999-exec-5] DEBUG c.c.dao.YlLaAgentCertificateDao.getCertificateInfo - [debug,159] - ==>  Preparing: SELECT yla.agent_code as agentCode, yla.agent_name as agentName, yla.manage_com as manageCom4, ylbg.branch_attr as branchAttr, ylbg.branch_name as branchName, lcn.yl_name as manageComName4, ylc.certificate_no as certificateNo, ylc.certificate_name as certificateCode, ylc.start_effective_date as startEffectiveDate, ylc.end_effective_date as endEffectiveDate, ylc.release_date as releaseDate, ylc.reissue_date as reissueDate, ylc.approver as approveBy, (SELECT up_com_code FROM ld_com_new WHERE com_code = manageCom4) as manageCom3, (SELECT up_up_com_code FROM ld_com_new WHERE com_code = manageCom4) as manageCom2, (SELECT name FROM ld_com_new WHERE com_code = manageCom3) as manageComName3, (SELECT name FROM ld_com_new WHERE com_code = manageCom2) AS manageComName2 FROM yl_la_agent_certificate ylc Left JOIN yl_la_agent yla on ylc.agent_code = yla.agent_code Left JOIN ld_com_new lcn on yla.manage_com = lcn.com_code Left JOIN yl_la_branch_group ylbg on yla.agent_group = ylbg.agent_group WHERE yla.manage_com LIKE ? AND yla.manage_com LIKE ? AND yla.manage_com LIKE ? 
14:47:58.122 [http-nio-9999-exec-5] DEBUG c.c.dao.YlLaAgentCertificateDao.getCertificateInfo - [debug,159] - ==> Parameters: 8611%(String), 861101%(String), 86110101%(String)
14:47:58.190 [http-nio-9999-exec-5] DEBUG c.c.dao.YlLaAgentCertificateDao.getCertificateInfo - [debug,159] - <==      Total: 1
14:48:24.433 [http-nio-9999-exec-2] DEBUG com.cms.dao.LdCodeDao.selectList - [debug,159] - ==>  Preparing: SELECT code_type,code,code_name,com_code,other_sign FROM ld_code 
14:48:24.436 [http-nio-9999-exec-2] DEBUG com.cms.dao.LdCodeDao.selectList - [debug,159] - ==> Parameters: 
14:48:24.444 [http-nio-9999-exec-3] DEBUG com.cms.dao.LdComNewDao.selectList - [debug,159] - ==>  Preparing: SELECT com_code,out_com_code,name,core_code,core_name,short_name,area_code,address,zip_code,phone,fax,email,effect_state,revocation,reason,revocation_date,recover_date,remarks,county_com,effect_date,financial_code,web_address,satrap_name,insu_monitor_code,insure_id,sign_id,regionalism_code,com_nature,valid_code,sign,com_city_size,service_name,service_no,service_phone,service_post_address,com_grade,com_area_type,up_com_code,up_up_com_code,is_dir_under,found_date,agy,agy_name,bk,bk_name,yl,yl_name,br,br_name,tm,tm_name,rw,rw_name,operator,make_date,make_time,modify_date,modify_time FROM ld_com_new WHERE com_grade = ? 
14:48:24.445 [http-nio-9999-exec-3] DEBUG com.cms.dao.LdComNewDao.selectList - [debug,159] - ==> Parameters: 01(String)
14:48:24.456 [http-nio-9999-exec-3] DEBUG com.cms.dao.LdComNewDao.selectList - [debug,159] - <==      Total: 1
14:48:24.464 [http-nio-9999-exec-3] DEBUG com.cms.dao.LdComNewDao.selectList - [debug,159] - ==>  Preparing: SELECT com_code,out_com_code,name,core_code,core_name,short_name,area_code,address,zip_code,phone,fax,email,effect_state,revocation,reason,revocation_date,recover_date,remarks,county_com,effect_date,financial_code,web_address,satrap_name,insu_monitor_code,insure_id,sign_id,regionalism_code,com_nature,valid_code,sign,com_city_size,service_name,service_no,service_phone,service_post_address,com_grade,com_area_type,up_com_code,up_up_com_code,is_dir_under,found_date,agy,agy_name,bk,bk_name,yl,yl_name,br,br_name,tm,tm_name,rw,rw_name,operator,make_date,make_time,modify_date,modify_time FROM ld_com_new WHERE com_grade = ? 
14:48:24.466 [http-nio-9999-exec-3] DEBUG com.cms.dao.LdComNewDao.selectList - [debug,159] - ==> Parameters: 01(String)
14:48:24.475 [http-nio-9999-exec-3] DEBUG com.cms.dao.LdComNewDao.selectList - [debug,159] - <==      Total: 1
14:48:24.481 [http-nio-9999-exec-3] DEBUG com.cms.dao.LdComNewDao.selectList - [debug,159] - ==>  Preparing: SELECT com_code,out_com_code,name,core_code,core_name,short_name,area_code,address,zip_code,phone,fax,email,effect_state,revocation,reason,revocation_date,recover_date,remarks,county_com,effect_date,financial_code,web_address,satrap_name,insu_monitor_code,insure_id,sign_id,regionalism_code,com_nature,valid_code,sign,com_city_size,service_name,service_no,service_phone,service_post_address,com_grade,com_area_type,up_com_code,up_up_com_code,is_dir_under,found_date,agy,agy_name,bk,bk_name,yl,yl_name,br,br_name,tm,tm_name,rw,rw_name,operator,make_date,make_time,modify_date,modify_time FROM ld_com_new WHERE up_com_code = ? 
14:48:24.483 [http-nio-9999-exec-3] DEBUG com.cms.dao.LdComNewDao.selectList - [debug,159] - ==> Parameters: 86(String)
14:48:24.487 [http-nio-9999-exec-6] DEBUG com.cms.dao.LaAgentGradeDao.selectList - [debug,159] - ==>  Preparing: SELECT grade_id,grade_code,grade_name,branch_type,grade_order,grade_series,grade_level,remark,grade_abridge,virtual_grade,make_date,make_time,modify_date,modify_time,operator FROM la_agent_grade 
14:48:24.489 [http-nio-9999-exec-6] DEBUG com.cms.dao.LaAgentGradeDao.selectList - [debug,159] - ==> Parameters: 
14:48:24.491 [http-nio-9999-exec-3] DEBUG com.cms.dao.LdComNewDao.selectList - [debug,159] - <==      Total: 1
14:48:24.498 [http-nio-9999-exec-3] DEBUG com.cms.dao.LdComNewDao.selectList - [debug,159] - ==>  Preparing: SELECT com_code,out_com_code,name,core_code,core_name,short_name,area_code,address,zip_code,phone,fax,email,effect_state,revocation,reason,revocation_date,recover_date,remarks,county_com,effect_date,financial_code,web_address,satrap_name,insu_monitor_code,insure_id,sign_id,regionalism_code,com_nature,valid_code,sign,com_city_size,service_name,service_no,service_phone,service_post_address,com_grade,com_area_type,up_com_code,up_up_com_code,is_dir_under,found_date,agy,agy_name,bk,bk_name,yl,yl_name,br,br_name,tm,tm_name,rw,rw_name,operator,make_date,make_time,modify_date,modify_time FROM ld_com_new WHERE up_com_code = ? 
14:48:24.500 [http-nio-9999-exec-3] DEBUG com.cms.dao.LdComNewDao.selectList - [debug,159] - ==> Parameters: 8611(String)
14:48:24.500 [http-nio-9999-exec-6] DEBUG com.cms.dao.LaAgentGradeDao.selectList - [debug,159] - <==      Total: 7
14:48:24.509 [http-nio-9999-exec-3] DEBUG com.cms.dao.LdComNewDao.selectList - [debug,159] - <==      Total: 1
14:48:24.518 [http-nio-9999-exec-3] DEBUG com.cms.dao.LdComNewDao.selectList - [debug,159] - ==>  Preparing: SELECT com_code,out_com_code,name,core_code,core_name,short_name,area_code,address,zip_code,phone,fax,email,effect_state,revocation,reason,revocation_date,recover_date,remarks,county_com,effect_date,financial_code,web_address,satrap_name,insu_monitor_code,insure_id,sign_id,regionalism_code,com_nature,valid_code,sign,com_city_size,service_name,service_no,service_phone,service_post_address,com_grade,com_area_type,up_com_code,up_up_com_code,is_dir_under,found_date,agy,agy_name,bk,bk_name,yl,yl_name,br,br_name,tm,tm_name,rw,rw_name,operator,make_date,make_time,modify_date,modify_time FROM ld_com_new WHERE up_com_code = ? 
14:48:24.520 [http-nio-9999-exec-3] DEBUG com.cms.dao.LdComNewDao.selectList - [debug,159] - ==> Parameters: 861101(String)
14:48:24.529 [http-nio-9999-exec-3] DEBUG com.cms.dao.LdComNewDao.selectList - [debug,159] - <==      Total: 1
14:48:24.530 [http-nio-9999-exec-2] DEBUG com.cms.dao.LdCodeDao.selectList - [debug,159] - <==      Total: 1321
14:48:24.535 [http-nio-9999-exec-3] DEBUG com.cms.dao.LdComNewDao.selectList - [debug,159] - ==>  Preparing: SELECT com_code,out_com_code,name,core_code,core_name,short_name,area_code,address,zip_code,phone,fax,email,effect_state,revocation,reason,revocation_date,recover_date,remarks,county_com,effect_date,financial_code,web_address,satrap_name,insu_monitor_code,insure_id,sign_id,regionalism_code,com_nature,valid_code,sign,com_city_size,service_name,service_no,service_phone,service_post_address,com_grade,com_area_type,up_com_code,up_up_com_code,is_dir_under,found_date,agy,agy_name,bk,bk_name,yl,yl_name,br,br_name,tm,tm_name,rw,rw_name,operator,make_date,make_time,modify_date,modify_time FROM ld_com_new WHERE up_com_code = ? 
14:48:24.537 [http-nio-9999-exec-3] DEBUG com.cms.dao.LdComNewDao.selectList - [debug,159] - ==> Parameters: 86110101(String)
14:48:24.542 [http-nio-9999-exec-3] DEBUG com.cms.dao.LdComNewDao.selectList - [debug,159] - <==      Total: 0
14:48:56.580 [http-nio-9999-exec-8] DEBUG com.cms.dao.LdCodeDao.selectList - [debug,159] - ==>  Preparing: SELECT code_type,code,code_name,com_code,other_sign FROM ld_code 
14:48:56.582 [http-nio-9999-exec-8] DEBUG com.cms.dao.LdCodeDao.selectList - [debug,159] - ==> Parameters: 
14:48:56.587 [http-nio-9999-exec-10] DEBUG com.cms.dao.LdComNewDao.selectList - [debug,159] - ==>  Preparing: SELECT com_code,out_com_code,name,core_code,core_name,short_name,area_code,address,zip_code,phone,fax,email,effect_state,revocation,reason,revocation_date,recover_date,remarks,county_com,effect_date,financial_code,web_address,satrap_name,insu_monitor_code,insure_id,sign_id,regionalism_code,com_nature,valid_code,sign,com_city_size,service_name,service_no,service_phone,service_post_address,com_grade,com_area_type,up_com_code,up_up_com_code,is_dir_under,found_date,agy,agy_name,bk,bk_name,yl,yl_name,br,br_name,tm,tm_name,rw,rw_name,operator,make_date,make_time,modify_date,modify_time FROM ld_com_new WHERE com_grade = ? 
14:48:56.589 [http-nio-9999-exec-10] DEBUG com.cms.dao.LdComNewDao.selectList - [debug,159] - ==> Parameters: 01(String)
14:48:56.597 [http-nio-9999-exec-10] DEBUG com.cms.dao.LdComNewDao.selectList - [debug,159] - <==      Total: 1
14:48:56.604 [http-nio-9999-exec-10] DEBUG com.cms.dao.LdComNewDao.selectList - [debug,159] - ==>  Preparing: SELECT com_code,out_com_code,name,core_code,core_name,short_name,area_code,address,zip_code,phone,fax,email,effect_state,revocation,reason,revocation_date,recover_date,remarks,county_com,effect_date,financial_code,web_address,satrap_name,insu_monitor_code,insure_id,sign_id,regionalism_code,com_nature,valid_code,sign,com_city_size,service_name,service_no,service_phone,service_post_address,com_grade,com_area_type,up_com_code,up_up_com_code,is_dir_under,found_date,agy,agy_name,bk,bk_name,yl,yl_name,br,br_name,tm,tm_name,rw,rw_name,operator,make_date,make_time,modify_date,modify_time FROM ld_com_new WHERE com_grade = ? 
14:48:56.605 [http-nio-9999-exec-10] DEBUG com.cms.dao.LdComNewDao.selectList - [debug,159] - ==> Parameters: 01(String)
14:48:56.612 [http-nio-9999-exec-10] DEBUG com.cms.dao.LdComNewDao.selectList - [debug,159] - <==      Total: 1
14:48:56.617 [http-nio-9999-exec-10] DEBUG com.cms.dao.LdComNewDao.selectList - [debug,159] - ==>  Preparing: SELECT com_code,out_com_code,name,core_code,core_name,short_name,area_code,address,zip_code,phone,fax,email,effect_state,revocation,reason,revocation_date,recover_date,remarks,county_com,effect_date,financial_code,web_address,satrap_name,insu_monitor_code,insure_id,sign_id,regionalism_code,com_nature,valid_code,sign,com_city_size,service_name,service_no,service_phone,service_post_address,com_grade,com_area_type,up_com_code,up_up_com_code,is_dir_under,found_date,agy,agy_name,bk,bk_name,yl,yl_name,br,br_name,tm,tm_name,rw,rw_name,operator,make_date,make_time,modify_date,modify_time FROM ld_com_new WHERE up_com_code = ? 
14:48:56.618 [http-nio-9999-exec-10] DEBUG com.cms.dao.LdComNewDao.selectList - [debug,159] - ==> Parameters: 86(String)
14:48:56.625 [http-nio-9999-exec-10] DEBUG com.cms.dao.LdComNewDao.selectList - [debug,159] - <==      Total: 1
14:48:56.631 [http-nio-9999-exec-10] DEBUG com.cms.dao.LdComNewDao.selectList - [debug,159] - ==>  Preparing: SELECT com_code,out_com_code,name,core_code,core_name,short_name,area_code,address,zip_code,phone,fax,email,effect_state,revocation,reason,revocation_date,recover_date,remarks,county_com,effect_date,financial_code,web_address,satrap_name,insu_monitor_code,insure_id,sign_id,regionalism_code,com_nature,valid_code,sign,com_city_size,service_name,service_no,service_phone,service_post_address,com_grade,com_area_type,up_com_code,up_up_com_code,is_dir_under,found_date,agy,agy_name,bk,bk_name,yl,yl_name,br,br_name,tm,tm_name,rw,rw_name,operator,make_date,make_time,modify_date,modify_time FROM ld_com_new WHERE up_com_code = ? 
14:48:56.633 [http-nio-9999-exec-10] DEBUG com.cms.dao.LdComNewDao.selectList - [debug,159] - ==> Parameters: 8611(String)
14:48:56.640 [http-nio-9999-exec-10] DEBUG com.cms.dao.LdComNewDao.selectList - [debug,159] - <==      Total: 1
14:48:56.639 [http-nio-9999-exec-8] DEBUG com.cms.dao.LdCodeDao.selectList - [debug,159] - <==      Total: 1321
14:48:56.645 [http-nio-9999-exec-10] DEBUG com.cms.dao.LdComNewDao.selectList - [debug,159] - ==>  Preparing: SELECT com_code,out_com_code,name,core_code,core_name,short_name,area_code,address,zip_code,phone,fax,email,effect_state,revocation,reason,revocation_date,recover_date,remarks,county_com,effect_date,financial_code,web_address,satrap_name,insu_monitor_code,insure_id,sign_id,regionalism_code,com_nature,valid_code,sign,com_city_size,service_name,service_no,service_phone,service_post_address,com_grade,com_area_type,up_com_code,up_up_com_code,is_dir_under,found_date,agy,agy_name,bk,bk_name,yl,yl_name,br,br_name,tm,tm_name,rw,rw_name,operator,make_date,make_time,modify_date,modify_time FROM ld_com_new WHERE up_com_code = ? 
14:48:56.647 [http-nio-9999-exec-10] DEBUG com.cms.dao.LdComNewDao.selectList - [debug,159] - ==> Parameters: 861101(String)
14:48:56.653 [http-nio-9999-exec-10] DEBUG com.cms.dao.LdComNewDao.selectList - [debug,159] - <==      Total: 1
14:48:56.657 [http-nio-9999-exec-10] DEBUG com.cms.dao.LdComNewDao.selectList - [debug,159] - ==>  Preparing: SELECT com_code,out_com_code,name,core_code,core_name,short_name,area_code,address,zip_code,phone,fax,email,effect_state,revocation,reason,revocation_date,recover_date,remarks,county_com,effect_date,financial_code,web_address,satrap_name,insu_monitor_code,insure_id,sign_id,regionalism_code,com_nature,valid_code,sign,com_city_size,service_name,service_no,service_phone,service_post_address,com_grade,com_area_type,up_com_code,up_up_com_code,is_dir_under,found_date,agy,agy_name,bk,bk_name,yl,yl_name,br,br_name,tm,tm_name,rw,rw_name,operator,make_date,make_time,modify_date,modify_time FROM ld_com_new WHERE up_com_code = ? 
14:48:56.660 [http-nio-9999-exec-10] DEBUG com.cms.dao.LdComNewDao.selectList - [debug,159] - ==> Parameters: 86110101(String)
14:48:56.669 [http-nio-9999-exec-10] DEBUG com.cms.dao.LdComNewDao.selectList - [debug,159] - <==      Total: 0
14:48:57.741 [http-nio-9999-exec-9] DEBUG com.cms.dao.LdCodeDao.selectList - [debug,159] - ==>  Preparing: SELECT code_type,code,code_name,com_code,other_sign FROM ld_code 
14:48:57.742 [http-nio-9999-exec-9] DEBUG com.cms.dao.LdCodeDao.selectList - [debug,159] - ==> Parameters: 
14:48:57.743 [http-nio-9999-exec-4] DEBUG com.cms.dao.LaAgentGradeDao.selectList - [debug,159] - ==>  Preparing: SELECT grade_id,grade_code,grade_name,branch_type,grade_order,grade_series,grade_level,remark,grade_abridge,virtual_grade,make_date,make_time,modify_date,modify_time,operator FROM la_agent_grade 
14:48:57.744 [http-nio-9999-exec-4] DEBUG com.cms.dao.LaAgentGradeDao.selectList - [debug,159] - ==> Parameters: 
14:48:57.746 [http-nio-9999-exec-7] DEBUG com.cms.dao.LdComNewDao.selectList - [debug,159] - ==>  Preparing: SELECT com_code,out_com_code,name,core_code,core_name,short_name,area_code,address,zip_code,phone,fax,email,effect_state,revocation,reason,revocation_date,recover_date,remarks,county_com,effect_date,financial_code,web_address,satrap_name,insu_monitor_code,insure_id,sign_id,regionalism_code,com_nature,valid_code,sign,com_city_size,service_name,service_no,service_phone,service_post_address,com_grade,com_area_type,up_com_code,up_up_com_code,is_dir_under,found_date,agy,agy_name,bk,bk_name,yl,yl_name,br,br_name,tm,tm_name,rw,rw_name,operator,make_date,make_time,modify_date,modify_time FROM ld_com_new WHERE com_grade = ? 
14:48:57.747 [http-nio-9999-exec-7] DEBUG com.cms.dao.LdComNewDao.selectList - [debug,159] - ==> Parameters: 01(String)
14:48:57.748 [http-nio-9999-exec-4] DEBUG com.cms.dao.LaAgentGradeDao.selectList - [debug,159] - <==      Total: 7
14:48:57.751 [http-nio-9999-exec-7] DEBUG com.cms.dao.LdComNewDao.selectList - [debug,159] - <==      Total: 1
14:48:57.753 [http-nio-9999-exec-7] DEBUG com.cms.dao.LdComNewDao.selectList - [debug,159] - ==>  Preparing: SELECT com_code,out_com_code,name,core_code,core_name,short_name,area_code,address,zip_code,phone,fax,email,effect_state,revocation,reason,revocation_date,recover_date,remarks,county_com,effect_date,financial_code,web_address,satrap_name,insu_monitor_code,insure_id,sign_id,regionalism_code,com_nature,valid_code,sign,com_city_size,service_name,service_no,service_phone,service_post_address,com_grade,com_area_type,up_com_code,up_up_com_code,is_dir_under,found_date,agy,agy_name,bk,bk_name,yl,yl_name,br,br_name,tm,tm_name,rw,rw_name,operator,make_date,make_time,modify_date,modify_time FROM ld_com_new WHERE com_grade = ? 
14:48:57.754 [http-nio-9999-exec-7] DEBUG com.cms.dao.LdComNewDao.selectList - [debug,159] - ==> Parameters: 01(String)
14:48:57.759 [http-nio-9999-exec-7] DEBUG com.cms.dao.LdComNewDao.selectList - [debug,159] - <==      Total: 1
14:48:57.762 [http-nio-9999-exec-7] DEBUG com.cms.dao.LdComNewDao.selectList - [debug,159] - ==>  Preparing: SELECT com_code,out_com_code,name,core_code,core_name,short_name,area_code,address,zip_code,phone,fax,email,effect_state,revocation,reason,revocation_date,recover_date,remarks,county_com,effect_date,financial_code,web_address,satrap_name,insu_monitor_code,insure_id,sign_id,regionalism_code,com_nature,valid_code,sign,com_city_size,service_name,service_no,service_phone,service_post_address,com_grade,com_area_type,up_com_code,up_up_com_code,is_dir_under,found_date,agy,agy_name,bk,bk_name,yl,yl_name,br,br_name,tm,tm_name,rw,rw_name,operator,make_date,make_time,modify_date,modify_time FROM ld_com_new WHERE up_com_code = ? 
14:48:57.763 [http-nio-9999-exec-7] DEBUG com.cms.dao.LdComNewDao.selectList - [debug,159] - ==> Parameters: 86(String)
14:48:57.766 [http-nio-9999-exec-7] DEBUG com.cms.dao.LdComNewDao.selectList - [debug,159] - <==      Total: 1
14:48:57.768 [http-nio-9999-exec-7] DEBUG com.cms.dao.LdComNewDao.selectList - [debug,159] - ==>  Preparing: SELECT com_code,out_com_code,name,core_code,core_name,short_name,area_code,address,zip_code,phone,fax,email,effect_state,revocation,reason,revocation_date,recover_date,remarks,county_com,effect_date,financial_code,web_address,satrap_name,insu_monitor_code,insure_id,sign_id,regionalism_code,com_nature,valid_code,sign,com_city_size,service_name,service_no,service_phone,service_post_address,com_grade,com_area_type,up_com_code,up_up_com_code,is_dir_under,found_date,agy,agy_name,bk,bk_name,yl,yl_name,br,br_name,tm,tm_name,rw,rw_name,operator,make_date,make_time,modify_date,modify_time FROM ld_com_new WHERE up_com_code = ? 
14:48:57.769 [http-nio-9999-exec-7] DEBUG com.cms.dao.LdComNewDao.selectList - [debug,159] - ==> Parameters: 8611(String)
14:48:57.769 [http-nio-9999-exec-9] DEBUG com.cms.dao.LdCodeDao.selectList - [debug,159] - <==      Total: 1321
14:48:57.772 [http-nio-9999-exec-7] DEBUG com.cms.dao.LdComNewDao.selectList - [debug,159] - <==      Total: 1
14:48:57.775 [http-nio-9999-exec-7] DEBUG com.cms.dao.LdComNewDao.selectList - [debug,159] - ==>  Preparing: SELECT com_code,out_com_code,name,core_code,core_name,short_name,area_code,address,zip_code,phone,fax,email,effect_state,revocation,reason,revocation_date,recover_date,remarks,county_com,effect_date,financial_code,web_address,satrap_name,insu_monitor_code,insure_id,sign_id,regionalism_code,com_nature,valid_code,sign,com_city_size,service_name,service_no,service_phone,service_post_address,com_grade,com_area_type,up_com_code,up_up_com_code,is_dir_under,found_date,agy,agy_name,bk,bk_name,yl,yl_name,br,br_name,tm,tm_name,rw,rw_name,operator,make_date,make_time,modify_date,modify_time FROM ld_com_new WHERE up_com_code = ? 
14:48:57.776 [http-nio-9999-exec-7] DEBUG com.cms.dao.LdComNewDao.selectList - [debug,159] - ==> Parameters: 861101(String)
14:48:57.782 [http-nio-9999-exec-7] DEBUG com.cms.dao.LdComNewDao.selectList - [debug,159] - <==      Total: 1
14:48:57.783 [http-nio-9999-exec-7] DEBUG com.cms.dao.LdComNewDao.selectList - [debug,159] - ==>  Preparing: SELECT com_code,out_com_code,name,core_code,core_name,short_name,area_code,address,zip_code,phone,fax,email,effect_state,revocation,reason,revocation_date,recover_date,remarks,county_com,effect_date,financial_code,web_address,satrap_name,insu_monitor_code,insure_id,sign_id,regionalism_code,com_nature,valid_code,sign,com_city_size,service_name,service_no,service_phone,service_post_address,com_grade,com_area_type,up_com_code,up_up_com_code,is_dir_under,found_date,agy,agy_name,bk,bk_name,yl,yl_name,br,br_name,tm,tm_name,rw,rw_name,operator,make_date,make_time,modify_date,modify_time FROM ld_com_new WHERE up_com_code = ? 
14:48:57.784 [http-nio-9999-exec-7] DEBUG com.cms.dao.LdComNewDao.selectList - [debug,159] - ==> Parameters: 86110101(String)
14:48:57.791 [http-nio-9999-exec-7] DEBUG com.cms.dao.LdComNewDao.selectList - [debug,159] - <==      Total: 0
14:49:03.901 [http-nio-9999-exec-5] DEBUG com.cms.dao.LdCodeDao.selectList - [debug,159] - ==>  Preparing: SELECT code_type,code,code_name,com_code,other_sign FROM ld_code 
14:49:03.902 [http-nio-9999-exec-5] DEBUG com.cms.dao.LdCodeDao.selectList - [debug,159] - ==> Parameters: 
14:49:03.907 [http-nio-9999-exec-1] DEBUG com.cms.dao.LdComNewDao.selectList - [debug,159] - ==>  Preparing: SELECT com_code,out_com_code,name,core_code,core_name,short_name,area_code,address,zip_code,phone,fax,email,effect_state,revocation,reason,revocation_date,recover_date,remarks,county_com,effect_date,financial_code,web_address,satrap_name,insu_monitor_code,insure_id,sign_id,regionalism_code,com_nature,valid_code,sign,com_city_size,service_name,service_no,service_phone,service_post_address,com_grade,com_area_type,up_com_code,up_up_com_code,is_dir_under,found_date,agy,agy_name,bk,bk_name,yl,yl_name,br,br_name,tm,tm_name,rw,rw_name,operator,make_date,make_time,modify_date,modify_time FROM ld_com_new WHERE com_grade = ? 
14:49:03.909 [http-nio-9999-exec-1] DEBUG com.cms.dao.LdComNewDao.selectList - [debug,159] - ==> Parameters: 01(String)
14:49:03.916 [http-nio-9999-exec-1] DEBUG com.cms.dao.LdComNewDao.selectList - [debug,159] - <==      Total: 1
14:49:03.921 [http-nio-9999-exec-1] DEBUG com.cms.dao.LdComNewDao.selectList - [debug,159] - ==>  Preparing: SELECT com_code,out_com_code,name,core_code,core_name,short_name,area_code,address,zip_code,phone,fax,email,effect_state,revocation,reason,revocation_date,recover_date,remarks,county_com,effect_date,financial_code,web_address,satrap_name,insu_monitor_code,insure_id,sign_id,regionalism_code,com_nature,valid_code,sign,com_city_size,service_name,service_no,service_phone,service_post_address,com_grade,com_area_type,up_com_code,up_up_com_code,is_dir_under,found_date,agy,agy_name,bk,bk_name,yl,yl_name,br,br_name,tm,tm_name,rw,rw_name,operator,make_date,make_time,modify_date,modify_time FROM ld_com_new WHERE com_grade = ? 
14:49:03.923 [http-nio-9999-exec-1] DEBUG com.cms.dao.LdComNewDao.selectList - [debug,159] - ==> Parameters: 01(String)
14:49:03.930 [http-nio-9999-exec-1] DEBUG com.cms.dao.LdComNewDao.selectList - [debug,159] - <==      Total: 1
14:49:03.935 [http-nio-9999-exec-1] DEBUG com.cms.dao.LdComNewDao.selectList - [debug,159] - ==>  Preparing: SELECT com_code,out_com_code,name,core_code,core_name,short_name,area_code,address,zip_code,phone,fax,email,effect_state,revocation,reason,revocation_date,recover_date,remarks,county_com,effect_date,financial_code,web_address,satrap_name,insu_monitor_code,insure_id,sign_id,regionalism_code,com_nature,valid_code,sign,com_city_size,service_name,service_no,service_phone,service_post_address,com_grade,com_area_type,up_com_code,up_up_com_code,is_dir_under,found_date,agy,agy_name,bk,bk_name,yl,yl_name,br,br_name,tm,tm_name,rw,rw_name,operator,make_date,make_time,modify_date,modify_time FROM ld_com_new WHERE up_com_code = ? 
14:49:03.938 [http-nio-9999-exec-1] DEBUG com.cms.dao.LdComNewDao.selectList - [debug,159] - ==> Parameters: 86(String)
14:49:03.945 [http-nio-9999-exec-1] DEBUG com.cms.dao.LdComNewDao.selectList - [debug,159] - <==      Total: 1
14:49:03.949 [http-nio-9999-exec-1] DEBUG com.cms.dao.LdComNewDao.selectList - [debug,159] - ==>  Preparing: SELECT com_code,out_com_code,name,core_code,core_name,short_name,area_code,address,zip_code,phone,fax,email,effect_state,revocation,reason,revocation_date,recover_date,remarks,county_com,effect_date,financial_code,web_address,satrap_name,insu_monitor_code,insure_id,sign_id,regionalism_code,com_nature,valid_code,sign,com_city_size,service_name,service_no,service_phone,service_post_address,com_grade,com_area_type,up_com_code,up_up_com_code,is_dir_under,found_date,agy,agy_name,bk,bk_name,yl,yl_name,br,br_name,tm,tm_name,rw,rw_name,operator,make_date,make_time,modify_date,modify_time FROM ld_com_new WHERE up_com_code = ? 
14:49:03.951 [http-nio-9999-exec-1] DEBUG com.cms.dao.LdComNewDao.selectList - [debug,159] - ==> Parameters: 8611(String)
14:49:04.065 [http-nio-9999-exec-1] DEBUG com.cms.dao.LdComNewDao.selectList - [debug,159] - <==      Total: 1
14:49:04.069 [http-nio-9999-exec-1] DEBUG com.cms.dao.LdComNewDao.selectList - [debug,159] - ==>  Preparing: SELECT com_code,out_com_code,name,core_code,core_name,short_name,area_code,address,zip_code,phone,fax,email,effect_state,revocation,reason,revocation_date,recover_date,remarks,county_com,effect_date,financial_code,web_address,satrap_name,insu_monitor_code,insure_id,sign_id,regionalism_code,com_nature,valid_code,sign,com_city_size,service_name,service_no,service_phone,service_post_address,com_grade,com_area_type,up_com_code,up_up_com_code,is_dir_under,found_date,agy,agy_name,bk,bk_name,yl,yl_name,br,br_name,tm,tm_name,rw,rw_name,operator,make_date,make_time,modify_date,modify_time FROM ld_com_new WHERE up_com_code = ? 
14:49:04.070 [http-nio-9999-exec-1] DEBUG com.cms.dao.LdComNewDao.selectList - [debug,159] - ==> Parameters: 861101(String)
14:49:04.073 [http-nio-9999-exec-5] DEBUG com.cms.dao.LdCodeDao.selectList - [debug,159] - <==      Total: 1321
14:49:04.074 [http-nio-9999-exec-1] DEBUG com.cms.dao.LdComNewDao.selectList - [debug,159] - <==      Total: 1
14:49:04.078 [http-nio-9999-exec-1] DEBUG com.cms.dao.LdComNewDao.selectList - [debug,159] - ==>  Preparing: SELECT com_code,out_com_code,name,core_code,core_name,short_name,area_code,address,zip_code,phone,fax,email,effect_state,revocation,reason,revocation_date,recover_date,remarks,county_com,effect_date,financial_code,web_address,satrap_name,insu_monitor_code,insure_id,sign_id,regionalism_code,com_nature,valid_code,sign,com_city_size,service_name,service_no,service_phone,service_post_address,com_grade,com_area_type,up_com_code,up_up_com_code,is_dir_under,found_date,agy,agy_name,bk,bk_name,yl,yl_name,br,br_name,tm,tm_name,rw,rw_name,operator,make_date,make_time,modify_date,modify_time FROM ld_com_new WHERE up_com_code = ? 
14:49:04.079 [http-nio-9999-exec-1] DEBUG com.cms.dao.LdComNewDao.selectList - [debug,159] - ==> Parameters: 86110101(String)
14:49:04.082 [http-nio-9999-exec-1] DEBUG com.cms.dao.LdComNewDao.selectList - [debug,159] - <==      Total: 0
14:49:06.115 [http-nio-9999-exec-3] DEBUG com.cms.dao.LaAgentGradeDao.selectList - [debug,159] - ==>  Preparing: SELECT grade_id,grade_code,grade_name,branch_type,grade_order,grade_series,grade_level,remark,grade_abridge,virtual_grade,make_date,make_time,modify_date,modify_time,operator FROM la_agent_grade 
14:49:06.115 [http-nio-9999-exec-6] DEBUG com.cms.dao.LdCodeDao.selectList - [debug,159] - ==>  Preparing: SELECT code_type,code,code_name,com_code,other_sign FROM ld_code 
14:49:06.115 [http-nio-9999-exec-3] DEBUG com.cms.dao.LaAgentGradeDao.selectList - [debug,159] - ==> Parameters: 
14:49:06.115 [http-nio-9999-exec-6] DEBUG com.cms.dao.LdCodeDao.selectList - [debug,159] - ==> Parameters: 
14:49:06.118 [http-nio-9999-exec-2] DEBUG com.cms.dao.LdComNewDao.selectList - [debug,159] - ==>  Preparing: SELECT com_code,out_com_code,name,core_code,core_name,short_name,area_code,address,zip_code,phone,fax,email,effect_state,revocation,reason,revocation_date,recover_date,remarks,county_com,effect_date,financial_code,web_address,satrap_name,insu_monitor_code,insure_id,sign_id,regionalism_code,com_nature,valid_code,sign,com_city_size,service_name,service_no,service_phone,service_post_address,com_grade,com_area_type,up_com_code,up_up_com_code,is_dir_under,found_date,agy,agy_name,bk,bk_name,yl,yl_name,br,br_name,tm,tm_name,rw,rw_name,operator,make_date,make_time,modify_date,modify_time FROM ld_com_new WHERE com_grade = ? 
14:49:06.119 [http-nio-9999-exec-2] DEBUG com.cms.dao.LdComNewDao.selectList - [debug,159] - ==> Parameters: 01(String)
14:49:06.122 [http-nio-9999-exec-2] DEBUG com.cms.dao.LdComNewDao.selectList - [debug,159] - <==      Total: 1
14:49:06.122 [http-nio-9999-exec-3] DEBUG com.cms.dao.LaAgentGradeDao.selectList - [debug,159] - <==      Total: 7
14:49:06.125 [http-nio-9999-exec-2] DEBUG com.cms.dao.LdComNewDao.selectList - [debug,159] - ==>  Preparing: SELECT com_code,out_com_code,name,core_code,core_name,short_name,area_code,address,zip_code,phone,fax,email,effect_state,revocation,reason,revocation_date,recover_date,remarks,county_com,effect_date,financial_code,web_address,satrap_name,insu_monitor_code,insure_id,sign_id,regionalism_code,com_nature,valid_code,sign,com_city_size,service_name,service_no,service_phone,service_post_address,com_grade,com_area_type,up_com_code,up_up_com_code,is_dir_under,found_date,agy,agy_name,bk,bk_name,yl,yl_name,br,br_name,tm,tm_name,rw,rw_name,operator,make_date,make_time,modify_date,modify_time FROM ld_com_new WHERE com_grade = ? 
14:49:06.125 [http-nio-9999-exec-2] DEBUG com.cms.dao.LdComNewDao.selectList - [debug,159] - ==> Parameters: 01(String)
14:49:06.129 [http-nio-9999-exec-2] DEBUG com.cms.dao.LdComNewDao.selectList - [debug,159] - <==      Total: 1
14:49:06.131 [http-nio-9999-exec-2] DEBUG com.cms.dao.LdComNewDao.selectList - [debug,159] - ==>  Preparing: SELECT com_code,out_com_code,name,core_code,core_name,short_name,area_code,address,zip_code,phone,fax,email,effect_state,revocation,reason,revocation_date,recover_date,remarks,county_com,effect_date,financial_code,web_address,satrap_name,insu_monitor_code,insure_id,sign_id,regionalism_code,com_nature,valid_code,sign,com_city_size,service_name,service_no,service_phone,service_post_address,com_grade,com_area_type,up_com_code,up_up_com_code,is_dir_under,found_date,agy,agy_name,bk,bk_name,yl,yl_name,br,br_name,tm,tm_name,rw,rw_name,operator,make_date,make_time,modify_date,modify_time FROM ld_com_new WHERE up_com_code = ? 
14:49:06.131 [http-nio-9999-exec-2] DEBUG com.cms.dao.LdComNewDao.selectList - [debug,159] - ==> Parameters: 86(String)
14:49:06.134 [http-nio-9999-exec-2] DEBUG com.cms.dao.LdComNewDao.selectList - [debug,159] - <==      Total: 1
14:49:06.136 [http-nio-9999-exec-2] DEBUG com.cms.dao.LdComNewDao.selectList - [debug,159] - ==>  Preparing: SELECT com_code,out_com_code,name,core_code,core_name,short_name,area_code,address,zip_code,phone,fax,email,effect_state,revocation,reason,revocation_date,recover_date,remarks,county_com,effect_date,financial_code,web_address,satrap_name,insu_monitor_code,insure_id,sign_id,regionalism_code,com_nature,valid_code,sign,com_city_size,service_name,service_no,service_phone,service_post_address,com_grade,com_area_type,up_com_code,up_up_com_code,is_dir_under,found_date,agy,agy_name,bk,bk_name,yl,yl_name,br,br_name,tm,tm_name,rw,rw_name,operator,make_date,make_time,modify_date,modify_time FROM ld_com_new WHERE up_com_code = ? 
14:49:06.137 [http-nio-9999-exec-2] DEBUG com.cms.dao.LdComNewDao.selectList - [debug,159] - ==> Parameters: 8611(String)
14:49:06.139 [http-nio-9999-exec-2] DEBUG com.cms.dao.LdComNewDao.selectList - [debug,159] - <==      Total: 1
14:49:06.141 [http-nio-9999-exec-2] DEBUG com.cms.dao.LdComNewDao.selectList - [debug,159] - ==>  Preparing: SELECT com_code,out_com_code,name,core_code,core_name,short_name,area_code,address,zip_code,phone,fax,email,effect_state,revocation,reason,revocation_date,recover_date,remarks,county_com,effect_date,financial_code,web_address,satrap_name,insu_monitor_code,insure_id,sign_id,regionalism_code,com_nature,valid_code,sign,com_city_size,service_name,service_no,service_phone,service_post_address,com_grade,com_area_type,up_com_code,up_up_com_code,is_dir_under,found_date,agy,agy_name,bk,bk_name,yl,yl_name,br,br_name,tm,tm_name,rw,rw_name,operator,make_date,make_time,modify_date,modify_time FROM ld_com_new WHERE up_com_code = ? 
14:49:06.141 [http-nio-9999-exec-6] DEBUG com.cms.dao.LdCodeDao.selectList - [debug,159] - <==      Total: 1321
14:49:06.142 [http-nio-9999-exec-2] DEBUG com.cms.dao.LdComNewDao.selectList - [debug,159] - ==> Parameters: 861101(String)
14:49:06.146 [http-nio-9999-exec-2] DEBUG com.cms.dao.LdComNewDao.selectList - [debug,159] - <==      Total: 1
14:49:06.148 [http-nio-9999-exec-2] DEBUG com.cms.dao.LdComNewDao.selectList - [debug,159] - ==>  Preparing: SELECT com_code,out_com_code,name,core_code,core_name,short_name,area_code,address,zip_code,phone,fax,email,effect_state,revocation,reason,revocation_date,recover_date,remarks,county_com,effect_date,financial_code,web_address,satrap_name,insu_monitor_code,insure_id,sign_id,regionalism_code,com_nature,valid_code,sign,com_city_size,service_name,service_no,service_phone,service_post_address,com_grade,com_area_type,up_com_code,up_up_com_code,is_dir_under,found_date,agy,agy_name,bk,bk_name,yl,yl_name,br,br_name,tm,tm_name,rw,rw_name,operator,make_date,make_time,modify_date,modify_time FROM ld_com_new WHERE up_com_code = ? 
14:49:06.149 [http-nio-9999-exec-2] DEBUG com.cms.dao.LdComNewDao.selectList - [debug,159] - ==> Parameters: 86110101(String)
14:49:06.157 [http-nio-9999-exec-2] DEBUG com.cms.dao.LdComNewDao.selectList - [debug,159] - <==      Total: 0
14:49:08.577 [http-nio-9999-exec-8] DEBUG com.cms.dao.YlLaBranchGroupDao.selectList - [debug,159] - ==>  Preparing: SELECT agent_group,manage_com,branch_type,branch_attr,branch_level,branch_name,branch_name_eng,branch_name_chi,branch_eff_date,branch_address,branch_phone_no,branch_fax_no,branch_status,branch_terminate_eff_date,branch_terminate_reason,direct_flag,up_agent_group,branch_manager,branch_manager_name,branch_manager_phone,manager_eff_date,reporting_manager,chat_name,make_date,make_time,modify_date,modify_time,operator FROM yl_la_branch_group WHERE manage_com LIKE ? 
14:49:08.578 [http-nio-9999-exec-8] DEBUG com.cms.dao.YlLaBranchGroupDao.selectList - [debug,159] - ==> Parameters: %(String)
14:49:08.581 [http-nio-9999-exec-8] DEBUG com.cms.dao.YlLaBranchGroupDao.selectList - [debug,159] - <==      Total: 2
14:52:24.487 [http-nio-9999-exec-5] DEBUG com.cms.dao.LdCodeDao.selectList - [debug,159] - ==>  Preparing: SELECT code_type,code,code_name,com_code,other_sign FROM ld_code 
14:52:24.490 [http-nio-9999-exec-5] DEBUG com.cms.dao.LdCodeDao.selectList - [debug,159] - ==> Parameters: 
14:52:24.491 [http-nio-9999-exec-1] DEBUG com.cms.dao.LdComNewDao.selectList - [debug,159] - ==>  Preparing: SELECT com_code,out_com_code,name,core_code,core_name,short_name,area_code,address,zip_code,phone,fax,email,effect_state,revocation,reason,revocation_date,recover_date,remarks,county_com,effect_date,financial_code,web_address,satrap_name,insu_monitor_code,insure_id,sign_id,regionalism_code,com_nature,valid_code,sign,com_city_size,service_name,service_no,service_phone,service_post_address,com_grade,com_area_type,up_com_code,up_up_com_code,is_dir_under,found_date,agy,agy_name,bk,bk_name,yl,yl_name,br,br_name,tm,tm_name,rw,rw_name,operator,make_date,make_time,modify_date,modify_time FROM ld_com_new WHERE up_com_code = ? 
14:52:24.494 [http-nio-9999-exec-1] DEBUG com.cms.dao.LdComNewDao.selectList - [debug,159] - ==> Parameters: 86(String)
14:52:24.507 [http-nio-9999-exec-1] DEBUG com.cms.dao.LdComNewDao.selectList - [debug,159] - <==      Total: 1
14:52:24.520 [http-nio-9999-exec-3] DEBUG com.cms.dao.LdCodeDao.selectList - [debug,159] - ==>  Preparing: SELECT code_type,code,code_name,com_code,other_sign FROM ld_code 
14:52:24.523 [http-nio-9999-exec-3] DEBUG com.cms.dao.LdCodeDao.selectList - [debug,159] - ==> Parameters: 
14:52:24.533 [http-nio-9999-exec-2] DEBUG com.cms.dao.YlLaAreaDao.selectList - [debug,159] - ==>  Preparing: SELECT place_code,place_type,place_name,up_place_name,operator,make_date,make_time,modify_date,modify_time FROM yl_la_area 
14:52:24.536 [http-nio-9999-exec-2] DEBUG com.cms.dao.YlLaAreaDao.selectList - [debug,159] - ==> Parameters: 
14:52:24.541 [http-nio-9999-exec-6] DEBUG com.cms.dao.LdComNewDao.selectList - [debug,159] - ==>  Preparing: SELECT com_code,out_com_code,name,core_code,core_name,short_name,area_code,address,zip_code,phone,fax,email,effect_state,revocation,reason,revocation_date,recover_date,remarks,county_com,effect_date,financial_code,web_address,satrap_name,insu_monitor_code,insure_id,sign_id,regionalism_code,com_nature,valid_code,sign,com_city_size,service_name,service_no,service_phone,service_post_address,com_grade,com_area_type,up_com_code,up_up_com_code,is_dir_under,found_date,agy,agy_name,bk,bk_name,yl,yl_name,br,br_name,tm,tm_name,rw,rw_name,operator,make_date,make_time,modify_date,modify_time FROM ld_com_new WHERE up_com_code = ? 
14:52:24.544 [http-nio-9999-exec-6] DEBUG com.cms.dao.LdComNewDao.selectList - [debug,159] - ==> Parameters: 86(String)
14:52:24.547 [http-nio-9999-exec-2] DEBUG com.cms.dao.YlLaAreaDao.selectList - [debug,159] - <==      Total: 0
14:52:24.553 [http-nio-9999-exec-6] DEBUG com.cms.dao.LdComNewDao.selectList - [debug,159] - <==      Total: 1
14:52:24.611 [http-nio-9999-exec-5] DEBUG com.cms.dao.LdCodeDao.selectList - [debug,159] - <==      Total: 1321
14:52:24.617 [http-nio-9999-exec-3] DEBUG com.cms.dao.LdCodeDao.selectList - [debug,159] - <==      Total: 1321
