16:17:53.452 [main] INFO  com.cms.CmsApplication - [logStarting,55] - Starting CmsApplication on DESKTOP-DMOPODR with PID 18868 (E:\2022.1\dj\cms-subject-back\target\classes started by 戴尔 in E:\2022.1\dj\cms-subject-back)
16:17:53.455 [main] DEBUG com.cms.CmsApplication - [logStarting,56] - Running with Spring Boot v2.2.8.RELEASE, Spring v5.2.7.RELEASE
16:17:53.456 [main] INFO  com.cms.CmsApplication - [logStartupProfileInfo,655] - The following profiles are active: dj
16:17:57.054 [main] INFO  com.cms.CmsApplication - [logStarted,61] - Started CmsApplication in 4.466 seconds (JVM running for 5.623)
16:19:43.968 [http-nio-9999-exec-1] DEBUG com.cms.dao.YlUserInfoDao.selectList - [debug,159] - ==>  Preparing: SELECT user_id,user_name,user_password,operator,make_date,make_time,modify_date,modify_time FROM yl_user_info WHERE user_id = ? AND user_password = ? 
16:19:43.995 [http-nio-9999-exec-1] DEBUG com.cms.dao.YlUserInfoDao.selectList - [debug,159] - ==> Parameters: 000000(String), 000000(String)
16:19:44.017 [http-nio-9999-exec-1] DEBUG com.cms.dao.YlUserInfoDao.selectList - [debug,159] - <==      Total: 1
16:19:53.906 [http-nio-9999-exec-4] DEBUG com.cms.dao.LdComNewDao.selectList - [debug,159] - ==>  Preparing: SELECT com_code,out_com_code,name,core_code,core_name,short_name,area_code,address,zip_code,phone,fax,email,effect_state,revocation,reason,revocation_date,recover_date,remarks,county_com,effect_date,financial_code,web_address,satrap_name,insu_monitor_code,insure_id,sign_id,regionalism_code,com_nature,valid_code,sign,com_city_size,service_name,service_no,service_phone,service_post_address,com_grade,com_area_type,up_com_code,up_up_com_code,is_dir_under,found_date,agy,agy_name,bk,bk_name,yl,yl_name,br,br_name,tm,tm_name,rw,rw_name,operator,make_date,make_time,modify_date,modify_time FROM ld_com_new 
16:19:53.906 [http-nio-9999-exec-3] DEBUG com.cms.dao.LdComNewDao.selectList - [debug,159] - ==>  Preparing: SELECT com_code,out_com_code,name,core_code,core_name,short_name,area_code,address,zip_code,phone,fax,email,effect_state,revocation,reason,revocation_date,recover_date,remarks,county_com,effect_date,financial_code,web_address,satrap_name,insu_monitor_code,insure_id,sign_id,regionalism_code,com_nature,valid_code,sign,com_city_size,service_name,service_no,service_phone,service_post_address,com_grade,com_area_type,up_com_code,up_up_com_code,is_dir_under,found_date,agy,agy_name,bk,bk_name,yl,yl_name,br,br_name,tm,tm_name,rw,rw_name,operator,make_date,make_time,modify_date,modify_time FROM ld_com_new 
16:19:53.906 [http-nio-9999-exec-3] DEBUG com.cms.dao.LdComNewDao.selectList - [debug,159] - ==> Parameters: 
16:19:53.906 [http-nio-9999-exec-4] DEBUG com.cms.dao.LdComNewDao.selectList - [debug,159] - ==> Parameters: 
16:19:53.912 [http-nio-9999-exec-4] DEBUG com.cms.dao.LdComNewDao.selectList - [debug,159] - <==      Total: 0
16:19:53.912 [http-nio-9999-exec-3] DEBUG com.cms.dao.LdComNewDao.selectList - [debug,159] - <==      Total: 0
16:19:55.326 [http-nio-9999-exec-1] DEBUG com.cms.dao.YlLaAreaDao.selectList - [debug,159] - ==>  Preparing: SELECT place_code,place_type,place_name,up_place_name,operator,make_date,make_time,modify_date,modify_time FROM yl_la_area 
16:19:55.327 [http-nio-9999-exec-10] DEBUG com.cms.dao.LdCodeDao.selectList - [debug,159] - ==>  Preparing: SELECT code_type,code,code_name,com_code,other_sign FROM ld_code 
16:19:55.327 [http-nio-9999-exec-1] DEBUG com.cms.dao.YlLaAreaDao.selectList - [debug,159] - ==> Parameters: 
16:19:55.327 [http-nio-9999-exec-10] DEBUG com.cms.dao.LdCodeDao.selectList - [debug,159] - ==> Parameters: 
16:19:55.333 [http-nio-9999-exec-1] DEBUG com.cms.dao.YlLaAreaDao.selectList - [debug,159] - <==      Total: 0
16:19:55.334 [http-nio-9999-exec-2] DEBUG com.cms.dao.LdComNewDao.selectList - [debug,159] - ==>  Preparing: SELECT com_code,out_com_code,name,core_code,core_name,short_name,area_code,address,zip_code,phone,fax,email,effect_state,revocation,reason,revocation_date,recover_date,remarks,county_com,effect_date,financial_code,web_address,satrap_name,insu_monitor_code,insure_id,sign_id,regionalism_code,com_nature,valid_code,sign,com_city_size,service_name,service_no,service_phone,service_post_address,com_grade,com_area_type,up_com_code,up_up_com_code,is_dir_under,found_date,agy,agy_name,bk,bk_name,yl,yl_name,br,br_name,tm,tm_name,rw,rw_name,operator,make_date,make_time,modify_date,modify_time FROM ld_com_new WHERE up_com_code = ? 
16:19:55.335 [http-nio-9999-exec-2] DEBUG com.cms.dao.LdComNewDao.selectList - [debug,159] - ==> Parameters: 86(String)
16:19:55.343 [http-nio-9999-exec-2] DEBUG com.cms.dao.LdComNewDao.selectList - [debug,159] - <==      Total: 0
16:19:55.380 [http-nio-9999-exec-10] DEBUG com.cms.dao.LdCodeDao.selectList - [debug,159] - <==      Total: 1321
16:24:05.582 [http-nio-9999-exec-6] DEBUG com.cms.dao.LdCodeDao.selectList - [debug,159] - ==>  Preparing: SELECT code_type,code,code_name,com_code,other_sign FROM ld_code 
16:24:05.584 [http-nio-9999-exec-6] DEBUG com.cms.dao.LdCodeDao.selectList - [debug,159] - ==> Parameters: 
16:24:05.584 [http-nio-9999-exec-8] DEBUG com.cms.dao.YlLaAreaDao.selectList - [debug,159] - ==>  Preparing: SELECT place_code,place_type,place_name,up_place_name,operator,make_date,make_time,modify_date,modify_time FROM yl_la_area 
16:24:05.585 [http-nio-9999-exec-8] DEBUG com.cms.dao.YlLaAreaDao.selectList - [debug,159] - ==> Parameters: 
16:24:05.586 [http-nio-9999-exec-7] DEBUG com.cms.dao.LdComNewDao.selectList - [debug,159] - ==>  Preparing: SELECT com_code,out_com_code,name,core_code,core_name,short_name,area_code,address,zip_code,phone,fax,email,effect_state,revocation,reason,revocation_date,recover_date,remarks,county_com,effect_date,financial_code,web_address,satrap_name,insu_monitor_code,insure_id,sign_id,regionalism_code,com_nature,valid_code,sign,com_city_size,service_name,service_no,service_phone,service_post_address,com_grade,com_area_type,up_com_code,up_up_com_code,is_dir_under,found_date,agy,agy_name,bk,bk_name,yl,yl_name,br,br_name,tm,tm_name,rw,rw_name,operator,make_date,make_time,modify_date,modify_time FROM ld_com_new WHERE up_com_code = ? 
16:24:05.588 [http-nio-9999-exec-7] DEBUG com.cms.dao.LdComNewDao.selectList - [debug,159] - ==> Parameters: 86(String)
16:24:05.588 [http-nio-9999-exec-8] DEBUG com.cms.dao.YlLaAreaDao.selectList - [debug,159] - <==      Total: 0
16:24:05.590 [http-nio-9999-exec-7] DEBUG com.cms.dao.LdComNewDao.selectList - [debug,159] - <==      Total: 0
16:24:05.599 [http-nio-9999-exec-6] DEBUG com.cms.dao.LdCodeDao.selectList - [debug,159] - <==      Total: 1321
16:27:33.795 [http-nio-9999-exec-5] DEBUG com.cms.dao.YlLaAreaDao.selectList - [debug,159] - ==>  Preparing: SELECT place_code,place_type,place_name,up_place_name,operator,make_date,make_time,modify_date,modify_time FROM yl_la_area 
16:27:33.795 [http-nio-9999-exec-10] DEBUG com.cms.dao.LdCodeDao.selectList - [debug,159] - ==>  Preparing: SELECT code_type,code,code_name,com_code,other_sign FROM ld_code 
16:27:33.797 [http-nio-9999-exec-5] DEBUG com.cms.dao.YlLaAreaDao.selectList - [debug,159] - ==> Parameters: 
16:27:33.797 [http-nio-9999-exec-10] DEBUG com.cms.dao.LdCodeDao.selectList - [debug,159] - ==> Parameters: 
16:27:33.799 [http-nio-9999-exec-4] DEBUG com.cms.dao.LdComNewDao.selectList - [debug,159] - ==>  Preparing: SELECT com_code,out_com_code,name,core_code,core_name,short_name,area_code,address,zip_code,phone,fax,email,effect_state,revocation,reason,revocation_date,recover_date,remarks,county_com,effect_date,financial_code,web_address,satrap_name,insu_monitor_code,insure_id,sign_id,regionalism_code,com_nature,valid_code,sign,com_city_size,service_name,service_no,service_phone,service_post_address,com_grade,com_area_type,up_com_code,up_up_com_code,is_dir_under,found_date,agy,agy_name,bk,bk_name,yl,yl_name,br,br_name,tm,tm_name,rw,rw_name,operator,make_date,make_time,modify_date,modify_time FROM ld_com_new WHERE up_com_code = ? 
16:27:33.799 [http-nio-9999-exec-5] DEBUG com.cms.dao.YlLaAreaDao.selectList - [debug,159] - <==      Total: 0
16:27:33.800 [http-nio-9999-exec-4] DEBUG com.cms.dao.LdComNewDao.selectList - [debug,159] - ==> Parameters: 86(String)
16:27:33.803 [http-nio-9999-exec-4] DEBUG com.cms.dao.LdComNewDao.selectList - [debug,159] - <==      Total: 0
16:27:33.815 [http-nio-9999-exec-10] DEBUG com.cms.dao.LdCodeDao.selectList - [debug,159] - <==      Total: 1321
16:28:01.985 [http-nio-9999-exec-6] DEBUG com.cms.dao.LdComNewDao.selectList - [debug,159] - ==>  Preparing: SELECT com_code,out_com_code,name,core_code,core_name,short_name,area_code,address,zip_code,phone,fax,email,effect_state,revocation,reason,revocation_date,recover_date,remarks,county_com,effect_date,financial_code,web_address,satrap_name,insu_monitor_code,insure_id,sign_id,regionalism_code,com_nature,valid_code,sign,com_city_size,service_name,service_no,service_phone,service_post_address,com_grade,com_area_type,up_com_code,up_up_com_code,is_dir_under,found_date,agy,agy_name,bk,bk_name,yl,yl_name,br,br_name,tm,tm_name,rw,rw_name,operator,make_date,make_time,modify_date,modify_time FROM ld_com_new 
16:28:01.986 [http-nio-9999-exec-6] DEBUG com.cms.dao.LdComNewDao.selectList - [debug,159] - ==> Parameters: 
16:28:01.987 [http-nio-9999-exec-9] DEBUG com.cms.dao.LdComNewDao.selectList - [debug,159] - ==>  Preparing: SELECT com_code,out_com_code,name,core_code,core_name,short_name,area_code,address,zip_code,phone,fax,email,effect_state,revocation,reason,revocation_date,recover_date,remarks,county_com,effect_date,financial_code,web_address,satrap_name,insu_monitor_code,insure_id,sign_id,regionalism_code,com_nature,valid_code,sign,com_city_size,service_name,service_no,service_phone,service_post_address,com_grade,com_area_type,up_com_code,up_up_com_code,is_dir_under,found_date,agy,agy_name,bk,bk_name,yl,yl_name,br,br_name,tm,tm_name,rw,rw_name,operator,make_date,make_time,modify_date,modify_time FROM ld_com_new 
16:28:01.988 [http-nio-9999-exec-6] DEBUG com.cms.dao.LdComNewDao.selectList - [debug,159] - <==      Total: 0
16:28:01.988 [http-nio-9999-exec-9] DEBUG com.cms.dao.LdComNewDao.selectList - [debug,159] - ==> Parameters: 
16:28:01.990 [http-nio-9999-exec-9] DEBUG com.cms.dao.LdComNewDao.selectList - [debug,159] - <==      Total: 0
