08:14:56.324 [main] INFO  com.cms.CmsApplication - [logStarting,55] - Starting CmsApplication on DESKTOP-DMOPODR with PID 13080 (E:\2022.1\dj\cms-subject-back\target\classes started by 戴尔 in E:\2022.1\dj\cms-subject-back)
08:14:56.328 [main] DEBUG com.cms.CmsApplication - [logStarting,56] - Running with Spring Boot v2.2.8.RELEASE, Spring v5.2.7.RELEASE
08:14:56.329 [main] INFO  com.cms.CmsApplication - [logStartupProfileInfo,655] - The following profiles are active: dj
08:15:02.867 [main] INFO  com.cms.CmsApplication - [logStarted,61] - Started CmsApplication in 7.368 seconds (JVM running for 9.142)
08:15:14.530 [http-nio-9999-exec-1] DEBUG com.cms.dao.YlUserInfoDao.selectList - [debug,159] - ==>  Preparing: SELECT user_id,user_name,user_password,operator,make_date,make_time,modify_date,modify_time FROM yl_user_info WHERE user_id = ? AND user_password = ? 
08:15:14.614 [http-nio-9999-exec-1] DEBUG com.cms.dao.YlUserInfoDao.selectList - [debug,159] - ==> Parameters: 000000(String), 000000(String)
08:15:14.722 [http-nio-9999-exec-1] DEBUG com.cms.dao.YlUserInfoDao.selectList - [debug,159] - <==      Total: 1
08:15:37.063 [http-nio-9999-exec-5] DEBUG com.cms.dao.YlLaAreaDao.selectList - [debug,159] - ==>  Preparing: SELECT place_code,place_type,place_name,up_place_name,operator,make_date,make_time,modify_date,modify_time FROM yl_la_area 
08:15:37.067 [http-nio-9999-exec-5] DEBUG com.cms.dao.YlLaAreaDao.selectList - [debug,159] - ==> Parameters: 
08:15:37.068 [http-nio-9999-exec-6] DEBUG com.cms.dao.LdCodeDao.selectList - [debug,159] - ==>  Preparing: SELECT code_type,code,code_name,com_code,other_sign FROM ld_code 
08:15:37.070 [http-nio-9999-exec-6] DEBUG com.cms.dao.LdCodeDao.selectList - [debug,159] - ==> Parameters: 
08:15:37.080 [http-nio-9999-exec-5] DEBUG com.cms.dao.YlLaAreaDao.selectList - [debug,159] - <==      Total: 0
08:15:37.103 [http-nio-9999-exec-7] DEBUG com.cms.dao.LdComNewDao.selectList - [debug,159] - ==>  Preparing: SELECT com_code,out_com_code,name,core_code,core_name,short_name,area_code,address,zip_code,phone,fax,email,effect_state,revocation,reason,revocation_date,recover_date,remarks,county_com,effect_date,financial_code,web_address,satrap_name,insu_monitor_code,insure_id,sign_id,regionalism_code,com_nature,valid_code,sign,com_city_size,service_name,service_no,service_phone,service_post_address,com_grade,com_area_type,up_com_code,up_up_com_code,is_dir_under,found_date,agy,agy_name,bk,bk_name,yl,yl_name,br,br_name,tm,tm_name,rw,rw_name,operator,make_date,make_time,modify_date,modify_time FROM ld_com_new WHERE up_com_code = ? 
08:15:37.106 [http-nio-9999-exec-7] DEBUG com.cms.dao.LdComNewDao.selectList - [debug,159] - ==> Parameters: 86(String)
08:15:37.135 [http-nio-9999-exec-7] DEBUG com.cms.dao.LdComNewDao.selectList - [debug,159] - <==      Total: 1
08:15:37.217 [http-nio-9999-exec-6] DEBUG com.cms.dao.LdCodeDao.selectList - [debug,159] - <==      Total: 1321
08:16:29.960 [http-nio-9999-exec-2] DEBUG com.cms.dao.LdCodeDao.selectList - [debug,159] - ==>  Preparing: SELECT code_type,code,code_name,com_code,other_sign FROM ld_code WHERE code_type = ? 
08:16:29.962 [http-nio-9999-exec-2] DEBUG com.cms.dao.LdCodeDao.selectList - [debug,159] - ==> Parameters: sex(String)
08:16:29.976 [http-nio-9999-exec-2] DEBUG com.cms.dao.LdCodeDao.selectList - [debug,159] - <==      Total: 2
08:16:30.016 [http-nio-9999-exec-2] DEBUG com.cms.dao.LdCodeDao.selectList - [debug,159] - ==>  Preparing: SELECT code_type,code,code_name,com_code,other_sign FROM ld_code WHERE code_type = ? 
08:16:30.018 [http-nio-9999-exec-2] DEBUG com.cms.dao.LdCodeDao.selectList - [debug,159] - ==> Parameters: dajiaidtype(String)
08:16:30.023 [http-nio-9999-exec-2] DEBUG com.cms.dao.LdCodeDao.selectList - [debug,159] - <==      Total: 5
08:16:30.028 [http-nio-9999-exec-2] DEBUG com.cms.dao.LdCodeDao.selectList - [debug,159] - ==>  Preparing: SELECT code_type,code,code_name,com_code,other_sign FROM ld_code WHERE code_type = ? 
08:16:30.029 [http-nio-9999-exec-2] DEBUG com.cms.dao.LdCodeDao.selectList - [debug,159] - ==> Parameters: rgttype(String)
08:16:30.033 [http-nio-9999-exec-2] DEBUG com.cms.dao.LdCodeDao.selectList - [debug,159] - <==      Total: 4
08:16:30.038 [http-nio-9999-exec-2] DEBUG com.cms.dao.LdCodeDao.selectList - [debug,159] - ==>  Preparing: SELECT code_type,code,code_name,com_code,other_sign FROM ld_code WHERE code_type = ? 
08:16:30.040 [http-nio-9999-exec-2] DEBUG com.cms.dao.LdCodeDao.selectList - [debug,159] - ==> Parameters: highestdegree(String)
08:16:30.044 [http-nio-9999-exec-2] DEBUG com.cms.dao.LdCodeDao.selectList - [debug,159] - <==      Total: 11
08:16:30.049 [http-nio-9999-exec-2] DEBUG com.cms.dao.LdCodeDao.selectList - [debug,159] - ==>  Preparing: SELECT code_type,code,code_name,com_code,other_sign FROM ld_code WHERE code_type = ? 
08:16:30.051 [http-nio-9999-exec-2] DEBUG com.cms.dao.LdCodeDao.selectList - [debug,159] - ==> Parameters: highestdegree(String)
08:16:30.055 [http-nio-9999-exec-2] DEBUG com.cms.dao.LdCodeDao.selectList - [debug,159] - <==      Total: 11
08:16:30.060 [http-nio-9999-exec-2] DEBUG com.cms.dao.LdCodeDao.selectList - [debug,159] - ==>  Preparing: SELECT code_type,code,code_name,com_code,other_sign FROM ld_code WHERE code_type = ? 
08:16:30.061 [http-nio-9999-exec-2] DEBUG com.cms.dao.LdCodeDao.selectList - [debug,159] - ==> Parameters: degree(String)
08:16:30.065 [http-nio-9999-exec-2] DEBUG com.cms.dao.LdCodeDao.selectList - [debug,159] - <==      Total: 4
08:16:30.070 [http-nio-9999-exec-2] DEBUG com.cms.dao.LdCodeDao.selectList - [debug,159] - ==>  Preparing: SELECT code_type,code,code_name,com_code,other_sign FROM ld_code WHERE code_type = ? 
08:16:30.071 [http-nio-9999-exec-2] DEBUG com.cms.dao.LdCodeDao.selectList - [debug,159] - ==> Parameters: industrytype(String)
08:16:30.076 [http-nio-9999-exec-2] DEBUG com.cms.dao.LdCodeDao.selectList - [debug,159] - <==      Total: 5
08:16:30.080 [http-nio-9999-exec-2] DEBUG com.cms.dao.LdCodeDao.selectList - [debug,159] - ==>  Preparing: SELECT code_type,code,code_name,com_code,other_sign FROM ld_code WHERE code_type = ? 
08:16:30.082 [http-nio-9999-exec-2] DEBUG com.cms.dao.LdCodeDao.selectList - [debug,159] - ==> Parameters: polityvisage(String)
08:16:30.085 [http-nio-9999-exec-2] DEBUG com.cms.dao.LdCodeDao.selectList - [debug,159] - <==      Total: 4
08:16:30.735 [http-nio-9999-exec-3] DEBUG com.cms.dao.LdCodeDao.selectList - [debug,159] - ==>  Preparing: SELECT code_type,code,code_name,com_code,other_sign FROM ld_code WHERE code_type = ? 
08:16:30.736 [http-nio-9999-exec-3] DEBUG com.cms.dao.LdCodeDao.selectList - [debug,159] - ==> Parameters: sex(String)
08:16:30.738 [http-nio-9999-exec-3] DEBUG com.cms.dao.LdCodeDao.selectList - [debug,159] - <==      Total: 2
08:16:30.741 [http-nio-9999-exec-3] DEBUG com.cms.dao.LdCodeDao.selectList - [debug,159] - ==>  Preparing: SELECT code_type,code,code_name,com_code,other_sign FROM ld_code WHERE code_type = ? 
08:16:30.742 [http-nio-9999-exec-3] DEBUG com.cms.dao.LdCodeDao.selectList - [debug,159] - ==> Parameters: dajiaidtype(String)
08:16:30.745 [http-nio-9999-exec-3] DEBUG com.cms.dao.LdCodeDao.selectList - [debug,159] - <==      Total: 5
08:16:30.746 [http-nio-9999-exec-3] DEBUG com.cms.dao.LdCodeDao.selectList - [debug,159] - ==>  Preparing: SELECT code_type,code,code_name,com_code,other_sign FROM ld_code WHERE code_type = ? 
08:16:30.747 [http-nio-9999-exec-3] DEBUG com.cms.dao.LdCodeDao.selectList - [debug,159] - ==> Parameters: rgttype(String)
08:16:30.749 [http-nio-9999-exec-3] DEBUG com.cms.dao.LdCodeDao.selectList - [debug,159] - <==      Total: 4
08:16:30.752 [http-nio-9999-exec-3] DEBUG com.cms.dao.LdCodeDao.selectList - [debug,159] - ==>  Preparing: SELECT code_type,code,code_name,com_code,other_sign FROM ld_code WHERE code_type = ? 
08:16:30.754 [http-nio-9999-exec-3] DEBUG com.cms.dao.LdCodeDao.selectList - [debug,159] - ==> Parameters: highestdegree(String)
08:16:30.757 [http-nio-9999-exec-3] DEBUG com.cms.dao.LdCodeDao.selectList - [debug,159] - <==      Total: 11
08:16:30.762 [http-nio-9999-exec-3] DEBUG com.cms.dao.LdCodeDao.selectList - [debug,159] - ==>  Preparing: SELECT code_type,code,code_name,com_code,other_sign FROM ld_code WHERE code_type = ? 
08:16:30.763 [http-nio-9999-exec-3] DEBUG com.cms.dao.LdCodeDao.selectList - [debug,159] - ==> Parameters: highestdegree(String)
08:16:30.765 [http-nio-9999-exec-3] DEBUG com.cms.dao.LdCodeDao.selectList - [debug,159] - <==      Total: 11
08:16:30.771 [http-nio-9999-exec-3] DEBUG com.cms.dao.LdCodeDao.selectList - [debug,159] - ==>  Preparing: SELECT code_type,code,code_name,com_code,other_sign FROM ld_code WHERE code_type = ? 
08:16:30.771 [http-nio-9999-exec-3] DEBUG com.cms.dao.LdCodeDao.selectList - [debug,159] - ==> Parameters: degree(String)
08:16:30.773 [http-nio-9999-exec-3] DEBUG com.cms.dao.LdCodeDao.selectList - [debug,159] - <==      Total: 4
08:16:30.776 [http-nio-9999-exec-3] DEBUG com.cms.dao.LdCodeDao.selectList - [debug,159] - ==>  Preparing: SELECT code_type,code,code_name,com_code,other_sign FROM ld_code WHERE code_type = ? 
08:16:30.776 [http-nio-9999-exec-3] DEBUG com.cms.dao.LdCodeDao.selectList - [debug,159] - ==> Parameters: industrytype(String)
08:16:30.778 [http-nio-9999-exec-3] DEBUG com.cms.dao.LdCodeDao.selectList - [debug,159] - <==      Total: 5
08:16:30.781 [http-nio-9999-exec-3] DEBUG com.cms.dao.LdCodeDao.selectList - [debug,159] - ==>  Preparing: SELECT code_type,code,code_name,com_code,other_sign FROM ld_code WHERE code_type = ? 
08:16:30.783 [http-nio-9999-exec-3] DEBUG com.cms.dao.LdCodeDao.selectList - [debug,159] - ==> Parameters: polityvisage(String)
08:16:30.784 [http-nio-9999-exec-3] DEBUG com.cms.dao.LdCodeDao.selectList - [debug,159] - <==      Total: 4
08:17:17.304 [http-nio-9999-exec-7] DEBUG com.cms.dao.LdCodeDao.selectList - [debug,159] - ==>  Preparing: SELECT code_type,code,code_name,com_code,other_sign FROM ld_code 
08:17:17.306 [http-nio-9999-exec-7] DEBUG com.cms.dao.LdCodeDao.selectList - [debug,159] - ==> Parameters: 
08:17:17.315 [http-nio-9999-exec-9] DEBUG com.cms.dao.LdComNewDao.selectList - [debug,159] - ==>  Preparing: SELECT com_code,out_com_code,name,core_code,core_name,short_name,area_code,address,zip_code,phone,fax,email,effect_state,revocation,reason,revocation_date,recover_date,remarks,county_com,effect_date,financial_code,web_address,satrap_name,insu_monitor_code,insure_id,sign_id,regionalism_code,com_nature,valid_code,sign,com_city_size,service_name,service_no,service_phone,service_post_address,com_grade,com_area_type,up_com_code,up_up_com_code,is_dir_under,found_date,agy,agy_name,bk,bk_name,yl,yl_name,br,br_name,tm,tm_name,rw,rw_name,operator,make_date,make_time,modify_date,modify_time FROM ld_com_new WHERE com_grade = ? 
08:17:17.317 [http-nio-9999-exec-9] DEBUG com.cms.dao.LdComNewDao.selectList - [debug,159] - ==> Parameters: 01(String)
08:17:17.331 [http-nio-9999-exec-6] DEBUG com.cms.dao.LaAgentGradeDao.selectList - [debug,159] - ==>  Preparing: SELECT grade_id,grade_code,grade_name,branch_type,grade_order,grade_series,grade_level,remark,grade_abridge,virtual_grade,make_date,make_time,modify_date,modify_time,operator FROM la_agent_grade 
08:17:17.334 [http-nio-9999-exec-9] DEBUG com.cms.dao.LdComNewDao.selectList - [debug,159] - <==      Total: 1
08:17:17.333 [http-nio-9999-exec-6] DEBUG com.cms.dao.LaAgentGradeDao.selectList - [debug,159] - ==> Parameters: 
08:17:17.339 [http-nio-9999-exec-9] DEBUG com.cms.dao.LdComNewDao.selectList - [debug,159] - ==>  Preparing: SELECT com_code,out_com_code,name,core_code,core_name,short_name,area_code,address,zip_code,phone,fax,email,effect_state,revocation,reason,revocation_date,recover_date,remarks,county_com,effect_date,financial_code,web_address,satrap_name,insu_monitor_code,insure_id,sign_id,regionalism_code,com_nature,valid_code,sign,com_city_size,service_name,service_no,service_phone,service_post_address,com_grade,com_area_type,up_com_code,up_up_com_code,is_dir_under,found_date,agy,agy_name,bk,bk_name,yl,yl_name,br,br_name,tm,tm_name,rw,rw_name,operator,make_date,make_time,modify_date,modify_time FROM ld_com_new WHERE com_grade = ? 
08:17:17.342 [http-nio-9999-exec-9] DEBUG com.cms.dao.LdComNewDao.selectList - [debug,159] - ==> Parameters: 01(String)
08:17:17.354 [http-nio-9999-exec-9] DEBUG com.cms.dao.LdComNewDao.selectList - [debug,159] - <==      Total: 1
08:17:17.356 [http-nio-9999-exec-6] DEBUG com.cms.dao.LaAgentGradeDao.selectList - [debug,159] - <==      Total: 7
08:17:17.359 [http-nio-9999-exec-9] DEBUG com.cms.dao.LdComNewDao.selectList - [debug,159] - ==>  Preparing: SELECT com_code,out_com_code,name,core_code,core_name,short_name,area_code,address,zip_code,phone,fax,email,effect_state,revocation,reason,revocation_date,recover_date,remarks,county_com,effect_date,financial_code,web_address,satrap_name,insu_monitor_code,insure_id,sign_id,regionalism_code,com_nature,valid_code,sign,com_city_size,service_name,service_no,service_phone,service_post_address,com_grade,com_area_type,up_com_code,up_up_com_code,is_dir_under,found_date,agy,agy_name,bk,bk_name,yl,yl_name,br,br_name,tm,tm_name,rw,rw_name,operator,make_date,make_time,modify_date,modify_time FROM ld_com_new WHERE up_com_code = ? 
08:17:17.360 [http-nio-9999-exec-9] DEBUG com.cms.dao.LdComNewDao.selectList - [debug,159] - ==> Parameters: 86(String)
08:17:17.366 [http-nio-9999-exec-7] DEBUG com.cms.dao.LdCodeDao.selectList - [debug,159] - <==      Total: 1321
08:17:17.366 [http-nio-9999-exec-9] DEBUG com.cms.dao.LdComNewDao.selectList - [debug,159] - <==      Total: 1
08:17:17.369 [http-nio-9999-exec-9] DEBUG com.cms.dao.LdComNewDao.selectList - [debug,159] - ==>  Preparing: SELECT com_code,out_com_code,name,core_code,core_name,short_name,area_code,address,zip_code,phone,fax,email,effect_state,revocation,reason,revocation_date,recover_date,remarks,county_com,effect_date,financial_code,web_address,satrap_name,insu_monitor_code,insure_id,sign_id,regionalism_code,com_nature,valid_code,sign,com_city_size,service_name,service_no,service_phone,service_post_address,com_grade,com_area_type,up_com_code,up_up_com_code,is_dir_under,found_date,agy,agy_name,bk,bk_name,yl,yl_name,br,br_name,tm,tm_name,rw,rw_name,operator,make_date,make_time,modify_date,modify_time FROM ld_com_new WHERE up_com_code = ? 
08:17:17.370 [http-nio-9999-exec-9] DEBUG com.cms.dao.LdComNewDao.selectList - [debug,159] - ==> Parameters: 8611(String)
08:17:17.376 [http-nio-9999-exec-9] DEBUG com.cms.dao.LdComNewDao.selectList - [debug,159] - <==      Total: 1
08:17:17.378 [http-nio-9999-exec-9] DEBUG com.cms.dao.LdComNewDao.selectList - [debug,159] - ==>  Preparing: SELECT com_code,out_com_code,name,core_code,core_name,short_name,area_code,address,zip_code,phone,fax,email,effect_state,revocation,reason,revocation_date,recover_date,remarks,county_com,effect_date,financial_code,web_address,satrap_name,insu_monitor_code,insure_id,sign_id,regionalism_code,com_nature,valid_code,sign,com_city_size,service_name,service_no,service_phone,service_post_address,com_grade,com_area_type,up_com_code,up_up_com_code,is_dir_under,found_date,agy,agy_name,bk,bk_name,yl,yl_name,br,br_name,tm,tm_name,rw,rw_name,operator,make_date,make_time,modify_date,modify_time FROM ld_com_new WHERE up_com_code = ? 
08:17:17.380 [http-nio-9999-exec-9] DEBUG com.cms.dao.LdComNewDao.selectList - [debug,159] - ==> Parameters: 861101(String)
08:17:17.384 [http-nio-9999-exec-9] DEBUG com.cms.dao.LdComNewDao.selectList - [debug,159] - <==      Total: 1
08:17:17.387 [http-nio-9999-exec-9] DEBUG com.cms.dao.LdComNewDao.selectList - [debug,159] - ==>  Preparing: SELECT com_code,out_com_code,name,core_code,core_name,short_name,area_code,address,zip_code,phone,fax,email,effect_state,revocation,reason,revocation_date,recover_date,remarks,county_com,effect_date,financial_code,web_address,satrap_name,insu_monitor_code,insure_id,sign_id,regionalism_code,com_nature,valid_code,sign,com_city_size,service_name,service_no,service_phone,service_post_address,com_grade,com_area_type,up_com_code,up_up_com_code,is_dir_under,found_date,agy,agy_name,bk,bk_name,yl,yl_name,br,br_name,tm,tm_name,rw,rw_name,operator,make_date,make_time,modify_date,modify_time FROM ld_com_new WHERE up_com_code = ? 
08:17:17.388 [http-nio-9999-exec-9] DEBUG com.cms.dao.LdComNewDao.selectList - [debug,159] - ==> Parameters: 86110101(String)
08:17:17.391 [http-nio-9999-exec-9] DEBUG com.cms.dao.LdComNewDao.selectList - [debug,159] - <==      Total: 0
08:17:31.280 [http-nio-9999-exec-3] DEBUG com.cms.dao.YlLaAgentDao.DismissQueryList - [debug,159] - ==>  Preparing: select t1.agent_code, t1.agent_name, t2.manage_com as comCode4, t2.branch_attr as branchAttr, (SELECT yl_name FROM ld_com_new WHERE ld_com_new.com_code=t1.manage_com) AS manageCom4, t2.branch_attr as agentGroup, t2.branch_name, t1.agent_grade as agentGradeCom, (SELECT grade_name FROM la_agent_grade WHERE la_agent_grade.grade_code=t1.agent_grade) AS agentGradeName, t3.depart_date as diffDate, t3.depart_reason as diffCauseCom, (select ld_code.code_name from ld_code where ld_code.code_type='departreason' and t3.depart_reason=ld_code.code) as diffCauseName, t3.noti as illustrate, t3.depart_state as agentStateCom, (select ld_code.code_name from ld_code where ld_code.code_type='agydepartstate' and t3.depart_state=ld_code.code)as agentStateName from yl_la_agent as t1 JOIN yl_la_branch_group AS t2 ON t1.agent_group = t2.agent_group JOIN yl_la_dimission AS t3 ON t1.agent_code = t3.agent_code 
08:17:31.282 [http-nio-9999-exec-3] DEBUG com.cms.dao.YlLaAgentDao.DismissQueryList - [debug,159] - ==> Parameters: 
08:17:31.305 [http-nio-9999-exec-3] DEBUG com.cms.dao.YlLaAgentDao.DismissQueryList - [debug,159] - <==      Total: 1
08:17:34.924 [http-nio-9999-exec-4] DEBUG com.cms.dao.LdCodeDao.selectList - [debug,159] - ==>  Preparing: SELECT code_type,code,code_name,com_code,other_sign FROM ld_code 
08:17:34.925 [http-nio-9999-exec-4] DEBUG com.cms.dao.LdCodeDao.selectList - [debug,159] - ==> Parameters: 
08:17:34.927 [http-nio-9999-exec-5] DEBUG com.cms.dao.LdComNewDao.selectList - [debug,159] - ==>  Preparing: SELECT com_code,out_com_code,name,core_code,core_name,short_name,area_code,address,zip_code,phone,fax,email,effect_state,revocation,reason,revocation_date,recover_date,remarks,county_com,effect_date,financial_code,web_address,satrap_name,insu_monitor_code,insure_id,sign_id,regionalism_code,com_nature,valid_code,sign,com_city_size,service_name,service_no,service_phone,service_post_address,com_grade,com_area_type,up_com_code,up_up_com_code,is_dir_under,found_date,agy,agy_name,bk,bk_name,yl,yl_name,br,br_name,tm,tm_name,rw,rw_name,operator,make_date,make_time,modify_date,modify_time FROM ld_com_new WHERE com_grade = ? 
08:17:34.927 [http-nio-9999-exec-5] DEBUG com.cms.dao.LdComNewDao.selectList - [debug,159] - ==> Parameters: 01(String)
08:17:34.931 [http-nio-9999-exec-5] DEBUG com.cms.dao.LdComNewDao.selectList - [debug,159] - <==      Total: 1
08:17:34.933 [http-nio-9999-exec-5] DEBUG com.cms.dao.LdComNewDao.selectList - [debug,159] - ==>  Preparing: SELECT com_code,out_com_code,name,core_code,core_name,short_name,area_code,address,zip_code,phone,fax,email,effect_state,revocation,reason,revocation_date,recover_date,remarks,county_com,effect_date,financial_code,web_address,satrap_name,insu_monitor_code,insure_id,sign_id,regionalism_code,com_nature,valid_code,sign,com_city_size,service_name,service_no,service_phone,service_post_address,com_grade,com_area_type,up_com_code,up_up_com_code,is_dir_under,found_date,agy,agy_name,bk,bk_name,yl,yl_name,br,br_name,tm,tm_name,rw,rw_name,operator,make_date,make_time,modify_date,modify_time FROM ld_com_new WHERE com_grade = ? 
08:17:34.933 [http-nio-9999-exec-5] DEBUG com.cms.dao.LdComNewDao.selectList - [debug,159] - ==> Parameters: 01(String)
08:17:34.937 [http-nio-9999-exec-5] DEBUG com.cms.dao.LdComNewDao.selectList - [debug,159] - <==      Total: 1
08:17:34.940 [http-nio-9999-exec-5] DEBUG com.cms.dao.LdComNewDao.selectList - [debug,159] - ==>  Preparing: SELECT com_code,out_com_code,name,core_code,core_name,short_name,area_code,address,zip_code,phone,fax,email,effect_state,revocation,reason,revocation_date,recover_date,remarks,county_com,effect_date,financial_code,web_address,satrap_name,insu_monitor_code,insure_id,sign_id,regionalism_code,com_nature,valid_code,sign,com_city_size,service_name,service_no,service_phone,service_post_address,com_grade,com_area_type,up_com_code,up_up_com_code,is_dir_under,found_date,agy,agy_name,bk,bk_name,yl,yl_name,br,br_name,tm,tm_name,rw,rw_name,operator,make_date,make_time,modify_date,modify_time FROM ld_com_new WHERE up_com_code = ? 
08:17:34.941 [http-nio-9999-exec-5] DEBUG com.cms.dao.LdComNewDao.selectList - [debug,159] - ==> Parameters: 86(String)
08:17:34.944 [http-nio-9999-exec-4] DEBUG com.cms.dao.LdCodeDao.selectList - [debug,159] - <==      Total: 1321
08:17:34.944 [http-nio-9999-exec-5] DEBUG com.cms.dao.LdComNewDao.selectList - [debug,159] - <==      Total: 1
08:17:34.947 [http-nio-9999-exec-5] DEBUG com.cms.dao.LdComNewDao.selectList - [debug,159] - ==>  Preparing: SELECT com_code,out_com_code,name,core_code,core_name,short_name,area_code,address,zip_code,phone,fax,email,effect_state,revocation,reason,revocation_date,recover_date,remarks,county_com,effect_date,financial_code,web_address,satrap_name,insu_monitor_code,insure_id,sign_id,regionalism_code,com_nature,valid_code,sign,com_city_size,service_name,service_no,service_phone,service_post_address,com_grade,com_area_type,up_com_code,up_up_com_code,is_dir_under,found_date,agy,agy_name,bk,bk_name,yl,yl_name,br,br_name,tm,tm_name,rw,rw_name,operator,make_date,make_time,modify_date,modify_time FROM ld_com_new WHERE up_com_code = ? 
08:17:34.948 [http-nio-9999-exec-5] DEBUG com.cms.dao.LdComNewDao.selectList - [debug,159] - ==> Parameters: 8611(String)
08:17:34.952 [http-nio-9999-exec-5] DEBUG com.cms.dao.LdComNewDao.selectList - [debug,159] - <==      Total: 1
08:17:34.956 [http-nio-9999-exec-5] DEBUG com.cms.dao.LdComNewDao.selectList - [debug,159] - ==>  Preparing: SELECT com_code,out_com_code,name,core_code,core_name,short_name,area_code,address,zip_code,phone,fax,email,effect_state,revocation,reason,revocation_date,recover_date,remarks,county_com,effect_date,financial_code,web_address,satrap_name,insu_monitor_code,insure_id,sign_id,regionalism_code,com_nature,valid_code,sign,com_city_size,service_name,service_no,service_phone,service_post_address,com_grade,com_area_type,up_com_code,up_up_com_code,is_dir_under,found_date,agy,agy_name,bk,bk_name,yl,yl_name,br,br_name,tm,tm_name,rw,rw_name,operator,make_date,make_time,modify_date,modify_time FROM ld_com_new WHERE up_com_code = ? 
08:17:34.957 [http-nio-9999-exec-5] DEBUG com.cms.dao.LdComNewDao.selectList - [debug,159] - ==> Parameters: 861101(String)
08:17:34.961 [http-nio-9999-exec-5] DEBUG com.cms.dao.LdComNewDao.selectList - [debug,159] - <==      Total: 1
08:17:34.963 [http-nio-9999-exec-5] DEBUG com.cms.dao.LdComNewDao.selectList - [debug,159] - ==>  Preparing: SELECT com_code,out_com_code,name,core_code,core_name,short_name,area_code,address,zip_code,phone,fax,email,effect_state,revocation,reason,revocation_date,recover_date,remarks,county_com,effect_date,financial_code,web_address,satrap_name,insu_monitor_code,insure_id,sign_id,regionalism_code,com_nature,valid_code,sign,com_city_size,service_name,service_no,service_phone,service_post_address,com_grade,com_area_type,up_com_code,up_up_com_code,is_dir_under,found_date,agy,agy_name,bk,bk_name,yl,yl_name,br,br_name,tm,tm_name,rw,rw_name,operator,make_date,make_time,modify_date,modify_time FROM ld_com_new WHERE up_com_code = ? 
08:17:34.964 [http-nio-9999-exec-5] DEBUG com.cms.dao.LdComNewDao.selectList - [debug,159] - ==> Parameters: 86110101(String)
08:17:34.966 [http-nio-9999-exec-5] DEBUG com.cms.dao.LdComNewDao.selectList - [debug,159] - <==      Total: 0
08:17:41.446 [http-nio-9999-exec-7] DEBUG com.cms.dao.YlLaAgentDao.DismissQueryList - [debug,159] - ==>  Preparing: select t1.agent_code, t1.agent_name, t2.manage_com as comCode4, t2.branch_attr as branchAttr, (SELECT yl_name FROM ld_com_new WHERE ld_com_new.com_code=t1.manage_com) AS manageCom4, t2.branch_attr as agentGroup, t2.branch_name, t1.agent_grade as agentGradeCom, (SELECT grade_name FROM la_agent_grade WHERE la_agent_grade.grade_code=t1.agent_grade) AS agentGradeName, t3.depart_date as diffDate, t3.depart_reason as diffCauseCom, (select ld_code.code_name from ld_code where ld_code.code_type='departreason' and t3.depart_reason=ld_code.code) as diffCauseName, t3.noti as illustrate, t3.depart_state as agentStateCom, (select ld_code.code_name from ld_code where ld_code.code_type='agydepartstate' and t3.depart_state=ld_code.code)as agentStateName from yl_la_agent as t1 JOIN yl_la_branch_group AS t2 ON t1.agent_group = t2.agent_group JOIN yl_la_dimission AS t3 ON t1.agent_code = t3.agent_code 
08:17:41.447 [http-nio-9999-exec-7] DEBUG com.cms.dao.YlLaAgentDao.DismissQueryList - [debug,159] - ==> Parameters: 
08:17:41.450 [http-nio-9999-exec-7] DEBUG com.cms.dao.YlLaAgentDao.DismissQueryList - [debug,159] - <==      Total: 1
08:17:51.847 [http-nio-9999-exec-2] DEBUG com.cms.dao.LdCodeDao.selectList - [debug,159] - ==>  Preparing: SELECT code_type,code,code_name,com_code,other_sign FROM ld_code 
08:17:51.849 [http-nio-9999-exec-2] DEBUG com.cms.dao.LdCodeDao.selectList - [debug,159] - ==> Parameters: 
08:17:51.856 [http-nio-9999-exec-10] DEBUG com.cms.dao.LdComNewDao.selectList - [debug,159] - ==>  Preparing: SELECT com_code,out_com_code,name,core_code,core_name,short_name,area_code,address,zip_code,phone,fax,email,effect_state,revocation,reason,revocation_date,recover_date,remarks,county_com,effect_date,financial_code,web_address,satrap_name,insu_monitor_code,insure_id,sign_id,regionalism_code,com_nature,valid_code,sign,com_city_size,service_name,service_no,service_phone,service_post_address,com_grade,com_area_type,up_com_code,up_up_com_code,is_dir_under,found_date,agy,agy_name,bk,bk_name,yl,yl_name,br,br_name,tm,tm_name,rw,rw_name,operator,make_date,make_time,modify_date,modify_time FROM ld_com_new WHERE up_com_code = ? 
08:17:51.858 [http-nio-9999-exec-10] DEBUG com.cms.dao.LdComNewDao.selectList - [debug,159] - ==> Parameters: 86(String)
08:17:51.868 [http-nio-9999-exec-10] DEBUG com.cms.dao.LdComNewDao.selectList - [debug,159] - <==      Total: 1
08:17:51.872 [http-nio-9999-exec-1] DEBUG com.cms.dao.LdCodeDao.selectList - [debug,159] - ==>  Preparing: SELECT code_type,code,code_name,com_code,other_sign FROM ld_code 
08:17:51.873 [http-nio-9999-exec-1] DEBUG com.cms.dao.LdCodeDao.selectList - [debug,159] - ==> Parameters: 
08:17:51.875 [http-nio-9999-exec-3] DEBUG com.cms.dao.YlLaAreaDao.selectList - [debug,159] - ==>  Preparing: SELECT place_code,place_type,place_name,up_place_name,operator,make_date,make_time,modify_date,modify_time FROM yl_la_area 
08:17:51.877 [http-nio-9999-exec-3] DEBUG com.cms.dao.YlLaAreaDao.selectList - [debug,159] - ==> Parameters: 
08:17:51.882 [http-nio-9999-exec-4] DEBUG com.cms.dao.LdComNewDao.selectList - [debug,159] - ==>  Preparing: SELECT com_code,out_com_code,name,core_code,core_name,short_name,area_code,address,zip_code,phone,fax,email,effect_state,revocation,reason,revocation_date,recover_date,remarks,county_com,effect_date,financial_code,web_address,satrap_name,insu_monitor_code,insure_id,sign_id,regionalism_code,com_nature,valid_code,sign,com_city_size,service_name,service_no,service_phone,service_post_address,com_grade,com_area_type,up_com_code,up_up_com_code,is_dir_under,found_date,agy,agy_name,bk,bk_name,yl,yl_name,br,br_name,tm,tm_name,rw,rw_name,operator,make_date,make_time,modify_date,modify_time FROM ld_com_new WHERE up_com_code = ? 
08:17:51.884 [http-nio-9999-exec-3] DEBUG com.cms.dao.YlLaAreaDao.selectList - [debug,159] - <==      Total: 0
08:17:51.885 [http-nio-9999-exec-4] DEBUG com.cms.dao.LdComNewDao.selectList - [debug,159] - ==> Parameters: 86(String)
08:17:51.901 [http-nio-9999-exec-4] DEBUG com.cms.dao.LdComNewDao.selectList - [debug,159] - <==      Total: 1
08:17:51.916 [http-nio-9999-exec-2] DEBUG com.cms.dao.LdCodeDao.selectList - [debug,159] - <==      Total: 1321
08:17:51.934 [http-nio-9999-exec-1] DEBUG com.cms.dao.LdCodeDao.selectList - [debug,159] - <==      Total: 1321
08:17:52.728 [http-nio-9999-exec-8] DEBUG com.cms.dao.YlLaAgentDao.queryStaff - [debug,159] - ==>  Preparing: SELECT t1.agent_code, t1.agent_name, t1.agent_grade, t1.agent_state, t1.employ_date, t1.out_work_date, t2.com_code, t2.yl_name AS manage_com4, t3.agent_group, t3.branch_attr, t3.branch_name, t4.grade_name, (SELECT code_name FROM ld_code WHERE t1.agent_state=ld_code.code AND ld_code.code_type='agentstate') AS stateName, (SELECT yl_name FROM ld_com_new WHERE ld_com_new.yl = 'Y' AND com_code = (SELECT LEFT(t2.com_code, 6))) AS manage_com3, (SELECT yl_name FROM ld_com_new WHERE ld_com_new.yl='Y' AND com_code=(SELECT LEFT (t2.com_code, 4))) AS manage_com2 FROM yl_la_agent AS t1 JOIN ld_com_new AS t2 ON t1.manage_com=t2.com_code JOIN yl_la_branch_group AS t3 ON t1.agent_group=t3.agent_group JOIN la_agent_grade AS t4 ON t1.agent_grade=t4.grade_code 
08:17:52.730 [http-nio-9999-exec-8] DEBUG com.cms.dao.YlLaAgentDao.queryStaff - [debug,159] - ==> Parameters: 
08:17:52.746 [http-nio-9999-exec-8] DEBUG com.cms.dao.YlLaAgentDao.queryStaff - [debug,159] - <==      Total: 4
08:17:54.914 [http-nio-9999-exec-7] DEBUG com.cms.dao.YlLaAgentDao.queryInfo - [debug,159] - ==>  Preparing: SELECT t1.agent_code, t1.sap_code, t1.agent_name, t2.id_type, t2.id_no, t2.birthday, t2.sex, t2.rgt_type, t2.reg_address as rgtProvince, t2.highest_degree, t2.first_degree, t2.degree, t2.graduate_school, t2.major, t2.nationality, t2.nativeplace, t2.old_industry_type, t2.old_occupation, t2.old_com, t2.old_job_duty, t2.work_age, t2.address as homeAddress, t2.postcode, t2.homephone, t2.phone, t2.email, t2.outlook_status, t2.bank_code, t2.bank_account, t2.unite_bank_num, t2.bank_province, t2.bank_city, t2.certificate_no, t1.agent_job, t1.agent_grade, t3.branch_attr, t3.branch_manager, t3.branch_manager_name, t2.contract_type, t2.contract_start_date, t2.contract_end_date, t1.employ_date, t1.operator, t4.grade_name as agentGradeName, t3.branch_name, t1.out_work_date, t1.agent_state, t1.repeat_flag, (SELECT yl_name FROM ld_com_new WHERE ld_com_new.yl='Y' and com_code=t1.manage_com) as manageCom4, (SELECT up_com_code FROM ld_com_new WHERE ld_com_new.yl='Y' and com_code=t1.manage_com) as comCode3, (SELECT yl_name FROM ld_com_new WHERE ld_com_new.yl='Y' and com_code=comCode3) as manageCom3, (SELECT up_com_code FROM ld_com_new WHERE ld_com_new.yl='Y' and com_code=comCode3) as comCode2, (SELECT yl_name FROM ld_com_new WHERE ld_com_new.yl='Y' and com_code=comCode2) as manageCom2 FROM yl_la_agent AS t1 JOIN yl_la_agent_attr AS t2 ON t1.agent_code=t2.agent_code JOIN yl_la_branch_group AS t3 ON t1.agent_group=t3.agent_group JOIN la_agent_grade AS t4 ON t1.agent_grade=t4.grade_code WHERE t1.agent_code = ? 
08:17:54.916 [http-nio-9999-exec-7] DEBUG com.cms.dao.YlLaAgentDao.queryInfo - [debug,159] - ==> Parameters: YL00000004(String)
08:17:54.933 [http-nio-9999-exec-7] DEBUG com.cms.dao.YlLaAgentDao.queryInfo - [debug,159] - <==      Total: 1
08:17:55.307 [http-nio-9999-exec-10] DEBUG com.cms.dao.LaAgentGradeDao.selectList - [debug,159] - ==>  Preparing: SELECT grade_id,grade_code,grade_name,branch_type,grade_order,grade_series,grade_level,remark,grade_abridge,virtual_grade,make_date,make_time,modify_date,modify_time,operator FROM la_agent_grade WHERE grade_series = ? 
08:17:55.309 [http-nio-9999-exec-10] DEBUG com.cms.dao.LaAgentGradeDao.selectList - [debug,159] - ==> Parameters: 1(String)
08:17:55.317 [http-nio-9999-exec-10] DEBUG com.cms.dao.LaAgentGradeDao.selectList - [debug,159] - <==      Total: 4
08:18:06.091 [http-nio-9999-exec-8] DEBUG com.cms.dao.LdComNewDao.selectList - [debug,159] - ==>  Preparing: SELECT com_code,out_com_code,name,core_code,core_name,short_name,area_code,address,zip_code,phone,fax,email,effect_state,revocation,reason,revocation_date,recover_date,remarks,county_com,effect_date,financial_code,web_address,satrap_name,insu_monitor_code,insure_id,sign_id,regionalism_code,com_nature,valid_code,sign,com_city_size,service_name,service_no,service_phone,service_post_address,com_grade,com_area_type,up_com_code,up_up_com_code,is_dir_under,found_date,agy,agy_name,bk,bk_name,yl,yl_name,br,br_name,tm,tm_name,rw,rw_name,operator,make_date,make_time,modify_date,modify_time FROM ld_com_new WHERE com_grade = ? 
08:18:06.094 [http-nio-9999-exec-8] DEBUG com.cms.dao.LdComNewDao.selectList - [debug,159] - ==> Parameters: 01(String)
08:18:06.100 [http-nio-9999-exec-8] DEBUG com.cms.dao.LdComNewDao.selectList - [debug,159] - <==      Total: 1
08:18:06.105 [http-nio-9999-exec-8] DEBUG com.cms.dao.LdComNewDao.selectList - [debug,159] - ==>  Preparing: SELECT com_code,out_com_code,name,core_code,core_name,short_name,area_code,address,zip_code,phone,fax,email,effect_state,revocation,reason,revocation_date,recover_date,remarks,county_com,effect_date,financial_code,web_address,satrap_name,insu_monitor_code,insure_id,sign_id,regionalism_code,com_nature,valid_code,sign,com_city_size,service_name,service_no,service_phone,service_post_address,com_grade,com_area_type,up_com_code,up_up_com_code,is_dir_under,found_date,agy,agy_name,bk,bk_name,yl,yl_name,br,br_name,tm,tm_name,rw,rw_name,operator,make_date,make_time,modify_date,modify_time FROM ld_com_new WHERE com_grade = ? 
08:18:06.107 [http-nio-9999-exec-8] DEBUG com.cms.dao.LdComNewDao.selectList - [debug,159] - ==> Parameters: 01(String)
08:18:06.113 [http-nio-9999-exec-8] DEBUG com.cms.dao.LdComNewDao.selectList - [debug,159] - <==      Total: 1
08:18:06.118 [http-nio-9999-exec-8] DEBUG com.cms.dao.LdComNewDao.selectList - [debug,159] - ==>  Preparing: SELECT com_code,out_com_code,name,core_code,core_name,short_name,area_code,address,zip_code,phone,fax,email,effect_state,revocation,reason,revocation_date,recover_date,remarks,county_com,effect_date,financial_code,web_address,satrap_name,insu_monitor_code,insure_id,sign_id,regionalism_code,com_nature,valid_code,sign,com_city_size,service_name,service_no,service_phone,service_post_address,com_grade,com_area_type,up_com_code,up_up_com_code,is_dir_under,found_date,agy,agy_name,bk,bk_name,yl,yl_name,br,br_name,tm,tm_name,rw,rw_name,operator,make_date,make_time,modify_date,modify_time FROM ld_com_new WHERE up_com_code = ? 
08:18:06.122 [http-nio-9999-exec-8] DEBUG com.cms.dao.LdComNewDao.selectList - [debug,159] - ==> Parameters: 86(String)
08:18:06.163 [http-nio-9999-exec-8] DEBUG com.cms.dao.LdComNewDao.selectList - [debug,159] - <==      Total: 1
08:18:06.166 [http-nio-9999-exec-8] DEBUG com.cms.dao.LdComNewDao.selectList - [debug,159] - ==>  Preparing: SELECT com_code,out_com_code,name,core_code,core_name,short_name,area_code,address,zip_code,phone,fax,email,effect_state,revocation,reason,revocation_date,recover_date,remarks,county_com,effect_date,financial_code,web_address,satrap_name,insu_monitor_code,insure_id,sign_id,regionalism_code,com_nature,valid_code,sign,com_city_size,service_name,service_no,service_phone,service_post_address,com_grade,com_area_type,up_com_code,up_up_com_code,is_dir_under,found_date,agy,agy_name,bk,bk_name,yl,yl_name,br,br_name,tm,tm_name,rw,rw_name,operator,make_date,make_time,modify_date,modify_time FROM ld_com_new WHERE up_com_code = ? 
08:18:06.168 [http-nio-9999-exec-8] DEBUG com.cms.dao.LdComNewDao.selectList - [debug,159] - ==> Parameters: 8611(String)
08:18:06.175 [http-nio-9999-exec-8] DEBUG com.cms.dao.LdComNewDao.selectList - [debug,159] - <==      Total: 1
08:18:06.178 [http-nio-9999-exec-8] DEBUG com.cms.dao.LdComNewDao.selectList - [debug,159] - ==>  Preparing: SELECT com_code,out_com_code,name,core_code,core_name,short_name,area_code,address,zip_code,phone,fax,email,effect_state,revocation,reason,revocation_date,recover_date,remarks,county_com,effect_date,financial_code,web_address,satrap_name,insu_monitor_code,insure_id,sign_id,regionalism_code,com_nature,valid_code,sign,com_city_size,service_name,service_no,service_phone,service_post_address,com_grade,com_area_type,up_com_code,up_up_com_code,is_dir_under,found_date,agy,agy_name,bk,bk_name,yl,yl_name,br,br_name,tm,tm_name,rw,rw_name,operator,make_date,make_time,modify_date,modify_time FROM ld_com_new WHERE up_com_code = ? 
08:18:06.180 [http-nio-9999-exec-8] DEBUG com.cms.dao.LdComNewDao.selectList - [debug,159] - ==> Parameters: 861101(String)
08:18:06.185 [http-nio-9999-exec-8] DEBUG com.cms.dao.LdComNewDao.selectList - [debug,159] - <==      Total: 1
08:18:06.190 [http-nio-9999-exec-8] DEBUG com.cms.dao.LdComNewDao.selectList - [debug,159] - ==>  Preparing: SELECT com_code,out_com_code,name,core_code,core_name,short_name,area_code,address,zip_code,phone,fax,email,effect_state,revocation,reason,revocation_date,recover_date,remarks,county_com,effect_date,financial_code,web_address,satrap_name,insu_monitor_code,insure_id,sign_id,regionalism_code,com_nature,valid_code,sign,com_city_size,service_name,service_no,service_phone,service_post_address,com_grade,com_area_type,up_com_code,up_up_com_code,is_dir_under,found_date,agy,agy_name,bk,bk_name,yl,yl_name,br,br_name,tm,tm_name,rw,rw_name,operator,make_date,make_time,modify_date,modify_time FROM ld_com_new WHERE up_com_code = ? 
08:18:06.192 [http-nio-9999-exec-8] DEBUG com.cms.dao.LdComNewDao.selectList - [debug,159] - ==> Parameters: 86110101(String)
08:18:06.197 [http-nio-9999-exec-8] DEBUG com.cms.dao.LdComNewDao.selectList - [debug,159] - <==      Total: 0
08:18:22.815 [http-nio-9999-exec-9] DEBUG com.cms.dao.YlLaBranchGroupDao.selectList - [debug,159] - ==>  Preparing: SELECT agent_group,manage_com,branch_type,branch_attr,branch_level,branch_name,branch_name_eng,branch_name_chi,branch_eff_date,branch_address,branch_phone_no,branch_fax_no,branch_status,branch_terminate_eff_date,branch_terminate_reason,direct_flag,up_agent_group,branch_manager,branch_manager_name,branch_manager_phone,manager_eff_date,reporting_manager,chat_name,make_date,make_time,modify_date,modify_time,operator FROM yl_la_branch_group WHERE manage_com LIKE ? 
08:18:22.815 [http-nio-9999-exec-9] DEBUG com.cms.dao.YlLaBranchGroupDao.selectList - [debug,159] - ==> Parameters: 86%(String)
08:18:22.824 [http-nio-9999-exec-9] DEBUG com.cms.dao.YlLaBranchGroupDao.selectList - [debug,159] - <==      Total: 2
08:18:23.981 [http-nio-9999-exec-3] DEBUG com.cms.dao.YlLaAgentDao.SearchList - [debug,159] - ==>  Preparing: select t1.agent_code, t1.agent_name, t1.employ_date, t1.agent_state, t1.agent_grade, t4.branch_attr as agentGroup, t3.contract_type, t4.branch_name, t4.manage_com as com_code4 , (SELECT yl_name FROM ld_com_new WHERE ld_com_new.com_code=com_code4) AS manageCom4, (SELECT up_com_code FROM ld_com_new WHERE t4.manage_com=ld_com_new.com_code) AS com_code3, (SELECT yl_name FROM ld_com_new WHERE ld_com_new.com_code=com_code3) AS manageCom3, (SELECT up_com_code FROM ld_com_new WHERE ld_com_new.com_code=com_code3) AS com_code2, (SELECT yl_name FROM ld_com_new WHERE ld_com_new.com_code=com_code2) AS manageCom2, (SELECT code_name FROM ld_code WHERE ld_code.code_type='agentstate' AND code=t1.agent_state) AS agentState, (SELECT code_name FROM ld_code WHERE ld_code.code_type='contracttype' AND code=t3.contract_type) AS contractType, (SELECT grade_name FROM la_agent_grade WHERE la_agent_grade.grade_code=t1.agent_grade) AS agentGrade from yl_la_agent AS t1 JOIN yl_la_agent_attr AS t3 ON t1.agent_code = t3.agent_code JOIN yl_la_branch_group AS t4 ON t1.agent_group = t4.agent_group WHERE t4.manage_com LIKE ? AND t1.agent_grade LIKE ? AND t1.agent_state <= ? 
08:18:23.983 [http-nio-9999-exec-3] DEBUG com.cms.dao.YlLaAgentDao.SearchList - [debug,159] - ==> Parameters: 86%(String), YL%(String), 02(String)
08:18:24.001 [http-nio-9999-exec-3] DEBUG com.cms.dao.YlLaAgentDao.SearchList - [debug,159] - <==      Total: 3
08:18:38.296 [http-nio-9999-exec-2] DEBUG com.cms.dao.LaAgentGradeDao.selectList - [debug,159] - ==>  Preparing: SELECT grade_id,grade_code,grade_name,branch_type,grade_order,grade_series,grade_level,remark,grade_abridge,virtual_grade,make_date,make_time,modify_date,modify_time,operator FROM la_agent_grade 
08:18:38.296 [http-nio-9999-exec-4] DEBUG com.cms.dao.LdComNewDao.selectList - [debug,159] - ==>  Preparing: SELECT com_code,out_com_code,name,core_code,core_name,short_name,area_code,address,zip_code,phone,fax,email,effect_state,revocation,reason,revocation_date,recover_date,remarks,county_com,effect_date,financial_code,web_address,satrap_name,insu_monitor_code,insure_id,sign_id,regionalism_code,com_nature,valid_code,sign,com_city_size,service_name,service_no,service_phone,service_post_address,com_grade,com_area_type,up_com_code,up_up_com_code,is_dir_under,found_date,agy,agy_name,bk,bk_name,yl,yl_name,br,br_name,tm,tm_name,rw,rw_name,operator,make_date,make_time,modify_date,modify_time FROM ld_com_new WHERE com_grade = ? 
08:18:38.297 [http-nio-9999-exec-2] DEBUG com.cms.dao.LaAgentGradeDao.selectList - [debug,159] - ==> Parameters: 
08:18:38.298 [http-nio-9999-exec-4] DEBUG com.cms.dao.LdComNewDao.selectList - [debug,159] - ==> Parameters: 01(String)
08:18:38.304 [http-nio-9999-exec-1] DEBUG com.cms.dao.LaAgentGradeDao.selectList - [debug,159] - ==>  Preparing: SELECT grade_id,grade_code,grade_name,branch_type,grade_order,grade_series,grade_level,remark,grade_abridge,virtual_grade,make_date,make_time,modify_date,modify_time,operator FROM la_agent_grade 
08:18:38.306 [http-nio-9999-exec-1] DEBUG com.cms.dao.LaAgentGradeDao.selectList - [debug,159] - ==> Parameters: 
08:18:38.307 [http-nio-9999-exec-4] DEBUG com.cms.dao.LdComNewDao.selectList - [debug,159] - <==      Total: 1
08:18:38.313 [http-nio-9999-exec-4] DEBUG com.cms.dao.LdComNewDao.selectList - [debug,159] - ==>  Preparing: SELECT com_code,out_com_code,name,core_code,core_name,short_name,area_code,address,zip_code,phone,fax,email,effect_state,revocation,reason,revocation_date,recover_date,remarks,county_com,effect_date,financial_code,web_address,satrap_name,insu_monitor_code,insure_id,sign_id,regionalism_code,com_nature,valid_code,sign,com_city_size,service_name,service_no,service_phone,service_post_address,com_grade,com_area_type,up_com_code,up_up_com_code,is_dir_under,found_date,agy,agy_name,bk,bk_name,yl,yl_name,br,br_name,tm,tm_name,rw,rw_name,operator,make_date,make_time,modify_date,modify_time FROM ld_com_new WHERE com_grade = ? 
08:18:38.316 [http-nio-9999-exec-4] DEBUG com.cms.dao.LdComNewDao.selectList - [debug,159] - ==> Parameters: 01(String)
08:18:38.319 [http-nio-9999-exec-2] DEBUG com.cms.dao.LaAgentGradeDao.selectList - [debug,159] - <==      Total: 7
08:18:38.320 [http-nio-9999-exec-1] DEBUG com.cms.dao.LaAgentGradeDao.selectList - [debug,159] - <==      Total: 7
08:18:38.324 [http-nio-9999-exec-8] DEBUG com.cms.dao.LdComNewDao.selectList - [debug,159] - ==>  Preparing: SELECT com_code,out_com_code,name,core_code,core_name,short_name,area_code,address,zip_code,phone,fax,email,effect_state,revocation,reason,revocation_date,recover_date,remarks,county_com,effect_date,financial_code,web_address,satrap_name,insu_monitor_code,insure_id,sign_id,regionalism_code,com_nature,valid_code,sign,com_city_size,service_name,service_no,service_phone,service_post_address,com_grade,com_area_type,up_com_code,up_up_com_code,is_dir_under,found_date,agy,agy_name,bk,bk_name,yl,yl_name,br,br_name,tm,tm_name,rw,rw_name,operator,make_date,make_time,modify_date,modify_time FROM ld_com_new 
08:18:38.325 [http-nio-9999-exec-4] DEBUG com.cms.dao.LdComNewDao.selectList - [debug,159] - <==      Total: 1
08:18:38.327 [http-nio-9999-exec-8] DEBUG com.cms.dao.LdComNewDao.selectList - [debug,159] - ==> Parameters: 
08:18:38.330 [http-nio-9999-exec-4] DEBUG com.cms.dao.LdComNewDao.selectList - [debug,159] - ==>  Preparing: SELECT com_code,out_com_code,name,core_code,core_name,short_name,area_code,address,zip_code,phone,fax,email,effect_state,revocation,reason,revocation_date,recover_date,remarks,county_com,effect_date,financial_code,web_address,satrap_name,insu_monitor_code,insure_id,sign_id,regionalism_code,com_nature,valid_code,sign,com_city_size,service_name,service_no,service_phone,service_post_address,com_grade,com_area_type,up_com_code,up_up_com_code,is_dir_under,found_date,agy,agy_name,bk,bk_name,yl,yl_name,br,br_name,tm,tm_name,rw,rw_name,operator,make_date,make_time,modify_date,modify_time FROM ld_com_new WHERE up_com_code = ? 
08:18:38.332 [http-nio-9999-exec-4] DEBUG com.cms.dao.LdComNewDao.selectList - [debug,159] - ==> Parameters: 86(String)
08:18:38.334 [http-nio-9999-exec-8] DEBUG com.cms.dao.LdComNewDao.selectList - [debug,159] - <==      Total: 4
08:18:38.339 [http-nio-9999-exec-4] DEBUG com.cms.dao.LdComNewDao.selectList - [debug,159] - <==      Total: 1
08:18:38.344 [http-nio-9999-exec-4] DEBUG com.cms.dao.LdComNewDao.selectList - [debug,159] - ==>  Preparing: SELECT com_code,out_com_code,name,core_code,core_name,short_name,area_code,address,zip_code,phone,fax,email,effect_state,revocation,reason,revocation_date,recover_date,remarks,county_com,effect_date,financial_code,web_address,satrap_name,insu_monitor_code,insure_id,sign_id,regionalism_code,com_nature,valid_code,sign,com_city_size,service_name,service_no,service_phone,service_post_address,com_grade,com_area_type,up_com_code,up_up_com_code,is_dir_under,found_date,agy,agy_name,bk,bk_name,yl,yl_name,br,br_name,tm,tm_name,rw,rw_name,operator,make_date,make_time,modify_date,modify_time FROM ld_com_new WHERE up_com_code = ? 
08:18:38.346 [http-nio-9999-exec-4] DEBUG com.cms.dao.LdComNewDao.selectList - [debug,159] - ==> Parameters: 8611(String)
08:18:38.353 [http-nio-9999-exec-4] DEBUG com.cms.dao.LdComNewDao.selectList - [debug,159] - <==      Total: 1
08:18:38.358 [http-nio-9999-exec-4] DEBUG com.cms.dao.LdComNewDao.selectList - [debug,159] - ==>  Preparing: SELECT com_code,out_com_code,name,core_code,core_name,short_name,area_code,address,zip_code,phone,fax,email,effect_state,revocation,reason,revocation_date,recover_date,remarks,county_com,effect_date,financial_code,web_address,satrap_name,insu_monitor_code,insure_id,sign_id,regionalism_code,com_nature,valid_code,sign,com_city_size,service_name,service_no,service_phone,service_post_address,com_grade,com_area_type,up_com_code,up_up_com_code,is_dir_under,found_date,agy,agy_name,bk,bk_name,yl,yl_name,br,br_name,tm,tm_name,rw,rw_name,operator,make_date,make_time,modify_date,modify_time FROM ld_com_new WHERE up_com_code = ? 
08:18:38.360 [http-nio-9999-exec-4] DEBUG com.cms.dao.LdComNewDao.selectList - [debug,159] - ==> Parameters: 861101(String)
08:18:38.367 [http-nio-9999-exec-4] DEBUG com.cms.dao.LdComNewDao.selectList - [debug,159] - <==      Total: 1
08:18:38.370 [http-nio-9999-exec-4] DEBUG com.cms.dao.LdComNewDao.selectList - [debug,159] - ==>  Preparing: SELECT com_code,out_com_code,name,core_code,core_name,short_name,area_code,address,zip_code,phone,fax,email,effect_state,revocation,reason,revocation_date,recover_date,remarks,county_com,effect_date,financial_code,web_address,satrap_name,insu_monitor_code,insure_id,sign_id,regionalism_code,com_nature,valid_code,sign,com_city_size,service_name,service_no,service_phone,service_post_address,com_grade,com_area_type,up_com_code,up_up_com_code,is_dir_under,found_date,agy,agy_name,bk,bk_name,yl,yl_name,br,br_name,tm,tm_name,rw,rw_name,operator,make_date,make_time,modify_date,modify_time FROM ld_com_new WHERE up_com_code = ? 
08:18:38.373 [http-nio-9999-exec-4] DEBUG com.cms.dao.LdComNewDao.selectList - [debug,159] - ==> Parameters: 86110101(String)
08:18:38.377 [http-nio-9999-exec-4] DEBUG com.cms.dao.LdComNewDao.selectList - [debug,159] - <==      Total: 0
08:18:44.575 [http-nio-9999-exec-7] DEBUG com.cms.dao.YlLaBranchGroupDao.selectList - [debug,159] - ==>  Preparing: SELECT agent_group,manage_com,branch_type,branch_attr,branch_level,branch_name,branch_name_eng,branch_name_chi,branch_eff_date,branch_address,branch_phone_no,branch_fax_no,branch_status,branch_terminate_eff_date,branch_terminate_reason,direct_flag,up_agent_group,branch_manager,branch_manager_name,branch_manager_phone,manager_eff_date,reporting_manager,chat_name,make_date,make_time,modify_date,modify_time,operator FROM yl_la_branch_group WHERE manage_com LIKE ? 
08:18:44.577 [http-nio-9999-exec-7] DEBUG com.cms.dao.YlLaBranchGroupDao.selectList - [debug,159] - ==> Parameters: %(String)
08:18:44.584 [http-nio-9999-exec-7] DEBUG com.cms.dao.YlLaBranchGroupDao.selectList - [debug,159] - <==      Total: 2
08:18:45.855 [http-nio-9999-exec-10] DEBUG com.cms.dao.YlLaBranchGroupDao.gradeQuery - [debug,159] - ==>  Preparing: SELECT t2.agent_code, t2.agent_name, t2.agent_group, t1.branch_attr, t1.branch_name, t2.employ_date, t2.agent_state, t3.contract_type, t2.agent_grade, t1.manage_com AS com_code4, (SELECT yl_name FROM ld_com_new WHERE ld_com_new.com_code=com_code4) AS manageCom4, (SELECT up_com_code FROM ld_com_new WHERE t1.manage_com=ld_com_new.com_code) AS com_code3, (SELECT yl_name FROM ld_com_new WHERE ld_com_new.com_code=com_code3) AS manageCom3, (SELECT up_com_code FROM ld_com_new WHERE ld_com_new.com_code=com_code3) AS com_code2, (SELECT yl_name FROM ld_com_new WHERE ld_com_new.com_code=com_code2) AS manageCom2, (SELECT code_name FROM ld_code WHERE ld_code.code_type='agentstate' AND code=t2.agent_state) AS agentStateName, (SELECT code_name FROM ld_code WHERE ld_code.code_type='contracttype' AND code=t3.contract_type) AS contractTypeName, (SELECT grade_name FROM la_agent_grade WHERE la_agent_grade.grade_code=t2.agent_grade) AS agentGradeName FROM yl_la_branch_group AS t1 JOIN yl_la_agent AS t2 ON t1.agent_group = t2.agent_group JOIN yl_la_agent_attr AS t3 ON t2.agent_code=t3.agent_code WHERE t1.manage_com LIKE ? 
08:18:45.856 [http-nio-9999-exec-10] DEBUG com.cms.dao.YlLaBranchGroupDao.gradeQuery - [debug,159] - ==> Parameters: 86%(String)
08:18:45.863 [http-nio-9999-exec-10] DEBUG com.cms.dao.YlLaBranchGroupDao.gradeQuery - [debug,159] - <==      Total: 4
08:18:53.271 [http-nio-9999-exec-5] DEBUG com.cms.dao.YlLaAgentDao.selectOne - [debug,159] - ==>  Preparing: SELECT agent_code,sap_code,agent_name,agent_job,agent_grade,agent_state,branch_type,manage_com,init_grade,employ_date,sign_date,in_due_form_date,out_work_date,done_date,insert_kind,agent_group,work_date,introduce,repeat_flag,operator,is_peers,make_date,make_time,modify_date,modify_time FROM yl_la_agent WHERE agent_code = ? 
08:18:53.272 [http-nio-9999-exec-5] DEBUG com.cms.dao.YlLaAgentDao.selectOne - [debug,159] - ==> Parameters: YL00000001(String)
08:18:53.279 [http-nio-9999-exec-5] DEBUG com.cms.dao.YlLaAgentDao.selectOne - [debug,159] - <==      Total: 1
08:18:53.291 [http-nio-9999-exec-5] DEBUG com.cms.dao.YlLaBranchGroupDao.selectOne - [debug,159] - ==>  Preparing: SELECT agent_group,manage_com,branch_type,branch_attr,branch_level,branch_name,branch_name_eng,branch_name_chi,branch_eff_date,branch_address,branch_phone_no,branch_fax_no,branch_status,branch_terminate_eff_date,branch_terminate_reason,direct_flag,up_agent_group,branch_manager,branch_manager_name,branch_manager_phone,manager_eff_date,reporting_manager,chat_name,make_date,make_time,modify_date,modify_time,operator FROM yl_la_branch_group WHERE agent_group = ? 
08:18:53.292 [http-nio-9999-exec-5] DEBUG com.cms.dao.YlLaBranchGroupDao.selectOne - [debug,159] - ==> Parameters: 1000000001(String)
08:18:53.297 [http-nio-9999-exec-5] DEBUG com.cms.dao.YlLaBranchGroupDao.selectOne - [debug,159] - <==      Total: 1
08:19:03.082 [http-nio-9999-exec-2] DEBUG com.cms.dao.LdComNewDao.selectList - [debug,159] - ==>  Preparing: SELECT com_code,out_com_code,name,core_code,core_name,short_name,area_code,address,zip_code,phone,fax,email,effect_state,revocation,reason,revocation_date,recover_date,remarks,county_com,effect_date,financial_code,web_address,satrap_name,insu_monitor_code,insure_id,sign_id,regionalism_code,com_nature,valid_code,sign,com_city_size,service_name,service_no,service_phone,service_post_address,com_grade,com_area_type,up_com_code,up_up_com_code,is_dir_under,found_date,agy,agy_name,bk,bk_name,yl,yl_name,br,br_name,tm,tm_name,rw,rw_name,operator,make_date,make_time,modify_date,modify_time FROM ld_com_new 
08:19:03.084 [http-nio-9999-exec-2] DEBUG com.cms.dao.LdComNewDao.selectList - [debug,159] - ==> Parameters: 
08:19:03.088 [http-nio-9999-exec-1] DEBUG com.cms.dao.LdComNewDao.selectList - [debug,159] - ==>  Preparing: SELECT com_code,out_com_code,name,core_code,core_name,short_name,area_code,address,zip_code,phone,fax,email,effect_state,revocation,reason,revocation_date,recover_date,remarks,county_com,effect_date,financial_code,web_address,satrap_name,insu_monitor_code,insure_id,sign_id,regionalism_code,com_nature,valid_code,sign,com_city_size,service_name,service_no,service_phone,service_post_address,com_grade,com_area_type,up_com_code,up_up_com_code,is_dir_under,found_date,agy,agy_name,bk,bk_name,yl,yl_name,br,br_name,tm,tm_name,rw,rw_name,operator,make_date,make_time,modify_date,modify_time FROM ld_com_new 
08:19:03.089 [http-nio-9999-exec-1] DEBUG com.cms.dao.LdComNewDao.selectList - [debug,159] - ==> Parameters: 
08:19:03.093 [http-nio-9999-exec-2] DEBUG com.cms.dao.LdComNewDao.selectList - [debug,159] - <==      Total: 4
08:19:03.101 [http-nio-9999-exec-1] DEBUG com.cms.dao.LdComNewDao.selectList - [debug,159] - <==      Total: 4
08:19:33.486 [http-nio-9999-exec-8] DEBUG com.cms.dao.LdComNewDao.selectList - [debug,159] - ==>  Preparing: SELECT com_code,out_com_code,name,core_code,core_name,short_name,area_code,address,zip_code,phone,fax,email,effect_state,revocation,reason,revocation_date,recover_date,remarks,county_com,effect_date,financial_code,web_address,satrap_name,insu_monitor_code,insure_id,sign_id,regionalism_code,com_nature,valid_code,sign,com_city_size,service_name,service_no,service_phone,service_post_address,com_grade,com_area_type,up_com_code,up_up_com_code,is_dir_under,found_date,agy,agy_name,bk,bk_name,yl,yl_name,br,br_name,tm,tm_name,rw,rw_name,operator,make_date,make_time,modify_date,modify_time FROM ld_com_new 
08:19:33.487 [http-nio-9999-exec-8] DEBUG com.cms.dao.LdComNewDao.selectList - [debug,159] - ==> Parameters: 
08:19:33.492 [http-nio-9999-exec-4] DEBUG com.cms.dao.LdComNewDao.selectList - [debug,159] - ==>  Preparing: SELECT com_code,out_com_code,name,core_code,core_name,short_name,area_code,address,zip_code,phone,fax,email,effect_state,revocation,reason,revocation_date,recover_date,remarks,county_com,effect_date,financial_code,web_address,satrap_name,insu_monitor_code,insure_id,sign_id,regionalism_code,com_nature,valid_code,sign,com_city_size,service_name,service_no,service_phone,service_post_address,com_grade,com_area_type,up_com_code,up_up_com_code,is_dir_under,found_date,agy,agy_name,bk,bk_name,yl,yl_name,br,br_name,tm,tm_name,rw,rw_name,operator,make_date,make_time,modify_date,modify_time FROM ld_com_new 
08:19:33.492 [http-nio-9999-exec-8] DEBUG com.cms.dao.LdComNewDao.selectList - [debug,159] - <==      Total: 4
08:19:33.493 [http-nio-9999-exec-4] DEBUG com.cms.dao.LdComNewDao.selectList - [debug,159] - ==> Parameters: 
08:19:33.498 [http-nio-9999-exec-4] DEBUG com.cms.dao.LdComNewDao.selectList - [debug,159] - <==      Total: 4
08:19:36.215 [http-nio-9999-exec-7] DEBUG com.cms.dao.YlLaAreaDao.selectList - [debug,159] - ==>  Preparing: SELECT place_code,place_type,place_name,up_place_name,operator,make_date,make_time,modify_date,modify_time FROM yl_la_area 
08:19:36.215 [http-nio-9999-exec-6] DEBUG com.cms.dao.LdCodeDao.selectList - [debug,159] - ==>  Preparing: SELECT code_type,code,code_name,com_code,other_sign FROM ld_code 
08:19:36.216 [http-nio-9999-exec-7] DEBUG com.cms.dao.YlLaAreaDao.selectList - [debug,159] - ==> Parameters: 
08:19:36.216 [http-nio-9999-exec-6] DEBUG com.cms.dao.LdCodeDao.selectList - [debug,159] - ==> Parameters: 
08:19:36.218 [http-nio-9999-exec-9] DEBUG com.cms.dao.LdComNewDao.selectList - [debug,159] - ==>  Preparing: SELECT com_code,out_com_code,name,core_code,core_name,short_name,area_code,address,zip_code,phone,fax,email,effect_state,revocation,reason,revocation_date,recover_date,remarks,county_com,effect_date,financial_code,web_address,satrap_name,insu_monitor_code,insure_id,sign_id,regionalism_code,com_nature,valid_code,sign,com_city_size,service_name,service_no,service_phone,service_post_address,com_grade,com_area_type,up_com_code,up_up_com_code,is_dir_under,found_date,agy,agy_name,bk,bk_name,yl,yl_name,br,br_name,tm,tm_name,rw,rw_name,operator,make_date,make_time,modify_date,modify_time FROM ld_com_new WHERE up_com_code = ? 
08:19:36.218 [http-nio-9999-exec-7] DEBUG com.cms.dao.YlLaAreaDao.selectList - [debug,159] - <==      Total: 0
08:19:36.219 [http-nio-9999-exec-9] DEBUG com.cms.dao.LdComNewDao.selectList - [debug,159] - ==> Parameters: 86(String)
08:19:36.222 [http-nio-9999-exec-9] DEBUG com.cms.dao.LdComNewDao.selectList - [debug,159] - <==      Total: 1
08:19:36.234 [http-nio-9999-exec-6] DEBUG com.cms.dao.LdCodeDao.selectList - [debug,159] - <==      Total: 1321
08:39:16.156 [http-nio-9999-exec-7] DEBUG com.cms.dao.LdCodeDao.selectList - [debug,159] - ==>  Preparing: SELECT code_type,code,code_name,com_code,other_sign FROM ld_code 
08:39:16.156 [http-nio-9999-exec-9] DEBUG com.cms.dao.YlLaAreaDao.selectList - [debug,159] - ==>  Preparing: SELECT place_code,place_type,place_name,up_place_name,operator,make_date,make_time,modify_date,modify_time FROM yl_la_area 
08:39:16.158 [http-nio-9999-exec-9] DEBUG com.cms.dao.YlLaAreaDao.selectList - [debug,159] - ==> Parameters: 
08:39:16.158 [http-nio-9999-exec-7] DEBUG com.cms.dao.LdCodeDao.selectList - [debug,159] - ==> Parameters: 
08:39:16.160 [http-nio-9999-exec-6] DEBUG com.cms.dao.LdComNewDao.selectList - [debug,159] - ==>  Preparing: SELECT com_code,out_com_code,name,core_code,core_name,short_name,area_code,address,zip_code,phone,fax,email,effect_state,revocation,reason,revocation_date,recover_date,remarks,county_com,effect_date,financial_code,web_address,satrap_name,insu_monitor_code,insure_id,sign_id,regionalism_code,com_nature,valid_code,sign,com_city_size,service_name,service_no,service_phone,service_post_address,com_grade,com_area_type,up_com_code,up_up_com_code,is_dir_under,found_date,agy,agy_name,bk,bk_name,yl,yl_name,br,br_name,tm,tm_name,rw,rw_name,operator,make_date,make_time,modify_date,modify_time FROM ld_com_new WHERE up_com_code = ? 
08:39:16.160 [http-nio-9999-exec-9] DEBUG com.cms.dao.YlLaAreaDao.selectList - [debug,159] - <==      Total: 0
08:39:16.161 [http-nio-9999-exec-6] DEBUG com.cms.dao.LdComNewDao.selectList - [debug,159] - ==> Parameters: 86(String)
08:39:16.166 [http-nio-9999-exec-6] DEBUG com.cms.dao.LdComNewDao.selectList - [debug,159] - <==      Total: 1
08:39:16.188 [http-nio-9999-exec-7] DEBUG com.cms.dao.LdCodeDao.selectList - [debug,159] - <==      Total: 1321
08:41:07.783 [http-nio-9999-exec-9] DEBUG com.cms.dao.YlLaAgentDao.getAllYlLaAgent - [debug,159] - ==>  Preparing: select ylaa.*, yl_la_agent.* from yl_la_agent join yl_la_agent_attr ylaa on yl_la_agent.agent_code = ylaa.agent_code WHERE id_no = ? AND id_type = ? 
08:41:07.786 [http-nio-9999-exec-9] DEBUG com.cms.dao.YlLaAgentDao.getAllYlLaAgent - [debug,159] - ==> Parameters: 142301200110021841(String), 01(String)
08:41:07.792 [http-nio-9999-exec-9] DEBUG com.cms.dao.YlLaAgentDao.getAllYlLaAgent - [debug,159] - <==      Total: 0
08:43:11.440 [http-nio-9999-exec-10] DEBUG com.cms.dao.LdComNewDao.selectList - [debug,159] - ==>  Preparing: SELECT com_code,out_com_code,name,core_code,core_name,short_name,area_code,address,zip_code,phone,fax,email,effect_state,revocation,reason,revocation_date,recover_date,remarks,county_com,effect_date,financial_code,web_address,satrap_name,insu_monitor_code,insure_id,sign_id,regionalism_code,com_nature,valid_code,sign,com_city_size,service_name,service_no,service_phone,service_post_address,com_grade,com_area_type,up_com_code,up_up_com_code,is_dir_under,found_date,agy,agy_name,bk,bk_name,yl,yl_name,br,br_name,tm,tm_name,rw,rw_name,operator,make_date,make_time,modify_date,modify_time FROM ld_com_new WHERE up_com_code = ? 
08:43:11.441 [http-nio-9999-exec-10] DEBUG com.cms.dao.LdComNewDao.selectList - [debug,159] - ==> Parameters: 8611(String)
08:43:11.444 [http-nio-9999-exec-10] DEBUG com.cms.dao.LdComNewDao.selectList - [debug,159] - <==      Total: 1
08:43:12.651 [http-nio-9999-exec-2] DEBUG com.cms.dao.LdComNewDao.selectList - [debug,159] - ==>  Preparing: SELECT com_code,out_com_code,name,core_code,core_name,short_name,area_code,address,zip_code,phone,fax,email,effect_state,revocation,reason,revocation_date,recover_date,remarks,county_com,effect_date,financial_code,web_address,satrap_name,insu_monitor_code,insure_id,sign_id,regionalism_code,com_nature,valid_code,sign,com_city_size,service_name,service_no,service_phone,service_post_address,com_grade,com_area_type,up_com_code,up_up_com_code,is_dir_under,found_date,agy,agy_name,bk,bk_name,yl,yl_name,br,br_name,tm,tm_name,rw,rw_name,operator,make_date,make_time,modify_date,modify_time FROM ld_com_new WHERE up_com_code = ? 
08:43:12.652 [http-nio-9999-exec-2] DEBUG com.cms.dao.LdComNewDao.selectList - [debug,159] - ==> Parameters: 861101(String)
08:43:12.659 [http-nio-9999-exec-2] DEBUG com.cms.dao.LdComNewDao.selectList - [debug,159] - <==      Total: 1
08:43:15.781 [http-nio-9999-exec-1] DEBUG com.cms.dao.LaAgentGradeDao.selectList - [debug,159] - ==>  Preparing: SELECT grade_id,grade_code,grade_name,branch_type,grade_order,grade_series,grade_level,remark,grade_abridge,virtual_grade,make_date,make_time,modify_date,modify_time,operator FROM la_agent_grade WHERE grade_series = ? 
08:43:15.782 [http-nio-9999-exec-1] DEBUG com.cms.dao.LaAgentGradeDao.selectList - [debug,159] - ==> Parameters: 0(String)
08:43:15.785 [http-nio-9999-exec-1] DEBUG com.cms.dao.LaAgentGradeDao.selectList - [debug,159] - <==      Total: 3
08:43:15.817 [http-nio-9999-exec-4] DEBUG com.cms.dao.YlLaBranchGroupDao.selectList - [debug,159] - ==>  Preparing: SELECT agent_group,manage_com,branch_type,branch_attr,branch_level,branch_name,branch_name_eng,branch_name_chi,branch_eff_date,branch_address,branch_phone_no,branch_fax_no,branch_status,branch_terminate_eff_date,branch_terminate_reason,direct_flag,up_agent_group,branch_manager,branch_manager_name,branch_manager_phone,manager_eff_date,reporting_manager,chat_name,make_date,make_time,modify_date,modify_time,operator FROM yl_la_branch_group WHERE branch_status = ? AND manage_com = ? 
08:43:15.819 [http-nio-9999-exec-4] DEBUG com.cms.dao.YlLaBranchGroupDao.selectList - [debug,159] - ==> Parameters: N(String), 86110101(String)
08:43:15.831 [http-nio-9999-exec-4] DEBUG com.cms.dao.YlLaBranchGroupDao.selectList - [debug,159] - <==      Total: 2
08:43:19.122 [http-nio-9999-exec-6] DEBUG com.cms.dao.YlLaBranchGroupDao.selectOne - [debug,159] - ==>  Preparing: SELECT agent_group,manage_com,branch_type,branch_attr,branch_level,branch_name,branch_name_eng,branch_name_chi,branch_eff_date,branch_address,branch_phone_no,branch_fax_no,branch_status,branch_terminate_eff_date,branch_terminate_reason,direct_flag,up_agent_group,branch_manager,branch_manager_name,branch_manager_phone,manager_eff_date,reporting_manager,chat_name,make_date,make_time,modify_date,modify_time,operator FROM yl_la_branch_group WHERE branch_attr = ? 
08:43:19.123 [http-nio-9999-exec-6] DEBUG com.cms.dao.YlLaBranchGroupDao.selectOne - [debug,159] - ==> Parameters: T1101100001(String)
08:43:19.132 [http-nio-9999-exec-6] DEBUG com.cms.dao.YlLaBranchGroupDao.selectOne - [debug,159] - <==      Total: 1
08:43:57.192 [http-nio-9999-exec-2] DEBUG com.cms.dao.YlLaAgentAttrDao.selectList - [debug,159] - ==>  Preparing: SELECT agent_code,recom_agent_code,recom_agent_name,id_type,id_no,sex,birthday,marriage_status,nationality,nativeplace,postcode,phone,email,homephone,health_status,outlook_status,health_remark,attendance_no,graduate_school,major,highest_degree,first_degree,degree,degree_code,degree_name,old_industry_type,old_occupation,old_com,old_job_duty,work_age,province,city,area,address,train,contract_type,contract_start_date,contract_end_date,certificate_no,unite_bank_num,bank_code,bank_account,bank_province,bank_city,bank_address,operator,make_date,make_time,modify_date,modify_time,rgt_type,reg_address FROM yl_la_agent_attr 
08:43:57.193 [http-nio-9999-exec-2] DEBUG com.cms.dao.YlLaAgentAttrDao.selectList - [debug,159] - ==> Parameters: 
08:43:57.202 [http-nio-9999-exec-2] DEBUG com.cms.dao.YlLaAgentAttrDao.selectList - [debug,159] - <==      Total: 4
08:43:57.212 [http-nio-9999-exec-2] DEBUG com.cms.dao.YlLaAgentDao.getAllYlLaAgent - [debug,159] - ==>  Preparing: select ylaa.*, yl_la_agent.* from yl_la_agent join yl_la_agent_attr ylaa on yl_la_agent.agent_code = ylaa.agent_code WHERE id_no = ? AND id_type = ? 
08:43:57.212 [http-nio-9999-exec-2] DEBUG com.cms.dao.YlLaAgentDao.getAllYlLaAgent - [debug,159] - ==> Parameters: 142301200110021841(String), 01(String)
08:43:57.214 [http-nio-9999-exec-2] DEBUG com.cms.dao.YlLaAgentDao.getAllYlLaAgent - [debug,159] - <==      Total: 0
08:43:57.224 [http-nio-9999-exec-2] DEBUG com.cms.dao.YlLaAgentAttrDao.insert - [debug,159] - ==>  Preparing: INSERT INTO yl_la_agent_attr ( agent_code, recom_agent_code, recom_agent_name, id_type, id_no, sex, birthday, marriage_status, nationality, nativeplace, postcode, phone, email, homephone, health_status, outlook_status, health_remark, attendance_no, graduate_school, major, highest_degree, first_degree, degree, degree_code, degree_name, old_industry_type, old_occupation, old_com, old_job_duty, work_age, province, city, area, address, train, contract_type, contract_start_date, contract_end_date, certificate_no, unite_bank_num, bank_code, bank_account, bank_province, bank_city, bank_address, operator, make_date, make_time, modify_date, modify_time, rgt_type, reg_address ) VALUES ( ?, ?, ?, ?, ?, ?, ?, ?, ?, ?, ?, ?, ?, ?, ?, ?, ?, ?, ?, ?, ?, ?, ?, ?, ?, ?, ?, ?, ?, ?, ?, ?, ?, ?, ?, ?, ?, ?, ?, ?, ?, ?, ?, ?, ?, ?, ?, ?, ?, ?, ?, ? ) 
08:43:57.236 [http-nio-9999-exec-2] DEBUG com.cms.dao.YlLaAgentAttrDao.insert - [debug,159] - ==> Parameters: YL00000005(String), null, null, 01(String), 142301200110021841(String), 1(String), 2001-10-02 08:00:00.0(Timestamp), null, 01(String), 04(String), null, 17836053627(String), 283748592@qq.com(String), (String), null, 03(String), null, null, 太原理工大学(String), 软件学院(String), 5(String), 0(String), 04(String), null, null, 05(String), 教室(String), 太原理工大学(String), 老师(String), 9(String), null, null, null, 太原市(String), null, 02(String), 2022-01-15 08:00:00.0(Timestamp), 2022-01-20 08:00:00.0(Timestamp), (String), 3475847389203948(String), 104(String), 3475847389203948(String), 01(String), (String), null, admin(String), 2022-01-14 08:43:57.215(Timestamp), 08:43:57(String), 2022-01-14 08:43:57.215(Timestamp), 08:43:57(String), 01(String), 01(String)
08:43:57.251 [http-nio-9999-exec-2] DEBUG com.cms.dao.YlLaAgentAttrDao.insert - [debug,159] - <==    Updates: 1
08:43:57.261 [http-nio-9999-exec-2] DEBUG com.cms.dao.YlLaBranchGroupDao.selectOne - [debug,159] - ==>  Preparing: SELECT agent_group,manage_com,branch_type,branch_attr,branch_level,branch_name,branch_name_eng,branch_name_chi,branch_eff_date,branch_address,branch_phone_no,branch_fax_no,branch_status,branch_terminate_eff_date,branch_terminate_reason,direct_flag,up_agent_group,branch_manager,branch_manager_name,branch_manager_phone,manager_eff_date,reporting_manager,chat_name,make_date,make_time,modify_date,modify_time,operator FROM yl_la_branch_group WHERE branch_attr = ? 
08:43:57.262 [http-nio-9999-exec-2] DEBUG com.cms.dao.YlLaBranchGroupDao.selectOne - [debug,159] - ==> Parameters: T1101100001(String)
08:43:57.264 [http-nio-9999-exec-2] DEBUG com.cms.dao.YlLaBranchGroupDao.selectOne - [debug,159] - <==      Total: 1
08:43:57.266 [http-nio-9999-exec-2] DEBUG com.cms.dao.YlLaAgentDao.getAllYlLaAgent - [debug,159] - ==>  Preparing: select ylaa.*, yl_la_agent.* from yl_la_agent join yl_la_agent_attr ylaa on yl_la_agent.agent_code = ylaa.agent_code WHERE id_no = ? AND id_type = ? 
08:43:57.266 [http-nio-9999-exec-2] DEBUG com.cms.dao.YlLaAgentDao.getAllYlLaAgent - [debug,159] - ==> Parameters: 142301200110021841(String), 01(String)
08:43:57.268 [http-nio-9999-exec-2] DEBUG com.cms.dao.YlLaAgentDao.getAllYlLaAgent - [debug,159] - <==      Total: 0
08:43:57.269 [http-nio-9999-exec-2] DEBUG com.cms.dao.YlLaAgentDao.insert - [debug,159] - ==>  Preparing: INSERT INTO yl_la_agent ( agent_code, sap_code, agent_name, agent_job, agent_grade, agent_state, branch_type, manage_com, init_grade, employ_date, sign_date, in_due_form_date, out_work_date, done_date, insert_kind, agent_group, work_date, introduce, repeat_flag, operator, is_peers, make_date, make_time, modify_date, modify_time ) VALUES ( ?, ?, ?, ?, ?, ?, ?, ?, ?, ?, ?, ?, ?, ?, ?, ?, ?, ?, ?, ?, ?, ?, ?, ?, ? ) 
08:43:57.271 [http-nio-9999-exec-2] DEBUG com.cms.dao.YlLaAgentDao.insert - [debug,159] - ==> Parameters: YL00000005(String), (String), 张林娟(String), 0(String), MA01(String), 01(String), 4(String), 86110101(String), MA01(String), 2022-01-18 08:00:00.0(Timestamp), null, null, null, null, null, 1000000001(String), null, null, 02(String), admin(String), null, 2022-01-14 08:43:57.268(Timestamp), 08:43:57(String), 2022-01-14 08:43:57.268(Timestamp), 08:43:57(String)
08:43:57.277 [http-nio-9999-exec-2] DEBUG com.cms.dao.YlLaAgentDao.insert - [debug,159] - <==    Updates: 1
08:43:57.300 [http-nio-9999-exec-2] DEBUG com.cms.dao.YlLaBranchGroupDao.update - [debug,159] - ==>  Preparing: UPDATE yl_la_branch_group SET branch_manager=?,branch_manager_name=?,branch_manager_phone=?,manager_eff_date=? WHERE agent_group = ? 
08:43:57.303 [http-nio-9999-exec-2] DEBUG com.cms.dao.YlLaBranchGroupDao.update - [debug,159] - ==> Parameters: YL00000005(String), 张林娟(String), 17836053627(String), 2022-01-14 08:43:57.268(Timestamp), 1000000001(String)
08:43:57.308 [http-nio-9999-exec-2] DEBUG com.cms.dao.YlLaBranchGroupDao.update - [debug,159] - <==    Updates: 1
08:44:00.620 [http-nio-9999-exec-5] DEBUG com.cms.dao.LdCodeDao.selectList - [debug,159] - ==>  Preparing: SELECT code_type,code,code_name,com_code,other_sign FROM ld_code 
08:44:00.622 [http-nio-9999-exec-5] DEBUG com.cms.dao.LdCodeDao.selectList - [debug,159] - ==> Parameters: 
08:44:00.627 [http-nio-9999-exec-1] DEBUG com.cms.dao.LdComNewDao.selectList - [debug,159] - ==>  Preparing: SELECT com_code,out_com_code,name,core_code,core_name,short_name,area_code,address,zip_code,phone,fax,email,effect_state,revocation,reason,revocation_date,recover_date,remarks,county_com,effect_date,financial_code,web_address,satrap_name,insu_monitor_code,insure_id,sign_id,regionalism_code,com_nature,valid_code,sign,com_city_size,service_name,service_no,service_phone,service_post_address,com_grade,com_area_type,up_com_code,up_up_com_code,is_dir_under,found_date,agy,agy_name,bk,bk_name,yl,yl_name,br,br_name,tm,tm_name,rw,rw_name,operator,make_date,make_time,modify_date,modify_time FROM ld_com_new WHERE up_com_code = ? 
08:44:00.630 [http-nio-9999-exec-1] DEBUG com.cms.dao.LdComNewDao.selectList - [debug,159] - ==> Parameters: 86(String)
08:44:00.637 [http-nio-9999-exec-1] DEBUG com.cms.dao.LdComNewDao.selectList - [debug,159] - <==      Total: 1
08:44:00.651 [http-nio-9999-exec-8] DEBUG com.cms.dao.LdCodeDao.selectList - [debug,159] - ==>  Preparing: SELECT code_type,code,code_name,com_code,other_sign FROM ld_code 
08:44:00.653 [http-nio-9999-exec-8] DEBUG com.cms.dao.LdCodeDao.selectList - [debug,159] - ==> Parameters: 
08:44:00.654 [http-nio-9999-exec-4] DEBUG com.cms.dao.YlLaAreaDao.selectList - [debug,159] - ==>  Preparing: SELECT place_code,place_type,place_name,up_place_name,operator,make_date,make_time,modify_date,modify_time FROM yl_la_area 
08:44:00.655 [http-nio-9999-exec-4] DEBUG com.cms.dao.YlLaAreaDao.selectList - [debug,159] - ==> Parameters: 
08:44:00.659 [http-nio-9999-exec-9] DEBUG com.cms.dao.LdComNewDao.selectList - [debug,159] - ==>  Preparing: SELECT com_code,out_com_code,name,core_code,core_name,short_name,area_code,address,zip_code,phone,fax,email,effect_state,revocation,reason,revocation_date,recover_date,remarks,county_com,effect_date,financial_code,web_address,satrap_name,insu_monitor_code,insure_id,sign_id,regionalism_code,com_nature,valid_code,sign,com_city_size,service_name,service_no,service_phone,service_post_address,com_grade,com_area_type,up_com_code,up_up_com_code,is_dir_under,found_date,agy,agy_name,bk,bk_name,yl,yl_name,br,br_name,tm,tm_name,rw,rw_name,operator,make_date,make_time,modify_date,modify_time FROM ld_com_new WHERE up_com_code = ? 
08:44:00.660 [http-nio-9999-exec-4] DEBUG com.cms.dao.YlLaAreaDao.selectList - [debug,159] - <==      Total: 0
08:44:00.661 [http-nio-9999-exec-9] DEBUG com.cms.dao.LdComNewDao.selectList - [debug,159] - ==> Parameters: 86(String)
08:44:00.665 [http-nio-9999-exec-9] DEBUG com.cms.dao.LdComNewDao.selectList - [debug,159] - <==      Total: 1
08:44:00.676 [http-nio-9999-exec-5] DEBUG com.cms.dao.LdCodeDao.selectList - [debug,159] - <==      Total: 1321
08:44:00.700 [http-nio-9999-exec-8] DEBUG com.cms.dao.LdCodeDao.selectList - [debug,159] - <==      Total: 1321
08:44:01.233 [http-nio-9999-exec-6] DEBUG com.cms.dao.YlLaAgentDao.queryStaff - [debug,159] - ==>  Preparing: SELECT t1.agent_code, t1.agent_name, t1.agent_grade, t1.agent_state, t1.employ_date, t1.out_work_date, t2.com_code, t2.yl_name AS manage_com4, t3.agent_group, t3.branch_attr, t3.branch_name, t4.grade_name, (SELECT code_name FROM ld_code WHERE t1.agent_state=ld_code.code AND ld_code.code_type='agentstate') AS stateName, (SELECT yl_name FROM ld_com_new WHERE ld_com_new.yl = 'Y' AND com_code = (SELECT LEFT(t2.com_code, 6))) AS manage_com3, (SELECT yl_name FROM ld_com_new WHERE ld_com_new.yl='Y' AND com_code=(SELECT LEFT (t2.com_code, 4))) AS manage_com2 FROM yl_la_agent AS t1 JOIN ld_com_new AS t2 ON t1.manage_com=t2.com_code JOIN yl_la_branch_group AS t3 ON t1.agent_group=t3.agent_group JOIN la_agent_grade AS t4 ON t1.agent_grade=t4.grade_code 
08:44:01.234 [http-nio-9999-exec-6] DEBUG com.cms.dao.YlLaAgentDao.queryStaff - [debug,159] - ==> Parameters: 
08:44:01.254 [http-nio-9999-exec-6] DEBUG com.cms.dao.YlLaAgentDao.queryStaff - [debug,159] - <==      Total: 5
