17:56:01.472 [main] INFO  com.cms.CmsApplication - [logStarting,55] - Starting CmsApplication on DESKTOP-DMOPODR with PID 13060 (E:\2022.1\dj\cms-subject-back\target\classes started by 戴尔 in E:\2022.1\dj\cms-subject-back)
17:56:01.481 [main] DEBUG com.cms.CmsApplication - [logStarting,56] - Running with Spring Boot v2.2.8.RELEASE, Spring v5.2.7.RELEASE
17:56:01.482 [main] INFO  com.cms.CmsApplication - [logStartupProfileInfo,655] - The following profiles are active: dj
17:56:07.813 [main] INFO  com.cms.CmsApplication - [logStarted,61] - Started CmsApplication in 9.68 seconds (JVM running for 13.427)
17:56:40.058 [http-nio-9999-exec-2] DEBUG com.cms.dao.YlUserInfoDao.selectList - [debug,159] - ==>  Preparing: SELECT user_id,user_name,user_password,operator,make_date,make_time,modify_date,modify_time FROM yl_user_info WHERE user_id = ? AND user_password = ? 
17:56:40.090 [http-nio-9999-exec-2] DEBUG com.cms.dao.YlUserInfoDao.selectList - [debug,159] - ==> Parameters: 000000(String), 000000(String)
17:56:40.173 [http-nio-9999-exec-2] DEBUG com.cms.dao.YlUserInfoDao.selectList - [debug,159] - <==      Total: 1
17:56:43.682 [http-nio-9999-exec-4] DEBUG com.cms.dao.LdComNewDao.selectList - [debug,159] - ==>  Preparing: SELECT com_code,out_com_code,name,core_code,core_name,short_name,area_code,address,zip_code,phone,fax,email,effect_state,revocation,reason,revocation_date,recover_date,remarks,county_com,effect_date,financial_code,web_address,satrap_name,insu_monitor_code,insure_id,sign_id,regionalism_code,com_nature,valid_code,sign,com_city_size,service_name,service_no,service_phone,service_post_address,com_grade,com_area_type,up_com_code,up_up_com_code,is_dir_under,found_date,agy,agy_name,bk,bk_name,yl,yl_name,br,br_name,tm,tm_name,rw,rw_name,operator,make_date,make_time,modify_date,modify_time FROM ld_com_new WHERE up_com_code = ? 
17:56:43.683 [http-nio-9999-exec-4] DEBUG com.cms.dao.LdComNewDao.selectList - [debug,159] - ==> Parameters: 86(String)
17:56:43.693 [http-nio-9999-exec-6] DEBUG com.cms.dao.LdCodeDao.selectList - [debug,159] - ==>  Preparing: SELECT code_type,code,code_name,com_code,other_sign FROM ld_code 
17:56:43.694 [http-nio-9999-exec-5] DEBUG com.cms.dao.LdCodeDao.selectList - [debug,159] - ==>  Preparing: SELECT code_type,code,code_name,com_code,other_sign FROM ld_code 
17:56:43.695 [http-nio-9999-exec-6] DEBUG com.cms.dao.LdCodeDao.selectList - [debug,159] - ==> Parameters: 
17:56:43.696 [http-nio-9999-exec-5] DEBUG com.cms.dao.LdCodeDao.selectList - [debug,159] - ==> Parameters: 
17:56:43.711 [http-nio-9999-exec-4] DEBUG com.cms.dao.LdComNewDao.selectList - [debug,159] - <==      Total: 1
17:56:43.713 [http-nio-9999-exec-4] DEBUG com.cms.dao.LdCodeDao.selectList - [debug,159] - ==>  Preparing: SELECT code_type,code,code_name,com_code,other_sign FROM ld_code WHERE code_type = ? 
17:56:43.714 [http-nio-9999-exec-4] DEBUG com.cms.dao.LdCodeDao.selectList - [debug,159] - ==> Parameters: certificatename(String)
17:56:43.720 [http-nio-9999-exec-4] DEBUG com.cms.dao.LdCodeDao.selectList - [debug,159] - <==      Total: 7
17:56:43.755 [http-nio-9999-exec-6] DEBUG com.cms.dao.LdCodeDao.selectList - [debug,159] - <==      Total: 1321
17:56:43.758 [http-nio-9999-exec-5] DEBUG com.cms.dao.LdCodeDao.selectList - [debug,159] - <==      Total: 1321
17:56:45.140 [http-nio-9999-exec-10] DEBUG com.cms.dao.LdComNewDao.selectList - [debug,159] - ==>  Preparing: SELECT com_code,out_com_code,name,core_code,core_name,short_name,area_code,address,zip_code,phone,fax,email,effect_state,revocation,reason,revocation_date,recover_date,remarks,county_com,effect_date,financial_code,web_address,satrap_name,insu_monitor_code,insure_id,sign_id,regionalism_code,com_nature,valid_code,sign,com_city_size,service_name,service_no,service_phone,service_post_address,com_grade,com_area_type,up_com_code,up_up_com_code,is_dir_under,found_date,agy,agy_name,bk,bk_name,yl,yl_name,br,br_name,tm,tm_name,rw,rw_name,operator,make_date,make_time,modify_date,modify_time FROM ld_com_new 
17:56:45.140 [http-nio-9999-exec-1] DEBUG com.cms.dao.LdComNewDao.selectList - [debug,159] - ==>  Preparing: SELECT com_code,out_com_code,name,core_code,core_name,short_name,area_code,address,zip_code,phone,fax,email,effect_state,revocation,reason,revocation_date,recover_date,remarks,county_com,effect_date,financial_code,web_address,satrap_name,insu_monitor_code,insure_id,sign_id,regionalism_code,com_nature,valid_code,sign,com_city_size,service_name,service_no,service_phone,service_post_address,com_grade,com_area_type,up_com_code,up_up_com_code,is_dir_under,found_date,agy,agy_name,bk,bk_name,yl,yl_name,br,br_name,tm,tm_name,rw,rw_name,operator,make_date,make_time,modify_date,modify_time FROM ld_com_new 
17:56:45.140 [http-nio-9999-exec-10] DEBUG com.cms.dao.LdComNewDao.selectList - [debug,159] - ==> Parameters: 
17:56:45.141 [http-nio-9999-exec-1] DEBUG com.cms.dao.LdComNewDao.selectList - [debug,159] - ==> Parameters: 
17:56:45.145 [http-nio-9999-exec-10] DEBUG com.cms.dao.LdComNewDao.selectList - [debug,159] - <==      Total: 4
17:56:45.145 [http-nio-9999-exec-1] DEBUG com.cms.dao.LdComNewDao.selectList - [debug,159] - <==      Total: 4
17:56:49.295 [http-nio-9999-exec-2] DEBUG com.cms.dao.LdComNewDao.selectList - [debug,159] - ==>  Preparing: SELECT com_code,out_com_code,name,core_code,core_name,short_name,area_code,address,zip_code,phone,fax,email,effect_state,revocation,reason,revocation_date,recover_date,remarks,county_com,effect_date,financial_code,web_address,satrap_name,insu_monitor_code,insure_id,sign_id,regionalism_code,com_nature,valid_code,sign,com_city_size,service_name,service_no,service_phone,service_post_address,com_grade,com_area_type,up_com_code,up_up_com_code,is_dir_under,found_date,agy,agy_name,bk,bk_name,yl,yl_name,br,br_name,tm,tm_name,rw,rw_name,operator,make_date,make_time,modify_date,modify_time FROM ld_com_new WHERE com_grade = ? 
17:56:49.296 [http-nio-9999-exec-2] DEBUG com.cms.dao.LdComNewDao.selectList - [debug,159] - ==> Parameters: 01(String)
17:56:49.297 [http-nio-9999-exec-4] DEBUG com.cms.dao.LaAgentGradeDao.selectList - [debug,159] - ==>  Preparing: SELECT grade_id,grade_code,grade_name,branch_type,grade_order,grade_series,grade_level,remark,grade_abridge,virtual_grade,make_date,make_time,modify_date,modify_time,operator FROM la_agent_grade 
17:56:49.297 [http-nio-9999-exec-4] DEBUG com.cms.dao.LaAgentGradeDao.selectList - [debug,159] - ==> Parameters: 
17:56:49.301 [http-nio-9999-exec-2] DEBUG com.cms.dao.LdComNewDao.selectList - [debug,159] - <==      Total: 1
17:56:49.305 [http-nio-9999-exec-2] DEBUG com.cms.dao.LdComNewDao.selectList - [debug,159] - ==>  Preparing: SELECT com_code,out_com_code,name,core_code,core_name,short_name,area_code,address,zip_code,phone,fax,email,effect_state,revocation,reason,revocation_date,recover_date,remarks,county_com,effect_date,financial_code,web_address,satrap_name,insu_monitor_code,insure_id,sign_id,regionalism_code,com_nature,valid_code,sign,com_city_size,service_name,service_no,service_phone,service_post_address,com_grade,com_area_type,up_com_code,up_up_com_code,is_dir_under,found_date,agy,agy_name,bk,bk_name,yl,yl_name,br,br_name,tm,tm_name,rw,rw_name,operator,make_date,make_time,modify_date,modify_time FROM ld_com_new WHERE com_grade = ? 
17:56:49.306 [http-nio-9999-exec-2] DEBUG com.cms.dao.LdComNewDao.selectList - [debug,159] - ==> Parameters: 01(String)
17:56:49.295 [http-nio-9999-exec-5] DEBUG com.cms.dao.LdComNewDao.selectList - [debug,159] - ==>  Preparing: SELECT com_code,out_com_code,name,core_code,core_name,short_name,area_code,address,zip_code,phone,fax,email,effect_state,revocation,reason,revocation_date,recover_date,remarks,county_com,effect_date,financial_code,web_address,satrap_name,insu_monitor_code,insure_id,sign_id,regionalism_code,com_nature,valid_code,sign,com_city_size,service_name,service_no,service_phone,service_post_address,com_grade,com_area_type,up_com_code,up_up_com_code,is_dir_under,found_date,agy,agy_name,bk,bk_name,yl,yl_name,br,br_name,tm,tm_name,rw,rw_name,operator,make_date,make_time,modify_date,modify_time FROM ld_com_new 
17:56:49.308 [http-nio-9999-exec-5] DEBUG com.cms.dao.LdComNewDao.selectList - [debug,159] - ==> Parameters: 
17:56:49.311 [http-nio-9999-exec-2] DEBUG com.cms.dao.LdComNewDao.selectList - [debug,159] - <==      Total: 1
17:56:49.312 [http-nio-9999-exec-5] DEBUG com.cms.dao.LdComNewDao.selectList - [debug,159] - <==      Total: 4
17:56:49.313 [http-nio-9999-exec-2] DEBUG com.cms.dao.LdComNewDao.selectList - [debug,159] - ==>  Preparing: SELECT com_code,out_com_code,name,core_code,core_name,short_name,area_code,address,zip_code,phone,fax,email,effect_state,revocation,reason,revocation_date,recover_date,remarks,county_com,effect_date,financial_code,web_address,satrap_name,insu_monitor_code,insure_id,sign_id,regionalism_code,com_nature,valid_code,sign,com_city_size,service_name,service_no,service_phone,service_post_address,com_grade,com_area_type,up_com_code,up_up_com_code,is_dir_under,found_date,agy,agy_name,bk,bk_name,yl,yl_name,br,br_name,tm,tm_name,rw,rw_name,operator,make_date,make_time,modify_date,modify_time FROM ld_com_new WHERE up_com_code = ? 
17:56:49.313 [http-nio-9999-exec-2] DEBUG com.cms.dao.LdComNewDao.selectList - [debug,159] - ==> Parameters: 86(String)
17:56:49.315 [http-nio-9999-exec-6] DEBUG com.cms.dao.LaAgentGradeDao.selectList - [debug,159] - ==>  Preparing: SELECT grade_id,grade_code,grade_name,branch_type,grade_order,grade_series,grade_level,remark,grade_abridge,virtual_grade,make_date,make_time,modify_date,modify_time,operator FROM la_agent_grade 
17:56:49.316 [http-nio-9999-exec-6] DEBUG com.cms.dao.LaAgentGradeDao.selectList - [debug,159] - ==> Parameters: 
17:56:49.330 [http-nio-9999-exec-2] DEBUG com.cms.dao.LdComNewDao.selectList - [debug,159] - <==      Total: 1
17:56:49.333 [http-nio-9999-exec-2] DEBUG com.cms.dao.LdComNewDao.selectList - [debug,159] - ==>  Preparing: SELECT com_code,out_com_code,name,core_code,core_name,short_name,area_code,address,zip_code,phone,fax,email,effect_state,revocation,reason,revocation_date,recover_date,remarks,county_com,effect_date,financial_code,web_address,satrap_name,insu_monitor_code,insure_id,sign_id,regionalism_code,com_nature,valid_code,sign,com_city_size,service_name,service_no,service_phone,service_post_address,com_grade,com_area_type,up_com_code,up_up_com_code,is_dir_under,found_date,agy,agy_name,bk,bk_name,yl,yl_name,br,br_name,tm,tm_name,rw,rw_name,operator,make_date,make_time,modify_date,modify_time FROM ld_com_new WHERE up_com_code = ? 
17:56:49.336 [http-nio-9999-exec-2] DEBUG com.cms.dao.LdComNewDao.selectList - [debug,159] - ==> Parameters: 8611(String)
17:56:49.343 [http-nio-9999-exec-2] DEBUG com.cms.dao.LdComNewDao.selectList - [debug,159] - <==      Total: 1
17:56:49.346 [http-nio-9999-exec-2] DEBUG com.cms.dao.LdComNewDao.selectList - [debug,159] - ==>  Preparing: SELECT com_code,out_com_code,name,core_code,core_name,short_name,area_code,address,zip_code,phone,fax,email,effect_state,revocation,reason,revocation_date,recover_date,remarks,county_com,effect_date,financial_code,web_address,satrap_name,insu_monitor_code,insure_id,sign_id,regionalism_code,com_nature,valid_code,sign,com_city_size,service_name,service_no,service_phone,service_post_address,com_grade,com_area_type,up_com_code,up_up_com_code,is_dir_under,found_date,agy,agy_name,bk,bk_name,yl,yl_name,br,br_name,tm,tm_name,rw,rw_name,operator,make_date,make_time,modify_date,modify_time FROM ld_com_new WHERE up_com_code = ? 
17:56:49.347 [http-nio-9999-exec-2] DEBUG com.cms.dao.LdComNewDao.selectList - [debug,159] - ==> Parameters: 861101(String)
17:56:49.351 [http-nio-9999-exec-2] DEBUG com.cms.dao.LdComNewDao.selectList - [debug,159] - <==      Total: 1
17:56:49.357 [http-nio-9999-exec-2] DEBUG com.cms.dao.LdComNewDao.selectList - [debug,159] - ==>  Preparing: SELECT com_code,out_com_code,name,core_code,core_name,short_name,area_code,address,zip_code,phone,fax,email,effect_state,revocation,reason,revocation_date,recover_date,remarks,county_com,effect_date,financial_code,web_address,satrap_name,insu_monitor_code,insure_id,sign_id,regionalism_code,com_nature,valid_code,sign,com_city_size,service_name,service_no,service_phone,service_post_address,com_grade,com_area_type,up_com_code,up_up_com_code,is_dir_under,found_date,agy,agy_name,bk,bk_name,yl,yl_name,br,br_name,tm,tm_name,rw,rw_name,operator,make_date,make_time,modify_date,modify_time FROM ld_com_new WHERE up_com_code = ? 
17:56:49.358 [http-nio-9999-exec-2] DEBUG com.cms.dao.LdComNewDao.selectList - [debug,159] - ==> Parameters: 86110101(String)
17:56:49.361 [http-nio-9999-exec-2] DEBUG com.cms.dao.LdComNewDao.selectList - [debug,159] - <==      Total: 0
17:56:49.392 [http-nio-9999-exec-4] DEBUG com.cms.dao.LaAgentGradeDao.selectList - [debug,159] - <==      Total: 7
17:56:49.398 [http-nio-9999-exec-6] DEBUG com.cms.dao.LaAgentGradeDao.selectList - [debug,159] - <==      Total: 7
17:58:28.501 [http-nio-9999-exec-10] DEBUG com.cms.dao.LdComNewDao.selectList - [debug,159] - ==>  Preparing: SELECT com_code,out_com_code,name,core_code,core_name,short_name,area_code,address,zip_code,phone,fax,email,effect_state,revocation,reason,revocation_date,recover_date,remarks,county_com,effect_date,financial_code,web_address,satrap_name,insu_monitor_code,insure_id,sign_id,regionalism_code,com_nature,valid_code,sign,com_city_size,service_name,service_no,service_phone,service_post_address,com_grade,com_area_type,up_com_code,up_up_com_code,is_dir_under,found_date,agy,agy_name,bk,bk_name,yl,yl_name,br,br_name,tm,tm_name,rw,rw_name,operator,make_date,make_time,modify_date,modify_time FROM ld_com_new WHERE com_grade = ? 
17:58:28.502 [http-nio-9999-exec-10] DEBUG com.cms.dao.LdComNewDao.selectList - [debug,159] - ==> Parameters: 01(String)
17:58:28.507 [http-nio-9999-exec-10] DEBUG com.cms.dao.LdComNewDao.selectList - [debug,159] - <==      Total: 1
17:58:28.509 [http-nio-9999-exec-10] DEBUG com.cms.dao.LdComNewDao.selectList - [debug,159] - ==>  Preparing: SELECT com_code,out_com_code,name,core_code,core_name,short_name,area_code,address,zip_code,phone,fax,email,effect_state,revocation,reason,revocation_date,recover_date,remarks,county_com,effect_date,financial_code,web_address,satrap_name,insu_monitor_code,insure_id,sign_id,regionalism_code,com_nature,valid_code,sign,com_city_size,service_name,service_no,service_phone,service_post_address,com_grade,com_area_type,up_com_code,up_up_com_code,is_dir_under,found_date,agy,agy_name,bk,bk_name,yl,yl_name,br,br_name,tm,tm_name,rw,rw_name,operator,make_date,make_time,modify_date,modify_time FROM ld_com_new WHERE com_grade = ? 
17:58:28.510 [http-nio-9999-exec-10] DEBUG com.cms.dao.LdComNewDao.selectList - [debug,159] - ==> Parameters: 01(String)
17:58:28.513 [http-nio-9999-exec-10] DEBUG com.cms.dao.LdComNewDao.selectList - [debug,159] - <==      Total: 1
17:58:28.514 [http-nio-9999-exec-10] DEBUG com.cms.dao.LdComNewDao.selectList - [debug,159] - ==>  Preparing: SELECT com_code,out_com_code,name,core_code,core_name,short_name,area_code,address,zip_code,phone,fax,email,effect_state,revocation,reason,revocation_date,recover_date,remarks,county_com,effect_date,financial_code,web_address,satrap_name,insu_monitor_code,insure_id,sign_id,regionalism_code,com_nature,valid_code,sign,com_city_size,service_name,service_no,service_phone,service_post_address,com_grade,com_area_type,up_com_code,up_up_com_code,is_dir_under,found_date,agy,agy_name,bk,bk_name,yl,yl_name,br,br_name,tm,tm_name,rw,rw_name,operator,make_date,make_time,modify_date,modify_time FROM ld_com_new WHERE up_com_code = ? 
17:58:28.514 [http-nio-9999-exec-10] DEBUG com.cms.dao.LdComNewDao.selectList - [debug,159] - ==> Parameters: 86(String)
17:58:28.517 [http-nio-9999-exec-10] DEBUG com.cms.dao.LdComNewDao.selectList - [debug,159] - <==      Total: 1
17:58:28.518 [http-nio-9999-exec-10] DEBUG com.cms.dao.LdComNewDao.selectList - [debug,159] - ==>  Preparing: SELECT com_code,out_com_code,name,core_code,core_name,short_name,area_code,address,zip_code,phone,fax,email,effect_state,revocation,reason,revocation_date,recover_date,remarks,county_com,effect_date,financial_code,web_address,satrap_name,insu_monitor_code,insure_id,sign_id,regionalism_code,com_nature,valid_code,sign,com_city_size,service_name,service_no,service_phone,service_post_address,com_grade,com_area_type,up_com_code,up_up_com_code,is_dir_under,found_date,agy,agy_name,bk,bk_name,yl,yl_name,br,br_name,tm,tm_name,rw,rw_name,operator,make_date,make_time,modify_date,modify_time FROM ld_com_new WHERE up_com_code = ? 
17:58:28.519 [http-nio-9999-exec-10] DEBUG com.cms.dao.LdComNewDao.selectList - [debug,159] - ==> Parameters: 8611(String)
17:58:28.525 [http-nio-9999-exec-10] DEBUG com.cms.dao.LdComNewDao.selectList - [debug,159] - <==      Total: 1
17:58:28.527 [http-nio-9999-exec-10] DEBUG com.cms.dao.LdComNewDao.selectList - [debug,159] - ==>  Preparing: SELECT com_code,out_com_code,name,core_code,core_name,short_name,area_code,address,zip_code,phone,fax,email,effect_state,revocation,reason,revocation_date,recover_date,remarks,county_com,effect_date,financial_code,web_address,satrap_name,insu_monitor_code,insure_id,sign_id,regionalism_code,com_nature,valid_code,sign,com_city_size,service_name,service_no,service_phone,service_post_address,com_grade,com_area_type,up_com_code,up_up_com_code,is_dir_under,found_date,agy,agy_name,bk,bk_name,yl,yl_name,br,br_name,tm,tm_name,rw,rw_name,operator,make_date,make_time,modify_date,modify_time FROM ld_com_new WHERE up_com_code = ? 
17:58:28.528 [http-nio-9999-exec-10] DEBUG com.cms.dao.LdComNewDao.selectList - [debug,159] - ==> Parameters: 861101(String)
17:58:28.530 [http-nio-9999-exec-10] DEBUG com.cms.dao.LdComNewDao.selectList - [debug,159] - <==      Total: 1
17:58:28.532 [http-nio-9999-exec-10] DEBUG com.cms.dao.LdComNewDao.selectList - [debug,159] - ==>  Preparing: SELECT com_code,out_com_code,name,core_code,core_name,short_name,area_code,address,zip_code,phone,fax,email,effect_state,revocation,reason,revocation_date,recover_date,remarks,county_com,effect_date,financial_code,web_address,satrap_name,insu_monitor_code,insure_id,sign_id,regionalism_code,com_nature,valid_code,sign,com_city_size,service_name,service_no,service_phone,service_post_address,com_grade,com_area_type,up_com_code,up_up_com_code,is_dir_under,found_date,agy,agy_name,bk,bk_name,yl,yl_name,br,br_name,tm,tm_name,rw,rw_name,operator,make_date,make_time,modify_date,modify_time FROM ld_com_new WHERE up_com_code = ? 
17:58:28.532 [http-nio-9999-exec-10] DEBUG com.cms.dao.LdComNewDao.selectList - [debug,159] - ==> Parameters: 86110101(String)
17:58:28.534 [http-nio-9999-exec-10] DEBUG com.cms.dao.LdComNewDao.selectList - [debug,159] - <==      Total: 0
17:58:32.318 [http-nio-9999-exec-5] DEBUG com.cms.dao.YlLaBranchGroupDao.selectList - [debug,159] - ==>  Preparing: SELECT agent_group,manage_com,branch_type,branch_attr,branch_level,branch_name,branch_name_eng,branch_name_chi,branch_eff_date,branch_address,branch_phone_no,branch_fax_no,branch_status,branch_terminate_eff_date,branch_terminate_reason,direct_flag,up_agent_group,branch_manager,branch_manager_name,branch_manager_phone,manager_eff_date,reporting_manager,chat_name,make_date,make_time,modify_date,modify_time,operator FROM yl_la_branch_group WHERE manage_com LIKE ? 
17:58:32.319 [http-nio-9999-exec-5] DEBUG com.cms.dao.YlLaBranchGroupDao.selectList - [debug,159] - ==> Parameters: 86%(String)
17:58:32.345 [http-nio-9999-exec-5] DEBUG com.cms.dao.YlLaBranchGroupDao.selectList - [debug,159] - <==      Total: 2
17:58:33.955 [http-nio-9999-exec-2] DEBUG com.cms.dao.YlLaBranchGroupDao.selectList - [debug,159] - ==>  Preparing: SELECT agent_group,manage_com,branch_type,branch_attr,branch_level,branch_name,branch_name_eng,branch_name_chi,branch_eff_date,branch_address,branch_phone_no,branch_fax_no,branch_status,branch_terminate_eff_date,branch_terminate_reason,direct_flag,up_agent_group,branch_manager,branch_manager_name,branch_manager_phone,manager_eff_date,reporting_manager,chat_name,make_date,make_time,modify_date,modify_time,operator FROM yl_la_branch_group WHERE manage_com LIKE ? 
17:58:33.957 [http-nio-9999-exec-2] DEBUG com.cms.dao.YlLaBranchGroupDao.selectList - [debug,159] - ==> Parameters: 8611%(String)
17:58:33.960 [http-nio-9999-exec-2] DEBUG com.cms.dao.YlLaBranchGroupDao.selectList - [debug,159] - <==      Total: 2
17:58:34.922 [http-nio-9999-exec-4] DEBUG com.cms.dao.YlLaBranchGroupDao.selectList - [debug,159] - ==>  Preparing: SELECT agent_group,manage_com,branch_type,branch_attr,branch_level,branch_name,branch_name_eng,branch_name_chi,branch_eff_date,branch_address,branch_phone_no,branch_fax_no,branch_status,branch_terminate_eff_date,branch_terminate_reason,direct_flag,up_agent_group,branch_manager,branch_manager_name,branch_manager_phone,manager_eff_date,reporting_manager,chat_name,make_date,make_time,modify_date,modify_time,operator FROM yl_la_branch_group WHERE manage_com LIKE ? 
17:58:34.923 [http-nio-9999-exec-4] DEBUG com.cms.dao.YlLaBranchGroupDao.selectList - [debug,159] - ==> Parameters: 861101%(String)
17:58:34.925 [http-nio-9999-exec-4] DEBUG com.cms.dao.YlLaBranchGroupDao.selectList - [debug,159] - <==      Total: 2
17:58:35.954 [http-nio-9999-exec-6] DEBUG com.cms.dao.YlLaBranchGroupDao.selectList - [debug,159] - ==>  Preparing: SELECT agent_group,manage_com,branch_type,branch_attr,branch_level,branch_name,branch_name_eng,branch_name_chi,branch_eff_date,branch_address,branch_phone_no,branch_fax_no,branch_status,branch_terminate_eff_date,branch_terminate_reason,direct_flag,up_agent_group,branch_manager,branch_manager_name,branch_manager_phone,manager_eff_date,reporting_manager,chat_name,make_date,make_time,modify_date,modify_time,operator FROM yl_la_branch_group WHERE manage_com LIKE ? 
17:58:35.954 [http-nio-9999-exec-6] DEBUG com.cms.dao.YlLaBranchGroupDao.selectList - [debug,159] - ==> Parameters: 86110101%(String)
17:58:35.957 [http-nio-9999-exec-6] DEBUG com.cms.dao.YlLaBranchGroupDao.selectList - [debug,159] - <==      Total: 2
17:58:37.361 [http-nio-9999-exec-7] DEBUG com.cms.dao.YlLaAgentDao.SearchList - [debug,159] - ==>  Preparing: select t1.agent_code, t1.agent_name, t1.employ_date, t1.agent_state, t1.agent_grade, t4.branch_attr as agentGroup, t3.contract_type, t4.branch_name, t4.manage_com as com_code4 , (SELECT yl_name FROM ld_com_new WHERE ld_com_new.com_code=com_code4) AS manageCom4, (SELECT up_com_code FROM ld_com_new WHERE t4.manage_com=ld_com_new.com_code) AS com_code3, (SELECT yl_name FROM ld_com_new WHERE ld_com_new.com_code=com_code3) AS manageCom3, (SELECT up_com_code FROM ld_com_new WHERE ld_com_new.com_code=com_code3) AS com_code2, (SELECT yl_name FROM ld_com_new WHERE ld_com_new.com_code=com_code2) AS manageCom2, (SELECT code_name FROM ld_code WHERE ld_code.code_type='agentstate' AND code=t1.agent_state) AS agentState, (SELECT code_name FROM ld_code WHERE ld_code.code_type='contracttype' AND code=t3.contract_type) AS contractType, (SELECT grade_name FROM la_agent_grade WHERE la_agent_grade.grade_code=t1.agent_grade) AS agentGrade from yl_la_agent AS t1 JOIN yl_la_agent_attr AS t3 ON t1.agent_code = t3.agent_code JOIN yl_la_branch_group AS t4 ON t1.agent_group = t4.agent_group WHERE t4.manage_com LIKE ? AND t1.agent_grade LIKE ? AND t1.agent_state <= ? 
17:58:37.362 [http-nio-9999-exec-7] DEBUG com.cms.dao.YlLaAgentDao.SearchList - [debug,159] - ==> Parameters: 86110101%(String), YL%(String), 02(String)
17:58:37.401 [http-nio-9999-exec-7] DEBUG com.cms.dao.YlLaAgentDao.SearchList - [debug,159] - <==      Total: 3
17:58:44.019 [http-nio-9999-exec-8] DEBUG com.cms.dao.LdComNewDao.getCom4 - [debug,159] - ==>  Preparing: select com_code as code, yl_name as name from ld_com_new where ld_com_new.com_code regexp '[0-9]{8}'; 
17:58:44.021 [http-nio-9999-exec-8] DEBUG com.cms.dao.LdComNewDao.getCom4 - [debug,159] - ==> Parameters: 
17:58:44.035 [http-nio-9999-exec-8] DEBUG com.cms.dao.LdComNewDao.getCom4 - [debug,159] - <==      Total: 1
17:58:45.900 [http-nio-9999-exec-9] DEBUG com.cms.dao.YlLaBranchGroupDao.selectList - [debug,159] - ==>  Preparing: SELECT agent_group,manage_com,branch_type,branch_attr,branch_level,branch_name,branch_name_eng,branch_name_chi,branch_eff_date,branch_address,branch_phone_no,branch_fax_no,branch_status,branch_terminate_eff_date,branch_terminate_reason,direct_flag,up_agent_group,branch_manager,branch_manager_name,branch_manager_phone,manager_eff_date,reporting_manager,chat_name,make_date,make_time,modify_date,modify_time,operator FROM yl_la_branch_group WHERE manage_com LIKE ? 
17:58:45.901 [http-nio-9999-exec-9] DEBUG com.cms.dao.YlLaBranchGroupDao.selectList - [debug,159] - ==> Parameters: 86110101%(String)
17:58:45.904 [http-nio-9999-exec-9] DEBUG com.cms.dao.YlLaBranchGroupDao.selectList - [debug,159] - <==      Total: 2
17:58:47.352 [http-nio-9999-exec-10] DEBUG com.cms.dao.YlLaBranchGroupDao.selectOne - [debug,159] - ==>  Preparing: SELECT agent_group,manage_com,branch_type,branch_attr,branch_level,branch_name,branch_name_eng,branch_name_chi,branch_eff_date,branch_address,branch_phone_no,branch_fax_no,branch_status,branch_terminate_eff_date,branch_terminate_reason,direct_flag,up_agent_group,branch_manager,branch_manager_name,branch_manager_phone,manager_eff_date,reporting_manager,chat_name,make_date,make_time,modify_date,modify_time,operator FROM yl_la_branch_group WHERE agent_group = ? 
17:58:47.352 [http-nio-9999-exec-10] DEBUG com.cms.dao.YlLaBranchGroupDao.selectOne - [debug,159] - ==> Parameters: 1000000002(String)
17:58:47.354 [http-nio-9999-exec-10] DEBUG com.cms.dao.YlLaBranchGroupDao.selectOne - [debug,159] - <==      Total: 1
