21:20:46.251 [main] INFO  com.cms.CmsApplication - [logStarting,55] - Starting CmsApplication on DESKTOP-DMOPODR with PID 13788 (E:\2022.1\dj\cms-subject-back\target\classes started by 戴尔 in E:\2022.1\dj\cms-subject-back)
21:20:46.255 [main] DEBUG com.cms.CmsApplication - [logStarting,56] - Running with Spring Boot v2.2.8.RELEASE, Spring v5.2.7.RELEASE
21:20:46.255 [main] INFO  com.cms.CmsApplication - [logStartupProfileInfo,655] - The following profiles are active: dj
21:20:50.062 [main] INFO  com.cms.CmsApplication - [logStarted,61] - Started CmsApplication in 4.372 seconds (JVM running for 5.496)
21:22:36.960 [http-nio-9999-exec-1] DEBUG com.cms.dao.YlUserInfoDao.selectList - [debug,159] - ==>  Preparing: SELECT user_id,user_name,user_password,operator,make_date,make_time,modify_date,modify_time FROM yl_user_info WHERE user_id = ? AND user_password = ? 
21:22:36.982 [http-nio-9999-exec-1] DEBUG com.cms.dao.YlUserInfoDao.selectList - [debug,159] - ==> Parameters: 000000(String), 000000(String)
21:22:37.003 [http-nio-9999-exec-1] DEBUG com.cms.dao.YlUserInfoDao.selectList - [debug,159] - <==      Total: 1
21:22:55.529 [http-nio-9999-exec-6] DEBUG com.cms.dao.LdCodeDao.selectList - [debug,159] - ==>  Preparing: SELECT code_type,code,code_name,com_code,other_sign FROM ld_code 
21:22:55.529 [http-nio-9999-exec-6] DEBUG com.cms.dao.LdCodeDao.selectList - [debug,159] - ==> Parameters: 
21:22:55.530 [http-nio-9999-exec-8] DEBUG com.cms.dao.YlLaAreaDao.selectList - [debug,159] - ==>  Preparing: SELECT place_code,place_type,place_name,up_place_name,operator,make_date,make_time,modify_date,modify_time FROM yl_la_area 
21:22:55.531 [http-nio-9999-exec-8] DEBUG com.cms.dao.YlLaAreaDao.selectList - [debug,159] - ==> Parameters: 
21:22:55.537 [http-nio-9999-exec-7] DEBUG com.cms.dao.LdComNewDao.selectList - [debug,159] - ==>  Preparing: SELECT com_code,out_com_code,name,core_code,core_name,short_name,area_code,address,zip_code,phone,fax,email,effect_state,revocation,reason,revocation_date,recover_date,remarks,county_com,effect_date,financial_code,web_address,satrap_name,insu_monitor_code,insure_id,sign_id,regionalism_code,com_nature,valid_code,sign,com_city_size,service_name,service_no,service_phone,service_post_address,com_grade,com_area_type,up_com_code,up_up_com_code,is_dir_under,found_date,agy,agy_name,bk,bk_name,yl,yl_name,br,br_name,tm,tm_name,rw,rw_name,operator,make_date,make_time,modify_date,modify_time FROM ld_com_new WHERE up_com_code = ? 
21:22:55.538 [http-nio-9999-exec-7] DEBUG com.cms.dao.LdComNewDao.selectList - [debug,159] - ==> Parameters: 86(String)
21:22:55.549 [http-nio-9999-exec-8] DEBUG com.cms.dao.YlLaAreaDao.selectList - [debug,159] - <==      Total: 0
21:22:55.561 [http-nio-9999-exec-7] DEBUG com.cms.dao.LdComNewDao.selectList - [debug,159] - <==      Total: 0
21:22:55.581 [http-nio-9999-exec-6] DEBUG com.cms.dao.LdCodeDao.selectList - [debug,159] - <==      Total: 1321
21:23:01.739 [http-nio-9999-exec-2] DEBUG com.cms.dao.LdCodeDao.selectList - [debug,159] - ==>  Preparing: SELECT code_type,code,code_name,com_code,other_sign FROM ld_code 
21:23:01.743 [http-nio-9999-exec-2] DEBUG com.cms.dao.LdCodeDao.selectList - [debug,159] - ==> Parameters: 
21:23:01.744 [http-nio-9999-exec-4] DEBUG com.cms.dao.YlLaAreaDao.selectList - [debug,159] - ==>  Preparing: SELECT place_code,place_type,place_name,up_place_name,operator,make_date,make_time,modify_date,modify_time FROM yl_la_area 
21:23:01.744 [http-nio-9999-exec-3] DEBUG com.cms.dao.LdComNewDao.selectList - [debug,159] - ==>  Preparing: SELECT com_code,out_com_code,name,core_code,core_name,short_name,area_code,address,zip_code,phone,fax,email,effect_state,revocation,reason,revocation_date,recover_date,remarks,county_com,effect_date,financial_code,web_address,satrap_name,insu_monitor_code,insure_id,sign_id,regionalism_code,com_nature,valid_code,sign,com_city_size,service_name,service_no,service_phone,service_post_address,com_grade,com_area_type,up_com_code,up_up_com_code,is_dir_under,found_date,agy,agy_name,bk,bk_name,yl,yl_name,br,br_name,tm,tm_name,rw,rw_name,operator,make_date,make_time,modify_date,modify_time FROM ld_com_new WHERE up_com_code = ? 
21:23:01.744 [http-nio-9999-exec-5] DEBUG com.cms.dao.LdCodeDao.selectList - [debug,159] - ==>  Preparing: SELECT code_type,code,code_name,com_code,other_sign FROM ld_code 
21:23:01.745 [http-nio-9999-exec-4] DEBUG com.cms.dao.YlLaAreaDao.selectList - [debug,159] - ==> Parameters: 
21:23:01.745 [http-nio-9999-exec-3] DEBUG com.cms.dao.LdComNewDao.selectList - [debug,159] - ==> Parameters: 86(String)
21:23:01.745 [http-nio-9999-exec-5] DEBUG com.cms.dao.LdCodeDao.selectList - [debug,159] - ==> Parameters: 
21:23:01.746 [http-nio-9999-exec-8] DEBUG com.cms.dao.LdComNewDao.selectList - [debug,159] - ==>  Preparing: SELECT com_code,out_com_code,name,core_code,core_name,short_name,area_code,address,zip_code,phone,fax,email,effect_state,revocation,reason,revocation_date,recover_date,remarks,county_com,effect_date,financial_code,web_address,satrap_name,insu_monitor_code,insure_id,sign_id,regionalism_code,com_nature,valid_code,sign,com_city_size,service_name,service_no,service_phone,service_post_address,com_grade,com_area_type,up_com_code,up_up_com_code,is_dir_under,found_date,agy,agy_name,bk,bk_name,yl,yl_name,br,br_name,tm,tm_name,rw,rw_name,operator,make_date,make_time,modify_date,modify_time FROM ld_com_new WHERE up_com_code = ? 
21:23:01.747 [http-nio-9999-exec-4] DEBUG com.cms.dao.YlLaAreaDao.selectList - [debug,159] - <==      Total: 0
21:23:01.747 [http-nio-9999-exec-8] DEBUG com.cms.dao.LdComNewDao.selectList - [debug,159] - ==> Parameters: 86(String)
21:23:01.749 [http-nio-9999-exec-3] DEBUG com.cms.dao.LdComNewDao.selectList - [debug,159] - <==      Total: 0
21:23:01.750 [http-nio-9999-exec-8] DEBUG com.cms.dao.LdComNewDao.selectList - [debug,159] - <==      Total: 0
21:23:01.758 [http-nio-9999-exec-5] DEBUG com.cms.dao.LdCodeDao.selectList - [debug,159] - <==      Total: 1321
21:23:01.758 [http-nio-9999-exec-2] DEBUG com.cms.dao.LdCodeDao.selectList - [debug,159] - <==      Total: 1321
21:23:04.938 [http-nio-9999-exec-3] DEBUG com.cms.dao.LdComNewDao.selectList - [debug,159] - ==>  Preparing: SELECT com_code,out_com_code,name,core_code,core_name,short_name,area_code,address,zip_code,phone,fax,email,effect_state,revocation,reason,revocation_date,recover_date,remarks,county_com,effect_date,financial_code,web_address,satrap_name,insu_monitor_code,insure_id,sign_id,regionalism_code,com_nature,valid_code,sign,com_city_size,service_name,service_no,service_phone,service_post_address,com_grade,com_area_type,up_com_code,up_up_com_code,is_dir_under,found_date,agy,agy_name,bk,bk_name,yl,yl_name,br,br_name,tm,tm_name,rw,rw_name,operator,make_date,make_time,modify_date,modify_time FROM ld_com_new WHERE com_grade = ? 
21:23:04.939 [http-nio-9999-exec-3] DEBUG com.cms.dao.LdComNewDao.selectList - [debug,159] - ==> Parameters: 01(String)
21:23:04.943 [http-nio-9999-exec-3] DEBUG com.cms.dao.LdComNewDao.selectList - [debug,159] - <==      Total: 0
21:23:06.957 [http-nio-9999-exec-8] DEBUG com.cms.dao.LdComNewDao.selectList - [debug,159] - ==>  Preparing: SELECT com_code,out_com_code,name,core_code,core_name,short_name,area_code,address,zip_code,phone,fax,email,effect_state,revocation,reason,revocation_date,recover_date,remarks,county_com,effect_date,financial_code,web_address,satrap_name,insu_monitor_code,insure_id,sign_id,regionalism_code,com_nature,valid_code,sign,com_city_size,service_name,service_no,service_phone,service_post_address,com_grade,com_area_type,up_com_code,up_up_com_code,is_dir_under,found_date,agy,agy_name,bk,bk_name,yl,yl_name,br,br_name,tm,tm_name,rw,rw_name,operator,make_date,make_time,modify_date,modify_time FROM ld_com_new WHERE com_grade = ? 
21:23:06.958 [http-nio-9999-exec-8] DEBUG com.cms.dao.LdComNewDao.selectList - [debug,159] - ==> Parameters: 01(String)
21:23:06.960 [http-nio-9999-exec-8] DEBUG com.cms.dao.LdComNewDao.selectList - [debug,159] - <==      Total: 0
21:23:06.965 [http-nio-9999-exec-6] DEBUG com.cms.dao.LaAgentGradeDao.selectList - [debug,159] - ==>  Preparing: SELECT grade_id,grade_code,grade_name,branch_type,grade_order,grade_series,grade_level,remark,grade_abridge,virtual_grade,make_date,make_time,modify_date,modify_time,operator FROM la_agent_grade 
21:23:06.965 [http-nio-9999-exec-2] DEBUG com.cms.dao.LaAgentGradeDao.selectList - [debug,159] - ==>  Preparing: SELECT grade_id,grade_code,grade_name,branch_type,grade_order,grade_series,grade_level,remark,grade_abridge,virtual_grade,make_date,make_time,modify_date,modify_time,operator FROM la_agent_grade 
21:23:06.966 [http-nio-9999-exec-6] DEBUG com.cms.dao.LaAgentGradeDao.selectList - [debug,159] - ==> Parameters: 
21:23:06.966 [http-nio-9999-exec-2] DEBUG com.cms.dao.LaAgentGradeDao.selectList - [debug,159] - ==> Parameters: 
21:23:06.969 [http-nio-9999-exec-1] DEBUG com.cms.dao.LdComNewDao.selectList - [debug,159] - ==>  Preparing: SELECT com_code,out_com_code,name,core_code,core_name,short_name,area_code,address,zip_code,phone,fax,email,effect_state,revocation,reason,revocation_date,recover_date,remarks,county_com,effect_date,financial_code,web_address,satrap_name,insu_monitor_code,insure_id,sign_id,regionalism_code,com_nature,valid_code,sign,com_city_size,service_name,service_no,service_phone,service_post_address,com_grade,com_area_type,up_com_code,up_up_com_code,is_dir_under,found_date,agy,agy_name,bk,bk_name,yl,yl_name,br,br_name,tm,tm_name,rw,rw_name,operator,make_date,make_time,modify_date,modify_time FROM ld_com_new 
21:23:06.970 [http-nio-9999-exec-1] DEBUG com.cms.dao.LdComNewDao.selectList - [debug,159] - ==> Parameters: 
21:23:06.973 [http-nio-9999-exec-2] DEBUG com.cms.dao.LaAgentGradeDao.selectList - [debug,159] - <==      Total: 0
21:23:06.973 [http-nio-9999-exec-6] DEBUG com.cms.dao.LaAgentGradeDao.selectList - [debug,159] - <==      Total: 0
21:23:06.974 [http-nio-9999-exec-1] DEBUG com.cms.dao.LdComNewDao.selectList - [debug,159] - <==      Total: 0
21:23:11.130 [http-nio-9999-exec-5] DEBUG com.cms.dao.YlLaBranchGroupDao.selectList - [debug,159] - ==>  Preparing: SELECT agent_group,manage_com,branch_type,branch_attr,branch_level,branch_name,branch_name_eng,branch_name_chi,branch_eff_date,branch_address,branch_phone_no,branch_fax_no,branch_status,branch_terminate_eff_date,branch_terminate_reason,direct_flag,up_agent_group,branch_manager,branch_manager_name,branch_manager_phone,manager_eff_date,reporting_manager,chat_name,make_date,make_time,modify_date,modify_time,operator FROM yl_la_branch_group WHERE manage_com LIKE ? 
21:23:11.131 [http-nio-9999-exec-5] DEBUG com.cms.dao.YlLaBranchGroupDao.selectList - [debug,159] - ==> Parameters: %(String)
21:23:11.137 [http-nio-9999-exec-5] DEBUG com.cms.dao.YlLaBranchGroupDao.selectList - [debug,159] - <==      Total: 0
21:23:15.975 [http-nio-9999-exec-6] DEBUG com.cms.dao.YlLaAreaDao.selectList - [debug,159] - ==>  Preparing: SELECT place_code,place_type,place_name,up_place_name,operator,make_date,make_time,modify_date,modify_time FROM yl_la_area 
21:23:15.975 [http-nio-9999-exec-7] DEBUG com.cms.dao.LdCodeDao.selectList - [debug,159] - ==>  Preparing: SELECT code_type,code,code_name,com_code,other_sign FROM ld_code 
21:23:15.975 [http-nio-9999-exec-7] DEBUG com.cms.dao.LdCodeDao.selectList - [debug,159] - ==> Parameters: 
21:23:15.975 [http-nio-9999-exec-6] DEBUG com.cms.dao.YlLaAreaDao.selectList - [debug,159] - ==> Parameters: 
21:23:15.977 [http-nio-9999-exec-1] DEBUG com.cms.dao.LdComNewDao.selectList - [debug,159] - ==>  Preparing: SELECT com_code,out_com_code,name,core_code,core_name,short_name,area_code,address,zip_code,phone,fax,email,effect_state,revocation,reason,revocation_date,recover_date,remarks,county_com,effect_date,financial_code,web_address,satrap_name,insu_monitor_code,insure_id,sign_id,regionalism_code,com_nature,valid_code,sign,com_city_size,service_name,service_no,service_phone,service_post_address,com_grade,com_area_type,up_com_code,up_up_com_code,is_dir_under,found_date,agy,agy_name,bk,bk_name,yl,yl_name,br,br_name,tm,tm_name,rw,rw_name,operator,make_date,make_time,modify_date,modify_time FROM ld_com_new WHERE up_com_code = ? 
21:23:15.978 [http-nio-9999-exec-1] DEBUG com.cms.dao.LdComNewDao.selectList - [debug,159] - ==> Parameters: 86(String)
21:23:15.978 [http-nio-9999-exec-6] DEBUG com.cms.dao.YlLaAreaDao.selectList - [debug,159] - <==      Total: 0
21:23:15.980 [http-nio-9999-exec-1] DEBUG com.cms.dao.LdComNewDao.selectList - [debug,159] - <==      Total: 0
21:23:15.989 [http-nio-9999-exec-7] DEBUG com.cms.dao.LdCodeDao.selectList - [debug,159] - <==      Total: 1321
21:24:04.371 [http-nio-9999-exec-3] DEBUG com.cms.dao.YlLaAgentDao.getAllYlLaAgent - [debug,159] - ==>  Preparing: select ylaa.*, yl_la_agent.* from yl_la_agent join yl_la_agent_attr ylaa on yl_la_agent.agent_code = ylaa.agent_code WHERE id_no = ? AND id_type = ? 
21:24:04.372 [http-nio-9999-exec-3] DEBUG com.cms.dao.YlLaAgentDao.getAllYlLaAgent - [debug,159] - ==> Parameters: 142301200110021825(String), 01(String)
21:24:04.384 [http-nio-9999-exec-3] DEBUG com.cms.dao.YlLaAgentDao.getAllYlLaAgent - [debug,159] - <==      Total: 0
21:28:59.390 [http-nio-9999-exec-6] DEBUG com.cms.dao.YlLaAreaDao.selectList - [debug,159] - ==>  Preparing: SELECT place_code,place_type,place_name,up_place_name,operator,make_date,make_time,modify_date,modify_time FROM yl_la_area 
21:28:59.390 [http-nio-9999-exec-8] DEBUG com.cms.dao.LdCodeDao.selectList - [debug,159] - ==>  Preparing: SELECT code_type,code,code_name,com_code,other_sign FROM ld_code 
21:28:59.391 [http-nio-9999-exec-6] DEBUG com.cms.dao.YlLaAreaDao.selectList - [debug,159] - ==> Parameters: 
21:28:59.392 [http-nio-9999-exec-6] DEBUG com.cms.dao.YlLaAreaDao.selectList - [debug,159] - <==      Total: 0
21:28:59.396 [http-nio-9999-exec-8] DEBUG com.cms.dao.LdCodeDao.selectList - [debug,159] - ==> Parameters: 
21:28:59.397 [http-nio-9999-exec-1] DEBUG com.cms.dao.LdComNewDao.selectList - [debug,159] - ==>  Preparing: SELECT com_code,out_com_code,name,core_code,core_name,short_name,area_code,address,zip_code,phone,fax,email,effect_state,revocation,reason,revocation_date,recover_date,remarks,county_com,effect_date,financial_code,web_address,satrap_name,insu_monitor_code,insure_id,sign_id,regionalism_code,com_nature,valid_code,sign,com_city_size,service_name,service_no,service_phone,service_post_address,com_grade,com_area_type,up_com_code,up_up_com_code,is_dir_under,found_date,agy,agy_name,bk,bk_name,yl,yl_name,br,br_name,tm,tm_name,rw,rw_name,operator,make_date,make_time,modify_date,modify_time FROM ld_com_new WHERE up_com_code = ? 
21:28:59.398 [http-nio-9999-exec-1] DEBUG com.cms.dao.LdComNewDao.selectList - [debug,159] - ==> Parameters: 86(String)
21:28:59.402 [http-nio-9999-exec-1] DEBUG com.cms.dao.LdComNewDao.selectList - [debug,159] - <==      Total: 0
21:28:59.415 [http-nio-9999-exec-8] DEBUG com.cms.dao.LdCodeDao.selectList - [debug,159] - <==      Total: 1321
21:32:34.637 [http-nio-9999-exec-2] DEBUG com.cms.dao.YlLaAgentDao.getAllYlLaAgent - [debug,159] - ==>  Preparing: select ylaa.*, yl_la_agent.* from yl_la_agent join yl_la_agent_attr ylaa on yl_la_agent.agent_code = ylaa.agent_code WHERE id_no = ? AND id_type = ? 
21:32:34.638 [http-nio-9999-exec-2] DEBUG com.cms.dao.YlLaAgentDao.getAllYlLaAgent - [debug,159] - ==> Parameters: 142301200110021825(String), 01(String)
21:32:34.640 [http-nio-9999-exec-2] DEBUG com.cms.dao.YlLaAgentDao.getAllYlLaAgent - [debug,159] - <==      Total: 0
